[2022-05-31 19:11:38,049] {taskinstance.py:1160} INFO - Dependencies all met for <TaskInstance: fhvhv_ingestion_gcs_dag.download_dataset_task scheduled__2019-10-01T06:00:00+00:00 [queued]>
[2022-05-31 19:11:38,074] {taskinstance.py:1160} INFO - Dependencies all met for <TaskInstance: fhvhv_ingestion_gcs_dag.download_dataset_task scheduled__2019-10-01T06:00:00+00:00 [queued]>
[2022-05-31 19:11:38,077] {taskinstance.py:1357} INFO - 
--------------------------------------------------------------------------------
[2022-05-31 19:11:38,082] {taskinstance.py:1358} INFO - Starting attempt 1 of 1
[2022-05-31 19:11:38,087] {taskinstance.py:1359} INFO - 
--------------------------------------------------------------------------------
[2022-05-31 19:11:38,118] {taskinstance.py:1378} INFO - Executing <Task(BashOperator): download_dataset_task> on 2019-10-01 06:00:00+00:00
[2022-05-31 19:11:38,133] {standard_task_runner.py:52} INFO - Started process 481 to run task
[2022-05-31 19:11:38,142] {standard_task_runner.py:79} INFO - Running: ['***', 'tasks', 'run', 'fhvhv_ingestion_gcs_dag', 'download_dataset_task', 'scheduled__2019-10-01T06:00:00+00:00', '--job-id', '458', '--raw', '--subdir', 'DAGS_FOLDER/fhv_ingestion.py', '--cfg-path', '/tmp/tmptolrm803', '--error-file', '/tmp/tmpf2el5yle']
[2022-05-31 19:11:38,159] {standard_task_runner.py:80} INFO - Job 458: Subtask download_dataset_task
[2022-05-31 19:11:38,302] {task_command.py:370} INFO - Running <TaskInstance: fhvhv_ingestion_gcs_dag.download_dataset_task scheduled__2019-10-01T06:00:00+00:00 [running]> on host 3f188d455d5a
[2022-05-31 19:11:38,533] {warnings.py:110} WARNING - /home/***/.local/lib/python3.7/site-packages/***/utils/context.py:202: AirflowContextDeprecationWarning: Accessing 'execution_date' from the template is deprecated and will be removed in a future version. Please use 'data_interval_start' or 'logical_date' instead.
  warnings.warn(_create_deprecation_warning(key, self._deprecation_replacements[key]))

[2022-05-31 19:11:38,664] {taskinstance.py:1572} INFO - Exporting the following env vars:
AIRFLOW_CTX_DAG_OWNER=***
AIRFLOW_CTX_DAG_ID=fhvhv_ingestion_gcs_dag
AIRFLOW_CTX_TASK_ID=download_dataset_task
AIRFLOW_CTX_EXECUTION_DATE=2019-10-01T06:00:00+00:00
AIRFLOW_CTX_TRY_NUMBER=1
AIRFLOW_CTX_DAG_RUN_ID=scheduled__2019-10-01T06:00:00+00:00
[2022-05-31 19:11:38,680] {subprocess.py:62} INFO - Tmp dir root location: 
 /tmp
[2022-05-31 19:11:38,691] {subprocess.py:74} INFO - Running command: ['bash', '-c', 'curl -sSL https://s3.amazonaws.com/nyc-tlc/trip+data/fhvhv_tripdata_2019-10.parquet > /opt/***/output_fhvhv_2019-10.parquet']
[2022-05-31 19:11:38,849] {subprocess.py:85} INFO - Output:
[2022-05-31 19:13:28,218] {subprocess.py:96} INFO - Command exited with return code 0
[2022-05-31 19:13:29,000] {taskinstance.py:1401} INFO - Marking task as SUCCESS. dag_id=fhvhv_ingestion_gcs_dag, task_id=download_dataset_task, execution_date=20191001T060000, start_date=20220531T191138, end_date=20220531T191328
[2022-05-31 19:13:29,291] {local_task_job.py:156} INFO - Task exited with return code 0
[2022-05-31 19:13:29,537] {local_task_job.py:273} INFO - 0 downstream tasks scheduled from follow-on schedule check
