[2022-05-30 19:59:31,020] {taskinstance.py:1160} INFO - Dependencies all met for <TaskInstance: LocalIngestionDag.wget manual__2022-01-30T16:59:15-03:00 [queued]>
[2022-05-30 19:59:31,030] {taskinstance.py:1160} INFO - Dependencies all met for <TaskInstance: LocalIngestionDag.wget manual__2022-01-30T16:59:15-03:00 [queued]>
[2022-05-30 19:59:31,031] {taskinstance.py:1357} INFO - 
--------------------------------------------------------------------------------
[2022-05-30 19:59:31,032] {taskinstance.py:1358} INFO - Starting attempt 1 of 1
[2022-05-30 19:59:31,033] {taskinstance.py:1359} INFO - 
--------------------------------------------------------------------------------
[2022-05-30 19:59:31,047] {taskinstance.py:1378} INFO - Executing <Task(BashOperator): wget> on 2022-01-30 19:59:15+00:00
[2022-05-30 19:59:31,059] {standard_task_runner.py:52} INFO - Started process 3956 to run task
[2022-05-30 19:59:31,064] {standard_task_runner.py:79} INFO - Running: ['***', 'tasks', 'run', 'LocalIngestionDag', 'wget', 'manual__2022-01-30T16:59:15-03:00', '--job-id', '58', '--raw', '--subdir', 'DAGS_FOLDER/data_ingestion_local.py', '--cfg-path', '/tmp/tmp3lcnczc6', '--error-file', '/tmp/tmpdc55v91u']
[2022-05-30 19:59:31,066] {standard_task_runner.py:80} INFO - Job 58: Subtask wget
[2022-05-30 19:59:31,134] {task_command.py:370} INFO - Running <TaskInstance: LocalIngestionDag.wget manual__2022-01-30T16:59:15-03:00 [running]> on host e083cbf9476b
[2022-05-30 19:59:31,167] {warnings.py:110} WARNING - /home/***/.local/lib/python3.7/site-packages/***/utils/context.py:202: AirflowContextDeprecationWarning: Accessing 'execution_date' from the template is deprecated and will be removed in a future version. Please use 'data_interval_start' or 'logical_date' instead.
  warnings.warn(_create_deprecation_warning(key, self._deprecation_replacements[key]))

[2022-05-30 19:59:31,202] {taskinstance.py:1572} INFO - Exporting the following env vars:
AIRFLOW_CTX_DAG_OWNER=***
AIRFLOW_CTX_DAG_ID=LocalIngestionDag
AIRFLOW_CTX_TASK_ID=wget
AIRFLOW_CTX_EXECUTION_DATE=2022-01-30T19:59:15+00:00
AIRFLOW_CTX_TRY_NUMBER=1
AIRFLOW_CTX_DAG_RUN_ID=manual__2022-01-30T16:59:15-03:00
[2022-05-30 19:59:31,206] {subprocess.py:62} INFO - Tmp dir root location: 
 /tmp
[2022-05-30 19:59:31,209] {subprocess.py:74} INFO - Running command: ['bash', '-c', 'curl -sSL https://s3.amazonaws.com/nyc-tlc/trip+data/yellow_tripdata_2022-01.parquet > /opt/***/output_2022-01.parquet']
[2022-05-30 19:59:31,224] {subprocess.py:85} INFO - Output:
[2022-05-30 20:00:33,111] {subprocess.py:96} INFO - Command exited with return code 0
[2022-05-30 20:00:33,203] {taskinstance.py:1401} INFO - Marking task as SUCCESS. dag_id=LocalIngestionDag, task_id=wget, execution_date=20220130T195915, start_date=20220530T195931, end_date=20220530T200033
[2022-05-30 20:00:33,289] {local_task_job.py:156} INFO - Task exited with return code 0
[2022-05-30 20:00:33,319] {local_task_job.py:273} INFO - 0 downstream tasks scheduled from follow-on schedule check
