[2022-05-31 19:08:03,789] {taskinstance.py:1160} INFO - Dependencies all met for <TaskInstance: fhvhv_ingestion_gcs_dag.download_dataset_task scheduled__2019-06-01T06:00:00+00:00 [queued]>
[2022-05-31 19:08:03,803] {taskinstance.py:1160} INFO - Dependencies all met for <TaskInstance: fhvhv_ingestion_gcs_dag.download_dataset_task scheduled__2019-06-01T06:00:00+00:00 [queued]>
[2022-05-31 19:08:03,805] {taskinstance.py:1357} INFO - 
--------------------------------------------------------------------------------
[2022-05-31 19:08:03,808] {taskinstance.py:1358} INFO - Starting attempt 1 of 1
[2022-05-31 19:08:03,809] {taskinstance.py:1359} INFO - 
--------------------------------------------------------------------------------
[2022-05-31 19:08:03,825] {taskinstance.py:1378} INFO - Executing <Task(BashOperator): download_dataset_task> on 2019-06-01 06:00:00+00:00
[2022-05-31 19:08:03,834] {standard_task_runner.py:52} INFO - Started process 278 to run task
[2022-05-31 19:08:03,840] {standard_task_runner.py:79} INFO - Running: ['***', 'tasks', 'run', 'fhvhv_ingestion_gcs_dag', 'download_dataset_task', 'scheduled__2019-06-01T06:00:00+00:00', '--job-id', '450', '--raw', '--subdir', 'DAGS_FOLDER/fhv_ingestion.py', '--cfg-path', '/tmp/tmpda3twx8o', '--error-file', '/tmp/tmpoyrx8mvf']
[2022-05-31 19:08:03,843] {standard_task_runner.py:80} INFO - Job 450: Subtask download_dataset_task
[2022-05-31 19:08:03,910] {task_command.py:370} INFO - Running <TaskInstance: fhvhv_ingestion_gcs_dag.download_dataset_task scheduled__2019-06-01T06:00:00+00:00 [running]> on host 3f188d455d5a
[2022-05-31 19:08:03,950] {warnings.py:110} WARNING - /home/***/.local/lib/python3.7/site-packages/***/utils/context.py:202: AirflowContextDeprecationWarning: Accessing 'execution_date' from the template is deprecated and will be removed in a future version. Please use 'data_interval_start' or 'logical_date' instead.
  warnings.warn(_create_deprecation_warning(key, self._deprecation_replacements[key]))

[2022-05-31 19:08:03,999] {taskinstance.py:1572} INFO - Exporting the following env vars:
AIRFLOW_CTX_DAG_OWNER=***
AIRFLOW_CTX_DAG_ID=fhvhv_ingestion_gcs_dag
AIRFLOW_CTX_TASK_ID=download_dataset_task
AIRFLOW_CTX_EXECUTION_DATE=2019-06-01T06:00:00+00:00
AIRFLOW_CTX_TRY_NUMBER=1
AIRFLOW_CTX_DAG_RUN_ID=scheduled__2019-06-01T06:00:00+00:00
[2022-05-31 19:08:04,002] {subprocess.py:62} INFO - Tmp dir root location: 
 /tmp
[2022-05-31 19:08:04,005] {subprocess.py:74} INFO - Running command: ['bash', '-c', 'curl -sSL https://s3.amazonaws.com/nyc-tlc/trip+data/fhvhv_tripdata_2019-06.parquet > /opt/***/output_fhvhv_2019-06.parquet']
[2022-05-31 19:08:04,020] {subprocess.py:85} INFO - Output:
[2022-05-31 19:10:06,687] {subprocess.py:96} INFO - Command exited with return code 0
[2022-05-31 19:10:07,008] {taskinstance.py:1401} INFO - Marking task as SUCCESS. dag_id=fhvhv_ingestion_gcs_dag, task_id=download_dataset_task, execution_date=20190601T060000, start_date=20220531T190803, end_date=20220531T191007
[2022-05-31 19:10:07,230] {local_task_job.py:156} INFO - Task exited with return code 0
[2022-05-31 19:10:07,603] {local_task_job.py:273} INFO - 1 downstream tasks scheduled from follow-on schedule check
