[2022-05-31 18:49:30,688] {taskinstance.py:1160} INFO - Dependencies all met for <TaskInstance: yellow_taxi_ingestion_gcs_dag.local_to_gcs_task scheduled__2021-07-01T06:00:00+00:00 [queued]>
[2022-05-31 18:49:30,718] {taskinstance.py:1160} INFO - Dependencies all met for <TaskInstance: yellow_taxi_ingestion_gcs_dag.local_to_gcs_task scheduled__2021-07-01T06:00:00+00:00 [queued]>
[2022-05-31 18:49:30,722] {taskinstance.py:1357} INFO - 
--------------------------------------------------------------------------------
[2022-05-31 18:49:30,730] {taskinstance.py:1358} INFO - Starting attempt 1 of 1
[2022-05-31 18:49:30,735] {taskinstance.py:1359} INFO - 
--------------------------------------------------------------------------------
[2022-05-31 18:49:30,817] {taskinstance.py:1378} INFO - Executing <Task(PythonOperator): local_to_gcs_task> on 2021-07-01 06:00:00+00:00
[2022-05-31 18:49:30,834] {standard_task_runner.py:52} INFO - Started process 1120 to run task
[2022-05-31 18:49:30,854] {standard_task_runner.py:79} INFO - Running: ['***', 'tasks', 'run', 'yellow_taxi_ingestion_gcs_dag', 'local_to_gcs_task', 'scheduled__2021-07-01T06:00:00+00:00', '--job-id', '405', '--raw', '--subdir', 'DAGS_FOLDER/yellow_taxi_ingestion.py', '--cfg-path', '/tmp/tmpnbfzec9l', '--error-file', '/tmp/tmp4rn8xs8d']
[2022-05-31 18:49:30,860] {standard_task_runner.py:80} INFO - Job 405: Subtask local_to_gcs_task
[2022-05-31 18:49:31,004] {task_command.py:370} INFO - Running <TaskInstance: yellow_taxi_ingestion_gcs_dag.local_to_gcs_task scheduled__2021-07-01T06:00:00+00:00 [running]> on host 3f188d455d5a
[2022-05-31 18:49:31,075] {warnings.py:110} WARNING - /home/***/.local/lib/python3.7/site-packages/***/utils/context.py:202: AirflowContextDeprecationWarning: Accessing 'execution_date' from the template is deprecated and will be removed in a future version. Please use 'data_interval_start' or 'logical_date' instead.
  warnings.warn(_create_deprecation_warning(key, self._deprecation_replacements[key]))

[2022-05-31 18:49:31,190] {taskinstance.py:1572} INFO - Exporting the following env vars:
AIRFLOW_CTX_DAG_OWNER=***
AIRFLOW_CTX_DAG_ID=yellow_taxi_ingestion_gcs_dag
AIRFLOW_CTX_TASK_ID=local_to_gcs_task
AIRFLOW_CTX_EXECUTION_DATE=2021-07-01T06:00:00+00:00
AIRFLOW_CTX_TRY_NUMBER=1
AIRFLOW_CTX_DAG_RUN_ID=scheduled__2021-07-01T06:00:00+00:00
[2022-05-31 18:49:36,159] {local_task_job.py:221} WARNING - State of this instance has been externally set to failed. Terminating instance.
[2022-05-31 18:49:36,194] {process_utils.py:129} INFO - Sending Signals.SIGTERM to group 1120. PIDs of all processes in the group: [1120]
[2022-05-31 18:49:36,199] {process_utils.py:80} INFO - Sending the signal Signals.SIGTERM to group 1120
[2022-05-31 18:49:36,207] {taskinstance.py:1542} ERROR - Received SIGTERM. Terminating subprocesses.
[2022-05-31 18:49:36,490] {process_utils.py:75} INFO - Process psutil.Process(pid=1120, status='terminated', exitcode=0, started='18:49:30') (1120) terminated with exit code 0
