[2022-05-30 20:07:33,817] {taskinstance.py:1160} INFO - Dependencies all met for <TaskInstance: LocalIngestionDag.wget manual__2022-01-02T17:07:13-03:00 [queued]>
[2022-05-30 20:07:33,830] {taskinstance.py:1160} INFO - Dependencies all met for <TaskInstance: LocalIngestionDag.wget manual__2022-01-02T17:07:13-03:00 [queued]>
[2022-05-30 20:07:33,832] {taskinstance.py:1357} INFO - 
--------------------------------------------------------------------------------
[2022-05-30 20:07:33,833] {taskinstance.py:1358} INFO - Starting attempt 1 of 1
[2022-05-30 20:07:33,834] {taskinstance.py:1359} INFO - 
--------------------------------------------------------------------------------
[2022-05-30 20:07:33,848] {taskinstance.py:1378} INFO - Executing <Task(BashOperator): wget> on 2022-01-02 20:07:13+00:00
[2022-05-30 20:07:33,856] {standard_task_runner.py:52} INFO - Started process 174 to run task
[2022-05-30 20:07:33,860] {standard_task_runner.py:79} INFO - Running: ['***', 'tasks', 'run', 'LocalIngestionDag', 'wget', 'manual__2022-01-02T17:07:13-03:00', '--job-id', '61', '--raw', '--subdir', 'DAGS_FOLDER/data_ingestion_local.py', '--cfg-path', '/tmp/tmpkg2xugmq', '--error-file', '/tmp/tmpiidlle4f']
[2022-05-30 20:07:33,863] {standard_task_runner.py:80} INFO - Job 61: Subtask wget
[2022-05-30 20:07:33,930] {task_command.py:370} INFO - Running <TaskInstance: LocalIngestionDag.wget manual__2022-01-02T17:07:13-03:00 [running]> on host e083cbf9476b
[2022-05-30 20:07:33,971] {warnings.py:110} WARNING - /home/***/.local/lib/python3.7/site-packages/***/utils/context.py:202: AirflowContextDeprecationWarning: Accessing 'execution_date' from the template is deprecated and will be removed in a future version. Please use 'data_interval_start' or 'logical_date' instead.
  warnings.warn(_create_deprecation_warning(key, self._deprecation_replacements[key]))

[2022-05-30 20:07:34,013] {taskinstance.py:1572} INFO - Exporting the following env vars:
AIRFLOW_CTX_DAG_OWNER=***
AIRFLOW_CTX_DAG_ID=LocalIngestionDag
AIRFLOW_CTX_TASK_ID=wget
AIRFLOW_CTX_EXECUTION_DATE=2022-01-02T20:07:13+00:00
AIRFLOW_CTX_TRY_NUMBER=1
AIRFLOW_CTX_DAG_RUN_ID=manual__2022-01-02T17:07:13-03:00
[2022-05-30 20:07:34,015] {subprocess.py:62} INFO - Tmp dir root location: 
 /tmp
[2022-05-30 20:07:34,017] {subprocess.py:74} INFO - Running command: ['bash', '-c', 'curl -sSL https://s3.amazonaws.com/nyc-tlc/trip+data/yellow_tripdata_2022-01.parquet > /opt/***/output_2022-01.parquet']
[2022-05-30 20:07:34,038] {subprocess.py:85} INFO - Output:
[2022-05-30 20:07:39,494] {subprocess.py:96} INFO - Command exited with return code 0
[2022-05-30 20:07:39,560] {taskinstance.py:1401} INFO - Marking task as SUCCESS. dag_id=LocalIngestionDag, task_id=wget, execution_date=20220102T200713, start_date=20220530T200733, end_date=20220530T200739
[2022-05-30 20:07:39,629] {local_task_job.py:156} INFO - Task exited with return code 0
[2022-05-30 20:07:39,655] {local_task_job.py:273} INFO - 0 downstream tasks scheduled from follow-on schedule check
