[2022-06-11 18:58:16,659] {taskinstance.py:1160} INFO - Dependencies all met for <TaskInstance: data_ingestion_gcs_dag.format_to_parquet_task scheduled__2022-06-10T00:00:00+00:00 [queued]>
[2022-06-11 18:58:16,672] {taskinstance.py:1160} INFO - Dependencies all met for <TaskInstance: data_ingestion_gcs_dag.format_to_parquet_task scheduled__2022-06-10T00:00:00+00:00 [queued]>
[2022-06-11 18:58:16,674] {taskinstance.py:1357} INFO - 
--------------------------------------------------------------------------------
[2022-06-11 18:58:16,676] {taskinstance.py:1358} INFO - Starting attempt 1 of 2
[2022-06-11 18:58:16,678] {taskinstance.py:1359} INFO - 
--------------------------------------------------------------------------------
[2022-06-11 18:58:16,693] {taskinstance.py:1378} INFO - Executing <Task(PythonOperator): format_to_parquet_task> on 2022-06-10 00:00:00+00:00
[2022-06-11 18:58:16,701] {standard_task_runner.py:52} INFO - Started process 67 to run task
[2022-06-11 18:58:16,711] {standard_task_runner.py:79} INFO - Running: ['***', 'tasks', 'run', 'data_ingestion_gcs_dag', 'format_to_parquet_task', 'scheduled__2022-06-10T00:00:00+00:00', '--job-id', '579', '--raw', '--subdir', 'DAGS_FOLDER/data_ingestion_gcs_dag.py', '--cfg-path', '/tmp/tmp0rsvnt26', '--error-file', '/tmp/tmpbaub8rd_']
[2022-06-11 18:58:16,715] {standard_task_runner.py:80} INFO - Job 579: Subtask format_to_parquet_task
[2022-06-11 18:58:16,790] {task_command.py:370} INFO - Running <TaskInstance: data_ingestion_gcs_dag.format_to_parquet_task scheduled__2022-06-10T00:00:00+00:00 [running]> on host 2a24a1e30a6b
[2022-06-11 18:58:16,880] {taskinstance.py:1572} INFO - Exporting the following env vars:
AIRFLOW_CTX_DAG_OWNER=***
AIRFLOW_CTX_DAG_ID=data_ingestion_gcs_dag
AIRFLOW_CTX_TASK_ID=format_to_parquet_task
AIRFLOW_CTX_EXECUTION_DATE=2022-06-10T00:00:00+00:00
AIRFLOW_CTX_TRY_NUMBER=1
AIRFLOW_CTX_DAG_RUN_ID=scheduled__2022-06-10T00:00:00+00:00
[2022-06-11 18:58:16,885] {data_ingestion_gcs_dag.py:29} ERROR - Can only accept source files in CSV format, for the moment
[2022-06-11 18:58:16,891] {python.py:173} INFO - Done. Returned value was: None
[2022-06-11 18:58:16,909] {taskinstance.py:1401} INFO - Marking task as SUCCESS. dag_id=data_ingestion_gcs_dag, task_id=format_to_parquet_task, execution_date=20220610T000000, start_date=20220611T185816, end_date=20220611T185816
[2022-06-11 18:58:16,967] {local_task_job.py:156} INFO - Task exited with return code 0
[2022-06-11 18:58:17,013] {local_task_job.py:273} INFO - 0 downstream tasks scheduled from follow-on schedule check
