[2022-05-30 19:24:26,657] {taskinstance.py:1160} INFO - Dependencies all met for <TaskInstance: LocalIngestionDag.wget scheduled__2021-05-02T06:00:00+00:00 [queued]>
[2022-05-30 19:24:26,773] {taskinstance.py:1160} INFO - Dependencies all met for <TaskInstance: LocalIngestionDag.wget scheduled__2021-05-02T06:00:00+00:00 [queued]>
[2022-05-30 19:24:26,781] {taskinstance.py:1357} INFO - 
--------------------------------------------------------------------------------
[2022-05-30 19:24:26,789] {taskinstance.py:1358} INFO - Starting attempt 1 of 1
[2022-05-30 19:24:26,795] {taskinstance.py:1359} INFO - 
--------------------------------------------------------------------------------
[2022-05-30 19:24:26,939] {taskinstance.py:1378} INFO - Executing <Task(BashOperator): wget> on 2021-05-02 06:00:00+00:00
[2022-05-30 19:24:27,077] {standard_task_runner.py:52} INFO - Started process 1965 to run task
[2022-05-30 19:24:27,263] {standard_task_runner.py:79} INFO - Running: ['***', 'tasks', 'run', 'LocalIngestionDag', 'wget', 'scheduled__2021-05-02T06:00:00+00:00', '--job-id', '38', '--raw', '--subdir', 'DAGS_FOLDER/data_ingestion_local.py', '--cfg-path', '/tmp/tmp8dk0ruwk', '--error-file', '/tmp/tmpd69l0gyu']
[2022-05-30 19:24:27,280] {standard_task_runner.py:80} INFO - Job 38: Subtask wget
[2022-05-30 19:24:29,252] {task_command.py:370} INFO - Running <TaskInstance: LocalIngestionDag.wget scheduled__2021-05-02T06:00:00+00:00 [running]> on host e083cbf9476b
[2022-05-30 19:24:30,054] {warnings.py:110} WARNING - /home/***/.local/lib/python3.7/site-packages/***/utils/context.py:202: AirflowContextDeprecationWarning: Accessing 'execution_date' from the template is deprecated and will be removed in a future version. Please use 'data_interval_start' or 'logical_date' instead.
  warnings.warn(_create_deprecation_warning(key, self._deprecation_replacements[key]))

[2022-05-30 19:24:30,487] {taskinstance.py:1572} INFO - Exporting the following env vars:
AIRFLOW_CTX_DAG_OWNER=***
AIRFLOW_CTX_DAG_ID=LocalIngestionDag
AIRFLOW_CTX_TASK_ID=wget
AIRFLOW_CTX_EXECUTION_DATE=2021-05-02T06:00:00+00:00
AIRFLOW_CTX_TRY_NUMBER=1
AIRFLOW_CTX_DAG_RUN_ID=scheduled__2021-05-02T06:00:00+00:00
[2022-05-30 19:24:30,511] {subprocess.py:62} INFO - Tmp dir root location: 
 /tmp
[2022-05-30 19:24:30,523] {subprocess.py:74} INFO - Running command: ['bash', '-c', 'curl -sSL https://s3.amazonaws.com/nyc-tlc/trip+data//yellow_tripdata_2021-05.parquet > /opt/***/output_2021-05.parquet']
[2022-05-30 19:24:30,659] {subprocess.py:85} INFO - Output:
[2022-05-30 19:24:31,791] {subprocess.py:96} INFO - Command exited with return code 0
[2022-05-30 19:24:32,146] {taskinstance.py:1401} INFO - Marking task as SUCCESS. dag_id=LocalIngestionDag, task_id=wget, execution_date=20210502T060000, start_date=20220530T192426, end_date=20220530T192432
[2022-05-30 19:24:32,227] {local_task_job.py:156} INFO - Task exited with return code 0
[2022-05-30 19:24:32,366] {local_task_job.py:273} INFO - 0 downstream tasks scheduled from follow-on schedule check
[2022-05-30 20:10:28,888] {taskinstance.py:1160} INFO - Dependencies all met for <TaskInstance: LocalIngestionDag.wget scheduled__2021-05-02T06:00:00+00:00 [queued]>
[2022-05-30 20:10:29,073] {taskinstance.py:1160} INFO - Dependencies all met for <TaskInstance: LocalIngestionDag.wget scheduled__2021-05-02T06:00:00+00:00 [queued]>
[2022-05-30 20:10:29,077] {taskinstance.py:1357} INFO - 
--------------------------------------------------------------------------------
[2022-05-30 20:10:29,080] {taskinstance.py:1358} INFO - Starting attempt 1 of 1
[2022-05-30 20:10:29,082] {taskinstance.py:1359} INFO - 
--------------------------------------------------------------------------------
[2022-05-30 20:10:29,437] {taskinstance.py:1378} INFO - Executing <Task(BashOperator): wget> on 2021-05-02 06:00:00+00:00
[2022-05-30 20:10:29,895] {standard_task_runner.py:52} INFO - Started process 409 to run task
[2022-05-30 20:10:30,058] {standard_task_runner.py:79} INFO - Running: ['***', 'tasks', 'run', 'LocalIngestionDag', 'wget', 'scheduled__2021-05-02T06:00:00+00:00', '--job-id', '73', '--raw', '--subdir', 'DAGS_FOLDER/data_ingestion_local.py', '--cfg-path', '/tmp/tmp3x0_vnwi', '--error-file', '/tmp/tmpjg_jxz91']
[2022-05-30 20:10:30,205] {standard_task_runner.py:80} INFO - Job 73: Subtask wget
[2022-05-30 20:10:32,843] {task_command.py:370} INFO - Running <TaskInstance: LocalIngestionDag.wget scheduled__2021-05-02T06:00:00+00:00 [running]> on host e083cbf9476b
[2022-05-30 20:10:34,456] {warnings.py:110} WARNING - /home/***/.local/lib/python3.7/site-packages/***/utils/context.py:202: AirflowContextDeprecationWarning: Accessing 'execution_date' from the template is deprecated and will be removed in a future version. Please use 'data_interval_start' or 'logical_date' instead.
  warnings.warn(_create_deprecation_warning(key, self._deprecation_replacements[key]))

[2022-05-30 20:10:36,677] {taskinstance.py:1572} INFO - Exporting the following env vars:
AIRFLOW_CTX_DAG_OWNER=***
AIRFLOW_CTX_DAG_ID=LocalIngestionDag
AIRFLOW_CTX_TASK_ID=wget
AIRFLOW_CTX_EXECUTION_DATE=2021-05-02T06:00:00+00:00
AIRFLOW_CTX_TRY_NUMBER=1
AIRFLOW_CTX_DAG_RUN_ID=scheduled__2021-05-02T06:00:00+00:00
[2022-05-30 20:10:36,717] {subprocess.py:62} INFO - Tmp dir root location: 
 /tmp
[2022-05-30 20:10:36,730] {subprocess.py:74} INFO - Running command: ['bash', '-c', 'curl -sSL https://s3.amazonaws.com/nyc-tlc/trip+data/yellow_tripdata_2021-05.parquet > /opt/***/output_2021-05.parquet']
[2022-05-30 20:10:37,181] {subprocess.py:85} INFO - Output:
[2022-05-30 20:10:47,674] {subprocess.py:96} INFO - Command exited with return code 0
[2022-05-30 20:10:49,659] {taskinstance.py:1401} INFO - Marking task as SUCCESS. dag_id=LocalIngestionDag, task_id=wget, execution_date=20210502T060000, start_date=20220530T201028, end_date=20220530T201049
[2022-05-30 20:10:50,444] {local_task_job.py:156} INFO - Task exited with return code 0
[2022-05-30 20:10:50,667] {local_task_job.py:273} INFO - 0 downstream tasks scheduled from follow-on schedule check
[2022-05-30 20:13:19,609] {taskinstance.py:1160} INFO - Dependencies all met for <TaskInstance: LocalIngestionDag.wget scheduled__2021-05-02T06:00:00+00:00 [queued]>
[2022-05-30 20:13:19,848] {taskinstance.py:1160} INFO - Dependencies all met for <TaskInstance: LocalIngestionDag.wget scheduled__2021-05-02T06:00:00+00:00 [queued]>
[2022-05-30 20:13:19,867] {taskinstance.py:1357} INFO - 
--------------------------------------------------------------------------------
[2022-05-30 20:13:19,869] {taskinstance.py:1358} INFO - Starting attempt 1 of 1
[2022-05-30 20:13:19,870] {taskinstance.py:1359} INFO - 
--------------------------------------------------------------------------------
[2022-05-30 20:13:20,020] {taskinstance.py:1378} INFO - Executing <Task(BashOperator): wget> on 2021-05-02 06:00:00+00:00
[2022-05-30 20:13:20,121] {standard_task_runner.py:52} INFO - Started process 636 to run task
[2022-05-30 20:13:20,279] {standard_task_runner.py:79} INFO - Running: ['***', 'tasks', 'run', 'LocalIngestionDag', 'wget', 'scheduled__2021-05-02T06:00:00+00:00', '--job-id', '89', '--raw', '--subdir', 'DAGS_FOLDER/data_ingestion_local.py', '--cfg-path', '/tmp/tmpnnxctmro', '--error-file', '/tmp/tmpz0c14uxw']
[2022-05-30 20:13:20,328] {standard_task_runner.py:80} INFO - Job 89: Subtask wget
[2022-05-30 20:13:20,922] {task_command.py:370} INFO - Running <TaskInstance: LocalIngestionDag.wget scheduled__2021-05-02T06:00:00+00:00 [running]> on host e083cbf9476b
[2022-05-30 20:13:22,495] {warnings.py:110} WARNING - /home/***/.local/lib/python3.7/site-packages/***/utils/context.py:202: AirflowContextDeprecationWarning: Accessing 'execution_date' from the template is deprecated and will be removed in a future version. Please use 'data_interval_start' or 'logical_date' instead.
  warnings.warn(_create_deprecation_warning(key, self._deprecation_replacements[key]))

[2022-05-30 20:13:24,001] {taskinstance.py:1572} INFO - Exporting the following env vars:
AIRFLOW_CTX_DAG_OWNER=***
AIRFLOW_CTX_DAG_ID=LocalIngestionDag
AIRFLOW_CTX_TASK_ID=wget
AIRFLOW_CTX_EXECUTION_DATE=2021-05-02T06:00:00+00:00
AIRFLOW_CTX_TRY_NUMBER=1
AIRFLOW_CTX_DAG_RUN_ID=scheduled__2021-05-02T06:00:00+00:00
[2022-05-30 20:13:24,191] {subprocess.py:62} INFO - Tmp dir root location: 
 /tmp
[2022-05-30 20:13:24,295] {subprocess.py:74} INFO - Running command: ['bash', '-c', 'curl -sSL https://s3.amazonaws.com/nyc-tlc/trip+data/yellow_tripdata_2021-05.parquet > /opt/***/output_2021-05.parquet']
[2022-05-30 20:13:25,543] {subprocess.py:85} INFO - Output:
[2022-05-30 20:13:50,194] {subprocess.py:96} INFO - Command exited with return code 0
[2022-05-30 20:13:50,281] {taskinstance.py:1401} INFO - Marking task as SUCCESS. dag_id=LocalIngestionDag, task_id=wget, execution_date=20210502T060000, start_date=20220530T201319, end_date=20220530T201350
[2022-05-30 20:13:50,351] {local_task_job.py:156} INFO - Task exited with return code 0
[2022-05-30 20:13:50,382] {local_task_job.py:273} INFO - 0 downstream tasks scheduled from follow-on schedule check
[2022-05-30 20:17:33,159] {taskinstance.py:1160} INFO - Dependencies all met for <TaskInstance: LocalIngestionDag.wget scheduled__2021-05-02T06:00:00+00:00 [queued]>
[2022-05-30 20:17:33,502] {taskinstance.py:1160} INFO - Dependencies all met for <TaskInstance: LocalIngestionDag.wget scheduled__2021-05-02T06:00:00+00:00 [queued]>
[2022-05-30 20:17:33,532] {taskinstance.py:1357} INFO - 
--------------------------------------------------------------------------------
[2022-05-30 20:17:33,540] {taskinstance.py:1358} INFO - Starting attempt 1 of 1
[2022-05-30 20:17:33,544] {taskinstance.py:1359} INFO - 
--------------------------------------------------------------------------------
[2022-05-30 20:17:33,991] {taskinstance.py:1378} INFO - Executing <Task(BashOperator): wget> on 2021-05-02 06:00:00+00:00
[2022-05-30 20:17:34,217] {standard_task_runner.py:52} INFO - Started process 947 to run task
[2022-05-30 20:17:34,309] {standard_task_runner.py:79} INFO - Running: ['***', 'tasks', 'run', 'LocalIngestionDag', 'wget', 'scheduled__2021-05-02T06:00:00+00:00', '--job-id', '104', '--raw', '--subdir', 'DAGS_FOLDER/data_ingestion_local.py', '--cfg-path', '/tmp/tmpdhy16grt', '--error-file', '/tmp/tmp_dd5yiuq']
[2022-05-30 20:17:34,324] {standard_task_runner.py:80} INFO - Job 104: Subtask wget
[2022-05-30 20:17:35,278] {task_command.py:370} INFO - Running <TaskInstance: LocalIngestionDag.wget scheduled__2021-05-02T06:00:00+00:00 [running]> on host e083cbf9476b
[2022-05-30 20:17:35,982] {warnings.py:110} WARNING - /home/***/.local/lib/python3.7/site-packages/***/utils/context.py:202: AirflowContextDeprecationWarning: Accessing 'execution_date' from the template is deprecated and will be removed in a future version. Please use 'data_interval_start' or 'logical_date' instead.
  warnings.warn(_create_deprecation_warning(key, self._deprecation_replacements[key]))

[2022-05-30 20:17:37,361] {taskinstance.py:1572} INFO - Exporting the following env vars:
AIRFLOW_CTX_DAG_OWNER=***
AIRFLOW_CTX_DAG_ID=LocalIngestionDag
AIRFLOW_CTX_TASK_ID=wget
AIRFLOW_CTX_EXECUTION_DATE=2021-05-02T06:00:00+00:00
AIRFLOW_CTX_TRY_NUMBER=1
AIRFLOW_CTX_DAG_RUN_ID=scheduled__2021-05-02T06:00:00+00:00
[2022-05-30 20:17:37,389] {subprocess.py:62} INFO - Tmp dir root location: 
 /tmp
[2022-05-30 20:17:37,420] {subprocess.py:74} INFO - Running command: ['bash', '-c', 'curl -sSL https://s3.amazonaws.com/nyc-tlc/trip+data/yellow_tripdata_2021-05.parquet > /opt/***/output_2021-05.parquet']
[2022-05-30 20:17:37,713] {subprocess.py:85} INFO - Output:
[2022-05-30 20:18:11,913] {subprocess.py:96} INFO - Command exited with return code 0
[2022-05-30 20:18:12,119] {taskinstance.py:1401} INFO - Marking task as SUCCESS. dag_id=LocalIngestionDag, task_id=wget, execution_date=20210502T060000, start_date=20220530T201733, end_date=20220530T201812
[2022-05-30 20:18:12,303] {local_task_job.py:156} INFO - Task exited with return code 0
[2022-05-30 20:18:12,450] {local_task_job.py:273} INFO - 0 downstream tasks scheduled from follow-on schedule check
[2022-05-30 20:20:34,720] {taskinstance.py:1160} INFO - Dependencies all met for <TaskInstance: LocalIngestionDag.wget scheduled__2021-05-02T06:00:00+00:00 [queued]>
[2022-05-30 20:20:34,826] {taskinstance.py:1160} INFO - Dependencies all met for <TaskInstance: LocalIngestionDag.wget scheduled__2021-05-02T06:00:00+00:00 [queued]>
[2022-05-30 20:20:34,842] {taskinstance.py:1357} INFO - 
--------------------------------------------------------------------------------
[2022-05-30 20:20:34,854] {taskinstance.py:1358} INFO - Starting attempt 1 of 1
[2022-05-30 20:20:34,856] {taskinstance.py:1359} INFO - 
--------------------------------------------------------------------------------
[2022-05-30 20:20:35,142] {taskinstance.py:1378} INFO - Executing <Task(BashOperator): wget> on 2021-05-02 06:00:00+00:00
[2022-05-30 20:20:35,278] {standard_task_runner.py:52} INFO - Started process 1186 to run task
[2022-05-30 20:20:35,351] {standard_task_runner.py:79} INFO - Running: ['***', 'tasks', 'run', 'LocalIngestionDag', 'wget', 'scheduled__2021-05-02T06:00:00+00:00', '--job-id', '122', '--raw', '--subdir', 'DAGS_FOLDER/data_ingestion_local.py', '--cfg-path', '/tmp/tmpgw6pede6', '--error-file', '/tmp/tmpfsnfwgyr']
[2022-05-30 20:20:35,412] {standard_task_runner.py:80} INFO - Job 122: Subtask wget
[2022-05-30 20:20:35,891] {task_command.py:370} INFO - Running <TaskInstance: LocalIngestionDag.wget scheduled__2021-05-02T06:00:00+00:00 [running]> on host e083cbf9476b
[2022-05-30 20:20:36,212] {warnings.py:110} WARNING - /home/***/.local/lib/python3.7/site-packages/***/utils/context.py:202: AirflowContextDeprecationWarning: Accessing 'execution_date' from the template is deprecated and will be removed in a future version. Please use 'data_interval_start' or 'logical_date' instead.
  warnings.warn(_create_deprecation_warning(key, self._deprecation_replacements[key]))

[2022-05-30 20:20:36,764] {taskinstance.py:1572} INFO - Exporting the following env vars:
AIRFLOW_CTX_DAG_OWNER=***
AIRFLOW_CTX_DAG_ID=LocalIngestionDag
AIRFLOW_CTX_TASK_ID=wget
AIRFLOW_CTX_EXECUTION_DATE=2021-05-02T06:00:00+00:00
AIRFLOW_CTX_TRY_NUMBER=1
AIRFLOW_CTX_DAG_RUN_ID=scheduled__2021-05-02T06:00:00+00:00
[2022-05-30 20:20:36,798] {subprocess.py:62} INFO - Tmp dir root location: 
 /tmp
[2022-05-30 20:20:36,802] {subprocess.py:74} INFO - Running command: ['bash', '-c', 'curl -sSL https://s3.amazonaws.com/nyc-tlc/trip+data/yellow_tripdata_2021-05.parquet > /opt/***/output_2021-05.parquet']
[2022-05-30 20:20:37,058] {subprocess.py:85} INFO - Output:
[2022-05-30 20:20:58,015] {subprocess.py:96} INFO - Command exited with return code 0
[2022-05-30 20:21:02,413] {taskinstance.py:1401} INFO - Marking task as SUCCESS. dag_id=LocalIngestionDag, task_id=wget, execution_date=20210502T060000, start_date=20220530T202034, end_date=20220530T202102
[2022-05-30 20:21:02,978] {local_task_job.py:156} INFO - Task exited with return code 0
[2022-05-30 20:21:03,823] {local_task_job.py:273} INFO - 1 downstream tasks scheduled from follow-on schedule check
[2022-05-30 22:16:43,837] {taskinstance.py:1160} INFO - Dependencies all met for <TaskInstance: LocalIngestionDag.wget scheduled__2021-05-02T06:00:00+00:00 [queued]>
[2022-05-30 22:16:44,111] {taskinstance.py:1160} INFO - Dependencies all met for <TaskInstance: LocalIngestionDag.wget scheduled__2021-05-02T06:00:00+00:00 [queued]>
[2022-05-30 22:16:44,120] {taskinstance.py:1357} INFO - 
--------------------------------------------------------------------------------
[2022-05-30 22:16:44,125] {taskinstance.py:1358} INFO - Starting attempt 1 of 1
[2022-05-30 22:16:44,126] {taskinstance.py:1359} INFO - 
--------------------------------------------------------------------------------
[2022-05-30 22:16:44,310] {taskinstance.py:1378} INFO - Executing <Task(BashOperator): wget> on 2021-05-02 06:00:00+00:00
[2022-05-30 22:16:44,363] {standard_task_runner.py:52} INFO - Started process 1276 to run task
[2022-05-30 22:16:44,553] {standard_task_runner.py:79} INFO - Running: ['***', 'tasks', 'run', 'LocalIngestionDag', 'wget', 'scheduled__2021-05-02T06:00:00+00:00', '--job-id', '202', '--raw', '--subdir', 'DAGS_FOLDER/data_ingestion_local.py', '--cfg-path', '/tmp/tmp4dqsq31o', '--error-file', '/tmp/tmp6hm2n69x']
[2022-05-30 22:16:44,598] {standard_task_runner.py:80} INFO - Job 202: Subtask wget
[2022-05-30 22:16:45,254] {task_command.py:370} INFO - Running <TaskInstance: LocalIngestionDag.wget scheduled__2021-05-02T06:00:00+00:00 [running]> on host 8ac972de2f4f
[2022-05-30 22:16:45,904] {warnings.py:110} WARNING - /home/***/.local/lib/python3.7/site-packages/***/utils/context.py:202: AirflowContextDeprecationWarning: Accessing 'execution_date' from the template is deprecated and will be removed in a future version. Please use 'data_interval_start' or 'logical_date' instead.
  warnings.warn(_create_deprecation_warning(key, self._deprecation_replacements[key]))

[2022-05-30 22:16:46,239] {taskinstance.py:1572} INFO - Exporting the following env vars:
AIRFLOW_CTX_DAG_OWNER=***
AIRFLOW_CTX_DAG_ID=LocalIngestionDag
AIRFLOW_CTX_TASK_ID=wget
AIRFLOW_CTX_EXECUTION_DATE=2021-05-02T06:00:00+00:00
AIRFLOW_CTX_TRY_NUMBER=1
AIRFLOW_CTX_DAG_RUN_ID=scheduled__2021-05-02T06:00:00+00:00
[2022-05-30 22:16:46,247] {subprocess.py:62} INFO - Tmp dir root location: 
 /tmp
[2022-05-30 22:16:46,253] {subprocess.py:74} INFO - Running command: ['bash', '-c', 'curl -sSL https://s3.amazonaws.com/nyc-tlc/trip+data/yellow_tripdata_2021-05.parquet > /opt/***/output_2021-05.parquet']
[2022-05-30 22:16:46,433] {subprocess.py:85} INFO - Output:
[2022-05-30 22:16:51,640] {subprocess.py:96} INFO - Command exited with return code 0
[2022-05-30 22:16:51,874] {taskinstance.py:1401} INFO - Marking task as SUCCESS. dag_id=LocalIngestionDag, task_id=wget, execution_date=20210502T060000, start_date=20220530T221643, end_date=20220530T221651
[2022-05-30 22:16:52,123] {local_task_job.py:156} INFO - Task exited with return code 0
[2022-05-30 22:16:52,370] {local_task_job.py:273} INFO - 1 downstream tasks scheduled from follow-on schedule check
[2022-05-30 22:20:47,986] {taskinstance.py:1160} INFO - Dependencies all met for <TaskInstance: LocalIngestionDag.wget scheduled__2021-05-02T06:00:00+00:00 [queued]>
[2022-05-30 22:20:48,027] {taskinstance.py:1160} INFO - Dependencies all met for <TaskInstance: LocalIngestionDag.wget scheduled__2021-05-02T06:00:00+00:00 [queued]>
[2022-05-30 22:20:48,030] {taskinstance.py:1357} INFO - 
--------------------------------------------------------------------------------
[2022-05-30 22:20:48,032] {taskinstance.py:1358} INFO - Starting attempt 1 of 1
[2022-05-30 22:20:48,033] {taskinstance.py:1359} INFO - 
--------------------------------------------------------------------------------
[2022-05-30 22:20:48,084] {taskinstance.py:1378} INFO - Executing <Task(BashOperator): wget> on 2021-05-02 06:00:00+00:00
[2022-05-30 22:20:48,118] {standard_task_runner.py:52} INFO - Started process 1632 to run task
[2022-05-30 22:20:48,176] {standard_task_runner.py:79} INFO - Running: ['***', 'tasks', 'run', 'LocalIngestionDag', 'wget', 'scheduled__2021-05-02T06:00:00+00:00', '--job-id', '232', '--raw', '--subdir', 'DAGS_FOLDER/data_ingestion_local.py', '--cfg-path', '/tmp/tmpwk4dlhfu', '--error-file', '/tmp/tmp8j6kri9e']
[2022-05-30 22:20:48,190] {standard_task_runner.py:80} INFO - Job 232: Subtask wget
[2022-05-30 22:20:48,907] {task_command.py:370} INFO - Running <TaskInstance: LocalIngestionDag.wget scheduled__2021-05-02T06:00:00+00:00 [running]> on host 8ac972de2f4f
[2022-05-30 22:20:49,280] {warnings.py:110} WARNING - /home/***/.local/lib/python3.7/site-packages/***/utils/context.py:202: AirflowContextDeprecationWarning: Accessing 'execution_date' from the template is deprecated and will be removed in a future version. Please use 'data_interval_start' or 'logical_date' instead.
  warnings.warn(_create_deprecation_warning(key, self._deprecation_replacements[key]))

[2022-05-30 22:20:49,435] {taskinstance.py:1572} INFO - Exporting the following env vars:
AIRFLOW_CTX_DAG_OWNER=***
AIRFLOW_CTX_DAG_ID=LocalIngestionDag
AIRFLOW_CTX_TASK_ID=wget
AIRFLOW_CTX_EXECUTION_DATE=2021-05-02T06:00:00+00:00
AIRFLOW_CTX_TRY_NUMBER=1
AIRFLOW_CTX_DAG_RUN_ID=scheduled__2021-05-02T06:00:00+00:00
[2022-05-30 22:20:49,443] {subprocess.py:62} INFO - Tmp dir root location: 
 /tmp
[2022-05-30 22:20:49,448] {subprocess.py:74} INFO - Running command: ['bash', '-c', 'curl -sSL https://s3.amazonaws.com/nyc-tlc/trip+data/yellow_tripdata_2021-05.parquet > /opt/***/output_2021-05.parquet']
[2022-05-30 22:20:49,597] {subprocess.py:85} INFO - Output:
[2022-05-30 22:21:02,822] {subprocess.py:96} INFO - Command exited with return code 0
[2022-05-30 22:21:03,100] {taskinstance.py:1401} INFO - Marking task as SUCCESS. dag_id=LocalIngestionDag, task_id=wget, execution_date=20210502T060000, start_date=20220530T222047, end_date=20220530T222103
[2022-05-30 22:21:03,437] {local_task_job.py:156} INFO - Task exited with return code 0
[2022-05-30 22:21:03,684] {local_task_job.py:273} INFO - 0 downstream tasks scheduled from follow-on schedule check
