[2022-05-30 22:21:32,979] {taskinstance.py:1160} INFO - Dependencies all met for <TaskInstance: LocalIngestionDag.ingest manual__2022-01-30T19:20:30-03:00 [queued]>
[2022-05-30 22:21:33,111] {taskinstance.py:1160} INFO - Dependencies all met for <TaskInstance: LocalIngestionDag.ingest manual__2022-01-30T19:20:30-03:00 [queued]>
[2022-05-30 22:21:33,120] {taskinstance.py:1357} INFO - 
--------------------------------------------------------------------------------
[2022-05-30 22:21:33,123] {taskinstance.py:1358} INFO - Starting attempt 1 of 1
[2022-05-30 22:21:33,126] {taskinstance.py:1359} INFO - 
--------------------------------------------------------------------------------
[2022-05-30 22:21:33,739] {taskinstance.py:1378} INFO - Executing <Task(PythonOperator): ingest> on 2022-01-30 22:20:30+00:00
[2022-05-30 22:21:34,234] {standard_task_runner.py:52} INFO - Started process 1794 to run task
[2022-05-30 22:21:35,222] {standard_task_runner.py:79} INFO - Running: ['***', 'tasks', 'run', 'LocalIngestionDag', 'ingest', 'manual__2022-01-30T19:20:30-03:00', '--job-id', '252', '--raw', '--subdir', 'DAGS_FOLDER/data_ingestion_local.py', '--cfg-path', '/tmp/tmp_6wd_zcj', '--error-file', '/tmp/tmpi8ktjbco']
[2022-05-30 22:21:35,234] {standard_task_runner.py:80} INFO - Job 252: Subtask ingest
[2022-05-30 22:21:43,201] {task_command.py:370} INFO - Running <TaskInstance: LocalIngestionDag.ingest manual__2022-01-30T19:20:30-03:00 [running]> on host 8ac972de2f4f
[2022-05-30 22:21:46,371] {warnings.py:110} WARNING - /home/***/.local/lib/python3.7/site-packages/***/utils/context.py:202: AirflowContextDeprecationWarning: Accessing 'execution_date' from the template is deprecated and will be removed in a future version. Please use 'data_interval_start' or 'logical_date' instead.
  warnings.warn(_create_deprecation_warning(key, self._deprecation_replacements[key]))

[2022-05-30 22:21:48,585] {taskinstance.py:1572} INFO - Exporting the following env vars:
AIRFLOW_CTX_DAG_OWNER=***
AIRFLOW_CTX_DAG_ID=LocalIngestionDag
AIRFLOW_CTX_TASK_ID=ingest
AIRFLOW_CTX_EXECUTION_DATE=2022-01-30T22:20:30+00:00
AIRFLOW_CTX_TRY_NUMBER=1
AIRFLOW_CTX_DAG_RUN_ID=manual__2022-01-30T19:20:30-03:00
[2022-05-30 22:21:48,679] {logging_mixin.py:115} INFO - yellow_taxi_2022_01 /opt/***/output_2022-01.parquet 2022-01-30T22:20:30+00:00
[2022-05-30 22:21:49,120] {logging_mixin.py:115} INFO - connection established successfully, inserting data...
[2022-05-30 22:22:27,334] {local_task_job.py:156} INFO - Task exited with return code Negsignal.SIGKILL
[2022-05-30 22:22:28,150] {taskinstance.py:1401} INFO - Marking task as FAILED. dag_id=LocalIngestionDag, task_id=ingest, execution_date=20220130T222030, start_date=20220530T222133, end_date=20220530T222227
[2022-05-30 22:22:31,916] {local_task_job.py:273} INFO - 0 downstream tasks scheduled from follow-on schedule check
