[2022-05-30 19:24:37,295] {taskinstance.py:1160} INFO - Dependencies all met for <TaskInstance: LocalIngestionDag.wget scheduled__2021-12-02T06:00:00+00:00 [queued]>
[2022-05-30 19:24:37,306] {taskinstance.py:1160} INFO - Dependencies all met for <TaskInstance: LocalIngestionDag.wget scheduled__2021-12-02T06:00:00+00:00 [queued]>
[2022-05-30 19:24:37,307] {taskinstance.py:1357} INFO - 
--------------------------------------------------------------------------------
[2022-05-30 19:24:37,309] {taskinstance.py:1358} INFO - Starting attempt 1 of 1
[2022-05-30 19:24:37,310] {taskinstance.py:1359} INFO - 
--------------------------------------------------------------------------------
[2022-05-30 19:24:37,333] {taskinstance.py:1378} INFO - Executing <Task(BashOperator): wget> on 2021-12-02 06:00:00+00:00
[2022-05-30 19:24:37,341] {standard_task_runner.py:52} INFO - Started process 2004 to run task
[2022-05-30 19:24:37,350] {standard_task_runner.py:79} INFO - Running: ['***', 'tasks', 'run', 'LocalIngestionDag', 'wget', 'scheduled__2021-12-02T06:00:00+00:00', '--job-id', '45', '--raw', '--subdir', 'DAGS_FOLDER/data_ingestion_local.py', '--cfg-path', '/tmp/tmp08mzyy1x', '--error-file', '/tmp/tmpjyc88no0']
[2022-05-30 19:24:37,353] {standard_task_runner.py:80} INFO - Job 45: Subtask wget
[2022-05-30 19:24:37,475] {task_command.py:370} INFO - Running <TaskInstance: LocalIngestionDag.wget scheduled__2021-12-02T06:00:00+00:00 [running]> on host e083cbf9476b
[2022-05-30 19:24:37,536] {warnings.py:110} WARNING - /home/***/.local/lib/python3.7/site-packages/***/utils/context.py:202: AirflowContextDeprecationWarning: Accessing 'execution_date' from the template is deprecated and will be removed in a future version. Please use 'data_interval_start' or 'logical_date' instead.
  warnings.warn(_create_deprecation_warning(key, self._deprecation_replacements[key]))

[2022-05-30 19:24:37,625] {taskinstance.py:1572} INFO - Exporting the following env vars:
AIRFLOW_CTX_DAG_OWNER=***
AIRFLOW_CTX_DAG_ID=LocalIngestionDag
AIRFLOW_CTX_TASK_ID=wget
AIRFLOW_CTX_EXECUTION_DATE=2021-12-02T06:00:00+00:00
AIRFLOW_CTX_TRY_NUMBER=1
AIRFLOW_CTX_DAG_RUN_ID=scheduled__2021-12-02T06:00:00+00:00
[2022-05-30 19:24:37,628] {subprocess.py:62} INFO - Tmp dir root location: 
 /tmp
[2022-05-30 19:24:37,632] {subprocess.py:74} INFO - Running command: ['bash', '-c', 'curl -sSL https://s3.amazonaws.com/nyc-tlc/trip+data//yellow_tripdata_2021-12.parquet > /opt/***/output_2021-12.parquet']
[2022-05-30 19:24:37,770] {subprocess.py:85} INFO - Output:
[2022-05-30 19:24:38,916] {subprocess.py:96} INFO - Command exited with return code 0
[2022-05-30 19:24:39,058] {taskinstance.py:1401} INFO - Marking task as SUCCESS. dag_id=LocalIngestionDag, task_id=wget, execution_date=20211202T060000, start_date=20220530T192437, end_date=20220530T192439
[2022-05-30 19:24:39,167] {local_task_job.py:156} INFO - Task exited with return code 0
[2022-05-30 19:24:39,290] {local_task_job.py:273} INFO - 0 downstream tasks scheduled from follow-on schedule check
[2022-05-30 20:10:36,846] {taskinstance.py:1160} INFO - Dependencies all met for <TaskInstance: LocalIngestionDag.wget scheduled__2021-12-02T06:00:00+00:00 [queued]>
[2022-05-30 20:10:36,944] {taskinstance.py:1160} INFO - Dependencies all met for <TaskInstance: LocalIngestionDag.wget scheduled__2021-12-02T06:00:00+00:00 [queued]>
[2022-05-30 20:10:36,964] {taskinstance.py:1357} INFO - 
--------------------------------------------------------------------------------
[2022-05-30 20:10:36,966] {taskinstance.py:1358} INFO - Starting attempt 1 of 1
[2022-05-30 20:10:36,970] {taskinstance.py:1359} INFO - 
--------------------------------------------------------------------------------
[2022-05-30 20:10:37,275] {taskinstance.py:1378} INFO - Executing <Task(BashOperator): wget> on 2021-12-02 06:00:00+00:00
[2022-05-30 20:10:37,592] {standard_task_runner.py:52} INFO - Started process 428 to run task
[2022-05-30 20:10:37,747] {standard_task_runner.py:79} INFO - Running: ['***', 'tasks', 'run', 'LocalIngestionDag', 'wget', 'scheduled__2021-12-02T06:00:00+00:00', '--job-id', '80', '--raw', '--subdir', 'DAGS_FOLDER/data_ingestion_local.py', '--cfg-path', '/tmp/tmptz2ifuo4', '--error-file', '/tmp/tmpkzn0gykd']
[2022-05-30 20:10:37,784] {standard_task_runner.py:80} INFO - Job 80: Subtask wget
[2022-05-30 20:10:42,013] {task_command.py:370} INFO - Running <TaskInstance: LocalIngestionDag.wget scheduled__2021-12-02T06:00:00+00:00 [running]> on host e083cbf9476b
[2022-05-30 20:10:45,275] {warnings.py:110} WARNING - /home/***/.local/lib/python3.7/site-packages/***/utils/context.py:202: AirflowContextDeprecationWarning: Accessing 'execution_date' from the template is deprecated and will be removed in a future version. Please use 'data_interval_start' or 'logical_date' instead.
  warnings.warn(_create_deprecation_warning(key, self._deprecation_replacements[key]))

[2022-05-30 20:10:47,222] {taskinstance.py:1572} INFO - Exporting the following env vars:
AIRFLOW_CTX_DAG_OWNER=***
AIRFLOW_CTX_DAG_ID=LocalIngestionDag
AIRFLOW_CTX_TASK_ID=wget
AIRFLOW_CTX_EXECUTION_DATE=2021-12-02T06:00:00+00:00
AIRFLOW_CTX_TRY_NUMBER=1
AIRFLOW_CTX_DAG_RUN_ID=scheduled__2021-12-02T06:00:00+00:00
[2022-05-30 20:10:47,247] {subprocess.py:62} INFO - Tmp dir root location: 
 /tmp
[2022-05-30 20:10:47,283] {subprocess.py:74} INFO - Running command: ['bash', '-c', 'curl -sSL https://s3.amazonaws.com/nyc-tlc/trip+data/yellow_tripdata_2021-12.parquet > /opt/***/output_2021-12.parquet']
[2022-05-30 20:10:48,806] {subprocess.py:85} INFO - Output:
[2022-05-30 20:10:58,398] {subprocess.py:96} INFO - Command exited with return code 0
[2022-05-30 20:10:58,648] {taskinstance.py:1401} INFO - Marking task as SUCCESS. dag_id=LocalIngestionDag, task_id=wget, execution_date=20211202T060000, start_date=20220530T201036, end_date=20220530T201058
[2022-05-30 20:10:58,866] {local_task_job.py:156} INFO - Task exited with return code 0
[2022-05-30 20:10:58,980] {local_task_job.py:273} INFO - 0 downstream tasks scheduled from follow-on schedule check
[2022-05-30 20:13:27,514] {taskinstance.py:1160} INFO - Dependencies all met for <TaskInstance: LocalIngestionDag.wget scheduled__2021-12-02T06:00:00+00:00 [queued]>
[2022-05-30 20:13:27,584] {taskinstance.py:1160} INFO - Dependencies all met for <TaskInstance: LocalIngestionDag.wget scheduled__2021-12-02T06:00:00+00:00 [queued]>
[2022-05-30 20:13:27,587] {taskinstance.py:1357} INFO - 
--------------------------------------------------------------------------------
[2022-05-30 20:13:27,607] {taskinstance.py:1358} INFO - Starting attempt 1 of 1
[2022-05-30 20:13:27,608] {taskinstance.py:1359} INFO - 
--------------------------------------------------------------------------------
[2022-05-30 20:13:27,718] {taskinstance.py:1378} INFO - Executing <Task(BashOperator): wget> on 2021-12-02 06:00:00+00:00
[2022-05-30 20:13:27,882] {standard_task_runner.py:52} INFO - Started process 660 to run task
[2022-05-30 20:13:27,993] {standard_task_runner.py:79} INFO - Running: ['***', 'tasks', 'run', 'LocalIngestionDag', 'wget', 'scheduled__2021-12-02T06:00:00+00:00', '--job-id', '95', '--raw', '--subdir', 'DAGS_FOLDER/data_ingestion_local.py', '--cfg-path', '/tmp/tmpo_qv8bkf', '--error-file', '/tmp/tmp9rnnu1nv']
[2022-05-30 20:13:28,008] {standard_task_runner.py:80} INFO - Job 95: Subtask wget
[2022-05-30 20:13:28,419] {task_command.py:370} INFO - Running <TaskInstance: LocalIngestionDag.wget scheduled__2021-12-02T06:00:00+00:00 [running]> on host e083cbf9476b
[2022-05-30 20:13:28,815] {warnings.py:110} WARNING - /home/***/.local/lib/python3.7/site-packages/***/utils/context.py:202: AirflowContextDeprecationWarning: Accessing 'execution_date' from the template is deprecated and will be removed in a future version. Please use 'data_interval_start' or 'logical_date' instead.
  warnings.warn(_create_deprecation_warning(key, self._deprecation_replacements[key]))

[2022-05-30 20:13:30,424] {taskinstance.py:1572} INFO - Exporting the following env vars:
AIRFLOW_CTX_DAG_OWNER=***
AIRFLOW_CTX_DAG_ID=LocalIngestionDag
AIRFLOW_CTX_TASK_ID=wget
AIRFLOW_CTX_EXECUTION_DATE=2021-12-02T06:00:00+00:00
AIRFLOW_CTX_TRY_NUMBER=1
AIRFLOW_CTX_DAG_RUN_ID=scheduled__2021-12-02T06:00:00+00:00
[2022-05-30 20:13:30,459] {subprocess.py:62} INFO - Tmp dir root location: 
 /tmp
[2022-05-30 20:13:30,502] {subprocess.py:74} INFO - Running command: ['bash', '-c', 'curl -sSL https://s3.amazonaws.com/nyc-tlc/trip+data/yellow_tripdata_2021-12.parquet > /opt/***/output_2021-12.parquet']
[2022-05-30 20:13:30,656] {subprocess.py:85} INFO - Output:
[2022-05-30 20:14:55,135] {local_task_job.py:221} WARNING - State of this instance has been externally set to failed. Terminating instance.
[2022-05-30 20:14:55,156] {process_utils.py:129} INFO - Sending Signals.SIGTERM to group 660. PIDs of all processes in the group: [673, 674, 660]
[2022-05-30 20:14:55,159] {process_utils.py:80} INFO - Sending the signal Signals.SIGTERM to group 660
[2022-05-30 20:14:55,165] {taskinstance.py:1542} ERROR - Received SIGTERM. Terminating subprocesses.
[2022-05-30 20:14:55,169] {subprocess.py:103} INFO - Sending SIGTERM signal to process group
[2022-05-30 20:14:55,532] {process_utils.py:75} INFO - Process psutil.Process(pid=673, status='terminated', started='20:13:30') (673) terminated with exit code None
[2022-05-30 20:14:55,537] {process_utils.py:75} INFO - Process psutil.Process(pid=660, status='terminated', exitcode=0, started='20:13:27') (660) terminated with exit code 0
[2022-05-30 20:14:55,539] {process_utils.py:75} INFO - Process psutil.Process(pid=674, status='terminated', started='20:13:30') (674) terminated with exit code None
[2022-05-30 20:17:36,027] {taskinstance.py:1160} INFO - Dependencies all met for <TaskInstance: LocalIngestionDag.wget scheduled__2021-12-02T06:00:00+00:00 [queued]>
[2022-05-30 20:17:36,294] {taskinstance.py:1160} INFO - Dependencies all met for <TaskInstance: LocalIngestionDag.wget scheduled__2021-12-02T06:00:00+00:00 [queued]>
[2022-05-30 20:17:36,297] {taskinstance.py:1357} INFO - 
--------------------------------------------------------------------------------
[2022-05-30 20:17:36,300] {taskinstance.py:1358} INFO - Starting attempt 1 of 1
[2022-05-30 20:17:36,309] {taskinstance.py:1359} INFO - 
--------------------------------------------------------------------------------
[2022-05-30 20:17:37,086] {taskinstance.py:1378} INFO - Executing <Task(BashOperator): wget> on 2021-12-02 06:00:00+00:00
[2022-05-30 20:17:37,388] {standard_task_runner.py:52} INFO - Started process 954 to run task
[2022-05-30 20:17:37,594] {standard_task_runner.py:79} INFO - Running: ['***', 'tasks', 'run', 'LocalIngestionDag', 'wget', 'scheduled__2021-12-02T06:00:00+00:00', '--job-id', '111', '--raw', '--subdir', 'DAGS_FOLDER/data_ingestion_local.py', '--cfg-path', '/tmp/tmpq0rjkhdl', '--error-file', '/tmp/tmp3id4j0v3']
[2022-05-30 20:17:37,621] {standard_task_runner.py:80} INFO - Job 111: Subtask wget
[2022-05-30 20:17:38,399] {task_command.py:370} INFO - Running <TaskInstance: LocalIngestionDag.wget scheduled__2021-12-02T06:00:00+00:00 [running]> on host e083cbf9476b
[2022-05-30 20:17:39,134] {warnings.py:110} WARNING - /home/***/.local/lib/python3.7/site-packages/***/utils/context.py:202: AirflowContextDeprecationWarning: Accessing 'execution_date' from the template is deprecated and will be removed in a future version. Please use 'data_interval_start' or 'logical_date' instead.
  warnings.warn(_create_deprecation_warning(key, self._deprecation_replacements[key]))

[2022-05-30 20:17:39,880] {taskinstance.py:1572} INFO - Exporting the following env vars:
AIRFLOW_CTX_DAG_OWNER=***
AIRFLOW_CTX_DAG_ID=LocalIngestionDag
AIRFLOW_CTX_TASK_ID=wget
AIRFLOW_CTX_EXECUTION_DATE=2021-12-02T06:00:00+00:00
AIRFLOW_CTX_TRY_NUMBER=1
AIRFLOW_CTX_DAG_RUN_ID=scheduled__2021-12-02T06:00:00+00:00
[2022-05-30 20:17:39,886] {subprocess.py:62} INFO - Tmp dir root location: 
 /tmp
[2022-05-30 20:17:39,921] {subprocess.py:74} INFO - Running command: ['bash', '-c', 'curl -sSL https://s3.amazonaws.com/nyc-tlc/trip+data/yellow_tripdata_2021-12.parquet > /opt/***/output_2021-12.parquet']
[2022-05-30 20:17:40,328] {subprocess.py:85} INFO - Output:
[2022-05-30 20:18:19,415] {subprocess.py:96} INFO - Command exited with return code 0
[2022-05-30 20:18:19,525] {taskinstance.py:1401} INFO - Marking task as SUCCESS. dag_id=LocalIngestionDag, task_id=wget, execution_date=20211202T060000, start_date=20220530T201736, end_date=20220530T201819
[2022-05-30 20:18:19,641] {local_task_job.py:156} INFO - Task exited with return code 0
[2022-05-30 20:18:19,684] {local_task_job.py:273} INFO - 0 downstream tasks scheduled from follow-on schedule check
[2022-05-30 20:20:37,946] {taskinstance.py:1160} INFO - Dependencies all met for <TaskInstance: LocalIngestionDag.wget scheduled__2021-12-02T06:00:00+00:00 [queued]>
[2022-05-30 20:20:38,058] {taskinstance.py:1160} INFO - Dependencies all met for <TaskInstance: LocalIngestionDag.wget scheduled__2021-12-02T06:00:00+00:00 [queued]>
[2022-05-30 20:20:38,062] {taskinstance.py:1357} INFO - 
--------------------------------------------------------------------------------
[2022-05-30 20:20:38,111] {taskinstance.py:1358} INFO - Starting attempt 1 of 1
[2022-05-30 20:20:38,114] {taskinstance.py:1359} INFO - 
--------------------------------------------------------------------------------
[2022-05-30 20:20:39,061] {taskinstance.py:1378} INFO - Executing <Task(BashOperator): wget> on 2021-12-02 06:00:00+00:00
[2022-05-30 20:20:39,336] {standard_task_runner.py:52} INFO - Started process 1213 to run task
[2022-05-30 20:20:39,637] {standard_task_runner.py:79} INFO - Running: ['***', 'tasks', 'run', 'LocalIngestionDag', 'wget', 'scheduled__2021-12-02T06:00:00+00:00', '--job-id', '130', '--raw', '--subdir', 'DAGS_FOLDER/data_ingestion_local.py', '--cfg-path', '/tmp/tmpwbjint9l', '--error-file', '/tmp/tmpi94lj3mi']
[2022-05-30 20:20:39,730] {standard_task_runner.py:80} INFO - Job 130: Subtask wget
[2022-05-30 20:20:40,860] {task_command.py:370} INFO - Running <TaskInstance: LocalIngestionDag.wget scheduled__2021-12-02T06:00:00+00:00 [running]> on host e083cbf9476b
[2022-05-30 20:20:41,473] {warnings.py:110} WARNING - /home/***/.local/lib/python3.7/site-packages/***/utils/context.py:202: AirflowContextDeprecationWarning: Accessing 'execution_date' from the template is deprecated and will be removed in a future version. Please use 'data_interval_start' or 'logical_date' instead.
  warnings.warn(_create_deprecation_warning(key, self._deprecation_replacements[key]))

[2022-05-30 20:20:43,212] {taskinstance.py:1572} INFO - Exporting the following env vars:
AIRFLOW_CTX_DAG_OWNER=***
AIRFLOW_CTX_DAG_ID=LocalIngestionDag
AIRFLOW_CTX_TASK_ID=wget
AIRFLOW_CTX_EXECUTION_DATE=2021-12-02T06:00:00+00:00
AIRFLOW_CTX_TRY_NUMBER=1
AIRFLOW_CTX_DAG_RUN_ID=scheduled__2021-12-02T06:00:00+00:00
[2022-05-30 20:20:43,282] {subprocess.py:62} INFO - Tmp dir root location: 
 /tmp
[2022-05-30 20:20:43,305] {subprocess.py:74} INFO - Running command: ['bash', '-c', 'curl -sSL https://s3.amazonaws.com/nyc-tlc/trip+data/yellow_tripdata_2021-12.parquet > /opt/***/output_2021-12.parquet']
[2022-05-30 20:20:43,867] {subprocess.py:85} INFO - Output:
[2022-05-30 20:21:06,987] {subprocess.py:96} INFO - Command exited with return code 0
[2022-05-30 20:21:09,114] {taskinstance.py:1401} INFO - Marking task as SUCCESS. dag_id=LocalIngestionDag, task_id=wget, execution_date=20211202T060000, start_date=20220530T202037, end_date=20220530T202109
[2022-05-30 20:21:10,264] {local_task_job.py:156} INFO - Task exited with return code 0
[2022-05-30 20:21:12,532] {local_task_job.py:273} INFO - 0 downstream tasks scheduled from follow-on schedule check
[2022-05-30 22:16:46,277] {taskinstance.py:1160} INFO - Dependencies all met for <TaskInstance: LocalIngestionDag.wget scheduled__2021-12-02T06:00:00+00:00 [queued]>
[2022-05-30 22:16:46,400] {taskinstance.py:1160} INFO - Dependencies all met for <TaskInstance: LocalIngestionDag.wget scheduled__2021-12-02T06:00:00+00:00 [queued]>
[2022-05-30 22:16:46,406] {taskinstance.py:1357} INFO - 
--------------------------------------------------------------------------------
[2022-05-30 22:16:46,412] {taskinstance.py:1358} INFO - Starting attempt 1 of 1
[2022-05-30 22:16:46,414] {taskinstance.py:1359} INFO - 
--------------------------------------------------------------------------------
[2022-05-30 22:16:46,588] {taskinstance.py:1378} INFO - Executing <Task(BashOperator): wget> on 2021-12-02 06:00:00+00:00
[2022-05-30 22:16:46,725] {standard_task_runner.py:52} INFO - Started process 1299 to run task
[2022-05-30 22:16:46,964] {standard_task_runner.py:79} INFO - Running: ['***', 'tasks', 'run', 'LocalIngestionDag', 'wget', 'scheduled__2021-12-02T06:00:00+00:00', '--job-id', '210', '--raw', '--subdir', 'DAGS_FOLDER/data_ingestion_local.py', '--cfg-path', '/tmp/tmp5rzxasnk', '--error-file', '/tmp/tmpmbn00qp2']
[2022-05-30 22:16:47,019] {standard_task_runner.py:80} INFO - Job 210: Subtask wget
[2022-05-30 22:16:47,542] {task_command.py:370} INFO - Running <TaskInstance: LocalIngestionDag.wget scheduled__2021-12-02T06:00:00+00:00 [running]> on host 8ac972de2f4f
[2022-05-30 22:16:47,760] {warnings.py:110} WARNING - /home/***/.local/lib/python3.7/site-packages/***/utils/context.py:202: AirflowContextDeprecationWarning: Accessing 'execution_date' from the template is deprecated and will be removed in a future version. Please use 'data_interval_start' or 'logical_date' instead.
  warnings.warn(_create_deprecation_warning(key, self._deprecation_replacements[key]))

[2022-05-30 22:16:48,035] {taskinstance.py:1572} INFO - Exporting the following env vars:
AIRFLOW_CTX_DAG_OWNER=***
AIRFLOW_CTX_DAG_ID=LocalIngestionDag
AIRFLOW_CTX_TASK_ID=wget
AIRFLOW_CTX_EXECUTION_DATE=2021-12-02T06:00:00+00:00
AIRFLOW_CTX_TRY_NUMBER=1
AIRFLOW_CTX_DAG_RUN_ID=scheduled__2021-12-02T06:00:00+00:00
[2022-05-30 22:16:48,084] {subprocess.py:62} INFO - Tmp dir root location: 
 /tmp
[2022-05-30 22:16:48,108] {subprocess.py:74} INFO - Running command: ['bash', '-c', 'curl -sSL https://s3.amazonaws.com/nyc-tlc/trip+data/yellow_tripdata_2021-12.parquet > /opt/***/output_2021-12.parquet']
[2022-05-30 22:16:48,272] {subprocess.py:85} INFO - Output:
[2022-05-30 22:17:04,717] {subprocess.py:96} INFO - Command exited with return code 0
[2022-05-30 22:17:06,162] {taskinstance.py:1401} INFO - Marking task as SUCCESS. dag_id=LocalIngestionDag, task_id=wget, execution_date=20211202T060000, start_date=20220530T221646, end_date=20220530T221706
[2022-05-30 22:17:07,206] {local_task_job.py:156} INFO - Task exited with return code 0
[2022-05-30 22:17:08,509] {local_task_job.py:273} INFO - 0 downstream tasks scheduled from follow-on schedule check
[2022-05-30 22:20:53,714] {taskinstance.py:1160} INFO - Dependencies all met for <TaskInstance: LocalIngestionDag.wget scheduled__2021-12-02T06:00:00+00:00 [queued]>
[2022-05-30 22:20:53,830] {taskinstance.py:1160} INFO - Dependencies all met for <TaskInstance: LocalIngestionDag.wget scheduled__2021-12-02T06:00:00+00:00 [queued]>
[2022-05-30 22:20:53,833] {taskinstance.py:1357} INFO - 
--------------------------------------------------------------------------------
[2022-05-30 22:20:53,839] {taskinstance.py:1358} INFO - Starting attempt 1 of 1
[2022-05-30 22:20:53,842] {taskinstance.py:1359} INFO - 
--------------------------------------------------------------------------------
[2022-05-30 22:20:53,889] {taskinstance.py:1378} INFO - Executing <Task(BashOperator): wget> on 2021-12-02 06:00:00+00:00
[2022-05-30 22:20:53,933] {standard_task_runner.py:52} INFO - Started process 1681 to run task
[2022-05-30 22:20:53,941] {standard_task_runner.py:79} INFO - Running: ['***', 'tasks', 'run', 'LocalIngestionDag', 'wget', 'scheduled__2021-12-02T06:00:00+00:00', '--job-id', '242', '--raw', '--subdir', 'DAGS_FOLDER/data_ingestion_local.py', '--cfg-path', '/tmp/tmpbx6_9qs4', '--error-file', '/tmp/tmpcp090nlg']
[2022-05-30 22:20:53,972] {standard_task_runner.py:80} INFO - Job 242: Subtask wget
[2022-05-30 22:20:54,236] {task_command.py:370} INFO - Running <TaskInstance: LocalIngestionDag.wget scheduled__2021-12-02T06:00:00+00:00 [running]> on host 8ac972de2f4f
[2022-05-30 22:20:54,437] {warnings.py:110} WARNING - /home/***/.local/lib/python3.7/site-packages/***/utils/context.py:202: AirflowContextDeprecationWarning: Accessing 'execution_date' from the template is deprecated and will be removed in a future version. Please use 'data_interval_start' or 'logical_date' instead.
  warnings.warn(_create_deprecation_warning(key, self._deprecation_replacements[key]))

[2022-05-30 22:20:54,609] {taskinstance.py:1572} INFO - Exporting the following env vars:
AIRFLOW_CTX_DAG_OWNER=***
AIRFLOW_CTX_DAG_ID=LocalIngestionDag
AIRFLOW_CTX_TASK_ID=wget
AIRFLOW_CTX_EXECUTION_DATE=2021-12-02T06:00:00+00:00
AIRFLOW_CTX_TRY_NUMBER=1
AIRFLOW_CTX_DAG_RUN_ID=scheduled__2021-12-02T06:00:00+00:00
[2022-05-30 22:20:54,618] {subprocess.py:62} INFO - Tmp dir root location: 
 /tmp
[2022-05-30 22:20:54,626] {subprocess.py:74} INFO - Running command: ['bash', '-c', 'curl -sSL https://s3.amazonaws.com/nyc-tlc/trip+data/yellow_tripdata_2021-12.parquet > /opt/***/output_2021-12.parquet']
[2022-05-30 22:20:54,802] {subprocess.py:85} INFO - Output:
[2022-05-30 22:21:08,516] {subprocess.py:96} INFO - Command exited with return code 0
[2022-05-30 22:21:11,124] {taskinstance.py:1401} INFO - Marking task as SUCCESS. dag_id=LocalIngestionDag, task_id=wget, execution_date=20211202T060000, start_date=20220530T222053, end_date=20220530T222111
[2022-05-30 22:21:11,477] {local_task_job.py:156} INFO - Task exited with return code 0
[2022-05-30 22:21:15,044] {local_task_job.py:273} INFO - 1 downstream tasks scheduled from follow-on schedule check
