[2022-05-30 19:56:57,822] {taskinstance.py:1160} INFO - Dependencies all met for <TaskInstance: LocalIngestionDag.wget manual__2022-05-30T19:55:56.481300+00:00 [queued]>
[2022-05-30 19:56:57,834] {taskinstance.py:1160} INFO - Dependencies all met for <TaskInstance: LocalIngestionDag.wget manual__2022-05-30T19:55:56.481300+00:00 [queued]>
[2022-05-30 19:56:57,836] {taskinstance.py:1357} INFO - 
--------------------------------------------------------------------------------
[2022-05-30 19:56:57,837] {taskinstance.py:1358} INFO - Starting attempt 2 of 2
[2022-05-30 19:56:57,838] {taskinstance.py:1359} INFO - 
--------------------------------------------------------------------------------
[2022-05-30 19:56:57,850] {taskinstance.py:1378} INFO - Executing <Task(BashOperator): wget> on 2022-05-30 19:55:56.481300+00:00
[2022-05-30 19:56:57,859] {standard_task_runner.py:52} INFO - Started process 3798 to run task
[2022-05-30 19:56:57,863] {standard_task_runner.py:79} INFO - Running: ['***', 'tasks', 'run', 'LocalIngestionDag', 'wget', 'manual__2022-05-30T19:55:56.481300+00:00', '--job-id', '55', '--raw', '--subdir', 'DAGS_FOLDER/data_ingestion_local.py', '--cfg-path', '/tmp/tmp3x6w2sig', '--error-file', '/tmp/tmpm49npr8i']
[2022-05-30 19:56:57,865] {standard_task_runner.py:80} INFO - Job 55: Subtask wget
[2022-05-30 19:56:57,930] {task_command.py:370} INFO - Running <TaskInstance: LocalIngestionDag.wget manual__2022-05-30T19:55:56.481300+00:00 [running]> on host e083cbf9476b
[2022-05-30 19:56:57,977] {warnings.py:110} WARNING - /home/***/.local/lib/python3.7/site-packages/***/utils/context.py:202: AirflowContextDeprecationWarning: Accessing 'execution_date' from the template is deprecated and will be removed in a future version. Please use 'data_interval_start' or 'logical_date' instead.
  warnings.warn(_create_deprecation_warning(key, self._deprecation_replacements[key]))

[2022-05-30 19:56:58,025] {taskinstance.py:1572} INFO - Exporting the following env vars:
AIRFLOW_CTX_DAG_OWNER=***
AIRFLOW_CTX_DAG_ID=LocalIngestionDag
AIRFLOW_CTX_TASK_ID=wget
AIRFLOW_CTX_EXECUTION_DATE=2022-05-30T19:55:56.481300+00:00
AIRFLOW_CTX_TRY_NUMBER=2
AIRFLOW_CTX_DAG_RUN_ID=manual__2022-05-30T19:55:56.481300+00:00
[2022-05-30 19:56:58,028] {subprocess.py:62} INFO - Tmp dir root location: 
 /tmp
[2022-05-30 19:56:58,030] {subprocess.py:74} INFO - Running command: ['bash', '-c', 'curl -sSL https://s3.amazonaws.com/nyc-tlc/trip+data/yellow_tripdata_2022-05.parquet > /opt/***/output_2022-05.parquet']
[2022-05-30 19:56:58,045] {subprocess.py:85} INFO - Output:
[2022-05-30 19:56:58,761] {subprocess.py:96} INFO - Command exited with return code 0
[2022-05-30 19:56:58,813] {taskinstance.py:1401} INFO - Marking task as SUCCESS. dag_id=LocalIngestionDag, task_id=wget, execution_date=20220530T195556, start_date=20220530T195657, end_date=20220530T195658
[2022-05-30 19:56:58,874] {local_task_job.py:156} INFO - Task exited with return code 0
[2022-05-30 19:56:58,909] {local_task_job.py:273} INFO - 0 downstream tasks scheduled from follow-on schedule check
