[2022-05-31 18:49:03,744] {taskinstance.py:1160} INFO - Dependencies all met for <TaskInstance: yellow_taxi_ingestion_gcs_dag.download_dataset_task scheduled__2021-03-01T06:00:00+00:00 [queued]>
[2022-05-31 18:49:03,761] {taskinstance.py:1160} INFO - Dependencies all met for <TaskInstance: yellow_taxi_ingestion_gcs_dag.download_dataset_task scheduled__2021-03-01T06:00:00+00:00 [queued]>
[2022-05-31 18:49:03,763] {taskinstance.py:1357} INFO - 
--------------------------------------------------------------------------------
[2022-05-31 18:49:03,765] {taskinstance.py:1358} INFO - Starting attempt 1 of 1
[2022-05-31 18:49:03,767] {taskinstance.py:1359} INFO - 
--------------------------------------------------------------------------------
[2022-05-31 18:49:03,791] {taskinstance.py:1378} INFO - Executing <Task(BashOperator): download_dataset_task> on 2021-03-01 06:00:00+00:00
[2022-05-31 18:49:03,801] {standard_task_runner.py:52} INFO - Started process 1057 to run task
[2022-05-31 18:49:03,807] {standard_task_runner.py:79} INFO - Running: ['***', 'tasks', 'run', 'yellow_taxi_ingestion_gcs_dag', 'download_dataset_task', 'scheduled__2021-03-01T06:00:00+00:00', '--job-id', '397', '--raw', '--subdir', 'DAGS_FOLDER/yellow_taxi_ingestion.py', '--cfg-path', '/tmp/tmpsspbu5zn', '--error-file', '/tmp/tmpxo9q4ptv']
[2022-05-31 18:49:03,817] {standard_task_runner.py:80} INFO - Job 397: Subtask download_dataset_task
[2022-05-31 18:49:04,001] {task_command.py:370} INFO - Running <TaskInstance: yellow_taxi_ingestion_gcs_dag.download_dataset_task scheduled__2021-03-01T06:00:00+00:00 [running]> on host 3f188d455d5a
[2022-05-31 18:49:04,123] {warnings.py:110} WARNING - /home/***/.local/lib/python3.7/site-packages/***/utils/context.py:202: AirflowContextDeprecationWarning: Accessing 'execution_date' from the template is deprecated and will be removed in a future version. Please use 'data_interval_start' or 'logical_date' instead.
  warnings.warn(_create_deprecation_warning(key, self._deprecation_replacements[key]))

[2022-05-31 18:49:04,221] {taskinstance.py:1572} INFO - Exporting the following env vars:
AIRFLOW_CTX_DAG_OWNER=***
AIRFLOW_CTX_DAG_ID=yellow_taxi_ingestion_gcs_dag
AIRFLOW_CTX_TASK_ID=download_dataset_task
AIRFLOW_CTX_EXECUTION_DATE=2021-03-01T06:00:00+00:00
AIRFLOW_CTX_TRY_NUMBER=1
AIRFLOW_CTX_DAG_RUN_ID=scheduled__2021-03-01T06:00:00+00:00
[2022-05-31 18:49:04,230] {subprocess.py:62} INFO - Tmp dir root location: 
 /tmp
[2022-05-31 18:49:04,236] {subprocess.py:74} INFO - Running command: ['bash', '-c', 'curl -sSL https://s3.amazonaws.com/nyc-tlc/trip+data/yellow_tripdata_2021-03.parquet > /opt/***/output_yellow_taxi_2021-03.parquet']
[2022-05-31 18:49:04,267] {subprocess.py:85} INFO - Output:
[2022-05-31 18:49:08,923] {local_task_job.py:221} WARNING - State of this instance has been externally set to failed. Terminating instance.
[2022-05-31 18:49:08,950] {process_utils.py:129} INFO - Sending Signals.SIGTERM to group 1057. PIDs of all processes in the group: [1058, 1059, 1057]
[2022-05-31 18:49:08,959] {process_utils.py:80} INFO - Sending the signal Signals.SIGTERM to group 1057
[2022-05-31 18:49:08,975] {taskinstance.py:1542} ERROR - Received SIGTERM. Terminating subprocesses.
[2022-05-31 18:49:08,992] {subprocess.py:103} INFO - Sending SIGTERM signal to process group
[2022-05-31 18:49:09,111] {process_utils.py:75} INFO - Process psutil.Process(pid=1058, status='terminated', started='18:49:03') (1058) terminated with exit code None
[2022-05-31 18:49:09,115] {process_utils.py:75} INFO - Process psutil.Process(pid=1059, status='terminated', started='18:49:03') (1059) terminated with exit code None
[2022-05-31 18:49:09,116] {process_utils.py:75} INFO - Process psutil.Process(pid=1057, status='terminated', exitcode=0, started='18:49:03') (1057) terminated with exit code 0
