[2022-06-11 18:58:21,592] {taskinstance.py:1160} INFO - Dependencies all met for <TaskInstance: data_ingestion_gcs_dag.local_to_gcs_task scheduled__2022-06-10T00:00:00+00:00 [queued]>
[2022-06-11 18:58:21,602] {taskinstance.py:1160} INFO - Dependencies all met for <TaskInstance: data_ingestion_gcs_dag.local_to_gcs_task scheduled__2022-06-10T00:00:00+00:00 [queued]>
[2022-06-11 18:58:21,603] {taskinstance.py:1357} INFO - 
--------------------------------------------------------------------------------
[2022-06-11 18:58:21,605] {taskinstance.py:1358} INFO - Starting attempt 1 of 2
[2022-06-11 18:58:21,606] {taskinstance.py:1359} INFO - 
--------------------------------------------------------------------------------
[2022-06-11 18:58:21,620] {taskinstance.py:1378} INFO - Executing <Task(PythonOperator): local_to_gcs_task> on 2022-06-10 00:00:00+00:00
[2022-06-11 18:58:21,633] {standard_task_runner.py:52} INFO - Started process 73 to run task
[2022-06-11 18:58:21,638] {standard_task_runner.py:79} INFO - Running: ['***', 'tasks', 'run', 'data_ingestion_gcs_dag', 'local_to_gcs_task', 'scheduled__2022-06-10T00:00:00+00:00', '--job-id', '580', '--raw', '--subdir', 'DAGS_FOLDER/data_ingestion_gcs_dag.py', '--cfg-path', '/tmp/tmpitu5s69g', '--error-file', '/tmp/tmpw1g39nja']
[2022-06-11 18:58:21,640] {standard_task_runner.py:80} INFO - Job 580: Subtask local_to_gcs_task
[2022-06-11 18:58:21,703] {task_command.py:370} INFO - Running <TaskInstance: data_ingestion_gcs_dag.local_to_gcs_task scheduled__2022-06-10T00:00:00+00:00 [running]> on host 2a24a1e30a6b
[2022-06-11 18:58:21,798] {taskinstance.py:1572} INFO - Exporting the following env vars:
AIRFLOW_CTX_DAG_OWNER=***
AIRFLOW_CTX_DAG_ID=data_ingestion_gcs_dag
AIRFLOW_CTX_TASK_ID=local_to_gcs_task
AIRFLOW_CTX_EXECUTION_DATE=2022-06-10T00:00:00+00:00
AIRFLOW_CTX_TRY_NUMBER=1
AIRFLOW_CTX_DAG_RUN_ID=scheduled__2022-06-10T00:00:00+00:00
[2022-06-11 18:58:23,943] {python.py:173} INFO - Done. Returned value was: None
[2022-06-11 18:58:23,989] {taskinstance.py:1401} INFO - Marking task as SUCCESS. dag_id=data_ingestion_gcs_dag, task_id=local_to_gcs_task, execution_date=20220610T000000, start_date=20220611T185821, end_date=20220611T185823
[2022-06-11 18:58:24,048] {local_task_job.py:156} INFO - Task exited with return code 0
[2022-06-11 18:58:24,150] {local_task_job.py:273} INFO - 0 downstream tasks scheduled from follow-on schedule check
