[2022-05-31 19:04:52,921] {taskinstance.py:1160} INFO - Dependencies all met for <TaskInstance: fhvhv_ingestion_gcs_dag.local_to_gcs_task scheduled__2019-01-01T06:00:00+00:00 [queued]>
[2022-05-31 19:04:52,955] {taskinstance.py:1160} INFO - Dependencies all met for <TaskInstance: fhvhv_ingestion_gcs_dag.local_to_gcs_task scheduled__2019-01-01T06:00:00+00:00 [queued]>
[2022-05-31 19:04:52,963] {taskinstance.py:1357} INFO - 
--------------------------------------------------------------------------------
[2022-05-31 19:04:52,973] {taskinstance.py:1358} INFO - Starting attempt 1 of 1
[2022-05-31 19:04:52,979] {taskinstance.py:1359} INFO - 
--------------------------------------------------------------------------------
[2022-05-31 19:04:53,021] {taskinstance.py:1378} INFO - Executing <Task(PythonOperator): local_to_gcs_task> on 2019-01-01 06:00:00+00:00
[2022-05-31 19:04:53,048] {standard_task_runner.py:52} INFO - Started process 97 to run task
[2022-05-31 19:04:53,058] {standard_task_runner.py:79} INFO - Running: ['***', 'tasks', 'run', 'fhvhv_ingestion_gcs_dag', 'local_to_gcs_task', 'scheduled__2019-01-01T06:00:00+00:00', '--job-id', '442', '--raw', '--subdir', 'DAGS_FOLDER/fhv_ingestion.py', '--cfg-path', '/tmp/tmp48wjy51r', '--error-file', '/tmp/tmpjsbdoqup']
[2022-05-31 19:04:53,063] {standard_task_runner.py:80} INFO - Job 442: Subtask local_to_gcs_task
[2022-05-31 19:04:53,197] {task_command.py:370} INFO - Running <TaskInstance: fhvhv_ingestion_gcs_dag.local_to_gcs_task scheduled__2019-01-01T06:00:00+00:00 [running]> on host 3f188d455d5a
[2022-05-31 19:04:53,343] {warnings.py:110} WARNING - /home/***/.local/lib/python3.7/site-packages/***/utils/context.py:202: AirflowContextDeprecationWarning: Accessing 'execution_date' from the template is deprecated and will be removed in a future version. Please use 'data_interval_start' or 'logical_date' instead.
  warnings.warn(_create_deprecation_warning(key, self._deprecation_replacements[key]))

[2022-05-31 19:04:53,701] {taskinstance.py:1572} INFO - Exporting the following env vars:
AIRFLOW_CTX_DAG_OWNER=***
AIRFLOW_CTX_DAG_ID=fhvhv_ingestion_gcs_dag
AIRFLOW_CTX_TASK_ID=local_to_gcs_task
AIRFLOW_CTX_EXECUTION_DATE=2019-01-01T06:00:00+00:00
AIRFLOW_CTX_TRY_NUMBER=1
AIRFLOW_CTX_DAG_RUN_ID=scheduled__2019-01-01T06:00:00+00:00
[2022-05-31 19:04:54,191] {python.py:173} INFO - Done. Returned value was: None
[2022-05-31 19:04:54,213] {taskinstance.py:1401} INFO - Marking task as SUCCESS. dag_id=fhvhv_ingestion_gcs_dag, task_id=local_to_gcs_task, execution_date=20190101T060000, start_date=20220531T190452, end_date=20220531T190454
[2022-05-31 19:04:54,283] {local_task_job.py:156} INFO - Task exited with return code 0
[2022-05-31 19:04:54,351] {local_task_job.py:273} INFO - 0 downstream tasks scheduled from follow-on schedule check
