[2022-05-30 20:21:35,475] {taskinstance.py:1160} INFO - Dependencies all met for <TaskInstance: LocalIngestionDag.ingest scheduled__2022-01-02T06:00:00+00:00 [queued]>
[2022-05-30 20:21:36,640] {taskinstance.py:1160} INFO - Dependencies all met for <TaskInstance: LocalIngestionDag.ingest scheduled__2022-01-02T06:00:00+00:00 [queued]>
[2022-05-30 20:21:36,647] {taskinstance.py:1357} INFO - 
--------------------------------------------------------------------------------
[2022-05-30 20:21:36,651] {taskinstance.py:1358} INFO - Starting attempt 1 of 1
[2022-05-30 20:21:36,653] {taskinstance.py:1359} INFO - 
--------------------------------------------------------------------------------
[2022-05-30 20:21:37,322] {taskinstance.py:1378} INFO - Executing <Task(PythonOperator): ingest> on 2022-01-02 06:00:00+00:00
[2022-05-30 20:21:37,394] {standard_task_runner.py:52} INFO - Started process 1305 to run task
[2022-05-30 20:21:37,519] {standard_task_runner.py:79} INFO - Running: ['***', 'tasks', 'run', 'LocalIngestionDag', 'ingest', 'scheduled__2022-01-02T06:00:00+00:00', '--job-id', '143', '--raw', '--subdir', 'DAGS_FOLDER/data_ingestion_local.py', '--cfg-path', '/tmp/tmp7ss6px13', '--error-file', '/tmp/tmp3ez5v3wb']
[2022-05-30 20:21:37,556] {standard_task_runner.py:80} INFO - Job 143: Subtask ingest
[2022-05-30 20:21:38,457] {task_command.py:370} INFO - Running <TaskInstance: LocalIngestionDag.ingest scheduled__2022-01-02T06:00:00+00:00 [running]> on host e083cbf9476b
[2022-05-30 20:21:40,329] {warnings.py:110} WARNING - /home/***/.local/lib/python3.7/site-packages/***/utils/context.py:202: AirflowContextDeprecationWarning: Accessing 'execution_date' from the template is deprecated and will be removed in a future version. Please use 'data_interval_start' or 'logical_date' instead.
  warnings.warn(_create_deprecation_warning(key, self._deprecation_replacements[key]))

[2022-05-30 20:21:41,706] {taskinstance.py:1572} INFO - Exporting the following env vars:
AIRFLOW_CTX_DAG_OWNER=***
AIRFLOW_CTX_DAG_ID=LocalIngestionDag
AIRFLOW_CTX_TASK_ID=ingest
AIRFLOW_CTX_EXECUTION_DATE=2022-01-02T06:00:00+00:00
AIRFLOW_CTX_TRY_NUMBER=1
AIRFLOW_CTX_DAG_RUN_ID=scheduled__2022-01-02T06:00:00+00:00
[2022-05-30 20:21:41,742] {logging_mixin.py:115} INFO - yellow_taxi_2022_01 /opt/***/output_2022-01.parquet 2022-01-02T06:00:00+00:00
[2022-05-30 20:21:41,760] {taskinstance.py:1890} ERROR - Task failed with exception
Traceback (most recent call last):
  File "/home/airflow/.local/lib/python3.7/site-packages/airflow/operators/python.py", line 171, in execute
    return_value = self.execute_callable()
  File "/home/airflow/.local/lib/python3.7/site-packages/airflow/operators/python.py", line 189, in execute_callable
    return self.python_callable(*self.op_args, **self.op_kwargs)
  File "/opt/airflow/dags/ingest_script.py", line 12, in ingest_callable
    engine = create_engine(f'postgresql://{user}:{password}@{host}:{port}/{db}')
  File "<string>", line 2, in create_engine
  File "/home/airflow/.local/lib/python3.7/site-packages/sqlalchemy/util/deprecations.py", line 298, in warned
    return fn(*args, **kwargs)
  File "/home/airflow/.local/lib/python3.7/site-packages/sqlalchemy/engine/create.py", line 518, in create_engine
    u = _url.make_url(url)
  File "/home/airflow/.local/lib/python3.7/site-packages/sqlalchemy/engine/url.py", line 711, in make_url
    return _parse_rfc1738_args(name_or_url)
  File "/home/airflow/.local/lib/python3.7/site-packages/sqlalchemy/engine/url.py", line 772, in _parse_rfc1738_args
    components["port"] = int(components["port"])
ValueError: invalid literal for int() with base 10: 'None'
[2022-05-30 20:21:41,827] {taskinstance.py:1401} INFO - Marking task as FAILED. dag_id=LocalIngestionDag, task_id=ingest, execution_date=20220102T060000, start_date=20220530T202135, end_date=20220530T202141
[2022-05-30 20:21:42,155] {standard_task_runner.py:97} ERROR - Failed to execute job 143 for task ingest (invalid literal for int() with base 10: 'None'; 1305)
[2022-05-30 20:21:42,448] {local_task_job.py:156} INFO - Task exited with return code 1
[2022-05-30 20:21:42,768] {local_task_job.py:273} INFO - 0 downstream tasks scheduled from follow-on schedule check
[2022-05-30 20:26:38,351] {taskinstance.py:1160} INFO - Dependencies all met for <TaskInstance: LocalIngestionDag.ingest scheduled__2022-01-02T06:00:00+00:00 [queued]>
[2022-05-30 20:26:38,368] {taskinstance.py:1160} INFO - Dependencies all met for <TaskInstance: LocalIngestionDag.ingest scheduled__2022-01-02T06:00:00+00:00 [queued]>
[2022-05-30 20:26:38,369] {taskinstance.py:1357} INFO - 
--------------------------------------------------------------------------------
[2022-05-30 20:26:38,370] {taskinstance.py:1358} INFO - Starting attempt 1 of 1
[2022-05-30 20:26:38,371] {taskinstance.py:1359} INFO - 
--------------------------------------------------------------------------------
[2022-05-30 20:26:38,413] {taskinstance.py:1378} INFO - Executing <Task(PythonOperator): ingest> on 2022-01-02 06:00:00+00:00
[2022-05-30 20:26:38,426] {standard_task_runner.py:52} INFO - Started process 1584 to run task
[2022-05-30 20:26:38,430] {standard_task_runner.py:79} INFO - Running: ['***', 'tasks', 'run', 'LocalIngestionDag', 'ingest', 'scheduled__2022-01-02T06:00:00+00:00', '--job-id', '151', '--raw', '--subdir', 'DAGS_FOLDER/data_ingestion_local.py', '--cfg-path', '/tmp/tmpmcy13qv9', '--error-file', '/tmp/tmpeaipu97u']
[2022-05-30 20:26:38,432] {standard_task_runner.py:80} INFO - Job 151: Subtask ingest
[2022-05-30 20:26:38,491] {task_command.py:370} INFO - Running <TaskInstance: LocalIngestionDag.ingest scheduled__2022-01-02T06:00:00+00:00 [running]> on host e083cbf9476b
[2022-05-30 20:26:38,523] {warnings.py:110} WARNING - /home/***/.local/lib/python3.7/site-packages/***/utils/context.py:202: AirflowContextDeprecationWarning: Accessing 'execution_date' from the template is deprecated and will be removed in a future version. Please use 'data_interval_start' or 'logical_date' instead.
  warnings.warn(_create_deprecation_warning(key, self._deprecation_replacements[key]))

[2022-05-30 20:26:38,561] {taskinstance.py:1572} INFO - Exporting the following env vars:
AIRFLOW_CTX_DAG_OWNER=***
AIRFLOW_CTX_DAG_ID=LocalIngestionDag
AIRFLOW_CTX_TASK_ID=ingest
AIRFLOW_CTX_EXECUTION_DATE=2022-01-02T06:00:00+00:00
AIRFLOW_CTX_TRY_NUMBER=1
AIRFLOW_CTX_DAG_RUN_ID=scheduled__2022-01-02T06:00:00+00:00
[2022-05-30 20:26:38,564] {logging_mixin.py:115} INFO - yellow_taxi_2022_01 /opt/***/output_2022-01.parquet 2022-01-02T06:00:00+00:00
[2022-05-30 20:26:38,565] {taskinstance.py:1890} ERROR - Task failed with exception
Traceback (most recent call last):
  File "/home/airflow/.local/lib/python3.7/site-packages/airflow/operators/python.py", line 171, in execute
    return_value = self.execute_callable()
  File "/home/airflow/.local/lib/python3.7/site-packages/airflow/operators/python.py", line 189, in execute_callable
    return self.python_callable(*self.op_args, **self.op_kwargs)
  File "/opt/airflow/dags/ingest_script.py", line 12, in ingest_callable
    engine = create_engine(f'postgresql://{user}:{password}@{host}:{port}/{db}')
  File "<string>", line 2, in create_engine
  File "/home/airflow/.local/lib/python3.7/site-packages/sqlalchemy/util/deprecations.py", line 298, in warned
    return fn(*args, **kwargs)
  File "/home/airflow/.local/lib/python3.7/site-packages/sqlalchemy/engine/create.py", line 518, in create_engine
    u = _url.make_url(url)
  File "/home/airflow/.local/lib/python3.7/site-packages/sqlalchemy/engine/url.py", line 711, in make_url
    return _parse_rfc1738_args(name_or_url)
  File "/home/airflow/.local/lib/python3.7/site-packages/sqlalchemy/engine/url.py", line 772, in _parse_rfc1738_args
    components["port"] = int(components["port"])
ValueError: invalid literal for int() with base 10: 'None'
[2022-05-30 20:26:38,580] {taskinstance.py:1401} INFO - Marking task as FAILED. dag_id=LocalIngestionDag, task_id=ingest, execution_date=20220102T060000, start_date=20220530T202638, end_date=20220530T202638
[2022-05-30 20:26:38,591] {standard_task_runner.py:97} ERROR - Failed to execute job 151 for task ingest (invalid literal for int() with base 10: 'None'; 1584)
[2022-05-30 20:26:38,605] {local_task_job.py:156} INFO - Task exited with return code 1
[2022-05-30 20:26:38,634] {local_task_job.py:273} INFO - 0 downstream tasks scheduled from follow-on schedule check
[2022-05-30 22:11:57,664] {taskinstance.py:1160} INFO - Dependencies all met for <TaskInstance: LocalIngestionDag.ingest scheduled__2022-01-02T06:00:00+00:00 [queued]>
[2022-05-30 22:11:57,671] {taskinstance.py:1160} INFO - Dependencies all met for <TaskInstance: LocalIngestionDag.ingest scheduled__2022-01-02T06:00:00+00:00 [queued]>
[2022-05-30 22:11:57,671] {taskinstance.py:1357} INFO - 
--------------------------------------------------------------------------------
[2022-05-30 22:11:57,672] {taskinstance.py:1358} INFO - Starting attempt 1 of 1
[2022-05-30 22:11:57,673] {taskinstance.py:1359} INFO - 
--------------------------------------------------------------------------------
[2022-05-30 22:11:57,680] {taskinstance.py:1378} INFO - Executing <Task(PythonOperator): ingest> on 2022-01-02 06:00:00+00:00
[2022-05-30 22:11:57,685] {standard_task_runner.py:52} INFO - Started process 944 to run task
[2022-05-30 22:11:57,688] {standard_task_runner.py:79} INFO - Running: ['***', 'tasks', 'run', 'LocalIngestionDag', 'ingest', 'scheduled__2022-01-02T06:00:00+00:00', '--job-id', '190', '--raw', '--subdir', 'DAGS_FOLDER/data_ingestion_local.py', '--cfg-path', '/tmp/tmpplb_i7ls', '--error-file', '/tmp/tmpanm6sxk4']
[2022-05-30 22:11:57,689] {standard_task_runner.py:80} INFO - Job 190: Subtask ingest
[2022-05-30 22:11:57,725] {task_command.py:370} INFO - Running <TaskInstance: LocalIngestionDag.ingest scheduled__2022-01-02T06:00:00+00:00 [running]> on host 8ac972de2f4f
[2022-05-30 22:11:57,745] {warnings.py:110} WARNING - /home/***/.local/lib/python3.7/site-packages/***/utils/context.py:202: AirflowContextDeprecationWarning: Accessing 'execution_date' from the template is deprecated and will be removed in a future version. Please use 'data_interval_start' or 'logical_date' instead.
  warnings.warn(_create_deprecation_warning(key, self._deprecation_replacements[key]))

[2022-05-30 22:11:57,771] {taskinstance.py:1572} INFO - Exporting the following env vars:
AIRFLOW_CTX_DAG_OWNER=***
AIRFLOW_CTX_DAG_ID=LocalIngestionDag
AIRFLOW_CTX_TASK_ID=ingest
AIRFLOW_CTX_EXECUTION_DATE=2022-01-02T06:00:00+00:00
AIRFLOW_CTX_TRY_NUMBER=1
AIRFLOW_CTX_DAG_RUN_ID=scheduled__2022-01-02T06:00:00+00:00
[2022-05-30 22:11:57,772] {logging_mixin.py:115} INFO - yellow_taxi_2022_01 /opt/***/output_2022-01.parquet 2022-01-02T06:00:00+00:00
[2022-05-30 22:11:57,794] {logging_mixin.py:115} INFO - connection established successfully, inserting data...
[2022-05-30 22:12:48,917] {local_task_job.py:156} INFO - Task exited with return code Negsignal.SIGKILL
[2022-05-30 22:12:48,999] {taskinstance.py:1401} INFO - Marking task as FAILED. dag_id=LocalIngestionDag, task_id=ingest, execution_date=20220102T060000, start_date=20220530T221157, end_date=20220530T221248
[2022-05-30 22:12:49,069] {local_task_job.py:273} INFO - 0 downstream tasks scheduled from follow-on schedule check
[2022-05-30 22:18:47,247] {taskinstance.py:1160} INFO - Dependencies all met for <TaskInstance: LocalIngestionDag.ingest scheduled__2022-01-02T06:00:00+00:00 [queued]>
[2022-05-30 22:18:47,263] {taskinstance.py:1160} INFO - Dependencies all met for <TaskInstance: LocalIngestionDag.ingest scheduled__2022-01-02T06:00:00+00:00 [queued]>
[2022-05-30 22:18:47,264] {taskinstance.py:1357} INFO - 
--------------------------------------------------------------------------------
[2022-05-30 22:18:47,265] {taskinstance.py:1358} INFO - Starting attempt 1 of 1
[2022-05-30 22:18:47,266] {taskinstance.py:1359} INFO - 
--------------------------------------------------------------------------------
[2022-05-30 22:18:47,338] {taskinstance.py:1378} INFO - Executing <Task(PythonOperator): ingest> on 2022-01-02 06:00:00+00:00
[2022-05-30 22:18:47,373] {standard_task_runner.py:52} INFO - Started process 1504 to run task
[2022-05-30 22:18:47,398] {standard_task_runner.py:79} INFO - Running: ['***', 'tasks', 'run', 'LocalIngestionDag', 'ingest', 'scheduled__2022-01-02T06:00:00+00:00', '--job-id', '228', '--raw', '--subdir', 'DAGS_FOLDER/data_ingestion_local.py', '--cfg-path', '/tmp/tmpzzc04124', '--error-file', '/tmp/tmp4r36eu4e']
[2022-05-30 22:18:47,406] {standard_task_runner.py:80} INFO - Job 228: Subtask ingest
[2022-05-30 22:18:47,534] {task_command.py:370} INFO - Running <TaskInstance: LocalIngestionDag.ingest scheduled__2022-01-02T06:00:00+00:00 [running]> on host 8ac972de2f4f
[2022-05-30 22:18:47,600] {warnings.py:110} WARNING - /home/***/.local/lib/python3.7/site-packages/***/utils/context.py:202: AirflowContextDeprecationWarning: Accessing 'execution_date' from the template is deprecated and will be removed in a future version. Please use 'data_interval_start' or 'logical_date' instead.
  warnings.warn(_create_deprecation_warning(key, self._deprecation_replacements[key]))

[2022-05-30 22:18:47,648] {taskinstance.py:1572} INFO - Exporting the following env vars:
AIRFLOW_CTX_DAG_OWNER=***
AIRFLOW_CTX_DAG_ID=LocalIngestionDag
AIRFLOW_CTX_TASK_ID=ingest
AIRFLOW_CTX_EXECUTION_DATE=2022-01-02T06:00:00+00:00
AIRFLOW_CTX_TRY_NUMBER=1
AIRFLOW_CTX_DAG_RUN_ID=scheduled__2022-01-02T06:00:00+00:00
[2022-05-30 22:18:47,651] {logging_mixin.py:115} INFO - yellow_taxi_2022_01 /opt/***/output_2022-01.parquet 2022-01-02T06:00:00+00:00
[2022-05-30 22:18:47,762] {logging_mixin.py:115} INFO - connection established successfully, inserting data...
[2022-05-30 22:20:00,474] {local_task_job.py:221} WARNING - State of this instance has been externally set to failed. Terminating instance.
[2022-05-30 22:20:00,526] {process_utils.py:129} INFO - Sending Signals.SIGTERM to group 1504. PIDs of all processes in the group: [1504]
[2022-05-30 22:20:00,540] {process_utils.py:80} INFO - Sending the signal Signals.SIGTERM to group 1504
[2022-05-30 22:20:02,540] {process_utils.py:75} INFO - Process psutil.Process(pid=1504, status='terminated', exitcode=<Negsignal.SIGKILL: -9>, started='22:18:46') (1504) terminated with exit code Negsignal.SIGKILL
[2022-05-30 22:20:02,548] {standard_task_runner.py:162} ERROR - Job 228 was killed before it finished (likely due to running out of memory)
[2022-05-30 22:21:47,587] {taskinstance.py:1160} INFO - Dependencies all met for <TaskInstance: LocalIngestionDag.ingest scheduled__2022-01-02T06:00:00+00:00 [queued]>
[2022-05-30 22:21:48,159] {taskinstance.py:1160} INFO - Dependencies all met for <TaskInstance: LocalIngestionDag.ingest scheduled__2022-01-02T06:00:00+00:00 [queued]>
[2022-05-30 22:21:48,216] {taskinstance.py:1357} INFO - 
--------------------------------------------------------------------------------
[2022-05-30 22:21:48,221] {taskinstance.py:1358} INFO - Starting attempt 1 of 1
[2022-05-30 22:21:48,224] {taskinstance.py:1359} INFO - 
--------------------------------------------------------------------------------
[2022-05-30 22:21:49,121] {taskinstance.py:1378} INFO - Executing <Task(PythonOperator): ingest> on 2022-01-02 06:00:00+00:00
[2022-05-30 22:21:49,266] {standard_task_runner.py:52} INFO - Started process 1809 to run task
[2022-05-30 22:21:49,343] {standard_task_runner.py:79} INFO - Running: ['***', 'tasks', 'run', 'LocalIngestionDag', 'ingest', 'scheduled__2022-01-02T06:00:00+00:00', '--job-id', '253', '--raw', '--subdir', 'DAGS_FOLDER/data_ingestion_local.py', '--cfg-path', '/tmp/tmpiu2yfh4l', '--error-file', '/tmp/tmp2t15j80b']
[2022-05-30 22:21:49,360] {standard_task_runner.py:80} INFO - Job 253: Subtask ingest
[2022-05-30 22:21:50,314] {task_command.py:370} INFO - Running <TaskInstance: LocalIngestionDag.ingest scheduled__2022-01-02T06:00:00+00:00 [running]> on host 8ac972de2f4f
[2022-05-30 22:21:54,112] {warnings.py:110} WARNING - /home/***/.local/lib/python3.7/site-packages/***/utils/context.py:202: AirflowContextDeprecationWarning: Accessing 'execution_date' from the template is deprecated and will be removed in a future version. Please use 'data_interval_start' or 'logical_date' instead.
  warnings.warn(_create_deprecation_warning(key, self._deprecation_replacements[key]))

[2022-05-30 22:22:03,102] {taskinstance.py:1572} INFO - Exporting the following env vars:
AIRFLOW_CTX_DAG_OWNER=***
AIRFLOW_CTX_DAG_ID=LocalIngestionDag
AIRFLOW_CTX_TASK_ID=ingest
AIRFLOW_CTX_EXECUTION_DATE=2022-01-02T06:00:00+00:00
AIRFLOW_CTX_TRY_NUMBER=1
AIRFLOW_CTX_DAG_RUN_ID=scheduled__2022-01-02T06:00:00+00:00
[2022-05-30 22:22:03,455] {logging_mixin.py:115} INFO - yellow_taxi_2022_01 /opt/***/output_2022-01.parquet 2022-01-02T06:00:00+00:00
[2022-05-30 22:22:04,343] {logging_mixin.py:115} INFO - connection established successfully, inserting data...
[2022-05-30 22:23:16,304] {local_task_job.py:156} INFO - Task exited with return code Negsignal.SIGKILL
[2022-05-30 22:23:19,687] {taskinstance.py:1401} INFO - Marking task as FAILED. dag_id=LocalIngestionDag, task_id=ingest, execution_date=20220102T060000, start_date=20220530T222147, end_date=20220530T222318
[2022-05-30 22:23:30,012] {local_task_job.py:273} INFO - 0 downstream tasks scheduled from follow-on schedule check
