[2022-06-11 18:58:24,930] {taskinstance.py:1160} INFO - Dependencies all met for <TaskInstance: data_ingestion_gcs_dag.bigquery_external_table_task scheduled__2022-06-10T00:00:00+00:00 [queued]>
[2022-06-11 18:58:24,939] {taskinstance.py:1160} INFO - Dependencies all met for <TaskInstance: data_ingestion_gcs_dag.bigquery_external_table_task scheduled__2022-06-10T00:00:00+00:00 [queued]>
[2022-06-11 18:58:24,940] {taskinstance.py:1357} INFO - 
--------------------------------------------------------------------------------
[2022-06-11 18:58:24,941] {taskinstance.py:1358} INFO - Starting attempt 1 of 2
[2022-06-11 18:58:24,942] {taskinstance.py:1359} INFO - 
--------------------------------------------------------------------------------
[2022-06-11 18:58:24,953] {taskinstance.py:1378} INFO - Executing <Task(BigQueryCreateExternalTableOperator): bigquery_external_table_task> on 2022-06-10 00:00:00+00:00
[2022-06-11 18:58:24,960] {standard_task_runner.py:52} INFO - Started process 86 to run task
[2022-06-11 18:58:24,964] {standard_task_runner.py:79} INFO - Running: ['***', 'tasks', 'run', 'data_ingestion_gcs_dag', 'bigquery_external_table_task', 'scheduled__2022-06-10T00:00:00+00:00', '--job-id', '581', '--raw', '--subdir', 'DAGS_FOLDER/data_ingestion_gcs_dag.py', '--cfg-path', '/tmp/tmp7v2bljjp', '--error-file', '/tmp/tmpna50hf7e']
[2022-06-11 18:58:24,967] {standard_task_runner.py:80} INFO - Job 581: Subtask bigquery_external_table_task
[2022-06-11 18:58:25,029] {task_command.py:370} INFO - Running <TaskInstance: data_ingestion_gcs_dag.bigquery_external_table_task scheduled__2022-06-10T00:00:00+00:00 [running]> on host 2a24a1e30a6b
[2022-06-11 18:58:25,101] {taskinstance.py:1572} INFO - Exporting the following env vars:
AIRFLOW_CTX_DAG_OWNER=***
AIRFLOW_CTX_DAG_ID=data_ingestion_gcs_dag
AIRFLOW_CTX_TASK_ID=bigquery_external_table_task
AIRFLOW_CTX_EXECUTION_DATE=2022-06-10T00:00:00+00:00
AIRFLOW_CTX_TRY_NUMBER=1
AIRFLOW_CTX_DAG_RUN_ID=scheduled__2022-06-10T00:00:00+00:00
[2022-06-11 18:58:25,104] {crypto.py:82} WARNING - empty cryptography key - values will not be stored encrypted.
[2022-06-11 18:58:25,106] {base.py:68} INFO - Using connection ID 'google_cloud_default' for task execution.
[2022-06-11 18:58:26,046] {taskinstance.py:1401} INFO - Marking task as SUCCESS. dag_id=data_ingestion_gcs_dag, task_id=bigquery_external_table_task, execution_date=20220610T000000, start_date=20220611T185824, end_date=20220611T185826
[2022-06-11 18:58:26,092] {local_task_job.py:156} INFO - Task exited with return code 0
[2022-06-11 18:58:26,138] {local_task_job.py:273} INFO - 0 downstream tasks scheduled from follow-on schedule check
