[2022-05-31 18:48:58,213] {taskinstance.py:1160} INFO - Dependencies all met for <TaskInstance: yellow_taxi_ingestion_gcs_dag.local_to_gcs_task scheduled__2021-01-01T06:00:00+00:00 [queued]>
[2022-05-31 18:48:58,261] {taskinstance.py:1160} INFO - Dependencies all met for <TaskInstance: yellow_taxi_ingestion_gcs_dag.local_to_gcs_task scheduled__2021-01-01T06:00:00+00:00 [queued]>
[2022-05-31 18:48:58,269] {taskinstance.py:1357} INFO - 
--------------------------------------------------------------------------------
[2022-05-31 18:48:58,274] {taskinstance.py:1358} INFO - Starting attempt 1 of 1
[2022-05-31 18:48:58,276] {taskinstance.py:1359} INFO - 
--------------------------------------------------------------------------------
[2022-05-31 18:48:58,324] {taskinstance.py:1378} INFO - Executing <Task(PythonOperator): local_to_gcs_task> on 2021-01-01 06:00:00+00:00
[2022-05-31 18:48:58,346] {standard_task_runner.py:52} INFO - Started process 1045 to run task
[2022-05-31 18:48:58,362] {standard_task_runner.py:79} INFO - Running: ['***', 'tasks', 'run', 'yellow_taxi_ingestion_gcs_dag', 'local_to_gcs_task', 'scheduled__2021-01-01T06:00:00+00:00', '--job-id', '394', '--raw', '--subdir', 'DAGS_FOLDER/yellow_taxi_ingestion.py', '--cfg-path', '/tmp/tmp2x2b9dea', '--error-file', '/tmp/tmpy19dvjd9']
[2022-05-31 18:48:58,369] {standard_task_runner.py:80} INFO - Job 394: Subtask local_to_gcs_task
[2022-05-31 18:48:58,528] {task_command.py:370} INFO - Running <TaskInstance: yellow_taxi_ingestion_gcs_dag.local_to_gcs_task scheduled__2021-01-01T06:00:00+00:00 [running]> on host 3f188d455d5a
[2022-05-31 18:48:58,661] {warnings.py:110} WARNING - /home/***/.local/lib/python3.7/site-packages/***/utils/context.py:202: AirflowContextDeprecationWarning: Accessing 'execution_date' from the template is deprecated and will be removed in a future version. Please use 'data_interval_start' or 'logical_date' instead.
  warnings.warn(_create_deprecation_warning(key, self._deprecation_replacements[key]))

[2022-05-31 18:48:58,784] {taskinstance.py:1572} INFO - Exporting the following env vars:
AIRFLOW_CTX_DAG_OWNER=***
AIRFLOW_CTX_DAG_ID=yellow_taxi_ingestion_gcs_dag
AIRFLOW_CTX_TASK_ID=local_to_gcs_task
AIRFLOW_CTX_EXECUTION_DATE=2021-01-01T06:00:00+00:00
AIRFLOW_CTX_TRY_NUMBER=2
AIRFLOW_CTX_DAG_RUN_ID=scheduled__2021-01-01T06:00:00+00:00
[2022-05-31 18:49:00,678] {python.py:173} INFO - Done. Returned value was: None
[2022-05-31 18:49:00,702] {taskinstance.py:1401} INFO - Marking task as SUCCESS. dag_id=yellow_taxi_ingestion_gcs_dag, task_id=local_to_gcs_task, execution_date=20210101T060000, start_date=20220531T184858, end_date=20220531T184900
[2022-05-31 18:49:00,741] {local_task_job.py:156} INFO - Task exited with return code 0
[2022-05-31 18:49:00,799] {local_task_job.py:273} INFO - 0 downstream tasks scheduled from follow-on schedule check
