[2022-05-30 19:24:23,307] {taskinstance.py:1160} INFO - Dependencies all met for <TaskInstance: LocalIngestionDag.wget scheduled__2021-03-02T06:00:00+00:00 [queued]>
[2022-05-30 19:24:23,476] {taskinstance.py:1160} INFO - Dependencies all met for <TaskInstance: LocalIngestionDag.wget scheduled__2021-03-02T06:00:00+00:00 [queued]>
[2022-05-30 19:24:23,483] {taskinstance.py:1357} INFO - 
--------------------------------------------------------------------------------
[2022-05-30 19:24:23,489] {taskinstance.py:1358} INFO - Starting attempt 1 of 1
[2022-05-30 19:24:23,507] {taskinstance.py:1359} INFO - 
--------------------------------------------------------------------------------
[2022-05-30 19:24:23,626] {taskinstance.py:1378} INFO - Executing <Task(BashOperator): wget> on 2021-03-02 06:00:00+00:00
[2022-05-30 19:24:23,659] {standard_task_runner.py:52} INFO - Started process 1956 to run task
[2022-05-30 19:24:23,708] {standard_task_runner.py:79} INFO - Running: ['***', 'tasks', 'run', 'LocalIngestionDag', 'wget', 'scheduled__2021-03-02T06:00:00+00:00', '--job-id', '36', '--raw', '--subdir', 'DAGS_FOLDER/data_ingestion_local.py', '--cfg-path', '/tmp/tmphaa0aant', '--error-file', '/tmp/tmpjcc6g4hl']
[2022-05-30 19:24:23,711] {standard_task_runner.py:80} INFO - Job 36: Subtask wget
[2022-05-30 19:24:24,995] {task_command.py:370} INFO - Running <TaskInstance: LocalIngestionDag.wget scheduled__2021-03-02T06:00:00+00:00 [running]> on host e083cbf9476b
[2022-05-30 19:24:26,427] {warnings.py:110} WARNING - /home/***/.local/lib/python3.7/site-packages/***/utils/context.py:202: AirflowContextDeprecationWarning: Accessing 'execution_date' from the template is deprecated and will be removed in a future version. Please use 'data_interval_start' or 'logical_date' instead.
  warnings.warn(_create_deprecation_warning(key, self._deprecation_replacements[key]))

[2022-05-30 19:24:27,526] {taskinstance.py:1572} INFO - Exporting the following env vars:
AIRFLOW_CTX_DAG_OWNER=***
AIRFLOW_CTX_DAG_ID=LocalIngestionDag
AIRFLOW_CTX_TASK_ID=wget
AIRFLOW_CTX_EXECUTION_DATE=2021-03-02T06:00:00+00:00
AIRFLOW_CTX_TRY_NUMBER=1
AIRFLOW_CTX_DAG_RUN_ID=scheduled__2021-03-02T06:00:00+00:00
[2022-05-30 19:24:27,553] {subprocess.py:62} INFO - Tmp dir root location: 
 /tmp
[2022-05-30 19:24:27,629] {subprocess.py:74} INFO - Running command: ['bash', '-c', 'curl -sSL https://s3.amazonaws.com/nyc-tlc/trip+data//yellow_tripdata_2021-03.parquet > /opt/***/output_2021-03.parquet']
[2022-05-30 19:24:28,194] {subprocess.py:85} INFO - Output:
[2022-05-30 19:24:29,130] {subprocess.py:96} INFO - Command exited with return code 0
[2022-05-30 19:24:30,053] {taskinstance.py:1401} INFO - Marking task as SUCCESS. dag_id=LocalIngestionDag, task_id=wget, execution_date=20210302T060000, start_date=20220530T192423, end_date=20220530T192430
[2022-05-30 19:24:30,567] {local_task_job.py:156} INFO - Task exited with return code 0
[2022-05-30 19:24:30,881] {local_task_job.py:273} INFO - 0 downstream tasks scheduled from follow-on schedule check
[2022-05-30 20:10:21,108] {taskinstance.py:1160} INFO - Dependencies all met for <TaskInstance: LocalIngestionDag.wget scheduled__2021-03-02T06:00:00+00:00 [queued]>
[2022-05-30 20:10:21,293] {taskinstance.py:1160} INFO - Dependencies all met for <TaskInstance: LocalIngestionDag.wget scheduled__2021-03-02T06:00:00+00:00 [queued]>
[2022-05-30 20:10:21,301] {taskinstance.py:1357} INFO - 
--------------------------------------------------------------------------------
[2022-05-30 20:10:21,306] {taskinstance.py:1358} INFO - Starting attempt 1 of 1
[2022-05-30 20:10:21,314] {taskinstance.py:1359} INFO - 
--------------------------------------------------------------------------------
[2022-05-30 20:10:21,534] {taskinstance.py:1378} INFO - Executing <Task(BashOperator): wget> on 2021-03-02 06:00:00+00:00
[2022-05-30 20:10:21,644] {standard_task_runner.py:52} INFO - Started process 377 to run task
[2022-05-30 20:10:21,700] {standard_task_runner.py:79} INFO - Running: ['***', 'tasks', 'run', 'LocalIngestionDag', 'wget', 'scheduled__2021-03-02T06:00:00+00:00', '--job-id', '69', '--raw', '--subdir', 'DAGS_FOLDER/data_ingestion_local.py', '--cfg-path', '/tmp/tmpt27r3ben', '--error-file', '/tmp/tmpo4dm9c1t']
[2022-05-30 20:10:21,727] {standard_task_runner.py:80} INFO - Job 69: Subtask wget
[2022-05-30 20:10:24,368] {task_command.py:370} INFO - Running <TaskInstance: LocalIngestionDag.wget scheduled__2021-03-02T06:00:00+00:00 [running]> on host e083cbf9476b
[2022-05-30 20:10:24,891] {warnings.py:110} WARNING - /home/***/.local/lib/python3.7/site-packages/***/utils/context.py:202: AirflowContextDeprecationWarning: Accessing 'execution_date' from the template is deprecated and will be removed in a future version. Please use 'data_interval_start' or 'logical_date' instead.
  warnings.warn(_create_deprecation_warning(key, self._deprecation_replacements[key]))

[2022-05-30 20:10:26,232] {taskinstance.py:1572} INFO - Exporting the following env vars:
AIRFLOW_CTX_DAG_OWNER=***
AIRFLOW_CTX_DAG_ID=LocalIngestionDag
AIRFLOW_CTX_TASK_ID=wget
AIRFLOW_CTX_EXECUTION_DATE=2021-03-02T06:00:00+00:00
AIRFLOW_CTX_TRY_NUMBER=1
AIRFLOW_CTX_DAG_RUN_ID=scheduled__2021-03-02T06:00:00+00:00
[2022-05-30 20:10:26,293] {subprocess.py:62} INFO - Tmp dir root location: 
 /tmp
[2022-05-30 20:10:26,377] {subprocess.py:74} INFO - Running command: ['bash', '-c', 'curl -sSL https://s3.amazonaws.com/nyc-tlc/trip+data/yellow_tripdata_2021-03.parquet > /opt/***/output_2021-03.parquet']
[2022-05-30 20:10:27,193] {subprocess.py:85} INFO - Output:
[2022-05-30 20:10:34,595] {subprocess.py:96} INFO - Command exited with return code 0
[2022-05-30 20:10:34,972] {taskinstance.py:1401} INFO - Marking task as SUCCESS. dag_id=LocalIngestionDag, task_id=wget, execution_date=20210302T060000, start_date=20220530T201021, end_date=20220530T201034
[2022-05-30 20:10:35,470] {local_task_job.py:156} INFO - Task exited with return code 0
[2022-05-30 20:10:36,535] {local_task_job.py:273} INFO - 0 downstream tasks scheduled from follow-on schedule check
[2022-05-30 20:13:15,316] {taskinstance.py:1160} INFO - Dependencies all met for <TaskInstance: LocalIngestionDag.wget scheduled__2021-03-02T06:00:00+00:00 [queued]>
[2022-05-30 20:13:15,393] {taskinstance.py:1160} INFO - Dependencies all met for <TaskInstance: LocalIngestionDag.wget scheduled__2021-03-02T06:00:00+00:00 [queued]>
[2022-05-30 20:13:15,394] {taskinstance.py:1357} INFO - 
--------------------------------------------------------------------------------
[2022-05-30 20:13:15,398] {taskinstance.py:1358} INFO - Starting attempt 1 of 1
[2022-05-30 20:13:15,399] {taskinstance.py:1359} INFO - 
--------------------------------------------------------------------------------
[2022-05-30 20:13:15,478] {taskinstance.py:1378} INFO - Executing <Task(BashOperator): wget> on 2021-03-02 06:00:00+00:00
[2022-05-30 20:13:15,519] {standard_task_runner.py:52} INFO - Started process 606 to run task
[2022-05-30 20:13:15,571] {standard_task_runner.py:79} INFO - Running: ['***', 'tasks', 'run', 'LocalIngestionDag', 'wget', 'scheduled__2021-03-02T06:00:00+00:00', '--job-id', '86', '--raw', '--subdir', 'DAGS_FOLDER/data_ingestion_local.py', '--cfg-path', '/tmp/tmp_8ea98kk', '--error-file', '/tmp/tmpfajums48']
[2022-05-30 20:13:15,582] {standard_task_runner.py:80} INFO - Job 86: Subtask wget
[2022-05-30 20:13:16,051] {task_command.py:370} INFO - Running <TaskInstance: LocalIngestionDag.wget scheduled__2021-03-02T06:00:00+00:00 [running]> on host e083cbf9476b
[2022-05-30 20:13:16,781] {warnings.py:110} WARNING - /home/***/.local/lib/python3.7/site-packages/***/utils/context.py:202: AirflowContextDeprecationWarning: Accessing 'execution_date' from the template is deprecated and will be removed in a future version. Please use 'data_interval_start' or 'logical_date' instead.
  warnings.warn(_create_deprecation_warning(key, self._deprecation_replacements[key]))

[2022-05-30 20:13:17,160] {taskinstance.py:1572} INFO - Exporting the following env vars:
AIRFLOW_CTX_DAG_OWNER=***
AIRFLOW_CTX_DAG_ID=LocalIngestionDag
AIRFLOW_CTX_TASK_ID=wget
AIRFLOW_CTX_EXECUTION_DATE=2021-03-02T06:00:00+00:00
AIRFLOW_CTX_TRY_NUMBER=1
AIRFLOW_CTX_DAG_RUN_ID=scheduled__2021-03-02T06:00:00+00:00
[2022-05-30 20:13:17,169] {subprocess.py:62} INFO - Tmp dir root location: 
 /tmp
[2022-05-30 20:13:17,172] {subprocess.py:74} INFO - Running command: ['bash', '-c', 'curl -sSL https://s3.amazonaws.com/nyc-tlc/trip+data/yellow_tripdata_2021-03.parquet > /opt/***/output_2021-03.parquet']
[2022-05-30 20:13:17,349] {subprocess.py:85} INFO - Output:
[2022-05-30 20:13:23,495] {subprocess.py:96} INFO - Command exited with return code 0
[2022-05-30 20:13:25,541] {taskinstance.py:1401} INFO - Marking task as SUCCESS. dag_id=LocalIngestionDag, task_id=wget, execution_date=20210302T060000, start_date=20220530T201315, end_date=20220530T201325
[2022-05-30 20:13:26,698] {local_task_job.py:156} INFO - Task exited with return code 0
[2022-05-30 20:13:26,940] {local_task_job.py:273} INFO - 0 downstream tasks scheduled from follow-on schedule check
[2022-05-30 20:17:29,995] {taskinstance.py:1160} INFO - Dependencies all met for <TaskInstance: LocalIngestionDag.wget scheduled__2021-03-02T06:00:00+00:00 [queued]>
[2022-05-30 20:17:30,220] {taskinstance.py:1160} INFO - Dependencies all met for <TaskInstance: LocalIngestionDag.wget scheduled__2021-03-02T06:00:00+00:00 [queued]>
[2022-05-30 20:17:30,226] {taskinstance.py:1357} INFO - 
--------------------------------------------------------------------------------
[2022-05-30 20:17:30,235] {taskinstance.py:1358} INFO - Starting attempt 1 of 1
[2022-05-30 20:17:30,244] {taskinstance.py:1359} INFO - 
--------------------------------------------------------------------------------
[2022-05-30 20:17:30,694] {taskinstance.py:1378} INFO - Executing <Task(BashOperator): wget> on 2021-03-02 06:00:00+00:00
[2022-05-30 20:17:30,863] {standard_task_runner.py:79} INFO - Running: ['***', 'tasks', 'run', 'LocalIngestionDag', 'wget', 'scheduled__2021-03-02T06:00:00+00:00', '--job-id', '102', '--raw', '--subdir', 'DAGS_FOLDER/data_ingestion_local.py', '--cfg-path', '/tmp/tmp_eb8wc0r', '--error-file', '/tmp/tmp2me90koi']
[2022-05-30 20:17:30,877] {standard_task_runner.py:80} INFO - Job 102: Subtask wget
[2022-05-30 20:17:30,841] {standard_task_runner.py:52} INFO - Started process 928 to run task
[2022-05-30 20:17:31,337] {task_command.py:370} INFO - Running <TaskInstance: LocalIngestionDag.wget scheduled__2021-03-02T06:00:00+00:00 [running]> on host e083cbf9476b
[2022-05-30 20:17:32,172] {warnings.py:110} WARNING - /home/***/.local/lib/python3.7/site-packages/***/utils/context.py:202: AirflowContextDeprecationWarning: Accessing 'execution_date' from the template is deprecated and will be removed in a future version. Please use 'data_interval_start' or 'logical_date' instead.
  warnings.warn(_create_deprecation_warning(key, self._deprecation_replacements[key]))

[2022-05-30 20:17:32,721] {taskinstance.py:1572} INFO - Exporting the following env vars:
AIRFLOW_CTX_DAG_OWNER=***
AIRFLOW_CTX_DAG_ID=LocalIngestionDag
AIRFLOW_CTX_TASK_ID=wget
AIRFLOW_CTX_EXECUTION_DATE=2021-03-02T06:00:00+00:00
AIRFLOW_CTX_TRY_NUMBER=1
AIRFLOW_CTX_DAG_RUN_ID=scheduled__2021-03-02T06:00:00+00:00
[2022-05-30 20:17:32,761] {subprocess.py:62} INFO - Tmp dir root location: 
 /tmp
[2022-05-30 20:17:32,772] {subprocess.py:74} INFO - Running command: ['bash', '-c', 'curl -sSL https://s3.amazonaws.com/nyc-tlc/trip+data/yellow_tripdata_2021-03.parquet > /opt/***/output_2021-03.parquet']
[2022-05-30 20:17:33,022] {subprocess.py:85} INFO - Output:
[2022-05-30 20:18:03,011] {subprocess.py:96} INFO - Command exited with return code 0
[2022-05-30 20:18:03,227] {taskinstance.py:1401} INFO - Marking task as SUCCESS. dag_id=LocalIngestionDag, task_id=wget, execution_date=20210302T060000, start_date=20220530T201730, end_date=20220530T201803
[2022-05-30 20:18:03,359] {local_task_job.py:156} INFO - Task exited with return code 0
[2022-05-30 20:18:03,488] {local_task_job.py:273} INFO - 0 downstream tasks scheduled from follow-on schedule check
[2022-05-30 20:20:32,424] {taskinstance.py:1160} INFO - Dependencies all met for <TaskInstance: LocalIngestionDag.wget scheduled__2021-03-02T06:00:00+00:00 [queued]>
[2022-05-30 20:20:32,622] {taskinstance.py:1160} INFO - Dependencies all met for <TaskInstance: LocalIngestionDag.wget scheduled__2021-03-02T06:00:00+00:00 [queued]>
[2022-05-30 20:20:32,625] {taskinstance.py:1357} INFO - 
--------------------------------------------------------------------------------
[2022-05-30 20:20:32,633] {taskinstance.py:1358} INFO - Starting attempt 1 of 1
[2022-05-30 20:20:32,636] {taskinstance.py:1359} INFO - 
--------------------------------------------------------------------------------
[2022-05-30 20:20:32,849] {taskinstance.py:1378} INFO - Executing <Task(BashOperator): wget> on 2021-03-02 06:00:00+00:00
[2022-05-30 20:20:33,008] {standard_task_runner.py:52} INFO - Started process 1169 to run task
[2022-05-30 20:20:33,060] {standard_task_runner.py:79} INFO - Running: ['***', 'tasks', 'run', 'LocalIngestionDag', 'wget', 'scheduled__2021-03-02T06:00:00+00:00', '--job-id', '119', '--raw', '--subdir', 'DAGS_FOLDER/data_ingestion_local.py', '--cfg-path', '/tmp/tmp8ogwbq3e', '--error-file', '/tmp/tmpulgequfa']
[2022-05-30 20:20:33,087] {standard_task_runner.py:80} INFO - Job 119: Subtask wget
[2022-05-30 20:20:33,761] {task_command.py:370} INFO - Running <TaskInstance: LocalIngestionDag.wget scheduled__2021-03-02T06:00:00+00:00 [running]> on host e083cbf9476b
[2022-05-30 20:20:34,073] {warnings.py:110} WARNING - /home/***/.local/lib/python3.7/site-packages/***/utils/context.py:202: AirflowContextDeprecationWarning: Accessing 'execution_date' from the template is deprecated and will be removed in a future version. Please use 'data_interval_start' or 'logical_date' instead.
  warnings.warn(_create_deprecation_warning(key, self._deprecation_replacements[key]))

[2022-05-30 20:20:34,508] {taskinstance.py:1572} INFO - Exporting the following env vars:
AIRFLOW_CTX_DAG_OWNER=***
AIRFLOW_CTX_DAG_ID=LocalIngestionDag
AIRFLOW_CTX_TASK_ID=wget
AIRFLOW_CTX_EXECUTION_DATE=2021-03-02T06:00:00+00:00
AIRFLOW_CTX_TRY_NUMBER=1
AIRFLOW_CTX_DAG_RUN_ID=scheduled__2021-03-02T06:00:00+00:00
[2022-05-30 20:20:34,566] {subprocess.py:62} INFO - Tmp dir root location: 
 /tmp
[2022-05-30 20:20:34,589] {subprocess.py:74} INFO - Running command: ['bash', '-c', 'curl -sSL https://s3.amazonaws.com/nyc-tlc/trip+data/yellow_tripdata_2021-03.parquet > /opt/***/output_2021-03.parquet']
[2022-05-30 20:20:35,016] {subprocess.py:85} INFO - Output:
[2022-05-30 20:21:12,337] {subprocess.py:96} INFO - Command exited with return code 0
[2022-05-30 20:21:14,407] {taskinstance.py:1401} INFO - Marking task as SUCCESS. dag_id=LocalIngestionDag, task_id=wget, execution_date=20210302T060000, start_date=20220530T202032, end_date=20220530T202114
[2022-05-30 20:21:16,368] {local_task_job.py:156} INFO - Task exited with return code 0
[2022-05-30 20:21:18,310] {local_task_job.py:273} INFO - 0 downstream tasks scheduled from follow-on schedule check
[2022-05-30 22:16:36,037] {taskinstance.py:1160} INFO - Dependencies all met for <TaskInstance: LocalIngestionDag.wget scheduled__2021-03-02T06:00:00+00:00 [queued]>
[2022-05-30 22:16:36,146] {taskinstance.py:1160} INFO - Dependencies all met for <TaskInstance: LocalIngestionDag.wget scheduled__2021-03-02T06:00:00+00:00 [queued]>
[2022-05-30 22:16:36,149] {taskinstance.py:1357} INFO - 
--------------------------------------------------------------------------------
[2022-05-30 22:16:36,151] {taskinstance.py:1358} INFO - Starting attempt 1 of 1
[2022-05-30 22:16:36,152] {taskinstance.py:1359} INFO - 
--------------------------------------------------------------------------------
[2022-05-30 22:16:36,324] {taskinstance.py:1378} INFO - Executing <Task(BashOperator): wget> on 2021-03-02 06:00:00+00:00
[2022-05-30 22:16:36,347] {standard_task_runner.py:52} INFO - Started process 1234 to run task
[2022-05-30 22:16:36,388] {standard_task_runner.py:79} INFO - Running: ['***', 'tasks', 'run', 'LocalIngestionDag', 'wget', 'scheduled__2021-03-02T06:00:00+00:00', '--job-id', '197', '--raw', '--subdir', 'DAGS_FOLDER/data_ingestion_local.py', '--cfg-path', '/tmp/tmp9t910c_l', '--error-file', '/tmp/tmpvdfwhhpz']
[2022-05-30 22:16:36,400] {standard_task_runner.py:80} INFO - Job 197: Subtask wget
[2022-05-30 22:16:37,536] {task_command.py:370} INFO - Running <TaskInstance: LocalIngestionDag.wget scheduled__2021-03-02T06:00:00+00:00 [running]> on host 8ac972de2f4f
[2022-05-30 22:16:38,445] {warnings.py:110} WARNING - /home/***/.local/lib/python3.7/site-packages/***/utils/context.py:202: AirflowContextDeprecationWarning: Accessing 'execution_date' from the template is deprecated and will be removed in a future version. Please use 'data_interval_start' or 'logical_date' instead.
  warnings.warn(_create_deprecation_warning(key, self._deprecation_replacements[key]))

[2022-05-30 22:16:38,621] {taskinstance.py:1572} INFO - Exporting the following env vars:
AIRFLOW_CTX_DAG_OWNER=***
AIRFLOW_CTX_DAG_ID=LocalIngestionDag
AIRFLOW_CTX_TASK_ID=wget
AIRFLOW_CTX_EXECUTION_DATE=2021-03-02T06:00:00+00:00
AIRFLOW_CTX_TRY_NUMBER=1
AIRFLOW_CTX_DAG_RUN_ID=scheduled__2021-03-02T06:00:00+00:00
[2022-05-30 22:16:38,631] {subprocess.py:62} INFO - Tmp dir root location: 
 /tmp
[2022-05-30 22:16:38,640] {subprocess.py:74} INFO - Running command: ['bash', '-c', 'curl -sSL https://s3.amazonaws.com/nyc-tlc/trip+data/yellow_tripdata_2021-03.parquet > /opt/***/output_2021-03.parquet']
[2022-05-30 22:16:38,756] {subprocess.py:85} INFO - Output:
[2022-05-30 22:16:44,755] {subprocess.py:96} INFO - Command exited with return code 0
[2022-05-30 22:16:45,214] {taskinstance.py:1401} INFO - Marking task as SUCCESS. dag_id=LocalIngestionDag, task_id=wget, execution_date=20210302T060000, start_date=20220530T221636, end_date=20220530T221645
[2022-05-30 22:16:45,674] {local_task_job.py:156} INFO - Task exited with return code 0
[2022-05-30 22:16:46,068] {local_task_job.py:273} INFO - 1 downstream tasks scheduled from follow-on schedule check
[2022-05-30 22:20:50,918] {taskinstance.py:1160} INFO - Dependencies all met for <TaskInstance: LocalIngestionDag.wget scheduled__2021-03-02T06:00:00+00:00 [queued]>
[2022-05-30 22:20:51,075] {taskinstance.py:1160} INFO - Dependencies all met for <TaskInstance: LocalIngestionDag.wget scheduled__2021-03-02T06:00:00+00:00 [queued]>
[2022-05-30 22:20:51,092] {taskinstance.py:1357} INFO - 
--------------------------------------------------------------------------------
[2022-05-30 22:20:51,146] {taskinstance.py:1358} INFO - Starting attempt 1 of 1
[2022-05-30 22:20:51,147] {taskinstance.py:1359} INFO - 
--------------------------------------------------------------------------------
[2022-05-30 22:20:51,437] {taskinstance.py:1378} INFO - Executing <Task(BashOperator): wget> on 2021-03-02 06:00:00+00:00
[2022-05-30 22:20:51,568] {standard_task_runner.py:52} INFO - Started process 1659 to run task
[2022-05-30 22:20:51,638] {standard_task_runner.py:79} INFO - Running: ['***', 'tasks', 'run', 'LocalIngestionDag', 'wget', 'scheduled__2021-03-02T06:00:00+00:00', '--job-id', '236', '--raw', '--subdir', 'DAGS_FOLDER/data_ingestion_local.py', '--cfg-path', '/tmp/tmpii9ncokp', '--error-file', '/tmp/tmpgvqkovrn']
[2022-05-30 22:20:51,657] {standard_task_runner.py:80} INFO - Job 236: Subtask wget
[2022-05-30 22:20:52,025] {task_command.py:370} INFO - Running <TaskInstance: LocalIngestionDag.wget scheduled__2021-03-02T06:00:00+00:00 [running]> on host 8ac972de2f4f
[2022-05-30 22:20:52,413] {warnings.py:110} WARNING - /home/***/.local/lib/python3.7/site-packages/***/utils/context.py:202: AirflowContextDeprecationWarning: Accessing 'execution_date' from the template is deprecated and will be removed in a future version. Please use 'data_interval_start' or 'logical_date' instead.
  warnings.warn(_create_deprecation_warning(key, self._deprecation_replacements[key]))

[2022-05-30 22:20:52,776] {taskinstance.py:1572} INFO - Exporting the following env vars:
AIRFLOW_CTX_DAG_OWNER=***
AIRFLOW_CTX_DAG_ID=LocalIngestionDag
AIRFLOW_CTX_TASK_ID=wget
AIRFLOW_CTX_EXECUTION_DATE=2021-03-02T06:00:00+00:00
AIRFLOW_CTX_TRY_NUMBER=1
AIRFLOW_CTX_DAG_RUN_ID=scheduled__2021-03-02T06:00:00+00:00
[2022-05-30 22:20:52,787] {subprocess.py:62} INFO - Tmp dir root location: 
 /tmp
[2022-05-30 22:20:52,822] {subprocess.py:74} INFO - Running command: ['bash', '-c', 'curl -sSL https://s3.amazonaws.com/nyc-tlc/trip+data/yellow_tripdata_2021-03.parquet > /opt/***/output_2021-03.parquet']
[2022-05-30 22:20:52,981] {subprocess.py:85} INFO - Output:
[2022-05-30 22:20:59,862] {subprocess.py:96} INFO - Command exited with return code 0
[2022-05-30 22:20:59,980] {taskinstance.py:1401} INFO - Marking task as SUCCESS. dag_id=LocalIngestionDag, task_id=wget, execution_date=20210302T060000, start_date=20220530T222050, end_date=20220530T222059
[2022-05-30 22:21:00,108] {local_task_job.py:156} INFO - Task exited with return code 0
[2022-05-30 22:21:00,284] {local_task_job.py:273} INFO - 0 downstream tasks scheduled from follow-on schedule check
