[2022-05-30 22:44:28,124] {taskinstance.py:1160} INFO - Dependencies all met for <TaskInstance: LocalIngestionDag.wget manual__2022-05-30T22:44:27.091503+00:00 [queued]>
[2022-05-30 22:44:28,143] {taskinstance.py:1160} INFO - Dependencies all met for <TaskInstance: LocalIngestionDag.wget manual__2022-05-30T22:44:27.091503+00:00 [queued]>
[2022-05-30 22:44:28,144] {taskinstance.py:1357} INFO - 
--------------------------------------------------------------------------------
[2022-05-30 22:44:28,146] {taskinstance.py:1358} INFO - Starting attempt 1 of 1
[2022-05-30 22:44:28,146] {taskinstance.py:1359} INFO - 
--------------------------------------------------------------------------------
[2022-05-30 22:44:28,158] {taskinstance.py:1378} INFO - Executing <Task(BashOperator): wget> on 2022-05-30 22:44:27.091503+00:00
[2022-05-30 22:44:28,176] {standard_task_runner.py:52} INFO - Started process 3041 to run task
[2022-05-30 22:44:28,181] {standard_task_runner.py:79} INFO - Running: ['***', 'tasks', 'run', 'LocalIngestionDag', 'wget', 'manual__2022-05-30T22:44:27.091503+00:00', '--job-id', '268', '--raw', '--subdir', 'DAGS_FOLDER/data_ingestion_local.py', '--cfg-path', '/tmp/tmpjrsed_z_', '--error-file', '/tmp/tmpin63ozn1']
[2022-05-30 22:44:28,183] {standard_task_runner.py:80} INFO - Job 268: Subtask wget
[2022-05-30 22:44:28,241] {task_command.py:370} INFO - Running <TaskInstance: LocalIngestionDag.wget manual__2022-05-30T22:44:27.091503+00:00 [running]> on host 8ac972de2f4f
[2022-05-30 22:44:28,275] {warnings.py:110} WARNING - /home/***/.local/lib/python3.7/site-packages/***/utils/context.py:202: AirflowContextDeprecationWarning: Accessing 'execution_date' from the template is deprecated and will be removed in a future version. Please use 'data_interval_start' or 'logical_date' instead.
  warnings.warn(_create_deprecation_warning(key, self._deprecation_replacements[key]))

[2022-05-30 22:44:28,305] {taskinstance.py:1572} INFO - Exporting the following env vars:
AIRFLOW_CTX_DAG_OWNER=***
AIRFLOW_CTX_DAG_ID=LocalIngestionDag
AIRFLOW_CTX_TASK_ID=wget
AIRFLOW_CTX_EXECUTION_DATE=2022-05-30T22:44:27.091503+00:00
AIRFLOW_CTX_TRY_NUMBER=1
AIRFLOW_CTX_DAG_RUN_ID=manual__2022-05-30T22:44:27.091503+00:00
[2022-05-30 22:44:28,307] {subprocess.py:62} INFO - Tmp dir root location: 
 /tmp
[2022-05-30 22:44:28,309] {subprocess.py:74} INFO - Running command: ['bash', '-c', 'curl -sSL https://s3.amazonaws.com/nyc-tlc/trip+data/yellow_tripdata_2022-05.parquet > /opt/***/output_2022-05.parquet']
[2022-05-30 22:44:28,321] {subprocess.py:85} INFO - Output:
[2022-05-30 22:44:29,122] {subprocess.py:96} INFO - Command exited with return code 0
[2022-05-30 22:44:29,181] {taskinstance.py:1401} INFO - Marking task as SUCCESS. dag_id=LocalIngestionDag, task_id=wget, execution_date=20220530T224427, start_date=20220530T224428, end_date=20220530T224429
[2022-05-30 22:44:29,230] {local_task_job.py:156} INFO - Task exited with return code 0
[2022-05-30 22:44:29,262] {local_task_job.py:273} INFO - 1 downstream tasks scheduled from follow-on schedule check
