[2022-06-11 18:36:49,598] {processor.py:153} INFO - Started process (PID=45) to work on /opt/airflow/dags/fhv_ingestion.py
[2022-06-11 18:36:49,605] {processor.py:641} INFO - Processing file /opt/airflow/dags/fhv_ingestion.py for tasks to queue
[2022-06-11 18:36:49,616] {logging_mixin.py:115} INFO - [2022-06-11 18:36:49,616] {dagbag.py:507} INFO - Filling up the DagBag from /opt/airflow/dags/fhv_ingestion.py
[2022-06-11 18:36:51,106] {processor.py:651} INFO - DAG(s) dict_keys(['fhvhv_ingestion_gcs_dag']) retrieved from /opt/airflow/dags/fhv_ingestion.py
[2022-06-11 18:36:51,381] {logging_mixin.py:115} INFO - [2022-06-11 18:36:51,380] {manager.py:508} INFO - Created Permission View: can delete on DAG:fhvhv_ingestion_gcs_dag
[2022-06-11 18:36:51,422] {logging_mixin.py:115} INFO - [2022-06-11 18:36:51,422] {manager.py:508} INFO - Created Permission View: can read on DAG:fhvhv_ingestion_gcs_dag
[2022-06-11 18:36:51,453] {logging_mixin.py:115} INFO - [2022-06-11 18:36:51,452] {manager.py:508} INFO - Created Permission View: can edit on DAG:fhvhv_ingestion_gcs_dag
[2022-06-11 18:36:51,460] {logging_mixin.py:115} INFO - [2022-06-11 18:36:51,457] {dag.py:2379} INFO - Sync 1 DAGs
[2022-06-11 18:36:51,513] {logging_mixin.py:115} INFO - [2022-06-11 18:36:51,512] {dag.py:2398} INFO - Creating ORM DAG for fhvhv_ingestion_gcs_dag
[2022-06-11 18:36:51,583] {logging_mixin.py:115} INFO - [2022-06-11 18:36:51,582] {dag.py:2927} INFO - Setting next_dagrun for fhvhv_ingestion_gcs_dag to 2019-01-01T06:00:00+00:00, run_after=2019-02-01T06:00:00+00:00
[2022-06-11 18:36:51,636] {processor.py:161} INFO - Processing /opt/airflow/dags/fhv_ingestion.py took 2.046 seconds
[2022-06-11 18:37:22,651] {processor.py:153} INFO - Started process (PID=70) to work on /opt/airflow/dags/fhv_ingestion.py
[2022-06-11 18:37:22,657] {processor.py:641} INFO - Processing file /opt/airflow/dags/fhv_ingestion.py for tasks to queue
[2022-06-11 18:37:22,665] {logging_mixin.py:115} INFO - [2022-06-11 18:37:22,665] {dagbag.py:507} INFO - Filling up the DagBag from /opt/airflow/dags/fhv_ingestion.py
[2022-06-11 18:37:23,237] {processor.py:651} INFO - DAG(s) dict_keys(['fhvhv_ingestion_gcs_dag']) retrieved from /opt/airflow/dags/fhv_ingestion.py
[2022-06-11 18:37:23,309] {logging_mixin.py:115} INFO - [2022-06-11 18:37:23,308] {dag.py:2379} INFO - Sync 1 DAGs
[2022-06-11 18:37:23,361] {logging_mixin.py:115} INFO - [2022-06-11 18:37:23,360] {dag.py:2927} INFO - Setting next_dagrun for fhvhv_ingestion_gcs_dag to 2019-01-01T06:00:00+00:00, run_after=2019-02-01T06:00:00+00:00
[2022-06-11 18:37:23,398] {processor.py:161} INFO - Processing /opt/airflow/dags/fhv_ingestion.py took 0.760 seconds
[2022-06-11 18:37:53,850] {processor.py:153} INFO - Started process (PID=108) to work on /opt/airflow/dags/fhv_ingestion.py
[2022-06-11 18:37:53,855] {processor.py:641} INFO - Processing file /opt/airflow/dags/fhv_ingestion.py for tasks to queue
[2022-06-11 18:37:53,862] {logging_mixin.py:115} INFO - [2022-06-11 18:37:53,861] {dagbag.py:507} INFO - Filling up the DagBag from /opt/airflow/dags/fhv_ingestion.py
[2022-06-11 18:37:54,513] {processor.py:651} INFO - DAG(s) dict_keys(['fhvhv_ingestion_gcs_dag']) retrieved from /opt/airflow/dags/fhv_ingestion.py
[2022-06-11 18:37:54,557] {logging_mixin.py:115} INFO - [2022-06-11 18:37:54,556] {dag.py:2379} INFO - Sync 1 DAGs
[2022-06-11 18:37:54,595] {logging_mixin.py:115} INFO - [2022-06-11 18:37:54,595] {dag.py:2927} INFO - Setting next_dagrun for fhvhv_ingestion_gcs_dag to 2019-01-01T06:00:00+00:00, run_after=2019-02-01T06:00:00+00:00
[2022-06-11 18:37:54,620] {processor.py:161} INFO - Processing /opt/airflow/dags/fhv_ingestion.py took 0.786 seconds
[2022-06-11 18:38:24,972] {processor.py:153} INFO - Started process (PID=137) to work on /opt/airflow/dags/fhv_ingestion.py
[2022-06-11 18:38:24,977] {processor.py:641} INFO - Processing file /opt/airflow/dags/fhv_ingestion.py for tasks to queue
[2022-06-11 18:38:24,980] {logging_mixin.py:115} INFO - [2022-06-11 18:38:24,979] {dagbag.py:507} INFO - Filling up the DagBag from /opt/airflow/dags/fhv_ingestion.py
[2022-06-11 18:38:25,407] {processor.py:651} INFO - DAG(s) dict_keys(['fhvhv_ingestion_gcs_dag']) retrieved from /opt/airflow/dags/fhv_ingestion.py
[2022-06-11 18:38:25,450] {logging_mixin.py:115} INFO - [2022-06-11 18:38:25,450] {dag.py:2379} INFO - Sync 1 DAGs
[2022-06-11 18:38:25,481] {logging_mixin.py:115} INFO - [2022-06-11 18:38:25,481] {dag.py:2927} INFO - Setting next_dagrun for fhvhv_ingestion_gcs_dag to 2019-01-01T06:00:00+00:00, run_after=2019-02-01T06:00:00+00:00
[2022-06-11 18:38:25,510] {processor.py:161} INFO - Processing /opt/airflow/dags/fhv_ingestion.py took 0.543 seconds
[2022-06-11 18:39:45,189] {processor.py:153} INFO - Started process (PID=44) to work on /opt/airflow/dags/fhv_ingestion.py
[2022-06-11 18:39:45,194] {processor.py:641} INFO - Processing file /opt/airflow/dags/fhv_ingestion.py for tasks to queue
[2022-06-11 18:39:45,198] {logging_mixin.py:115} INFO - [2022-06-11 18:39:45,198] {dagbag.py:507} INFO - Filling up the DagBag from /opt/airflow/dags/fhv_ingestion.py
[2022-06-11 18:39:45,939] {processor.py:651} INFO - DAG(s) dict_keys(['fhvhv_ingestion_gcs_dag']) retrieved from /opt/airflow/dags/fhv_ingestion.py
[2022-06-11 18:39:45,985] {logging_mixin.py:115} INFO - [2022-06-11 18:39:45,985] {dag.py:2379} INFO - Sync 1 DAGs
[2022-06-11 18:39:46,026] {logging_mixin.py:115} INFO - [2022-06-11 18:39:46,026] {dag.py:2927} INFO - Setting next_dagrun for fhvhv_ingestion_gcs_dag to None, run_after=None
[2022-06-11 18:39:46,062] {processor.py:161} INFO - Processing /opt/airflow/dags/fhv_ingestion.py took 0.887 seconds
[2022-06-11 18:40:16,311] {processor.py:153} INFO - Started process (PID=75) to work on /opt/airflow/dags/fhv_ingestion.py
[2022-06-11 18:40:16,314] {processor.py:641} INFO - Processing file /opt/airflow/dags/fhv_ingestion.py for tasks to queue
[2022-06-11 18:40:16,316] {logging_mixin.py:115} INFO - [2022-06-11 18:40:16,316] {dagbag.py:507} INFO - Filling up the DagBag from /opt/airflow/dags/fhv_ingestion.py
[2022-06-11 18:40:16,677] {processor.py:651} INFO - DAG(s) dict_keys(['fhvhv_ingestion_gcs_dag']) retrieved from /opt/airflow/dags/fhv_ingestion.py
[2022-06-11 18:40:16,708] {logging_mixin.py:115} INFO - [2022-06-11 18:40:16,708] {dag.py:2379} INFO - Sync 1 DAGs
[2022-06-11 18:40:16,735] {logging_mixin.py:115} INFO - [2022-06-11 18:40:16,734] {dag.py:2927} INFO - Setting next_dagrun for fhvhv_ingestion_gcs_dag to None, run_after=None
[2022-06-11 18:40:16,751] {processor.py:161} INFO - Processing /opt/airflow/dags/fhv_ingestion.py took 0.445 seconds
[2022-06-11 18:40:46,960] {processor.py:153} INFO - Started process (PID=111) to work on /opt/airflow/dags/fhv_ingestion.py
[2022-06-11 18:40:46,963] {processor.py:641} INFO - Processing file /opt/airflow/dags/fhv_ingestion.py for tasks to queue
[2022-06-11 18:40:46,966] {logging_mixin.py:115} INFO - [2022-06-11 18:40:46,966] {dagbag.py:507} INFO - Filling up the DagBag from /opt/airflow/dags/fhv_ingestion.py
[2022-06-11 18:40:47,297] {processor.py:651} INFO - DAG(s) dict_keys(['fhvhv_ingestion_gcs_dag']) retrieved from /opt/airflow/dags/fhv_ingestion.py
[2022-06-11 18:40:47,324] {logging_mixin.py:115} INFO - [2022-06-11 18:40:47,324] {dag.py:2379} INFO - Sync 1 DAGs
[2022-06-11 18:40:47,349] {logging_mixin.py:115} INFO - [2022-06-11 18:40:47,349] {dag.py:2927} INFO - Setting next_dagrun for fhvhv_ingestion_gcs_dag to None, run_after=None
[2022-06-11 18:40:47,360] {processor.py:161} INFO - Processing /opt/airflow/dags/fhv_ingestion.py took 0.406 seconds
[2022-06-11 18:41:17,597] {processor.py:153} INFO - Started process (PID=147) to work on /opt/airflow/dags/fhv_ingestion.py
[2022-06-11 18:41:17,599] {processor.py:641} INFO - Processing file /opt/airflow/dags/fhv_ingestion.py for tasks to queue
[2022-06-11 18:41:17,601] {logging_mixin.py:115} INFO - [2022-06-11 18:41:17,601] {dagbag.py:507} INFO - Filling up the DagBag from /opt/airflow/dags/fhv_ingestion.py
[2022-06-11 18:41:17,928] {processor.py:651} INFO - DAG(s) dict_keys(['fhvhv_ingestion_gcs_dag']) retrieved from /opt/airflow/dags/fhv_ingestion.py
[2022-06-11 18:41:17,955] {logging_mixin.py:115} INFO - [2022-06-11 18:41:17,954] {dag.py:2379} INFO - Sync 1 DAGs
[2022-06-11 18:41:17,981] {logging_mixin.py:115} INFO - [2022-06-11 18:41:17,981] {dag.py:2927} INFO - Setting next_dagrun for fhvhv_ingestion_gcs_dag to None, run_after=None
[2022-06-11 18:41:17,994] {processor.py:161} INFO - Processing /opt/airflow/dags/fhv_ingestion.py took 0.404 seconds
[2022-06-11 18:41:48,298] {processor.py:153} INFO - Started process (PID=176) to work on /opt/airflow/dags/fhv_ingestion.py
[2022-06-11 18:41:48,308] {processor.py:641} INFO - Processing file /opt/airflow/dags/fhv_ingestion.py for tasks to queue
[2022-06-11 18:41:48,313] {logging_mixin.py:115} INFO - [2022-06-11 18:41:48,313] {dagbag.py:507} INFO - Filling up the DagBag from /opt/airflow/dags/fhv_ingestion.py
[2022-06-11 18:41:48,902] {processor.py:651} INFO - DAG(s) dict_keys(['fhvhv_ingestion_gcs_dag']) retrieved from /opt/airflow/dags/fhv_ingestion.py
[2022-06-11 18:41:48,941] {logging_mixin.py:115} INFO - [2022-06-11 18:41:48,940] {dag.py:2379} INFO - Sync 1 DAGs
[2022-06-11 18:41:48,975] {logging_mixin.py:115} INFO - [2022-06-11 18:41:48,975] {dag.py:2927} INFO - Setting next_dagrun for fhvhv_ingestion_gcs_dag to None, run_after=None
[2022-06-11 18:41:48,996] {processor.py:161} INFO - Processing /opt/airflow/dags/fhv_ingestion.py took 0.712 seconds
[2022-06-11 18:42:19,682] {processor.py:153} INFO - Started process (PID=211) to work on /opt/airflow/dags/fhv_ingestion.py
[2022-06-11 18:42:19,685] {processor.py:641} INFO - Processing file /opt/airflow/dags/fhv_ingestion.py for tasks to queue
[2022-06-11 18:42:19,688] {logging_mixin.py:115} INFO - [2022-06-11 18:42:19,688] {dagbag.py:507} INFO - Filling up the DagBag from /opt/airflow/dags/fhv_ingestion.py
[2022-06-11 18:42:20,040] {processor.py:651} INFO - DAG(s) dict_keys(['fhvhv_ingestion_gcs_dag']) retrieved from /opt/airflow/dags/fhv_ingestion.py
[2022-06-11 18:42:20,069] {logging_mixin.py:115} INFO - [2022-06-11 18:42:20,069] {dag.py:2379} INFO - Sync 1 DAGs
[2022-06-11 18:42:20,090] {logging_mixin.py:115} INFO - [2022-06-11 18:42:20,090] {dag.py:2927} INFO - Setting next_dagrun for fhvhv_ingestion_gcs_dag to None, run_after=None
[2022-06-11 18:42:20,102] {processor.py:161} INFO - Processing /opt/airflow/dags/fhv_ingestion.py took 0.429 seconds
[2022-06-11 18:42:50,334] {processor.py:153} INFO - Started process (PID=248) to work on /opt/airflow/dags/fhv_ingestion.py
[2022-06-11 18:42:50,336] {processor.py:641} INFO - Processing file /opt/airflow/dags/fhv_ingestion.py for tasks to queue
[2022-06-11 18:42:50,338] {logging_mixin.py:115} INFO - [2022-06-11 18:42:50,338] {dagbag.py:507} INFO - Filling up the DagBag from /opt/airflow/dags/fhv_ingestion.py
[2022-06-11 18:42:50,692] {processor.py:651} INFO - DAG(s) dict_keys(['fhvhv_ingestion_gcs_dag']) retrieved from /opt/airflow/dags/fhv_ingestion.py
[2022-06-11 18:42:50,718] {logging_mixin.py:115} INFO - [2022-06-11 18:42:50,717] {dag.py:2379} INFO - Sync 1 DAGs
[2022-06-11 18:42:50,737] {logging_mixin.py:115} INFO - [2022-06-11 18:42:50,737] {dag.py:2927} INFO - Setting next_dagrun for fhvhv_ingestion_gcs_dag to None, run_after=None
[2022-06-11 18:42:50,747] {processor.py:161} INFO - Processing /opt/airflow/dags/fhv_ingestion.py took 0.418 seconds
[2022-06-11 18:43:21,505] {processor.py:153} INFO - Started process (PID=286) to work on /opt/airflow/dags/fhv_ingestion.py
[2022-06-11 18:43:21,508] {processor.py:641} INFO - Processing file /opt/airflow/dags/fhv_ingestion.py for tasks to queue
[2022-06-11 18:43:21,511] {logging_mixin.py:115} INFO - [2022-06-11 18:43:21,511] {dagbag.py:507} INFO - Filling up the DagBag from /opt/airflow/dags/fhv_ingestion.py
[2022-06-11 18:43:21,923] {processor.py:651} INFO - DAG(s) dict_keys(['fhvhv_ingestion_gcs_dag']) retrieved from /opt/airflow/dags/fhv_ingestion.py
[2022-06-11 18:43:21,966] {logging_mixin.py:115} INFO - [2022-06-11 18:43:21,965] {dag.py:2379} INFO - Sync 1 DAGs
[2022-06-11 18:43:22,006] {logging_mixin.py:115} INFO - [2022-06-11 18:43:22,006] {dag.py:2927} INFO - Setting next_dagrun for fhvhv_ingestion_gcs_dag to None, run_after=None
[2022-06-11 18:43:22,121] {processor.py:161} INFO - Processing /opt/airflow/dags/fhv_ingestion.py took 0.619 seconds
[2022-06-11 18:43:52,707] {processor.py:153} INFO - Started process (PID=315) to work on /opt/airflow/dags/fhv_ingestion.py
[2022-06-11 18:43:52,710] {processor.py:641} INFO - Processing file /opt/airflow/dags/fhv_ingestion.py for tasks to queue
[2022-06-11 18:43:52,712] {logging_mixin.py:115} INFO - [2022-06-11 18:43:52,712] {dagbag.py:507} INFO - Filling up the DagBag from /opt/airflow/dags/fhv_ingestion.py
[2022-06-11 18:43:53,040] {processor.py:651} INFO - DAG(s) dict_keys(['fhvhv_ingestion_gcs_dag']) retrieved from /opt/airflow/dags/fhv_ingestion.py
[2022-06-11 18:43:53,067] {logging_mixin.py:115} INFO - [2022-06-11 18:43:53,066] {dag.py:2379} INFO - Sync 1 DAGs
[2022-06-11 18:43:53,089] {logging_mixin.py:115} INFO - [2022-06-11 18:43:53,089] {dag.py:2927} INFO - Setting next_dagrun for fhvhv_ingestion_gcs_dag to None, run_after=None
[2022-06-11 18:43:53,099] {processor.py:161} INFO - Processing /opt/airflow/dags/fhv_ingestion.py took 0.396 seconds
[2022-06-11 18:44:23,891] {processor.py:153} INFO - Started process (PID=355) to work on /opt/airflow/dags/fhv_ingestion.py
[2022-06-11 18:44:23,893] {processor.py:641} INFO - Processing file /opt/airflow/dags/fhv_ingestion.py for tasks to queue
[2022-06-11 18:44:23,896] {logging_mixin.py:115} INFO - [2022-06-11 18:44:23,896] {dagbag.py:507} INFO - Filling up the DagBag from /opt/airflow/dags/fhv_ingestion.py
[2022-06-11 18:44:24,241] {processor.py:651} INFO - DAG(s) dict_keys(['fhvhv_ingestion_gcs_dag']) retrieved from /opt/airflow/dags/fhv_ingestion.py
[2022-06-11 18:44:24,272] {logging_mixin.py:115} INFO - [2022-06-11 18:44:24,271] {dag.py:2379} INFO - Sync 1 DAGs
[2022-06-11 18:44:24,291] {logging_mixin.py:115} INFO - [2022-06-11 18:44:24,291] {dag.py:2927} INFO - Setting next_dagrun for fhvhv_ingestion_gcs_dag to None, run_after=None
[2022-06-11 18:44:24,302] {processor.py:161} INFO - Processing /opt/airflow/dags/fhv_ingestion.py took 0.414 seconds
[2022-06-11 18:44:55,091] {processor.py:153} INFO - Started process (PID=398) to work on /opt/airflow/dags/fhv_ingestion.py
[2022-06-11 18:44:55,095] {processor.py:641} INFO - Processing file /opt/airflow/dags/fhv_ingestion.py for tasks to queue
[2022-06-11 18:44:55,097] {logging_mixin.py:115} INFO - [2022-06-11 18:44:55,097] {dagbag.py:507} INFO - Filling up the DagBag from /opt/airflow/dags/fhv_ingestion.py
[2022-06-11 18:44:55,495] {processor.py:651} INFO - DAG(s) dict_keys(['fhvhv_ingestion_gcs_dag']) retrieved from /opt/airflow/dags/fhv_ingestion.py
[2022-06-11 18:44:55,545] {logging_mixin.py:115} INFO - [2022-06-11 18:44:55,545] {dag.py:2379} INFO - Sync 1 DAGs
[2022-06-11 18:44:55,572] {logging_mixin.py:115} INFO - [2022-06-11 18:44:55,572] {dag.py:2927} INFO - Setting next_dagrun for fhvhv_ingestion_gcs_dag to None, run_after=None
[2022-06-11 18:44:55,585] {processor.py:161} INFO - Processing /opt/airflow/dags/fhv_ingestion.py took 0.500 seconds
[2022-06-11 18:45:26,315] {processor.py:153} INFO - Started process (PID=430) to work on /opt/airflow/dags/fhv_ingestion.py
[2022-06-11 18:45:26,317] {processor.py:641} INFO - Processing file /opt/airflow/dags/fhv_ingestion.py for tasks to queue
[2022-06-11 18:45:26,319] {logging_mixin.py:115} INFO - [2022-06-11 18:45:26,319] {dagbag.py:507} INFO - Filling up the DagBag from /opt/airflow/dags/fhv_ingestion.py
[2022-06-11 18:45:26,850] {processor.py:651} INFO - DAG(s) dict_keys(['fhvhv_ingestion_gcs_dag']) retrieved from /opt/airflow/dags/fhv_ingestion.py
[2022-06-11 18:45:26,874] {logging_mixin.py:115} INFO - [2022-06-11 18:45:26,874] {dag.py:2379} INFO - Sync 1 DAGs
[2022-06-11 18:45:26,894] {logging_mixin.py:115} INFO - [2022-06-11 18:45:26,894] {dag.py:2927} INFO - Setting next_dagrun for fhvhv_ingestion_gcs_dag to None, run_after=None
[2022-06-11 18:45:26,904] {processor.py:161} INFO - Processing /opt/airflow/dags/fhv_ingestion.py took 0.594 seconds
[2022-06-11 18:45:57,586] {processor.py:153} INFO - Started process (PID=473) to work on /opt/airflow/dags/fhv_ingestion.py
[2022-06-11 18:45:57,590] {processor.py:641} INFO - Processing file /opt/airflow/dags/fhv_ingestion.py for tasks to queue
[2022-06-11 18:45:57,592] {logging_mixin.py:115} INFO - [2022-06-11 18:45:57,592] {dagbag.py:507} INFO - Filling up the DagBag from /opt/airflow/dags/fhv_ingestion.py
[2022-06-11 18:45:57,939] {processor.py:651} INFO - DAG(s) dict_keys(['fhvhv_ingestion_gcs_dag']) retrieved from /opt/airflow/dags/fhv_ingestion.py
[2022-06-11 18:45:57,966] {logging_mixin.py:115} INFO - [2022-06-11 18:45:57,965] {dag.py:2379} INFO - Sync 1 DAGs
[2022-06-11 18:45:57,985] {logging_mixin.py:115} INFO - [2022-06-11 18:45:57,985] {dag.py:2927} INFO - Setting next_dagrun for fhvhv_ingestion_gcs_dag to None, run_after=None
[2022-06-11 18:45:57,999] {processor.py:161} INFO - Processing /opt/airflow/dags/fhv_ingestion.py took 0.418 seconds
[2022-06-11 18:46:28,623] {processor.py:153} INFO - Started process (PID=514) to work on /opt/airflow/dags/fhv_ingestion.py
[2022-06-11 18:46:28,627] {processor.py:641} INFO - Processing file /opt/airflow/dags/fhv_ingestion.py for tasks to queue
[2022-06-11 18:46:28,630] {logging_mixin.py:115} INFO - [2022-06-11 18:46:28,630] {dagbag.py:507} INFO - Filling up the DagBag from /opt/airflow/dags/fhv_ingestion.py
[2022-06-11 18:46:28,992] {processor.py:651} INFO - DAG(s) dict_keys(['fhvhv_ingestion_gcs_dag']) retrieved from /opt/airflow/dags/fhv_ingestion.py
[2022-06-11 18:46:29,018] {logging_mixin.py:115} INFO - [2022-06-11 18:46:29,018] {dag.py:2379} INFO - Sync 1 DAGs
[2022-06-11 18:46:29,037] {logging_mixin.py:115} INFO - [2022-06-11 18:46:29,037] {dag.py:2927} INFO - Setting next_dagrun for fhvhv_ingestion_gcs_dag to None, run_after=None
[2022-06-11 18:46:29,047] {processor.py:161} INFO - Processing /opt/airflow/dags/fhv_ingestion.py took 0.429 seconds
[2022-06-11 18:46:59,799] {processor.py:153} INFO - Started process (PID=554) to work on /opt/airflow/dags/fhv_ingestion.py
[2022-06-11 18:46:59,801] {processor.py:641} INFO - Processing file /opt/airflow/dags/fhv_ingestion.py for tasks to queue
[2022-06-11 18:46:59,804] {logging_mixin.py:115} INFO - [2022-06-11 18:46:59,804] {dagbag.py:507} INFO - Filling up the DagBag from /opt/airflow/dags/fhv_ingestion.py
[2022-06-11 18:47:00,244] {processor.py:651} INFO - DAG(s) dict_keys(['fhvhv_ingestion_gcs_dag']) retrieved from /opt/airflow/dags/fhv_ingestion.py
[2022-06-11 18:47:00,272] {logging_mixin.py:115} INFO - [2022-06-11 18:47:00,272] {dag.py:2379} INFO - Sync 1 DAGs
[2022-06-11 18:47:00,296] {logging_mixin.py:115} INFO - [2022-06-11 18:47:00,296] {dag.py:2927} INFO - Setting next_dagrun for fhvhv_ingestion_gcs_dag to None, run_after=None
[2022-06-11 18:47:00,308] {processor.py:161} INFO - Processing /opt/airflow/dags/fhv_ingestion.py took 0.513 seconds
[2022-06-11 18:47:31,048] {processor.py:153} INFO - Started process (PID=583) to work on /opt/airflow/dags/fhv_ingestion.py
[2022-06-11 18:47:31,052] {processor.py:641} INFO - Processing file /opt/airflow/dags/fhv_ingestion.py for tasks to queue
[2022-06-11 18:47:31,054] {logging_mixin.py:115} INFO - [2022-06-11 18:47:31,054] {dagbag.py:507} INFO - Filling up the DagBag from /opt/airflow/dags/fhv_ingestion.py
[2022-06-11 18:47:31,417] {processor.py:651} INFO - DAG(s) dict_keys(['fhvhv_ingestion_gcs_dag']) retrieved from /opt/airflow/dags/fhv_ingestion.py
[2022-06-11 18:47:31,441] {logging_mixin.py:115} INFO - [2022-06-11 18:47:31,441] {dag.py:2379} INFO - Sync 1 DAGs
[2022-06-11 18:47:31,460] {logging_mixin.py:115} INFO - [2022-06-11 18:47:31,460] {dag.py:2927} INFO - Setting next_dagrun for fhvhv_ingestion_gcs_dag to None, run_after=None
[2022-06-11 18:47:31,473] {processor.py:161} INFO - Processing /opt/airflow/dags/fhv_ingestion.py took 0.431 seconds
[2022-06-11 18:48:02,323] {processor.py:153} INFO - Started process (PID=622) to work on /opt/airflow/dags/fhv_ingestion.py
[2022-06-11 18:48:02,363] {processor.py:641} INFO - Processing file /opt/airflow/dags/fhv_ingestion.py for tasks to queue
[2022-06-11 18:48:02,371] {logging_mixin.py:115} INFO - [2022-06-11 18:48:02,370] {dagbag.py:507} INFO - Filling up the DagBag from /opt/airflow/dags/fhv_ingestion.py
[2022-06-11 18:48:02,878] {processor.py:651} INFO - DAG(s) dict_keys(['fhvhv_ingestion_gcs_dag']) retrieved from /opt/airflow/dags/fhv_ingestion.py
[2022-06-11 18:48:02,923] {logging_mixin.py:115} INFO - [2022-06-11 18:48:02,922] {dag.py:2379} INFO - Sync 1 DAGs
[2022-06-11 18:48:02,943] {logging_mixin.py:115} INFO - [2022-06-11 18:48:02,943] {dag.py:2927} INFO - Setting next_dagrun for fhvhv_ingestion_gcs_dag to None, run_after=None
[2022-06-11 18:48:02,954] {processor.py:161} INFO - Processing /opt/airflow/dags/fhv_ingestion.py took 0.656 seconds
[2022-06-11 18:48:33,423] {processor.py:153} INFO - Started process (PID=665) to work on /opt/airflow/dags/fhv_ingestion.py
[2022-06-11 18:48:33,425] {processor.py:641} INFO - Processing file /opt/airflow/dags/fhv_ingestion.py for tasks to queue
[2022-06-11 18:48:33,427] {logging_mixin.py:115} INFO - [2022-06-11 18:48:33,427] {dagbag.py:507} INFO - Filling up the DagBag from /opt/airflow/dags/fhv_ingestion.py
[2022-06-11 18:48:33,782] {processor.py:651} INFO - DAG(s) dict_keys(['fhvhv_ingestion_gcs_dag']) retrieved from /opt/airflow/dags/fhv_ingestion.py
[2022-06-11 18:48:33,807] {logging_mixin.py:115} INFO - [2022-06-11 18:48:33,806] {dag.py:2379} INFO - Sync 1 DAGs
[2022-06-11 18:48:33,831] {logging_mixin.py:115} INFO - [2022-06-11 18:48:33,831] {dag.py:2927} INFO - Setting next_dagrun for fhvhv_ingestion_gcs_dag to None, run_after=None
[2022-06-11 18:48:33,844] {processor.py:161} INFO - Processing /opt/airflow/dags/fhv_ingestion.py took 0.430 seconds
[2022-06-11 18:49:04,648] {processor.py:153} INFO - Started process (PID=705) to work on /opt/airflow/dags/fhv_ingestion.py
[2022-06-11 18:49:04,652] {processor.py:641} INFO - Processing file /opt/airflow/dags/fhv_ingestion.py for tasks to queue
[2022-06-11 18:49:04,655] {logging_mixin.py:115} INFO - [2022-06-11 18:49:04,655] {dagbag.py:507} INFO - Filling up the DagBag from /opt/airflow/dags/fhv_ingestion.py
[2022-06-11 18:49:05,121] {processor.py:651} INFO - DAG(s) dict_keys(['fhvhv_ingestion_gcs_dag']) retrieved from /opt/airflow/dags/fhv_ingestion.py
[2022-06-11 18:49:05,205] {logging_mixin.py:115} INFO - [2022-06-11 18:49:05,205] {dag.py:2379} INFO - Sync 1 DAGs
[2022-06-11 18:49:05,251] {logging_mixin.py:115} INFO - [2022-06-11 18:49:05,251] {dag.py:2927} INFO - Setting next_dagrun for fhvhv_ingestion_gcs_dag to None, run_after=None
[2022-06-11 18:49:05,272] {processor.py:161} INFO - Processing /opt/airflow/dags/fhv_ingestion.py took 0.629 seconds
[2022-06-11 18:49:35,857] {processor.py:153} INFO - Started process (PID=736) to work on /opt/airflow/dags/fhv_ingestion.py
[2022-06-11 18:49:35,860] {processor.py:641} INFO - Processing file /opt/airflow/dags/fhv_ingestion.py for tasks to queue
[2022-06-11 18:49:35,862] {logging_mixin.py:115} INFO - [2022-06-11 18:49:35,861] {dagbag.py:507} INFO - Filling up the DagBag from /opt/airflow/dags/fhv_ingestion.py
[2022-06-11 18:49:36,220] {processor.py:651} INFO - DAG(s) dict_keys(['fhvhv_ingestion_gcs_dag']) retrieved from /opt/airflow/dags/fhv_ingestion.py
[2022-06-11 18:49:36,249] {logging_mixin.py:115} INFO - [2022-06-11 18:49:36,248] {dag.py:2379} INFO - Sync 1 DAGs
[2022-06-11 18:49:36,272] {logging_mixin.py:115} INFO - [2022-06-11 18:49:36,271] {dag.py:2927} INFO - Setting next_dagrun for fhvhv_ingestion_gcs_dag to None, run_after=None
[2022-06-11 18:49:36,286] {processor.py:161} INFO - Processing /opt/airflow/dags/fhv_ingestion.py took 0.434 seconds
[2022-06-11 18:50:07,128] {processor.py:153} INFO - Started process (PID=773) to work on /opt/airflow/dags/fhv_ingestion.py
[2022-06-11 18:50:07,134] {processor.py:641} INFO - Processing file /opt/airflow/dags/fhv_ingestion.py for tasks to queue
[2022-06-11 18:50:07,138] {logging_mixin.py:115} INFO - [2022-06-11 18:50:07,138] {dagbag.py:507} INFO - Filling up the DagBag from /opt/airflow/dags/fhv_ingestion.py
[2022-06-11 18:50:07,455] {processor.py:651} INFO - DAG(s) dict_keys(['fhvhv_ingestion_gcs_dag']) retrieved from /opt/airflow/dags/fhv_ingestion.py
[2022-06-11 18:50:07,481] {logging_mixin.py:115} INFO - [2022-06-11 18:50:07,480] {dag.py:2379} INFO - Sync 1 DAGs
[2022-06-11 18:50:07,500] {logging_mixin.py:115} INFO - [2022-06-11 18:50:07,500] {dag.py:2927} INFO - Setting next_dagrun for fhvhv_ingestion_gcs_dag to None, run_after=None
[2022-06-11 18:50:07,509] {processor.py:161} INFO - Processing /opt/airflow/dags/fhv_ingestion.py took 0.386 seconds
[2022-06-11 18:50:38,334] {processor.py:153} INFO - Started process (PID=810) to work on /opt/airflow/dags/fhv_ingestion.py
[2022-06-11 18:50:38,338] {processor.py:641} INFO - Processing file /opt/airflow/dags/fhv_ingestion.py for tasks to queue
[2022-06-11 18:50:38,340] {logging_mixin.py:115} INFO - [2022-06-11 18:50:38,340] {dagbag.py:507} INFO - Filling up the DagBag from /opt/airflow/dags/fhv_ingestion.py
[2022-06-11 18:50:38,717] {processor.py:651} INFO - DAG(s) dict_keys(['fhvhv_ingestion_gcs_dag']) retrieved from /opt/airflow/dags/fhv_ingestion.py
[2022-06-11 18:50:38,745] {logging_mixin.py:115} INFO - [2022-06-11 18:50:38,744] {dag.py:2379} INFO - Sync 1 DAGs
[2022-06-11 18:50:38,766] {logging_mixin.py:115} INFO - [2022-06-11 18:50:38,766] {dag.py:2927} INFO - Setting next_dagrun for fhvhv_ingestion_gcs_dag to None, run_after=None
[2022-06-11 18:50:38,782] {processor.py:161} INFO - Processing /opt/airflow/dags/fhv_ingestion.py took 0.452 seconds
[2022-06-11 18:51:09,558] {processor.py:153} INFO - Started process (PID=839) to work on /opt/airflow/dags/fhv_ingestion.py
[2022-06-11 18:51:09,561] {processor.py:641} INFO - Processing file /opt/airflow/dags/fhv_ingestion.py for tasks to queue
[2022-06-11 18:51:09,562] {logging_mixin.py:115} INFO - [2022-06-11 18:51:09,562] {dagbag.py:507} INFO - Filling up the DagBag from /opt/airflow/dags/fhv_ingestion.py
[2022-06-11 18:51:09,938] {processor.py:651} INFO - DAG(s) dict_keys(['fhvhv_ingestion_gcs_dag']) retrieved from /opt/airflow/dags/fhv_ingestion.py
[2022-06-11 18:51:09,966] {logging_mixin.py:115} INFO - [2022-06-11 18:51:09,966] {dag.py:2379} INFO - Sync 1 DAGs
[2022-06-11 18:51:09,986] {logging_mixin.py:115} INFO - [2022-06-11 18:51:09,986] {dag.py:2927} INFO - Setting next_dagrun for fhvhv_ingestion_gcs_dag to None, run_after=None
[2022-06-11 18:51:10,000] {processor.py:161} INFO - Processing /opt/airflow/dags/fhv_ingestion.py took 0.445 seconds
[2022-06-11 18:51:40,659] {processor.py:153} INFO - Started process (PID=878) to work on /opt/airflow/dags/fhv_ingestion.py
[2022-06-11 18:51:40,663] {processor.py:641} INFO - Processing file /opt/airflow/dags/fhv_ingestion.py for tasks to queue
[2022-06-11 18:51:40,667] {logging_mixin.py:115} INFO - [2022-06-11 18:51:40,667] {dagbag.py:507} INFO - Filling up the DagBag from /opt/airflow/dags/fhv_ingestion.py
[2022-06-11 18:51:41,001] {processor.py:651} INFO - DAG(s) dict_keys(['fhvhv_ingestion_gcs_dag']) retrieved from /opt/airflow/dags/fhv_ingestion.py
[2022-06-11 18:51:41,023] {logging_mixin.py:115} INFO - [2022-06-11 18:51:41,023] {dag.py:2379} INFO - Sync 1 DAGs
[2022-06-11 18:51:41,041] {logging_mixin.py:115} INFO - [2022-06-11 18:51:41,041] {dag.py:2927} INFO - Setting next_dagrun for fhvhv_ingestion_gcs_dag to None, run_after=None
[2022-06-11 18:51:41,051] {processor.py:161} INFO - Processing /opt/airflow/dags/fhv_ingestion.py took 0.396 seconds
[2022-06-11 18:52:11,880] {processor.py:153} INFO - Started process (PID=918) to work on /opt/airflow/dags/fhv_ingestion.py
[2022-06-11 18:52:11,883] {processor.py:641} INFO - Processing file /opt/airflow/dags/fhv_ingestion.py for tasks to queue
[2022-06-11 18:52:11,885] {logging_mixin.py:115} INFO - [2022-06-11 18:52:11,885] {dagbag.py:507} INFO - Filling up the DagBag from /opt/airflow/dags/fhv_ingestion.py
[2022-06-11 18:52:12,227] {processor.py:651} INFO - DAG(s) dict_keys(['fhvhv_ingestion_gcs_dag']) retrieved from /opt/airflow/dags/fhv_ingestion.py
[2022-06-11 18:52:12,252] {logging_mixin.py:115} INFO - [2022-06-11 18:52:12,252] {dag.py:2379} INFO - Sync 1 DAGs
[2022-06-11 18:52:12,275] {logging_mixin.py:115} INFO - [2022-06-11 18:52:12,275] {dag.py:2927} INFO - Setting next_dagrun for fhvhv_ingestion_gcs_dag to None, run_after=None
[2022-06-11 18:52:12,289] {processor.py:161} INFO - Processing /opt/airflow/dags/fhv_ingestion.py took 0.419 seconds
[2022-06-11 18:52:43,195] {processor.py:153} INFO - Started process (PID=946) to work on /opt/airflow/dags/fhv_ingestion.py
[2022-06-11 18:52:43,204] {processor.py:641} INFO - Processing file /opt/airflow/dags/fhv_ingestion.py for tasks to queue
[2022-06-11 18:52:43,210] {logging_mixin.py:115} INFO - [2022-06-11 18:52:43,210] {dagbag.py:507} INFO - Filling up the DagBag from /opt/airflow/dags/fhv_ingestion.py
[2022-06-11 18:52:43,601] {processor.py:651} INFO - DAG(s) dict_keys(['fhvhv_ingestion_gcs_dag']) retrieved from /opt/airflow/dags/fhv_ingestion.py
[2022-06-11 18:52:43,638] {logging_mixin.py:115} INFO - [2022-06-11 18:52:43,637] {dag.py:2379} INFO - Sync 1 DAGs
[2022-06-11 18:52:43,663] {logging_mixin.py:115} INFO - [2022-06-11 18:52:43,663] {dag.py:2927} INFO - Setting next_dagrun for fhvhv_ingestion_gcs_dag to None, run_after=None
[2022-06-11 18:52:43,683] {processor.py:161} INFO - Processing /opt/airflow/dags/fhv_ingestion.py took 0.495 seconds
[2022-06-11 18:53:14,394] {processor.py:153} INFO - Started process (PID=988) to work on /opt/airflow/dags/fhv_ingestion.py
[2022-06-11 18:53:14,398] {processor.py:641} INFO - Processing file /opt/airflow/dags/fhv_ingestion.py for tasks to queue
[2022-06-11 18:53:14,401] {logging_mixin.py:115} INFO - [2022-06-11 18:53:14,401] {dagbag.py:507} INFO - Filling up the DagBag from /opt/airflow/dags/fhv_ingestion.py
[2022-06-11 18:53:14,778] {processor.py:651} INFO - DAG(s) dict_keys(['fhvhv_ingestion_gcs_dag']) retrieved from /opt/airflow/dags/fhv_ingestion.py
[2022-06-11 18:53:14,805] {logging_mixin.py:115} INFO - [2022-06-11 18:53:14,805] {dag.py:2379} INFO - Sync 1 DAGs
[2022-06-11 18:53:14,825] {logging_mixin.py:115} INFO - [2022-06-11 18:53:14,825] {dag.py:2927} INFO - Setting next_dagrun for fhvhv_ingestion_gcs_dag to None, run_after=None
[2022-06-11 18:53:14,836] {processor.py:161} INFO - Processing /opt/airflow/dags/fhv_ingestion.py took 0.453 seconds
[2022-06-11 18:53:45,571] {processor.py:153} INFO - Started process (PID=1028) to work on /opt/airflow/dags/fhv_ingestion.py
[2022-06-11 18:53:45,575] {processor.py:641} INFO - Processing file /opt/airflow/dags/fhv_ingestion.py for tasks to queue
[2022-06-11 18:53:45,579] {logging_mixin.py:115} INFO - [2022-06-11 18:53:45,577] {dagbag.py:507} INFO - Filling up the DagBag from /opt/airflow/dags/fhv_ingestion.py
[2022-06-11 18:53:46,101] {processor.py:651} INFO - DAG(s) dict_keys(['fhvhv_ingestion_gcs_dag']) retrieved from /opt/airflow/dags/fhv_ingestion.py
[2022-06-11 18:53:46,138] {logging_mixin.py:115} INFO - [2022-06-11 18:53:46,138] {dag.py:2379} INFO - Sync 1 DAGs
[2022-06-11 18:53:46,174] {logging_mixin.py:115} INFO - [2022-06-11 18:53:46,173] {dag.py:2927} INFO - Setting next_dagrun for fhvhv_ingestion_gcs_dag to None, run_after=None
[2022-06-11 18:53:46,194] {processor.py:161} INFO - Processing /opt/airflow/dags/fhv_ingestion.py took 0.628 seconds
[2022-06-11 18:54:16,759] {processor.py:153} INFO - Started process (PID=1065) to work on /opt/airflow/dags/fhv_ingestion.py
[2022-06-11 18:54:16,763] {processor.py:641} INFO - Processing file /opt/airflow/dags/fhv_ingestion.py for tasks to queue
[2022-06-11 18:54:16,765] {logging_mixin.py:115} INFO - [2022-06-11 18:54:16,765] {dagbag.py:507} INFO - Filling up the DagBag from /opt/airflow/dags/fhv_ingestion.py
[2022-06-11 18:54:17,112] {processor.py:651} INFO - DAG(s) dict_keys(['fhvhv_ingestion_gcs_dag']) retrieved from /opt/airflow/dags/fhv_ingestion.py
[2022-06-11 18:54:17,146] {logging_mixin.py:115} INFO - [2022-06-11 18:54:17,145] {dag.py:2379} INFO - Sync 1 DAGs
[2022-06-11 18:54:17,171] {logging_mixin.py:115} INFO - [2022-06-11 18:54:17,171] {dag.py:2927} INFO - Setting next_dagrun for fhvhv_ingestion_gcs_dag to None, run_after=None
[2022-06-11 18:54:17,185] {processor.py:161} INFO - Processing /opt/airflow/dags/fhv_ingestion.py took 0.429 seconds
[2022-06-11 18:54:47,911] {processor.py:153} INFO - Started process (PID=1096) to work on /opt/airflow/dags/fhv_ingestion.py
[2022-06-11 18:54:47,914] {processor.py:641} INFO - Processing file /opt/airflow/dags/fhv_ingestion.py for tasks to queue
[2022-06-11 18:54:47,916] {logging_mixin.py:115} INFO - [2022-06-11 18:54:47,916] {dagbag.py:507} INFO - Filling up the DagBag from /opt/airflow/dags/fhv_ingestion.py
[2022-06-11 18:54:48,259] {processor.py:651} INFO - DAG(s) dict_keys(['fhvhv_ingestion_gcs_dag']) retrieved from /opt/airflow/dags/fhv_ingestion.py
[2022-06-11 18:54:48,308] {logging_mixin.py:115} INFO - [2022-06-11 18:54:48,307] {dag.py:2379} INFO - Sync 1 DAGs
[2022-06-11 18:54:48,334] {logging_mixin.py:115} INFO - [2022-06-11 18:54:48,333] {dag.py:2927} INFO - Setting next_dagrun for fhvhv_ingestion_gcs_dag to None, run_after=None
[2022-06-11 18:54:48,347] {processor.py:161} INFO - Processing /opt/airflow/dags/fhv_ingestion.py took 0.440 seconds
[2022-06-11 18:55:19,127] {processor.py:153} INFO - Started process (PID=1138) to work on /opt/airflow/dags/fhv_ingestion.py
[2022-06-11 18:55:19,130] {processor.py:641} INFO - Processing file /opt/airflow/dags/fhv_ingestion.py for tasks to queue
[2022-06-11 18:55:19,132] {logging_mixin.py:115} INFO - [2022-06-11 18:55:19,132] {dagbag.py:507} INFO - Filling up the DagBag from /opt/airflow/dags/fhv_ingestion.py
[2022-06-11 18:55:19,506] {processor.py:651} INFO - DAG(s) dict_keys(['fhvhv_ingestion_gcs_dag']) retrieved from /opt/airflow/dags/fhv_ingestion.py
[2022-06-11 18:55:19,530] {logging_mixin.py:115} INFO - [2022-06-11 18:55:19,530] {dag.py:2379} INFO - Sync 1 DAGs
[2022-06-11 18:55:19,550] {logging_mixin.py:115} INFO - [2022-06-11 18:55:19,550] {dag.py:2927} INFO - Setting next_dagrun for fhvhv_ingestion_gcs_dag to None, run_after=None
[2022-06-11 18:55:19,560] {processor.py:161} INFO - Processing /opt/airflow/dags/fhv_ingestion.py took 0.439 seconds
[2022-06-11 18:55:50,532] {processor.py:153} INFO - Started process (PID=1180) to work on /opt/airflow/dags/fhv_ingestion.py
[2022-06-11 18:55:50,536] {processor.py:641} INFO - Processing file /opt/airflow/dags/fhv_ingestion.py for tasks to queue
[2022-06-11 18:55:50,539] {logging_mixin.py:115} INFO - [2022-06-11 18:55:50,539] {dagbag.py:507} INFO - Filling up the DagBag from /opt/airflow/dags/fhv_ingestion.py
[2022-06-11 18:55:50,900] {processor.py:651} INFO - DAG(s) dict_keys(['fhvhv_ingestion_gcs_dag']) retrieved from /opt/airflow/dags/fhv_ingestion.py
[2022-06-11 18:55:50,930] {logging_mixin.py:115} INFO - [2022-06-11 18:55:50,930] {dag.py:2379} INFO - Sync 1 DAGs
[2022-06-11 18:55:50,949] {logging_mixin.py:115} INFO - [2022-06-11 18:55:50,949] {dag.py:2927} INFO - Setting next_dagrun for fhvhv_ingestion_gcs_dag to None, run_after=None
[2022-06-11 18:55:50,962] {processor.py:161} INFO - Processing /opt/airflow/dags/fhv_ingestion.py took 0.438 seconds
[2022-06-11 18:56:21,755] {processor.py:153} INFO - Started process (PID=1218) to work on /opt/airflow/dags/fhv_ingestion.py
[2022-06-11 18:56:21,762] {processor.py:641} INFO - Processing file /opt/airflow/dags/fhv_ingestion.py for tasks to queue
[2022-06-11 18:56:21,766] {logging_mixin.py:115} INFO - [2022-06-11 18:56:21,766] {dagbag.py:507} INFO - Filling up the DagBag from /opt/airflow/dags/fhv_ingestion.py
[2022-06-11 18:56:22,576] {processor.py:651} INFO - DAG(s) dict_keys(['fhvhv_ingestion_gcs_dag']) retrieved from /opt/airflow/dags/fhv_ingestion.py
[2022-06-11 18:56:22,659] {logging_mixin.py:115} INFO - [2022-06-11 18:56:22,658] {dag.py:2379} INFO - Sync 1 DAGs
[2022-06-11 18:56:22,721] {logging_mixin.py:115} INFO - [2022-06-11 18:56:22,721] {dag.py:2927} INFO - Setting next_dagrun for fhvhv_ingestion_gcs_dag to None, run_after=None
[2022-06-11 18:56:22,748] {processor.py:161} INFO - Processing /opt/airflow/dags/fhv_ingestion.py took 1.048 seconds
[2022-06-11 18:56:52,917] {processor.py:153} INFO - Started process (PID=1249) to work on /opt/airflow/dags/fhv_ingestion.py
[2022-06-11 18:56:52,920] {processor.py:641} INFO - Processing file /opt/airflow/dags/fhv_ingestion.py for tasks to queue
[2022-06-11 18:56:52,923] {logging_mixin.py:115} INFO - [2022-06-11 18:56:52,923] {dagbag.py:507} INFO - Filling up the DagBag from /opt/airflow/dags/fhv_ingestion.py
[2022-06-11 18:56:53,277] {processor.py:651} INFO - DAG(s) dict_keys(['fhvhv_ingestion_gcs_dag']) retrieved from /opt/airflow/dags/fhv_ingestion.py
[2022-06-11 18:56:53,316] {logging_mixin.py:115} INFO - [2022-06-11 18:56:53,316] {dag.py:2379} INFO - Sync 1 DAGs
[2022-06-11 18:56:53,345] {logging_mixin.py:115} INFO - [2022-06-11 18:56:53,345] {dag.py:2927} INFO - Setting next_dagrun for fhvhv_ingestion_gcs_dag to None, run_after=None
[2022-06-11 18:56:53,357] {processor.py:161} INFO - Processing /opt/airflow/dags/fhv_ingestion.py took 0.446 seconds
[2022-06-11 18:58:05,271] {processor.py:153} INFO - Started process (PID=36) to work on /opt/airflow/dags/fhv_ingestion.py
[2022-06-11 18:58:05,274] {processor.py:641} INFO - Processing file /opt/airflow/dags/fhv_ingestion.py for tasks to queue
[2022-06-11 18:58:05,281] {logging_mixin.py:115} INFO - [2022-06-11 18:58:05,278] {dagbag.py:507} INFO - Filling up the DagBag from /opt/airflow/dags/fhv_ingestion.py
[2022-06-11 18:58:05,703] {processor.py:651} INFO - DAG(s) dict_keys(['fhvhv_ingestion_gcs_dag']) retrieved from /opt/airflow/dags/fhv_ingestion.py
[2022-06-11 18:58:05,768] {logging_mixin.py:115} INFO - [2022-06-11 18:58:05,767] {dag.py:2379} INFO - Sync 1 DAGs
[2022-06-11 18:58:05,839] {logging_mixin.py:115} INFO - [2022-06-11 18:58:05,839] {dag.py:2927} INFO - Setting next_dagrun for fhvhv_ingestion_gcs_dag to None, run_after=None
[2022-06-11 18:58:05,881] {processor.py:161} INFO - Processing /opt/airflow/dags/fhv_ingestion.py took 0.615 seconds
[2022-06-11 18:58:36,473] {processor.py:153} INFO - Started process (PID=80) to work on /opt/airflow/dags/fhv_ingestion.py
[2022-06-11 18:58:36,475] {processor.py:641} INFO - Processing file /opt/airflow/dags/fhv_ingestion.py for tasks to queue
[2022-06-11 18:58:36,476] {logging_mixin.py:115} INFO - [2022-06-11 18:58:36,476] {dagbag.py:507} INFO - Filling up the DagBag from /opt/airflow/dags/fhv_ingestion.py
[2022-06-11 18:58:36,769] {processor.py:651} INFO - DAG(s) dict_keys(['fhvhv_ingestion_gcs_dag']) retrieved from /opt/airflow/dags/fhv_ingestion.py
[2022-06-11 18:58:36,797] {logging_mixin.py:115} INFO - [2022-06-11 18:58:36,797] {dag.py:2379} INFO - Sync 1 DAGs
[2022-06-11 18:58:36,816] {logging_mixin.py:115} INFO - [2022-06-11 18:58:36,816] {dag.py:2927} INFO - Setting next_dagrun for fhvhv_ingestion_gcs_dag to None, run_after=None
[2022-06-11 18:58:36,826] {processor.py:161} INFO - Processing /opt/airflow/dags/fhv_ingestion.py took 0.356 seconds
