[2022-06-11 18:42:46,307] {processor.py:153} INFO - Started process (PID=245) to work on /opt/airflow/dags/gcs_to_bq_dag.py
[2022-06-11 18:42:46,309] {processor.py:641} INFO - Processing file /opt/airflow/dags/gcs_to_bq_dag.py for tasks to queue
[2022-06-11 18:42:46,312] {logging_mixin.py:115} INFO - [2022-06-11 18:42:46,312] {dagbag.py:507} INFO - Filling up the DagBag from /opt/airflow/dags/gcs_to_bq_dag.py
[2022-06-11 18:42:46,319] {processor.py:653} WARNING - No viable dags retrieved from /opt/airflow/dags/gcs_to_bq_dag.py
[2022-06-11 18:42:46,346] {processor.py:161} INFO - Processing /opt/airflow/dags/gcs_to_bq_dag.py took 0.044 seconds
[2022-06-11 18:42:56,314] {processor.py:153} INFO - Started process (PID=254) to work on /opt/airflow/dags/gcs_to_bq_dag.py
[2022-06-11 18:42:56,318] {processor.py:641} INFO - Processing file /opt/airflow/dags/gcs_to_bq_dag.py for tasks to queue
[2022-06-11 18:42:56,320] {logging_mixin.py:115} INFO - [2022-06-11 18:42:56,320] {dagbag.py:507} INFO - Filling up the DagBag from /opt/airflow/dags/gcs_to_bq_dag.py
[2022-06-11 18:42:56,331] {processor.py:653} WARNING - No viable dags retrieved from /opt/airflow/dags/gcs_to_bq_dag.py
[2022-06-11 18:42:56,354] {processor.py:161} INFO - Processing /opt/airflow/dags/gcs_to_bq_dag.py took 0.046 seconds
[2022-06-11 18:43:06,420] {processor.py:153} INFO - Started process (PID=266) to work on /opt/airflow/dags/gcs_to_bq_dag.py
[2022-06-11 18:43:06,429] {processor.py:641} INFO - Processing file /opt/airflow/dags/gcs_to_bq_dag.py for tasks to queue
[2022-06-11 18:43:06,433] {logging_mixin.py:115} INFO - [2022-06-11 18:43:06,433] {dagbag.py:507} INFO - Filling up the DagBag from /opt/airflow/dags/gcs_to_bq_dag.py
[2022-06-11 18:43:06,442] {processor.py:653} WARNING - No viable dags retrieved from /opt/airflow/dags/gcs_to_bq_dag.py
[2022-06-11 18:43:06,464] {processor.py:161} INFO - Processing /opt/airflow/dags/gcs_to_bq_dag.py took 0.049 seconds
[2022-06-11 18:43:16,479] {processor.py:153} INFO - Started process (PID=276) to work on /opt/airflow/dags/gcs_to_bq_dag.py
[2022-06-11 18:43:16,482] {processor.py:641} INFO - Processing file /opt/airflow/dags/gcs_to_bq_dag.py for tasks to queue
[2022-06-11 18:43:16,485] {logging_mixin.py:115} INFO - [2022-06-11 18:43:16,485] {dagbag.py:507} INFO - Filling up the DagBag from /opt/airflow/dags/gcs_to_bq_dag.py
[2022-06-11 18:43:16,491] {processor.py:653} WARNING - No viable dags retrieved from /opt/airflow/dags/gcs_to_bq_dag.py
[2022-06-11 18:43:16,521] {processor.py:161} INFO - Processing /opt/airflow/dags/gcs_to_bq_dag.py took 0.054 seconds
[2022-06-11 18:43:26,532] {processor.py:153} INFO - Started process (PID=292) to work on /opt/airflow/dags/gcs_to_bq_dag.py
[2022-06-11 18:43:26,535] {processor.py:641} INFO - Processing file /opt/airflow/dags/gcs_to_bq_dag.py for tasks to queue
[2022-06-11 18:43:26,540] {logging_mixin.py:115} INFO - [2022-06-11 18:43:26,540] {dagbag.py:507} INFO - Filling up the DagBag from /opt/airflow/dags/gcs_to_bq_dag.py
[2022-06-11 18:43:26,573] {processor.py:653} WARNING - No viable dags retrieved from /opt/airflow/dags/gcs_to_bq_dag.py
[2022-06-11 18:43:26,604] {processor.py:161} INFO - Processing /opt/airflow/dags/gcs_to_bq_dag.py took 0.078 seconds
[2022-06-11 18:43:36,595] {processor.py:153} INFO - Started process (PID=303) to work on /opt/airflow/dags/gcs_to_bq_dag.py
[2022-06-11 18:43:36,598] {processor.py:641} INFO - Processing file /opt/airflow/dags/gcs_to_bq_dag.py for tasks to queue
[2022-06-11 18:43:36,603] {logging_mixin.py:115} INFO - [2022-06-11 18:43:36,603] {dagbag.py:507} INFO - Filling up the DagBag from /opt/airflow/dags/gcs_to_bq_dag.py
[2022-06-11 18:43:36,608] {processor.py:653} WARNING - No viable dags retrieved from /opt/airflow/dags/gcs_to_bq_dag.py
[2022-06-11 18:43:36,628] {processor.py:161} INFO - Processing /opt/airflow/dags/gcs_to_bq_dag.py took 0.038 seconds
[2022-06-11 18:43:46,649] {processor.py:153} INFO - Started process (PID=314) to work on /opt/airflow/dags/gcs_to_bq_dag.py
[2022-06-11 18:43:46,652] {processor.py:641} INFO - Processing file /opt/airflow/dags/gcs_to_bq_dag.py for tasks to queue
[2022-06-11 18:43:46,657] {logging_mixin.py:115} INFO - [2022-06-11 18:43:46,656] {dagbag.py:507} INFO - Filling up the DagBag from /opt/airflow/dags/gcs_to_bq_dag.py
[2022-06-11 18:43:46,661] {processor.py:653} WARNING - No viable dags retrieved from /opt/airflow/dags/gcs_to_bq_dag.py
[2022-06-11 18:43:46,674] {processor.py:161} INFO - Processing /opt/airflow/dags/gcs_to_bq_dag.py took 0.029 seconds
[2022-06-11 18:43:56,703] {processor.py:153} INFO - Started process (PID=331) to work on /opt/airflow/dags/gcs_to_bq_dag.py
[2022-06-11 18:43:56,710] {processor.py:641} INFO - Processing file /opt/airflow/dags/gcs_to_bq_dag.py for tasks to queue
[2022-06-11 18:43:56,716] {logging_mixin.py:115} INFO - [2022-06-11 18:43:56,716] {dagbag.py:507} INFO - Filling up the DagBag from /opt/airflow/dags/gcs_to_bq_dag.py
[2022-06-11 18:43:56,738] {processor.py:653} WARNING - No viable dags retrieved from /opt/airflow/dags/gcs_to_bq_dag.py
[2022-06-11 18:43:56,774] {processor.py:161} INFO - Processing /opt/airflow/dags/gcs_to_bq_dag.py took 0.076 seconds
[2022-06-11 18:44:06,751] {processor.py:153} INFO - Started process (PID=342) to work on /opt/airflow/dags/gcs_to_bq_dag.py
[2022-06-11 18:44:06,755] {processor.py:641} INFO - Processing file /opt/airflow/dags/gcs_to_bq_dag.py for tasks to queue
[2022-06-11 18:44:06,758] {logging_mixin.py:115} INFO - [2022-06-11 18:44:06,758] {dagbag.py:507} INFO - Filling up the DagBag from /opt/airflow/dags/gcs_to_bq_dag.py
[2022-06-11 18:44:06,768] {processor.py:653} WARNING - No viable dags retrieved from /opt/airflow/dags/gcs_to_bq_dag.py
[2022-06-11 18:44:06,816] {processor.py:161} INFO - Processing /opt/airflow/dags/gcs_to_bq_dag.py took 0.068 seconds
[2022-06-11 18:44:16,860] {processor.py:153} INFO - Started process (PID=343) to work on /opt/airflow/dags/gcs_to_bq_dag.py
[2022-06-11 18:44:16,864] {processor.py:641} INFO - Processing file /opt/airflow/dags/gcs_to_bq_dag.py for tasks to queue
[2022-06-11 18:44:16,866] {logging_mixin.py:115} INFO - [2022-06-11 18:44:16,865] {dagbag.py:507} INFO - Filling up the DagBag from /opt/airflow/dags/gcs_to_bq_dag.py
[2022-06-11 18:44:16,872] {processor.py:653} WARNING - No viable dags retrieved from /opt/airflow/dags/gcs_to_bq_dag.py
[2022-06-11 18:44:16,895] {processor.py:161} INFO - Processing /opt/airflow/dags/gcs_to_bq_dag.py took 0.044 seconds
[2022-06-11 18:44:26,900] {processor.py:153} INFO - Started process (PID=361) to work on /opt/airflow/dags/gcs_to_bq_dag.py
[2022-06-11 18:44:26,902] {processor.py:641} INFO - Processing file /opt/airflow/dags/gcs_to_bq_dag.py for tasks to queue
[2022-06-11 18:44:26,904] {logging_mixin.py:115} INFO - [2022-06-11 18:44:26,904] {dagbag.py:507} INFO - Filling up the DagBag from /opt/airflow/dags/gcs_to_bq_dag.py
[2022-06-11 18:44:26,909] {processor.py:653} WARNING - No viable dags retrieved from /opt/airflow/dags/gcs_to_bq_dag.py
[2022-06-11 18:44:26,933] {processor.py:161} INFO - Processing /opt/airflow/dags/gcs_to_bq_dag.py took 0.037 seconds
[2022-06-11 18:44:37,035] {processor.py:153} INFO - Started process (PID=374) to work on /opt/airflow/dags/gcs_to_bq_dag.py
[2022-06-11 18:44:37,041] {processor.py:641} INFO - Processing file /opt/airflow/dags/gcs_to_bq_dag.py for tasks to queue
[2022-06-11 18:44:37,043] {logging_mixin.py:115} INFO - [2022-06-11 18:44:37,043] {dagbag.py:507} INFO - Filling up the DagBag from /opt/airflow/dags/gcs_to_bq_dag.py
[2022-06-11 18:44:37,049] {processor.py:653} WARNING - No viable dags retrieved from /opt/airflow/dags/gcs_to_bq_dag.py
[2022-06-11 18:44:37,075] {processor.py:161} INFO - Processing /opt/airflow/dags/gcs_to_bq_dag.py took 0.050 seconds
[2022-06-11 18:44:47,033] {processor.py:153} INFO - Started process (PID=387) to work on /opt/airflow/dags/gcs_to_bq_dag.py
[2022-06-11 18:44:47,035] {processor.py:641} INFO - Processing file /opt/airflow/dags/gcs_to_bq_dag.py for tasks to queue
[2022-06-11 18:44:47,037] {logging_mixin.py:115} INFO - [2022-06-11 18:44:47,037] {dagbag.py:507} INFO - Filling up the DagBag from /opt/airflow/dags/gcs_to_bq_dag.py
[2022-06-11 18:44:47,041] {processor.py:653} WARNING - No viable dags retrieved from /opt/airflow/dags/gcs_to_bq_dag.py
[2022-06-11 18:44:47,056] {processor.py:161} INFO - Processing /opt/airflow/dags/gcs_to_bq_dag.py took 0.027 seconds
[2022-06-11 18:44:57,085] {processor.py:153} INFO - Started process (PID=404) to work on /opt/airflow/dags/gcs_to_bq_dag.py
[2022-06-11 18:44:57,088] {processor.py:641} INFO - Processing file /opt/airflow/dags/gcs_to_bq_dag.py for tasks to queue
[2022-06-11 18:44:57,090] {logging_mixin.py:115} INFO - [2022-06-11 18:44:57,089] {dagbag.py:507} INFO - Filling up the DagBag from /opt/airflow/dags/gcs_to_bq_dag.py
[2022-06-11 18:44:57,094] {processor.py:653} WARNING - No viable dags retrieved from /opt/airflow/dags/gcs_to_bq_dag.py
[2022-06-11 18:44:57,115] {processor.py:161} INFO - Processing /opt/airflow/dags/gcs_to_bq_dag.py took 0.036 seconds
[2022-06-11 18:45:07,162] {processor.py:153} INFO - Started process (PID=417) to work on /opt/airflow/dags/gcs_to_bq_dag.py
[2022-06-11 18:45:07,171] {processor.py:641} INFO - Processing file /opt/airflow/dags/gcs_to_bq_dag.py for tasks to queue
[2022-06-11 18:45:07,176] {logging_mixin.py:115} INFO - [2022-06-11 18:45:07,176] {dagbag.py:507} INFO - Filling up the DagBag from /opt/airflow/dags/gcs_to_bq_dag.py
[2022-06-11 18:45:07,188] {processor.py:653} WARNING - No viable dags retrieved from /opt/airflow/dags/gcs_to_bq_dag.py
[2022-06-11 18:45:07,225] {processor.py:161} INFO - Processing /opt/airflow/dags/gcs_to_bq_dag.py took 0.078 seconds
[2022-06-11 18:45:17,280] {processor.py:153} INFO - Started process (PID=429) to work on /opt/airflow/dags/gcs_to_bq_dag.py
[2022-06-11 18:45:17,303] {processor.py:641} INFO - Processing file /opt/airflow/dags/gcs_to_bq_dag.py for tasks to queue
[2022-06-11 18:45:17,306] {logging_mixin.py:115} INFO - [2022-06-11 18:45:17,306] {dagbag.py:507} INFO - Filling up the DagBag from /opt/airflow/dags/gcs_to_bq_dag.py
[2022-06-11 18:45:17,318] {processor.py:653} WARNING - No viable dags retrieved from /opt/airflow/dags/gcs_to_bq_dag.py
[2022-06-11 18:45:17,346] {processor.py:161} INFO - Processing /opt/airflow/dags/gcs_to_bq_dag.py took 0.118 seconds
[2022-06-11 18:45:27,255] {processor.py:153} INFO - Started process (PID=436) to work on /opt/airflow/dags/gcs_to_bq_dag.py
[2022-06-11 18:45:27,257] {processor.py:641} INFO - Processing file /opt/airflow/dags/gcs_to_bq_dag.py for tasks to queue
[2022-06-11 18:45:27,258] {logging_mixin.py:115} INFO - [2022-06-11 18:45:27,258] {dagbag.py:507} INFO - Filling up the DagBag from /opt/airflow/dags/gcs_to_bq_dag.py
[2022-06-11 18:45:27,261] {processor.py:653} WARNING - No viable dags retrieved from /opt/airflow/dags/gcs_to_bq_dag.py
[2022-06-11 18:45:27,276] {processor.py:161} INFO - Processing /opt/airflow/dags/gcs_to_bq_dag.py took 0.024 seconds
[2022-06-11 18:45:37,366] {processor.py:153} INFO - Started process (PID=447) to work on /opt/airflow/dags/gcs_to_bq_dag.py
[2022-06-11 18:45:37,372] {processor.py:641} INFO - Processing file /opt/airflow/dags/gcs_to_bq_dag.py for tasks to queue
[2022-06-11 18:45:37,374] {logging_mixin.py:115} INFO - [2022-06-11 18:45:37,374] {dagbag.py:507} INFO - Filling up the DagBag from /opt/airflow/dags/gcs_to_bq_dag.py
[2022-06-11 18:45:37,388] {processor.py:653} WARNING - No viable dags retrieved from /opt/airflow/dags/gcs_to_bq_dag.py
[2022-06-11 18:45:37,422] {processor.py:161} INFO - Processing /opt/airflow/dags/gcs_to_bq_dag.py took 0.076 seconds
[2022-06-11 18:45:47,465] {processor.py:153} INFO - Started process (PID=459) to work on /opt/airflow/dags/gcs_to_bq_dag.py
[2022-06-11 18:45:47,473] {processor.py:641} INFO - Processing file /opt/airflow/dags/gcs_to_bq_dag.py for tasks to queue
[2022-06-11 18:45:47,486] {logging_mixin.py:115} INFO - [2022-06-11 18:45:47,484] {dagbag.py:507} INFO - Filling up the DagBag from /opt/airflow/dags/gcs_to_bq_dag.py
[2022-06-11 18:45:47,508] {processor.py:653} WARNING - No viable dags retrieved from /opt/airflow/dags/gcs_to_bq_dag.py
[2022-06-11 18:45:47,569] {processor.py:161} INFO - Processing /opt/airflow/dags/gcs_to_bq_dag.py took 0.154 seconds
[2022-06-11 18:45:57,463] {processor.py:153} INFO - Started process (PID=472) to work on /opt/airflow/dags/gcs_to_bq_dag.py
[2022-06-11 18:45:57,467] {processor.py:641} INFO - Processing file /opt/airflow/dags/gcs_to_bq_dag.py for tasks to queue
[2022-06-11 18:45:57,471] {logging_mixin.py:115} INFO - [2022-06-11 18:45:57,471] {dagbag.py:507} INFO - Filling up the DagBag from /opt/airflow/dags/gcs_to_bq_dag.py
[2022-06-11 18:45:57,499] {processor.py:653} WARNING - No viable dags retrieved from /opt/airflow/dags/gcs_to_bq_dag.py
[2022-06-11 18:45:57,547] {processor.py:161} INFO - Processing /opt/airflow/dags/gcs_to_bq_dag.py took 0.089 seconds
[2022-06-11 18:46:07,536] {processor.py:153} INFO - Started process (PID=490) to work on /opt/airflow/dags/gcs_to_bq_dag.py
[2022-06-11 18:46:07,539] {processor.py:641} INFO - Processing file /opt/airflow/dags/gcs_to_bq_dag.py for tasks to queue
[2022-06-11 18:46:07,542] {logging_mixin.py:115} INFO - [2022-06-11 18:46:07,542] {dagbag.py:507} INFO - Filling up the DagBag from /opt/airflow/dags/gcs_to_bq_dag.py
[2022-06-11 18:46:07,547] {processor.py:653} WARNING - No viable dags retrieved from /opt/airflow/dags/gcs_to_bq_dag.py
[2022-06-11 18:46:07,567] {processor.py:161} INFO - Processing /opt/airflow/dags/gcs_to_bq_dag.py took 0.041 seconds
[2022-06-11 18:46:17,557] {processor.py:153} INFO - Started process (PID=503) to work on /opt/airflow/dags/gcs_to_bq_dag.py
[2022-06-11 18:46:17,563] {processor.py:641} INFO - Processing file /opt/airflow/dags/gcs_to_bq_dag.py for tasks to queue
[2022-06-11 18:46:17,566] {logging_mixin.py:115} INFO - [2022-06-11 18:46:17,566] {dagbag.py:507} INFO - Filling up the DagBag from /opt/airflow/dags/gcs_to_bq_dag.py
[2022-06-11 18:46:17,574] {processor.py:653} WARNING - No viable dags retrieved from /opt/airflow/dags/gcs_to_bq_dag.py
[2022-06-11 18:46:17,599] {processor.py:161} INFO - Processing /opt/airflow/dags/gcs_to_bq_dag.py took 0.047 seconds
[2022-06-11 18:46:27,586] {processor.py:153} INFO - Started process (PID=513) to work on /opt/airflow/dags/gcs_to_bq_dag.py
[2022-06-11 18:46:27,589] {processor.py:641} INFO - Processing file /opt/airflow/dags/gcs_to_bq_dag.py for tasks to queue
[2022-06-11 18:46:27,591] {logging_mixin.py:115} INFO - [2022-06-11 18:46:27,591] {dagbag.py:507} INFO - Filling up the DagBag from /opt/airflow/dags/gcs_to_bq_dag.py
[2022-06-11 18:46:27,596] {processor.py:653} WARNING - No viable dags retrieved from /opt/airflow/dags/gcs_to_bq_dag.py
[2022-06-11 18:46:27,613] {processor.py:161} INFO - Processing /opt/airflow/dags/gcs_to_bq_dag.py took 0.030 seconds
[2022-06-11 18:46:37,647] {processor.py:153} INFO - Started process (PID=532) to work on /opt/airflow/dags/gcs_to_bq_dag.py
[2022-06-11 18:46:37,650] {processor.py:641} INFO - Processing file /opt/airflow/dags/gcs_to_bq_dag.py for tasks to queue
[2022-06-11 18:46:37,652] {logging_mixin.py:115} INFO - [2022-06-11 18:46:37,652] {dagbag.py:507} INFO - Filling up the DagBag from /opt/airflow/dags/gcs_to_bq_dag.py
[2022-06-11 18:46:37,693] {processor.py:653} WARNING - No viable dags retrieved from /opt/airflow/dags/gcs_to_bq_dag.py
[2022-06-11 18:46:37,734] {processor.py:161} INFO - Processing /opt/airflow/dags/gcs_to_bq_dag.py took 0.094 seconds
[2022-06-11 18:46:47,737] {processor.py:153} INFO - Started process (PID=542) to work on /opt/airflow/dags/gcs_to_bq_dag.py
[2022-06-11 18:46:47,742] {processor.py:641} INFO - Processing file /opt/airflow/dags/gcs_to_bq_dag.py for tasks to queue
[2022-06-11 18:46:47,745] {logging_mixin.py:115} INFO - [2022-06-11 18:46:47,744] {dagbag.py:507} INFO - Filling up the DagBag from /opt/airflow/dags/gcs_to_bq_dag.py
[2022-06-11 18:46:47,749] {processor.py:653} WARNING - No viable dags retrieved from /opt/airflow/dags/gcs_to_bq_dag.py
[2022-06-11 18:46:47,767] {processor.py:161} INFO - Processing /opt/airflow/dags/gcs_to_bq_dag.py took 0.044 seconds
[2022-06-11 18:46:57,792] {processor.py:153} INFO - Started process (PID=543) to work on /opt/airflow/dags/gcs_to_bq_dag.py
[2022-06-11 18:46:57,795] {processor.py:641} INFO - Processing file /opt/airflow/dags/gcs_to_bq_dag.py for tasks to queue
[2022-06-11 18:46:57,800] {logging_mixin.py:115} INFO - [2022-06-11 18:46:57,800] {dagbag.py:507} INFO - Filling up the DagBag from /opt/airflow/dags/gcs_to_bq_dag.py
[2022-06-11 18:46:57,811] {processor.py:653} WARNING - No viable dags retrieved from /opt/airflow/dags/gcs_to_bq_dag.py
[2022-06-11 18:46:57,831] {processor.py:161} INFO - Processing /opt/airflow/dags/gcs_to_bq_dag.py took 0.044 seconds
[2022-06-11 18:47:07,854] {processor.py:153} INFO - Started process (PID=560) to work on /opt/airflow/dags/gcs_to_bq_dag.py
[2022-06-11 18:47:07,856] {processor.py:641} INFO - Processing file /opt/airflow/dags/gcs_to_bq_dag.py for tasks to queue
[2022-06-11 18:47:07,858] {logging_mixin.py:115} INFO - [2022-06-11 18:47:07,858] {dagbag.py:507} INFO - Filling up the DagBag from /opt/airflow/dags/gcs_to_bq_dag.py
[2022-06-11 18:47:07,861] {processor.py:653} WARNING - No viable dags retrieved from /opt/airflow/dags/gcs_to_bq_dag.py
[2022-06-11 18:47:07,878] {processor.py:161} INFO - Processing /opt/airflow/dags/gcs_to_bq_dag.py took 0.029 seconds
[2022-06-11 18:47:17,927] {processor.py:153} INFO - Started process (PID=571) to work on /opt/airflow/dags/gcs_to_bq_dag.py
[2022-06-11 18:47:17,930] {processor.py:641} INFO - Processing file /opt/airflow/dags/gcs_to_bq_dag.py for tasks to queue
[2022-06-11 18:47:17,932] {logging_mixin.py:115} INFO - [2022-06-11 18:47:17,932] {dagbag.py:507} INFO - Filling up the DagBag from /opt/airflow/dags/gcs_to_bq_dag.py
[2022-06-11 18:47:17,937] {processor.py:653} WARNING - No viable dags retrieved from /opt/airflow/dags/gcs_to_bq_dag.py
[2022-06-11 18:47:17,957] {processor.py:161} INFO - Processing /opt/airflow/dags/gcs_to_bq_dag.py took 0.034 seconds
[2022-06-11 18:47:28,000] {processor.py:153} INFO - Started process (PID=582) to work on /opt/airflow/dags/gcs_to_bq_dag.py
[2022-06-11 18:47:28,003] {processor.py:641} INFO - Processing file /opt/airflow/dags/gcs_to_bq_dag.py for tasks to queue
[2022-06-11 18:47:28,007] {logging_mixin.py:115} INFO - [2022-06-11 18:47:28,007] {dagbag.py:507} INFO - Filling up the DagBag from /opt/airflow/dags/gcs_to_bq_dag.py
[2022-06-11 18:47:28,012] {processor.py:653} WARNING - No viable dags retrieved from /opt/airflow/dags/gcs_to_bq_dag.py
[2022-06-11 18:47:28,032] {processor.py:161} INFO - Processing /opt/airflow/dags/gcs_to_bq_dag.py took 0.039 seconds
[2022-06-11 18:47:38,049] {processor.py:153} INFO - Started process (PID=599) to work on /opt/airflow/dags/gcs_to_bq_dag.py
[2022-06-11 18:47:38,054] {processor.py:641} INFO - Processing file /opt/airflow/dags/gcs_to_bq_dag.py for tasks to queue
[2022-06-11 18:47:38,057] {logging_mixin.py:115} INFO - [2022-06-11 18:47:38,057] {dagbag.py:507} INFO - Filling up the DagBag from /opt/airflow/dags/gcs_to_bq_dag.py
[2022-06-11 18:47:38,096] {processor.py:653} WARNING - No viable dags retrieved from /opt/airflow/dags/gcs_to_bq_dag.py
[2022-06-11 18:47:38,120] {processor.py:161} INFO - Processing /opt/airflow/dags/gcs_to_bq_dag.py took 0.076 seconds
[2022-06-11 18:47:48,135] {processor.py:153} INFO - Started process (PID=611) to work on /opt/airflow/dags/gcs_to_bq_dag.py
[2022-06-11 18:47:48,138] {processor.py:641} INFO - Processing file /opt/airflow/dags/gcs_to_bq_dag.py for tasks to queue
[2022-06-11 18:47:48,141] {logging_mixin.py:115} INFO - [2022-06-11 18:47:48,141] {dagbag.py:507} INFO - Filling up the DagBag from /opt/airflow/dags/gcs_to_bq_dag.py
[2022-06-11 18:47:48,146] {processor.py:653} WARNING - No viable dags retrieved from /opt/airflow/dags/gcs_to_bq_dag.py
[2022-06-11 18:47:48,169] {processor.py:161} INFO - Processing /opt/airflow/dags/gcs_to_bq_dag.py took 0.042 seconds
[2022-06-11 18:47:58,170] {processor.py:153} INFO - Started process (PID=621) to work on /opt/airflow/dags/gcs_to_bq_dag.py
[2022-06-11 18:47:58,174] {processor.py:641} INFO - Processing file /opt/airflow/dags/gcs_to_bq_dag.py for tasks to queue
[2022-06-11 18:47:58,177] {logging_mixin.py:115} INFO - [2022-06-11 18:47:58,177] {dagbag.py:507} INFO - Filling up the DagBag from /opt/airflow/dags/gcs_to_bq_dag.py
[2022-06-11 18:47:58,194] {processor.py:653} WARNING - No viable dags retrieved from /opt/airflow/dags/gcs_to_bq_dag.py
[2022-06-11 18:47:58,216] {processor.py:161} INFO - Processing /opt/airflow/dags/gcs_to_bq_dag.py took 0.050 seconds
[2022-06-11 18:48:08,239] {processor.py:153} INFO - Started process (PID=641) to work on /opt/airflow/dags/gcs_to_bq_dag.py
[2022-06-11 18:48:08,245] {processor.py:641} INFO - Processing file /opt/airflow/dags/gcs_to_bq_dag.py for tasks to queue
[2022-06-11 18:48:08,254] {logging_mixin.py:115} INFO - [2022-06-11 18:48:08,253] {dagbag.py:507} INFO - Filling up the DagBag from /opt/airflow/dags/gcs_to_bq_dag.py
[2022-06-11 18:48:08,268] {processor.py:653} WARNING - No viable dags retrieved from /opt/airflow/dags/gcs_to_bq_dag.py
[2022-06-11 18:48:08,317] {processor.py:161} INFO - Processing /opt/airflow/dags/gcs_to_bq_dag.py took 0.086 seconds
[2022-06-11 18:48:18,278] {processor.py:153} INFO - Started process (PID=653) to work on /opt/airflow/dags/gcs_to_bq_dag.py
[2022-06-11 18:48:18,283] {processor.py:641} INFO - Processing file /opt/airflow/dags/gcs_to_bq_dag.py for tasks to queue
[2022-06-11 18:48:18,285] {logging_mixin.py:115} INFO - [2022-06-11 18:48:18,285] {dagbag.py:507} INFO - Filling up the DagBag from /opt/airflow/dags/gcs_to_bq_dag.py
[2022-06-11 18:48:18,291] {processor.py:653} WARNING - No viable dags retrieved from /opt/airflow/dags/gcs_to_bq_dag.py
[2022-06-11 18:48:18,311] {processor.py:161} INFO - Processing /opt/airflow/dags/gcs_to_bq_dag.py took 0.038 seconds
[2022-06-11 18:48:28,354] {processor.py:153} INFO - Started process (PID=654) to work on /opt/airflow/dags/gcs_to_bq_dag.py
[2022-06-11 18:48:28,356] {processor.py:641} INFO - Processing file /opt/airflow/dags/gcs_to_bq_dag.py for tasks to queue
[2022-06-11 18:48:28,358] {logging_mixin.py:115} INFO - [2022-06-11 18:48:28,358] {dagbag.py:507} INFO - Filling up the DagBag from /opt/airflow/dags/gcs_to_bq_dag.py
[2022-06-11 18:48:28,362] {processor.py:653} WARNING - No viable dags retrieved from /opt/airflow/dags/gcs_to_bq_dag.py
[2022-06-11 18:48:28,385] {processor.py:161} INFO - Processing /opt/airflow/dags/gcs_to_bq_dag.py took 0.036 seconds
[2022-06-11 18:48:38,389] {processor.py:153} INFO - Started process (PID=671) to work on /opt/airflow/dags/gcs_to_bq_dag.py
[2022-06-11 18:48:38,393] {processor.py:641} INFO - Processing file /opt/airflow/dags/gcs_to_bq_dag.py for tasks to queue
[2022-06-11 18:48:38,397] {logging_mixin.py:115} INFO - [2022-06-11 18:48:38,397] {dagbag.py:507} INFO - Filling up the DagBag from /opt/airflow/dags/gcs_to_bq_dag.py
[2022-06-11 18:48:38,411] {processor.py:653} WARNING - No viable dags retrieved from /opt/airflow/dags/gcs_to_bq_dag.py
[2022-06-11 18:48:38,451] {processor.py:161} INFO - Processing /opt/airflow/dags/gcs_to_bq_dag.py took 0.067 seconds
[2022-06-11 18:48:48,545] {processor.py:153} INFO - Started process (PID=683) to work on /opt/airflow/dags/gcs_to_bq_dag.py
[2022-06-11 18:48:48,548] {processor.py:641} INFO - Processing file /opt/airflow/dags/gcs_to_bq_dag.py for tasks to queue
[2022-06-11 18:48:48,551] {logging_mixin.py:115} INFO - [2022-06-11 18:48:48,550] {dagbag.py:507} INFO - Filling up the DagBag from /opt/airflow/dags/gcs_to_bq_dag.py
[2022-06-11 18:48:48,558] {processor.py:653} WARNING - No viable dags retrieved from /opt/airflow/dags/gcs_to_bq_dag.py
[2022-06-11 18:48:48,579] {processor.py:161} INFO - Processing /opt/airflow/dags/gcs_to_bq_dag.py took 0.040 seconds
[2022-06-11 18:48:58,636] {processor.py:153} INFO - Started process (PID=694) to work on /opt/airflow/dags/gcs_to_bq_dag.py
[2022-06-11 18:48:58,641] {processor.py:641} INFO - Processing file /opt/airflow/dags/gcs_to_bq_dag.py for tasks to queue
[2022-06-11 18:48:58,650] {logging_mixin.py:115} INFO - [2022-06-11 18:48:58,650] {dagbag.py:507} INFO - Filling up the DagBag from /opt/airflow/dags/gcs_to_bq_dag.py
[2022-06-11 18:48:58,665] {processor.py:653} WARNING - No viable dags retrieved from /opt/airflow/dags/gcs_to_bq_dag.py
[2022-06-11 18:48:58,700] {processor.py:161} INFO - Processing /opt/airflow/dags/gcs_to_bq_dag.py took 0.087 seconds
[2022-06-11 18:49:08,705] {processor.py:153} INFO - Started process (PID=711) to work on /opt/airflow/dags/gcs_to_bq_dag.py
[2022-06-11 18:49:08,709] {processor.py:641} INFO - Processing file /opt/airflow/dags/gcs_to_bq_dag.py for tasks to queue
[2022-06-11 18:49:08,711] {logging_mixin.py:115} INFO - [2022-06-11 18:49:08,710] {dagbag.py:507} INFO - Filling up the DagBag from /opt/airflow/dags/gcs_to_bq_dag.py
[2022-06-11 18:49:08,715] {processor.py:653} WARNING - No viable dags retrieved from /opt/airflow/dags/gcs_to_bq_dag.py
[2022-06-11 18:49:08,736] {processor.py:161} INFO - Processing /opt/airflow/dags/gcs_to_bq_dag.py took 0.039 seconds
[2022-06-11 18:49:18,740] {processor.py:153} INFO - Started process (PID=722) to work on /opt/airflow/dags/gcs_to_bq_dag.py
[2022-06-11 18:49:18,747] {processor.py:641} INFO - Processing file /opt/airflow/dags/gcs_to_bq_dag.py for tasks to queue
[2022-06-11 18:49:18,752] {logging_mixin.py:115} INFO - [2022-06-11 18:49:18,751] {dagbag.py:507} INFO - Filling up the DagBag from /opt/airflow/dags/gcs_to_bq_dag.py
[2022-06-11 18:49:18,761] {processor.py:653} WARNING - No viable dags retrieved from /opt/airflow/dags/gcs_to_bq_dag.py
[2022-06-11 18:49:18,798] {processor.py:161} INFO - Processing /opt/airflow/dags/gcs_to_bq_dag.py took 0.075 seconds
[2022-06-11 18:49:28,781] {processor.py:153} INFO - Started process (PID=735) to work on /opt/airflow/dags/gcs_to_bq_dag.py
[2022-06-11 18:49:28,786] {processor.py:641} INFO - Processing file /opt/airflow/dags/gcs_to_bq_dag.py for tasks to queue
[2022-06-11 18:49:28,790] {logging_mixin.py:115} INFO - [2022-06-11 18:49:28,790] {dagbag.py:507} INFO - Filling up the DagBag from /opt/airflow/dags/gcs_to_bq_dag.py
[2022-06-11 18:49:28,799] {processor.py:653} WARNING - No viable dags retrieved from /opt/airflow/dags/gcs_to_bq_dag.py
[2022-06-11 18:49:28,848] {processor.py:161} INFO - Processing /opt/airflow/dags/gcs_to_bq_dag.py took 0.075 seconds
[2022-06-11 18:49:38,915] {processor.py:153} INFO - Started process (PID=749) to work on /opt/airflow/dags/gcs_to_bq_dag.py
[2022-06-11 18:49:38,922] {processor.py:641} INFO - Processing file /opt/airflow/dags/gcs_to_bq_dag.py for tasks to queue
[2022-06-11 18:49:38,929] {logging_mixin.py:115} INFO - [2022-06-11 18:49:38,929] {dagbag.py:507} INFO - Filling up the DagBag from /opt/airflow/dags/gcs_to_bq_dag.py
[2022-06-11 18:49:38,943] {processor.py:653} WARNING - No viable dags retrieved from /opt/airflow/dags/gcs_to_bq_dag.py
[2022-06-11 18:49:38,980] {processor.py:161} INFO - Processing /opt/airflow/dags/gcs_to_bq_dag.py took 0.075 seconds
[2022-06-11 18:49:48,995] {processor.py:153} INFO - Started process (PID=752) to work on /opt/airflow/dags/gcs_to_bq_dag.py
[2022-06-11 18:49:48,997] {processor.py:641} INFO - Processing file /opt/airflow/dags/gcs_to_bq_dag.py for tasks to queue
[2022-06-11 18:49:48,999] {logging_mixin.py:115} INFO - [2022-06-11 18:49:48,999] {dagbag.py:507} INFO - Filling up the DagBag from /opt/airflow/dags/gcs_to_bq_dag.py
[2022-06-11 18:49:49,003] {processor.py:653} WARNING - No viable dags retrieved from /opt/airflow/dags/gcs_to_bq_dag.py
[2022-06-11 18:49:49,020] {processor.py:161} INFO - Processing /opt/airflow/dags/gcs_to_bq_dag.py took 0.029 seconds
[2022-06-11 18:49:59,060] {processor.py:153} INFO - Started process (PID=763) to work on /opt/airflow/dags/gcs_to_bq_dag.py
[2022-06-11 18:49:59,064] {processor.py:641} INFO - Processing file /opt/airflow/dags/gcs_to_bq_dag.py for tasks to queue
[2022-06-11 18:49:59,066] {logging_mixin.py:115} INFO - [2022-06-11 18:49:59,066] {dagbag.py:507} INFO - Filling up the DagBag from /opt/airflow/dags/gcs_to_bq_dag.py
[2022-06-11 18:49:59,075] {processor.py:653} WARNING - No viable dags retrieved from /opt/airflow/dags/gcs_to_bq_dag.py
[2022-06-11 18:49:59,099] {processor.py:161} INFO - Processing /opt/airflow/dags/gcs_to_bq_dag.py took 0.044 seconds
[2022-06-11 18:50:09,131] {processor.py:153} INFO - Started process (PID=779) to work on /opt/airflow/dags/gcs_to_bq_dag.py
[2022-06-11 18:50:09,138] {processor.py:641} INFO - Processing file /opt/airflow/dags/gcs_to_bq_dag.py for tasks to queue
[2022-06-11 18:50:09,141] {logging_mixin.py:115} INFO - [2022-06-11 18:50:09,141] {dagbag.py:507} INFO - Filling up the DagBag from /opt/airflow/dags/gcs_to_bq_dag.py
[2022-06-11 18:50:09,146] {processor.py:653} WARNING - No viable dags retrieved from /opt/airflow/dags/gcs_to_bq_dag.py
[2022-06-11 18:50:09,172] {processor.py:161} INFO - Processing /opt/airflow/dags/gcs_to_bq_dag.py took 0.046 seconds
[2022-06-11 18:50:19,213] {processor.py:153} INFO - Started process (PID=789) to work on /opt/airflow/dags/gcs_to_bq_dag.py
[2022-06-11 18:50:19,217] {processor.py:641} INFO - Processing file /opt/airflow/dags/gcs_to_bq_dag.py for tasks to queue
[2022-06-11 18:50:19,220] {logging_mixin.py:115} INFO - [2022-06-11 18:50:19,220] {dagbag.py:507} INFO - Filling up the DagBag from /opt/airflow/dags/gcs_to_bq_dag.py
[2022-06-11 18:50:19,227] {processor.py:653} WARNING - No viable dags retrieved from /opt/airflow/dags/gcs_to_bq_dag.py
[2022-06-11 18:50:19,246] {processor.py:161} INFO - Processing /opt/airflow/dags/gcs_to_bq_dag.py took 0.040 seconds
[2022-06-11 18:50:29,281] {processor.py:153} INFO - Started process (PID=799) to work on /opt/airflow/dags/gcs_to_bq_dag.py
[2022-06-11 18:50:29,285] {processor.py:641} INFO - Processing file /opt/airflow/dags/gcs_to_bq_dag.py for tasks to queue
[2022-06-11 18:50:29,287] {logging_mixin.py:115} INFO - [2022-06-11 18:50:29,287] {dagbag.py:507} INFO - Filling up the DagBag from /opt/airflow/dags/gcs_to_bq_dag.py
[2022-06-11 18:50:29,292] {processor.py:653} WARNING - No viable dags retrieved from /opt/airflow/dags/gcs_to_bq_dag.py
[2022-06-11 18:50:29,312] {processor.py:161} INFO - Processing /opt/airflow/dags/gcs_to_bq_dag.py took 0.037 seconds
[2022-06-11 18:50:39,321] {processor.py:153} INFO - Started process (PID=816) to work on /opt/airflow/dags/gcs_to_bq_dag.py
[2022-06-11 18:50:39,323] {processor.py:641} INFO - Processing file /opt/airflow/dags/gcs_to_bq_dag.py for tasks to queue
[2022-06-11 18:50:39,325] {logging_mixin.py:115} INFO - [2022-06-11 18:50:39,324] {dagbag.py:507} INFO - Filling up the DagBag from /opt/airflow/dags/gcs_to_bq_dag.py
[2022-06-11 18:50:39,328] {processor.py:653} WARNING - No viable dags retrieved from /opt/airflow/dags/gcs_to_bq_dag.py
[2022-06-11 18:50:39,364] {processor.py:161} INFO - Processing /opt/airflow/dags/gcs_to_bq_dag.py took 0.046 seconds
[2022-06-11 18:50:49,384] {processor.py:153} INFO - Started process (PID=826) to work on /opt/airflow/dags/gcs_to_bq_dag.py
[2022-06-11 18:50:49,391] {processor.py:641} INFO - Processing file /opt/airflow/dags/gcs_to_bq_dag.py for tasks to queue
[2022-06-11 18:50:49,394] {logging_mixin.py:115} INFO - [2022-06-11 18:50:49,394] {dagbag.py:507} INFO - Filling up the DagBag from /opt/airflow/dags/gcs_to_bq_dag.py
[2022-06-11 18:50:49,398] {processor.py:653} WARNING - No viable dags retrieved from /opt/airflow/dags/gcs_to_bq_dag.py
[2022-06-11 18:50:49,419] {processor.py:161} INFO - Processing /opt/airflow/dags/gcs_to_bq_dag.py took 0.043 seconds
[2022-06-11 18:50:59,548] {processor.py:153} INFO - Started process (PID=837) to work on /opt/airflow/dags/gcs_to_bq_dag.py
[2022-06-11 18:50:59,551] {processor.py:641} INFO - Processing file /opt/airflow/dags/gcs_to_bq_dag.py for tasks to queue
[2022-06-11 18:50:59,554] {logging_mixin.py:115} INFO - [2022-06-11 18:50:59,554] {dagbag.py:507} INFO - Filling up the DagBag from /opt/airflow/dags/gcs_to_bq_dag.py
[2022-06-11 18:50:59,564] {processor.py:653} WARNING - No viable dags retrieved from /opt/airflow/dags/gcs_to_bq_dag.py
[2022-06-11 18:50:59,596] {processor.py:161} INFO - Processing /opt/airflow/dags/gcs_to_bq_dag.py took 0.056 seconds
[2022-06-11 18:51:09,487] {processor.py:153} INFO - Started process (PID=838) to work on /opt/airflow/dags/gcs_to_bq_dag.py
[2022-06-11 18:51:09,492] {processor.py:641} INFO - Processing file /opt/airflow/dags/gcs_to_bq_dag.py for tasks to queue
[2022-06-11 18:51:09,494] {logging_mixin.py:115} INFO - [2022-06-11 18:51:09,494] {dagbag.py:507} INFO - Filling up the DagBag from /opt/airflow/dags/gcs_to_bq_dag.py
[2022-06-11 18:51:09,499] {processor.py:653} WARNING - No viable dags retrieved from /opt/airflow/dags/gcs_to_bq_dag.py
[2022-06-11 18:51:09,525] {processor.py:161} INFO - Processing /opt/airflow/dags/gcs_to_bq_dag.py took 0.045 seconds
[2022-06-11 18:51:19,524] {processor.py:153} INFO - Started process (PID=854) to work on /opt/airflow/dags/gcs_to_bq_dag.py
[2022-06-11 18:51:19,528] {processor.py:641} INFO - Processing file /opt/airflow/dags/gcs_to_bq_dag.py for tasks to queue
[2022-06-11 18:51:19,530] {logging_mixin.py:115} INFO - [2022-06-11 18:51:19,530] {dagbag.py:507} INFO - Filling up the DagBag from /opt/airflow/dags/gcs_to_bq_dag.py
[2022-06-11 18:51:19,534] {processor.py:653} WARNING - No viable dags retrieved from /opt/airflow/dags/gcs_to_bq_dag.py
[2022-06-11 18:51:19,554] {processor.py:161} INFO - Processing /opt/airflow/dags/gcs_to_bq_dag.py took 0.036 seconds
[2022-06-11 18:51:29,568] {processor.py:153} INFO - Started process (PID=865) to work on /opt/airflow/dags/gcs_to_bq_dag.py
[2022-06-11 18:51:29,572] {processor.py:641} INFO - Processing file /opt/airflow/dags/gcs_to_bq_dag.py for tasks to queue
[2022-06-11 18:51:29,574] {logging_mixin.py:115} INFO - [2022-06-11 18:51:29,574] {dagbag.py:507} INFO - Filling up the DagBag from /opt/airflow/dags/gcs_to_bq_dag.py
[2022-06-11 18:51:29,580] {processor.py:653} WARNING - No viable dags retrieved from /opt/airflow/dags/gcs_to_bq_dag.py
[2022-06-11 18:51:29,615] {processor.py:161} INFO - Processing /opt/airflow/dags/gcs_to_bq_dag.py took 0.051 seconds
[2022-06-11 18:51:39,633] {processor.py:153} INFO - Started process (PID=877) to work on /opt/airflow/dags/gcs_to_bq_dag.py
[2022-06-11 18:51:39,637] {processor.py:641} INFO - Processing file /opt/airflow/dags/gcs_to_bq_dag.py for tasks to queue
[2022-06-11 18:51:39,640] {logging_mixin.py:115} INFO - [2022-06-11 18:51:39,640] {dagbag.py:507} INFO - Filling up the DagBag from /opt/airflow/dags/gcs_to_bq_dag.py
[2022-06-11 18:51:39,644] {processor.py:653} WARNING - No viable dags retrieved from /opt/airflow/dags/gcs_to_bq_dag.py
[2022-06-11 18:51:39,661] {processor.py:161} INFO - Processing /opt/airflow/dags/gcs_to_bq_dag.py took 0.033 seconds
[2022-06-11 18:51:49,682] {processor.py:153} INFO - Started process (PID=895) to work on /opt/airflow/dags/gcs_to_bq_dag.py
[2022-06-11 18:51:49,685] {processor.py:641} INFO - Processing file /opt/airflow/dags/gcs_to_bq_dag.py for tasks to queue
[2022-06-11 18:51:49,686] {logging_mixin.py:115} INFO - [2022-06-11 18:51:49,686] {dagbag.py:507} INFO - Filling up the DagBag from /opt/airflow/dags/gcs_to_bq_dag.py
[2022-06-11 18:51:49,714] {processor.py:653} WARNING - No viable dags retrieved from /opt/airflow/dags/gcs_to_bq_dag.py
[2022-06-11 18:51:49,735] {processor.py:161} INFO - Processing /opt/airflow/dags/gcs_to_bq_dag.py took 0.058 seconds
[2022-06-11 18:51:59,760] {processor.py:153} INFO - Started process (PID=905) to work on /opt/airflow/dags/gcs_to_bq_dag.py
[2022-06-11 18:51:59,763] {processor.py:641} INFO - Processing file /opt/airflow/dags/gcs_to_bq_dag.py for tasks to queue
[2022-06-11 18:51:59,765] {logging_mixin.py:115} INFO - [2022-06-11 18:51:59,765] {dagbag.py:507} INFO - Filling up the DagBag from /opt/airflow/dags/gcs_to_bq_dag.py
[2022-06-11 18:51:59,769] {processor.py:653} WARNING - No viable dags retrieved from /opt/airflow/dags/gcs_to_bq_dag.py
[2022-06-11 18:51:59,787] {processor.py:161} INFO - Processing /opt/airflow/dags/gcs_to_bq_dag.py took 0.032 seconds
[2022-06-11 18:52:09,840] {processor.py:153} INFO - Started process (PID=917) to work on /opt/airflow/dags/gcs_to_bq_dag.py
[2022-06-11 18:52:09,845] {processor.py:641} INFO - Processing file /opt/airflow/dags/gcs_to_bq_dag.py for tasks to queue
[2022-06-11 18:52:09,850] {logging_mixin.py:115} INFO - [2022-06-11 18:52:09,850] {dagbag.py:507} INFO - Filling up the DagBag from /opt/airflow/dags/gcs_to_bq_dag.py
[2022-06-11 18:52:09,857] {processor.py:653} WARNING - No viable dags retrieved from /opt/airflow/dags/gcs_to_bq_dag.py
[2022-06-11 18:52:09,879] {processor.py:161} INFO - Processing /opt/airflow/dags/gcs_to_bq_dag.py took 0.047 seconds
[2022-06-11 18:52:20,352] {processor.py:153} INFO - Started process (PID=934) to work on /opt/airflow/dags/gcs_to_bq_dag.py
[2022-06-11 18:52:20,359] {processor.py:641} INFO - Processing file /opt/airflow/dags/gcs_to_bq_dag.py for tasks to queue
[2022-06-11 18:52:20,365] {logging_mixin.py:115} INFO - [2022-06-11 18:52:20,364] {dagbag.py:507} INFO - Filling up the DagBag from /opt/airflow/dags/gcs_to_bq_dag.py
[2022-06-11 18:52:20,374] {processor.py:653} WARNING - No viable dags retrieved from /opt/airflow/dags/gcs_to_bq_dag.py
[2022-06-11 18:52:20,438] {processor.py:161} INFO - Processing /opt/airflow/dags/gcs_to_bq_dag.py took 0.112 seconds
[2022-06-11 18:52:30,160] {processor.py:153} INFO - Started process (PID=935) to work on /opt/airflow/dags/gcs_to_bq_dag.py
[2022-06-11 18:52:30,162] {processor.py:641} INFO - Processing file /opt/airflow/dags/gcs_to_bq_dag.py for tasks to queue
[2022-06-11 18:52:30,165] {logging_mixin.py:115} INFO - [2022-06-11 18:52:30,165] {dagbag.py:507} INFO - Filling up the DagBag from /opt/airflow/dags/gcs_to_bq_dag.py
[2022-06-11 18:52:30,172] {processor.py:653} WARNING - No viable dags retrieved from /opt/airflow/dags/gcs_to_bq_dag.py
[2022-06-11 18:52:30,201] {processor.py:161} INFO - Processing /opt/airflow/dags/gcs_to_bq_dag.py took 0.048 seconds
[2022-06-11 18:52:40,150] {processor.py:153} INFO - Started process (PID=945) to work on /opt/airflow/dags/gcs_to_bq_dag.py
[2022-06-11 18:52:40,152] {processor.py:641} INFO - Processing file /opt/airflow/dags/gcs_to_bq_dag.py for tasks to queue
[2022-06-11 18:52:40,154] {logging_mixin.py:115} INFO - [2022-06-11 18:52:40,154] {dagbag.py:507} INFO - Filling up the DagBag from /opt/airflow/dags/gcs_to_bq_dag.py
[2022-06-11 18:52:40,158] {processor.py:653} WARNING - No viable dags retrieved from /opt/airflow/dags/gcs_to_bq_dag.py
[2022-06-11 18:52:40,175] {processor.py:161} INFO - Processing /opt/airflow/dags/gcs_to_bq_dag.py took 0.032 seconds
[2022-06-11 18:52:50,220] {processor.py:153} INFO - Started process (PID=965) to work on /opt/airflow/dags/gcs_to_bq_dag.py
[2022-06-11 18:52:50,223] {processor.py:641} INFO - Processing file /opt/airflow/dags/gcs_to_bq_dag.py for tasks to queue
[2022-06-11 18:52:50,229] {logging_mixin.py:115} INFO - [2022-06-11 18:52:50,227] {dagbag.py:507} INFO - Filling up the DagBag from /opt/airflow/dags/gcs_to_bq_dag.py
[2022-06-11 18:52:50,253] {processor.py:653} WARNING - No viable dags retrieved from /opt/airflow/dags/gcs_to_bq_dag.py
[2022-06-11 18:52:50,294] {processor.py:161} INFO - Processing /opt/airflow/dags/gcs_to_bq_dag.py took 0.079 seconds
[2022-06-11 18:53:00,219] {processor.py:153} INFO - Started process (PID=976) to work on /opt/airflow/dags/gcs_to_bq_dag.py
[2022-06-11 18:53:00,223] {processor.py:641} INFO - Processing file /opt/airflow/dags/gcs_to_bq_dag.py for tasks to queue
[2022-06-11 18:53:00,225] {logging_mixin.py:115} INFO - [2022-06-11 18:53:00,225] {dagbag.py:507} INFO - Filling up the DagBag from /opt/airflow/dags/gcs_to_bq_dag.py
[2022-06-11 18:53:00,229] {processor.py:653} WARNING - No viable dags retrieved from /opt/airflow/dags/gcs_to_bq_dag.py
[2022-06-11 18:53:00,243] {processor.py:161} INFO - Processing /opt/airflow/dags/gcs_to_bq_dag.py took 0.027 seconds
[2022-06-11 18:53:10,307] {processor.py:153} INFO - Started process (PID=987) to work on /opt/airflow/dags/gcs_to_bq_dag.py
[2022-06-11 18:53:10,310] {processor.py:641} INFO - Processing file /opt/airflow/dags/gcs_to_bq_dag.py for tasks to queue
[2022-06-11 18:53:10,312] {logging_mixin.py:115} INFO - [2022-06-11 18:53:10,312] {dagbag.py:507} INFO - Filling up the DagBag from /opt/airflow/dags/gcs_to_bq_dag.py
[2022-06-11 18:53:10,320] {processor.py:653} WARNING - No viable dags retrieved from /opt/airflow/dags/gcs_to_bq_dag.py
[2022-06-11 18:53:10,336] {processor.py:161} INFO - Processing /opt/airflow/dags/gcs_to_bq_dag.py took 0.036 seconds
[2022-06-11 18:53:20,418] {processor.py:153} INFO - Started process (PID=1004) to work on /opt/airflow/dags/gcs_to_bq_dag.py
[2022-06-11 18:53:20,421] {processor.py:641} INFO - Processing file /opt/airflow/dags/gcs_to_bq_dag.py for tasks to queue
[2022-06-11 18:53:20,423] {logging_mixin.py:115} INFO - [2022-06-11 18:53:20,423] {dagbag.py:507} INFO - Filling up the DagBag from /opt/airflow/dags/gcs_to_bq_dag.py
[2022-06-11 18:53:20,428] {processor.py:653} WARNING - No viable dags retrieved from /opt/airflow/dags/gcs_to_bq_dag.py
[2022-06-11 18:53:20,449] {processor.py:161} INFO - Processing /opt/airflow/dags/gcs_to_bq_dag.py took 0.038 seconds
[2022-06-11 18:53:30,524] {processor.py:153} INFO - Started process (PID=1016) to work on /opt/airflow/dags/gcs_to_bq_dag.py
[2022-06-11 18:53:30,528] {processor.py:641} INFO - Processing file /opt/airflow/dags/gcs_to_bq_dag.py for tasks to queue
[2022-06-11 18:53:30,533] {logging_mixin.py:115} INFO - [2022-06-11 18:53:30,533] {dagbag.py:507} INFO - Filling up the DagBag from /opt/airflow/dags/gcs_to_bq_dag.py
[2022-06-11 18:53:30,546] {processor.py:653} WARNING - No viable dags retrieved from /opt/airflow/dags/gcs_to_bq_dag.py
[2022-06-11 18:53:30,606] {processor.py:161} INFO - Processing /opt/airflow/dags/gcs_to_bq_dag.py took 0.095 seconds
[2022-06-11 18:53:40,512] {processor.py:153} INFO - Started process (PID=1017) to work on /opt/airflow/dags/gcs_to_bq_dag.py
[2022-06-11 18:53:40,514] {processor.py:641} INFO - Processing file /opt/airflow/dags/gcs_to_bq_dag.py for tasks to queue
[2022-06-11 18:53:40,516] {logging_mixin.py:115} INFO - [2022-06-11 18:53:40,515] {dagbag.py:507} INFO - Filling up the DagBag from /opt/airflow/dags/gcs_to_bq_dag.py
[2022-06-11 18:53:40,519] {processor.py:653} WARNING - No viable dags retrieved from /opt/airflow/dags/gcs_to_bq_dag.py
[2022-06-11 18:53:40,536] {processor.py:161} INFO - Processing /opt/airflow/dags/gcs_to_bq_dag.py took 0.029 seconds
[2022-06-11 18:53:50,610] {processor.py:153} INFO - Started process (PID=1034) to work on /opt/airflow/dags/gcs_to_bq_dag.py
[2022-06-11 18:53:50,616] {processor.py:641} INFO - Processing file /opt/airflow/dags/gcs_to_bq_dag.py for tasks to queue
[2022-06-11 18:53:50,621] {logging_mixin.py:115} INFO - [2022-06-11 18:53:50,620] {dagbag.py:507} INFO - Filling up the DagBag from /opt/airflow/dags/gcs_to_bq_dag.py
[2022-06-11 18:53:50,628] {processor.py:653} WARNING - No viable dags retrieved from /opt/airflow/dags/gcs_to_bq_dag.py
[2022-06-11 18:53:50,652] {processor.py:161} INFO - Processing /opt/airflow/dags/gcs_to_bq_dag.py took 0.052 seconds
[2022-06-11 18:54:00,661] {processor.py:153} INFO - Started process (PID=1045) to work on /opt/airflow/dags/gcs_to_bq_dag.py
[2022-06-11 18:54:00,664] {processor.py:641} INFO - Processing file /opt/airflow/dags/gcs_to_bq_dag.py for tasks to queue
[2022-06-11 18:54:00,666] {logging_mixin.py:115} INFO - [2022-06-11 18:54:00,665] {dagbag.py:507} INFO - Filling up the DagBag from /opt/airflow/dags/gcs_to_bq_dag.py
[2022-06-11 18:54:00,670] {processor.py:653} WARNING - No viable dags retrieved from /opt/airflow/dags/gcs_to_bq_dag.py
[2022-06-11 18:54:00,687] {processor.py:161} INFO - Processing /opt/airflow/dags/gcs_to_bq_dag.py took 0.031 seconds
[2022-06-11 18:54:10,720] {processor.py:153} INFO - Started process (PID=1055) to work on /opt/airflow/dags/gcs_to_bq_dag.py
[2022-06-11 18:54:10,723] {processor.py:641} INFO - Processing file /opt/airflow/dags/gcs_to_bq_dag.py for tasks to queue
[2022-06-11 18:54:10,724] {logging_mixin.py:115} INFO - [2022-06-11 18:54:10,724] {dagbag.py:507} INFO - Filling up the DagBag from /opt/airflow/dags/gcs_to_bq_dag.py
[2022-06-11 18:54:10,728] {processor.py:653} WARNING - No viable dags retrieved from /opt/airflow/dags/gcs_to_bq_dag.py
[2022-06-11 18:54:10,744] {processor.py:161} INFO - Processing /opt/airflow/dags/gcs_to_bq_dag.py took 0.029 seconds
[2022-06-11 18:54:20,808] {processor.py:153} INFO - Started process (PID=1071) to work on /opt/airflow/dags/gcs_to_bq_dag.py
[2022-06-11 18:54:20,811] {processor.py:641} INFO - Processing file /opt/airflow/dags/gcs_to_bq_dag.py for tasks to queue
[2022-06-11 18:54:20,814] {logging_mixin.py:115} INFO - [2022-06-11 18:54:20,814] {dagbag.py:507} INFO - Filling up the DagBag from /opt/airflow/dags/gcs_to_bq_dag.py
[2022-06-11 18:54:20,818] {processor.py:653} WARNING - No viable dags retrieved from /opt/airflow/dags/gcs_to_bq_dag.py
[2022-06-11 18:54:20,841] {processor.py:161} INFO - Processing /opt/airflow/dags/gcs_to_bq_dag.py took 0.037 seconds
[2022-06-11 18:54:30,874] {processor.py:153} INFO - Started process (PID=1082) to work on /opt/airflow/dags/gcs_to_bq_dag.py
[2022-06-11 18:54:30,878] {processor.py:641} INFO - Processing file /opt/airflow/dags/gcs_to_bq_dag.py for tasks to queue
[2022-06-11 18:54:30,882] {logging_mixin.py:115} INFO - [2022-06-11 18:54:30,882] {dagbag.py:507} INFO - Filling up the DagBag from /opt/airflow/dags/gcs_to_bq_dag.py
[2022-06-11 18:54:30,889] {processor.py:653} WARNING - No viable dags retrieved from /opt/airflow/dags/gcs_to_bq_dag.py
[2022-06-11 18:54:30,908] {processor.py:161} INFO - Processing /opt/airflow/dags/gcs_to_bq_dag.py took 0.044 seconds
[2022-06-11 18:54:40,864] {processor.py:153} INFO - Started process (PID=1095) to work on /opt/airflow/dags/gcs_to_bq_dag.py
[2022-06-11 18:54:40,867] {processor.py:641} INFO - Processing file /opt/airflow/dags/gcs_to_bq_dag.py for tasks to queue
[2022-06-11 18:54:40,870] {logging_mixin.py:115} INFO - [2022-06-11 18:54:40,870] {dagbag.py:507} INFO - Filling up the DagBag from /opt/airflow/dags/gcs_to_bq_dag.py
[2022-06-11 18:54:40,877] {processor.py:653} WARNING - No viable dags retrieved from /opt/airflow/dags/gcs_to_bq_dag.py
[2022-06-11 18:54:40,936] {processor.py:161} INFO - Processing /opt/airflow/dags/gcs_to_bq_dag.py took 0.076 seconds
[2022-06-11 18:54:50,958] {processor.py:153} INFO - Started process (PID=1115) to work on /opt/airflow/dags/gcs_to_bq_dag.py
[2022-06-11 18:54:50,960] {processor.py:641} INFO - Processing file /opt/airflow/dags/gcs_to_bq_dag.py for tasks to queue
[2022-06-11 18:54:50,962] {logging_mixin.py:115} INFO - [2022-06-11 18:54:50,961] {dagbag.py:507} INFO - Filling up the DagBag from /opt/airflow/dags/gcs_to_bq_dag.py
[2022-06-11 18:54:50,965] {processor.py:653} WARNING - No viable dags retrieved from /opt/airflow/dags/gcs_to_bq_dag.py
[2022-06-11 18:54:50,979] {processor.py:161} INFO - Processing /opt/airflow/dags/gcs_to_bq_dag.py took 0.025 seconds
[2022-06-11 18:55:01,040] {processor.py:153} INFO - Started process (PID=1126) to work on /opt/airflow/dags/gcs_to_bq_dag.py
[2022-06-11 18:55:01,047] {processor.py:641} INFO - Processing file /opt/airflow/dags/gcs_to_bq_dag.py for tasks to queue
[2022-06-11 18:55:01,052] {logging_mixin.py:115} INFO - [2022-06-11 18:55:01,052] {dagbag.py:507} INFO - Filling up the DagBag from /opt/airflow/dags/gcs_to_bq_dag.py
[2022-06-11 18:55:01,060] {processor.py:653} WARNING - No viable dags retrieved from /opt/airflow/dags/gcs_to_bq_dag.py
[2022-06-11 18:55:01,077] {processor.py:161} INFO - Processing /opt/airflow/dags/gcs_to_bq_dag.py took 0.064 seconds
[2022-06-11 18:55:11,083] {processor.py:153} INFO - Started process (PID=1127) to work on /opt/airflow/dags/gcs_to_bq_dag.py
[2022-06-11 18:55:11,086] {processor.py:641} INFO - Processing file /opt/airflow/dags/gcs_to_bq_dag.py for tasks to queue
[2022-06-11 18:55:11,088] {logging_mixin.py:115} INFO - [2022-06-11 18:55:11,087] {dagbag.py:507} INFO - Filling up the DagBag from /opt/airflow/dags/gcs_to_bq_dag.py
[2022-06-11 18:55:11,091] {processor.py:653} WARNING - No viable dags retrieved from /opt/airflow/dags/gcs_to_bq_dag.py
[2022-06-11 18:55:11,105] {processor.py:161} INFO - Processing /opt/airflow/dags/gcs_to_bq_dag.py took 0.027 seconds
[2022-06-11 18:55:21,162] {processor.py:153} INFO - Started process (PID=1144) to work on /opt/airflow/dags/gcs_to_bq_dag.py
[2022-06-11 18:55:21,164] {processor.py:641} INFO - Processing file /opt/airflow/dags/gcs_to_bq_dag.py for tasks to queue
[2022-06-11 18:55:21,166] {logging_mixin.py:115} INFO - [2022-06-11 18:55:21,166] {dagbag.py:507} INFO - Filling up the DagBag from /opt/airflow/dags/gcs_to_bq_dag.py
[2022-06-11 18:55:21,173] {processor.py:653} WARNING - No viable dags retrieved from /opt/airflow/dags/gcs_to_bq_dag.py
[2022-06-11 18:55:21,216] {processor.py:161} INFO - Processing /opt/airflow/dags/gcs_to_bq_dag.py took 0.059 seconds
[2022-06-11 18:55:31,312] {processor.py:153} INFO - Started process (PID=1158) to work on /opt/airflow/dags/gcs_to_bq_dag.py
[2022-06-11 18:55:31,314] {processor.py:641} INFO - Processing file /opt/airflow/dags/gcs_to_bq_dag.py for tasks to queue
[2022-06-11 18:55:31,316] {logging_mixin.py:115} INFO - [2022-06-11 18:55:31,316] {dagbag.py:507} INFO - Filling up the DagBag from /opt/airflow/dags/gcs_to_bq_dag.py
[2022-06-11 18:55:31,320] {processor.py:653} WARNING - No viable dags retrieved from /opt/airflow/dags/gcs_to_bq_dag.py
[2022-06-11 18:55:31,338] {processor.py:161} INFO - Processing /opt/airflow/dags/gcs_to_bq_dag.py took 0.032 seconds
[2022-06-11 18:55:41,403] {processor.py:153} INFO - Started process (PID=1170) to work on /opt/airflow/dags/gcs_to_bq_dag.py
[2022-06-11 18:55:41,406] {processor.py:641} INFO - Processing file /opt/airflow/dags/gcs_to_bq_dag.py for tasks to queue
[2022-06-11 18:55:41,407] {logging_mixin.py:115} INFO - [2022-06-11 18:55:41,407] {dagbag.py:507} INFO - Filling up the DagBag from /opt/airflow/dags/gcs_to_bq_dag.py
[2022-06-11 18:55:41,412] {processor.py:653} WARNING - No viable dags retrieved from /opt/airflow/dags/gcs_to_bq_dag.py
[2022-06-11 18:55:41,429] {processor.py:161} INFO - Processing /opt/airflow/dags/gcs_to_bq_dag.py took 0.032 seconds
[2022-06-11 18:55:51,431] {processor.py:153} INFO - Started process (PID=1186) to work on /opt/airflow/dags/gcs_to_bq_dag.py
[2022-06-11 18:55:51,433] {processor.py:641} INFO - Processing file /opt/airflow/dags/gcs_to_bq_dag.py for tasks to queue
[2022-06-11 18:55:51,434] {logging_mixin.py:115} INFO - [2022-06-11 18:55:51,434] {dagbag.py:507} INFO - Filling up the DagBag from /opt/airflow/dags/gcs_to_bq_dag.py
[2022-06-11 18:55:51,438] {processor.py:653} WARNING - No viable dags retrieved from /opt/airflow/dags/gcs_to_bq_dag.py
[2022-06-11 18:55:51,453] {processor.py:161} INFO - Processing /opt/airflow/dags/gcs_to_bq_dag.py took 0.026 seconds
[2022-06-11 18:56:01,507] {processor.py:153} INFO - Started process (PID=1196) to work on /opt/airflow/dags/gcs_to_bq_dag.py
[2022-06-11 18:56:01,511] {processor.py:641} INFO - Processing file /opt/airflow/dags/gcs_to_bq_dag.py for tasks to queue
[2022-06-11 18:56:01,513] {logging_mixin.py:115} INFO - [2022-06-11 18:56:01,513] {dagbag.py:507} INFO - Filling up the DagBag from /opt/airflow/dags/gcs_to_bq_dag.py
[2022-06-11 18:56:01,521] {processor.py:653} WARNING - No viable dags retrieved from /opt/airflow/dags/gcs_to_bq_dag.py
[2022-06-11 18:56:01,540] {processor.py:161} INFO - Processing /opt/airflow/dags/gcs_to_bq_dag.py took 0.043 seconds
[2022-06-11 18:56:11,565] {processor.py:153} INFO - Started process (PID=1205) to work on /opt/airflow/dags/gcs_to_bq_dag.py
[2022-06-11 18:56:11,567] {processor.py:641} INFO - Processing file /opt/airflow/dags/gcs_to_bq_dag.py for tasks to queue
[2022-06-11 18:56:11,569] {logging_mixin.py:115} INFO - [2022-06-11 18:56:11,568] {dagbag.py:507} INFO - Filling up the DagBag from /opt/airflow/dags/gcs_to_bq_dag.py
[2022-06-11 18:56:11,572] {processor.py:653} WARNING - No viable dags retrieved from /opt/airflow/dags/gcs_to_bq_dag.py
[2022-06-11 18:56:11,590] {processor.py:161} INFO - Processing /opt/airflow/dags/gcs_to_bq_dag.py took 0.032 seconds
[2022-06-11 18:56:22,871] {processor.py:153} INFO - Started process (PID=1222) to work on /opt/airflow/dags/gcs_to_bq_dag.py
[2022-06-11 18:56:22,877] {processor.py:641} INFO - Processing file /opt/airflow/dags/gcs_to_bq_dag.py for tasks to queue
[2022-06-11 18:56:22,881] {logging_mixin.py:115} INFO - [2022-06-11 18:56:22,880] {dagbag.py:507} INFO - Filling up the DagBag from /opt/airflow/dags/gcs_to_bq_dag.py
[2022-06-11 18:56:22,890] {processor.py:653} WARNING - No viable dags retrieved from /opt/airflow/dags/gcs_to_bq_dag.py
[2022-06-11 18:56:22,923] {processor.py:161} INFO - Processing /opt/airflow/dags/gcs_to_bq_dag.py took 0.062 seconds
[2022-06-11 18:56:31,841] {processor.py:153} INFO - Started process (PID=1225) to work on /opt/airflow/dags/gcs_to_bq_dag.py
[2022-06-11 18:56:31,846] {processor.py:641} INFO - Processing file /opt/airflow/dags/gcs_to_bq_dag.py for tasks to queue
[2022-06-11 18:56:31,849] {logging_mixin.py:115} INFO - [2022-06-11 18:56:31,849] {dagbag.py:507} INFO - Filling up the DagBag from /opt/airflow/dags/gcs_to_bq_dag.py
[2022-06-11 18:56:31,859] {processor.py:653} WARNING - No viable dags retrieved from /opt/airflow/dags/gcs_to_bq_dag.py
[2022-06-11 18:56:31,897] {processor.py:161} INFO - Processing /opt/airflow/dags/gcs_to_bq_dag.py took 0.066 seconds
[2022-06-11 18:56:41,866] {processor.py:153} INFO - Started process (PID=1237) to work on /opt/airflow/dags/gcs_to_bq_dag.py
[2022-06-11 18:56:41,869] {processor.py:641} INFO - Processing file /opt/airflow/dags/gcs_to_bq_dag.py for tasks to queue
[2022-06-11 18:56:41,870] {logging_mixin.py:115} INFO - [2022-06-11 18:56:41,870] {dagbag.py:507} INFO - Filling up the DagBag from /opt/airflow/dags/gcs_to_bq_dag.py
[2022-06-11 18:56:41,875] {processor.py:653} WARNING - No viable dags retrieved from /opt/airflow/dags/gcs_to_bq_dag.py
[2022-06-11 18:56:41,891] {processor.py:161} INFO - Processing /opt/airflow/dags/gcs_to_bq_dag.py took 0.038 seconds
[2022-06-11 18:56:51,922] {processor.py:153} INFO - Started process (PID=1248) to work on /opt/airflow/dags/gcs_to_bq_dag.py
[2022-06-11 18:56:51,924] {processor.py:641} INFO - Processing file /opt/airflow/dags/gcs_to_bq_dag.py for tasks to queue
[2022-06-11 18:56:51,926] {logging_mixin.py:115} INFO - [2022-06-11 18:56:51,926] {dagbag.py:507} INFO - Filling up the DagBag from /opt/airflow/dags/gcs_to_bq_dag.py
[2022-06-11 18:56:51,932] {processor.py:653} WARNING - No viable dags retrieved from /opt/airflow/dags/gcs_to_bq_dag.py
[2022-06-11 18:56:51,955] {processor.py:161} INFO - Processing /opt/airflow/dags/gcs_to_bq_dag.py took 0.040 seconds
[2022-06-11 18:57:01,968] {processor.py:153} INFO - Started process (PID=1264) to work on /opt/airflow/dags/gcs_to_bq_dag.py
[2022-06-11 18:57:01,976] {processor.py:641} INFO - Processing file /opt/airflow/dags/gcs_to_bq_dag.py for tasks to queue
[2022-06-11 18:57:01,985] {logging_mixin.py:115} INFO - [2022-06-11 18:57:01,985] {dagbag.py:507} INFO - Filling up the DagBag from /opt/airflow/dags/gcs_to_bq_dag.py
[2022-06-11 18:57:01,992] {processor.py:653} WARNING - No viable dags retrieved from /opt/airflow/dags/gcs_to_bq_dag.py
[2022-06-11 18:57:02,018] {processor.py:161} INFO - Processing /opt/airflow/dags/gcs_to_bq_dag.py took 0.069 seconds
[2022-06-11 18:57:12,043] {processor.py:153} INFO - Started process (PID=1277) to work on /opt/airflow/dags/gcs_to_bq_dag.py
[2022-06-11 18:57:12,046] {processor.py:641} INFO - Processing file /opt/airflow/dags/gcs_to_bq_dag.py for tasks to queue
[2022-06-11 18:57:12,048] {logging_mixin.py:115} INFO - [2022-06-11 18:57:12,048] {dagbag.py:507} INFO - Filling up the DagBag from /opt/airflow/dags/gcs_to_bq_dag.py
[2022-06-11 18:57:12,053] {processor.py:653} WARNING - No viable dags retrieved from /opt/airflow/dags/gcs_to_bq_dag.py
[2022-06-11 18:57:12,080] {processor.py:161} INFO - Processing /opt/airflow/dags/gcs_to_bq_dag.py took 0.047 seconds
[2022-06-11 18:58:15,403] {processor.py:153} INFO - Started process (PID=57) to work on /opt/airflow/dags/gcs_to_bq_dag.py
[2022-06-11 18:58:15,408] {processor.py:641} INFO - Processing file /opt/airflow/dags/gcs_to_bq_dag.py for tasks to queue
[2022-06-11 18:58:15,411] {logging_mixin.py:115} INFO - [2022-06-11 18:58:15,411] {dagbag.py:507} INFO - Filling up the DagBag from /opt/airflow/dags/gcs_to_bq_dag.py
[2022-06-11 18:58:15,421] {processor.py:653} WARNING - No viable dags retrieved from /opt/airflow/dags/gcs_to_bq_dag.py
[2022-06-11 18:58:15,453] {processor.py:161} INFO - Processing /opt/airflow/dags/gcs_to_bq_dag.py took 0.062 seconds
[2022-06-11 18:58:25,410] {processor.py:153} INFO - Started process (PID=68) to work on /opt/airflow/dags/gcs_to_bq_dag.py
[2022-06-11 18:58:25,413] {processor.py:641} INFO - Processing file /opt/airflow/dags/gcs_to_bq_dag.py for tasks to queue
[2022-06-11 18:58:25,415] {logging_mixin.py:115} INFO - [2022-06-11 18:58:25,415] {dagbag.py:507} INFO - Filling up the DagBag from /opt/airflow/dags/gcs_to_bq_dag.py
[2022-06-11 18:58:25,420] {processor.py:653} WARNING - No viable dags retrieved from /opt/airflow/dags/gcs_to_bq_dag.py
[2022-06-11 18:58:25,442] {processor.py:161} INFO - Processing /opt/airflow/dags/gcs_to_bq_dag.py took 0.038 seconds
[2022-06-11 18:58:35,463] {processor.py:153} INFO - Started process (PID=79) to work on /opt/airflow/dags/gcs_to_bq_dag.py
[2022-06-11 18:58:35,465] {processor.py:641} INFO - Processing file /opt/airflow/dags/gcs_to_bq_dag.py for tasks to queue
[2022-06-11 18:58:35,467] {logging_mixin.py:115} INFO - [2022-06-11 18:58:35,467] {dagbag.py:507} INFO - Filling up the DagBag from /opt/airflow/dags/gcs_to_bq_dag.py
[2022-06-11 18:58:35,473] {processor.py:653} WARNING - No viable dags retrieved from /opt/airflow/dags/gcs_to_bq_dag.py
[2022-06-11 18:58:35,499] {processor.py:161} INFO - Processing /opt/airflow/dags/gcs_to_bq_dag.py took 0.045 seconds
[2022-06-11 18:58:45,494] {processor.py:153} INFO - Started process (PID=98) to work on /opt/airflow/dags/gcs_to_bq_dag.py
[2022-06-11 18:58:45,496] {processor.py:641} INFO - Processing file /opt/airflow/dags/gcs_to_bq_dag.py for tasks to queue
[2022-06-11 18:58:45,499] {logging_mixin.py:115} INFO - [2022-06-11 18:58:45,499] {dagbag.py:507} INFO - Filling up the DagBag from /opt/airflow/dags/gcs_to_bq_dag.py
[2022-06-11 18:58:45,503] {processor.py:653} WARNING - No viable dags retrieved from /opt/airflow/dags/gcs_to_bq_dag.py
[2022-06-11 18:58:45,521] {processor.py:161} INFO - Processing /opt/airflow/dags/gcs_to_bq_dag.py took 0.030 seconds
[2022-06-11 18:58:55,670] {processor.py:153} INFO - Started process (PID=108) to work on /opt/airflow/dags/gcs_to_bq_dag.py
[2022-06-11 18:58:55,674] {processor.py:641} INFO - Processing file /opt/airflow/dags/gcs_to_bq_dag.py for tasks to queue
[2022-06-11 18:58:55,678] {logging_mixin.py:115} INFO - [2022-06-11 18:58:55,677] {dagbag.py:507} INFO - Filling up the DagBag from /opt/airflow/dags/gcs_to_bq_dag.py
[2022-06-11 18:58:55,688] {processor.py:653} WARNING - No viable dags retrieved from /opt/airflow/dags/gcs_to_bq_dag.py
[2022-06-11 18:58:55,712] {processor.py:161} INFO - Processing /opt/airflow/dags/gcs_to_bq_dag.py took 0.052 seconds
