[2022-06-11 18:36:49,624] {processor.py:153} INFO - Started process (PID=46) to work on /opt/airflow/dags/taxi_zones_ingestion.py
[2022-06-11 18:36:49,632] {processor.py:641} INFO - Processing file /opt/airflow/dags/taxi_zones_ingestion.py for tasks to queue
[2022-06-11 18:36:49,635] {logging_mixin.py:115} INFO - [2022-06-11 18:36:49,635] {dagbag.py:507} INFO - Filling up the DagBag from /opt/airflow/dags/taxi_zones_ingestion.py
[2022-06-11 18:36:51,102] {processor.py:651} INFO - DAG(s) dict_keys(['taxi_zones_ingestion_gcs_dag']) retrieved from /opt/airflow/dags/taxi_zones_ingestion.py
[2022-06-11 18:36:51,603] {logging_mixin.py:115} INFO - [2022-06-11 18:36:51,603] {manager.py:508} INFO - Created Permission View: can delete on DAG:taxi_zones_ingestion_gcs_dag
[2022-06-11 18:36:51,644] {logging_mixin.py:115} INFO - [2022-06-11 18:36:51,644] {manager.py:508} INFO - Created Permission View: can read on DAG:taxi_zones_ingestion_gcs_dag
[2022-06-11 18:36:51,672] {logging_mixin.py:115} INFO - [2022-06-11 18:36:51,672] {manager.py:508} INFO - Created Permission View: can edit on DAG:taxi_zones_ingestion_gcs_dag
[2022-06-11 18:36:51,676] {logging_mixin.py:115} INFO - [2022-06-11 18:36:51,675] {dag.py:2379} INFO - Sync 1 DAGs
[2022-06-11 18:36:51,699] {logging_mixin.py:115} INFO - [2022-06-11 18:36:51,699] {dag.py:2398} INFO - Creating ORM DAG for taxi_zones_ingestion_gcs_dag
[2022-06-11 18:36:51,738] {logging_mixin.py:115} INFO - [2022-06-11 18:36:51,738] {dag.py:2927} INFO - Setting next_dagrun for taxi_zones_ingestion_gcs_dag to None, run_after=None
[2022-06-11 18:36:51,780] {processor.py:161} INFO - Processing /opt/airflow/dags/taxi_zones_ingestion.py took 2.165 seconds
[2022-06-11 18:37:22,651] {processor.py:153} INFO - Started process (PID=71) to work on /opt/airflow/dags/taxi_zones_ingestion.py
[2022-06-11 18:37:22,657] {processor.py:641} INFO - Processing file /opt/airflow/dags/taxi_zones_ingestion.py for tasks to queue
[2022-06-11 18:37:22,660] {logging_mixin.py:115} INFO - [2022-06-11 18:37:22,660] {dagbag.py:507} INFO - Filling up the DagBag from /opt/airflow/dags/taxi_zones_ingestion.py
[2022-06-11 18:37:23,234] {processor.py:651} INFO - DAG(s) dict_keys(['taxi_zones_ingestion_gcs_dag']) retrieved from /opt/airflow/dags/taxi_zones_ingestion.py
[2022-06-11 18:37:23,305] {logging_mixin.py:115} INFO - [2022-06-11 18:37:23,305] {dag.py:2379} INFO - Sync 1 DAGs
[2022-06-11 18:37:23,359] {logging_mixin.py:115} INFO - [2022-06-11 18:37:23,358] {dag.py:2927} INFO - Setting next_dagrun for taxi_zones_ingestion_gcs_dag to None, run_after=None
[2022-06-11 18:37:23,387] {processor.py:161} INFO - Processing /opt/airflow/dags/taxi_zones_ingestion.py took 0.749 seconds
[2022-06-11 18:37:53,862] {processor.py:153} INFO - Started process (PID=109) to work on /opt/airflow/dags/taxi_zones_ingestion.py
[2022-06-11 18:37:53,867] {processor.py:641} INFO - Processing file /opt/airflow/dags/taxi_zones_ingestion.py for tasks to queue
[2022-06-11 18:37:53,872] {logging_mixin.py:115} INFO - [2022-06-11 18:37:53,872] {dagbag.py:507} INFO - Filling up the DagBag from /opt/airflow/dags/taxi_zones_ingestion.py
[2022-06-11 18:37:54,512] {processor.py:651} INFO - DAG(s) dict_keys(['taxi_zones_ingestion_gcs_dag']) retrieved from /opt/airflow/dags/taxi_zones_ingestion.py
[2022-06-11 18:37:54,557] {logging_mixin.py:115} INFO - [2022-06-11 18:37:54,557] {dag.py:2379} INFO - Sync 1 DAGs
[2022-06-11 18:37:54,593] {logging_mixin.py:115} INFO - [2022-06-11 18:37:54,593] {dag.py:2927} INFO - Setting next_dagrun for taxi_zones_ingestion_gcs_dag to None, run_after=None
[2022-06-11 18:37:54,617] {processor.py:161} INFO - Processing /opt/airflow/dags/taxi_zones_ingestion.py took 0.773 seconds
[2022-06-11 18:38:24,974] {processor.py:153} INFO - Started process (PID=138) to work on /opt/airflow/dags/taxi_zones_ingestion.py
[2022-06-11 18:38:24,978] {processor.py:641} INFO - Processing file /opt/airflow/dags/taxi_zones_ingestion.py for tasks to queue
[2022-06-11 18:38:24,981] {logging_mixin.py:115} INFO - [2022-06-11 18:38:24,981] {dagbag.py:507} INFO - Filling up the DagBag from /opt/airflow/dags/taxi_zones_ingestion.py
[2022-06-11 18:38:25,407] {processor.py:651} INFO - DAG(s) dict_keys(['taxi_zones_ingestion_gcs_dag']) retrieved from /opt/airflow/dags/taxi_zones_ingestion.py
[2022-06-11 18:38:25,455] {logging_mixin.py:115} INFO - [2022-06-11 18:38:25,453] {dag.py:2379} INFO - Sync 1 DAGs
[2022-06-11 18:38:25,500] {logging_mixin.py:115} INFO - [2022-06-11 18:38:25,500] {dag.py:2927} INFO - Setting next_dagrun for taxi_zones_ingestion_gcs_dag to None, run_after=None
[2022-06-11 18:38:25,531] {processor.py:161} INFO - Processing /opt/airflow/dags/taxi_zones_ingestion.py took 0.563 seconds
[2022-06-11 18:39:45,199] {processor.py:153} INFO - Started process (PID=45) to work on /opt/airflow/dags/taxi_zones_ingestion.py
[2022-06-11 18:39:45,202] {processor.py:641} INFO - Processing file /opt/airflow/dags/taxi_zones_ingestion.py for tasks to queue
[2022-06-11 18:39:45,209] {logging_mixin.py:115} INFO - [2022-06-11 18:39:45,208] {dagbag.py:507} INFO - Filling up the DagBag from /opt/airflow/dags/taxi_zones_ingestion.py
[2022-06-11 18:39:45,938] {processor.py:651} INFO - DAG(s) dict_keys(['taxi_zones_ingestion_gcs_dag']) retrieved from /opt/airflow/dags/taxi_zones_ingestion.py
[2022-06-11 18:39:45,986] {logging_mixin.py:115} INFO - [2022-06-11 18:39:45,986] {dag.py:2379} INFO - Sync 1 DAGs
[2022-06-11 18:39:46,027] {logging_mixin.py:115} INFO - [2022-06-11 18:39:46,027] {dag.py:2927} INFO - Setting next_dagrun for taxi_zones_ingestion_gcs_dag to None, run_after=None
[2022-06-11 18:39:46,050] {processor.py:161} INFO - Processing /opt/airflow/dags/taxi_zones_ingestion.py took 0.858 seconds
[2022-06-11 18:40:16,311] {processor.py:153} INFO - Started process (PID=76) to work on /opt/airflow/dags/taxi_zones_ingestion.py
[2022-06-11 18:40:16,314] {processor.py:641} INFO - Processing file /opt/airflow/dags/taxi_zones_ingestion.py for tasks to queue
[2022-06-11 18:40:16,316] {logging_mixin.py:115} INFO - [2022-06-11 18:40:16,316] {dagbag.py:507} INFO - Filling up the DagBag from /opt/airflow/dags/taxi_zones_ingestion.py
[2022-06-11 18:40:16,676] {processor.py:651} INFO - DAG(s) dict_keys(['taxi_zones_ingestion_gcs_dag']) retrieved from /opt/airflow/dags/taxi_zones_ingestion.py
[2022-06-11 18:40:16,708] {logging_mixin.py:115} INFO - [2022-06-11 18:40:16,707] {dag.py:2379} INFO - Sync 1 DAGs
[2022-06-11 18:40:16,734] {logging_mixin.py:115} INFO - [2022-06-11 18:40:16,734] {dag.py:2927} INFO - Setting next_dagrun for taxi_zones_ingestion_gcs_dag to None, run_after=None
[2022-06-11 18:40:16,749] {processor.py:161} INFO - Processing /opt/airflow/dags/taxi_zones_ingestion.py took 0.443 seconds
[2022-06-11 18:40:46,960] {processor.py:153} INFO - Started process (PID=112) to work on /opt/airflow/dags/taxi_zones_ingestion.py
[2022-06-11 18:40:46,965] {processor.py:641} INFO - Processing file /opt/airflow/dags/taxi_zones_ingestion.py for tasks to queue
[2022-06-11 18:40:46,967] {logging_mixin.py:115} INFO - [2022-06-11 18:40:46,967] {dagbag.py:507} INFO - Filling up the DagBag from /opt/airflow/dags/taxi_zones_ingestion.py
[2022-06-11 18:40:47,295] {processor.py:651} INFO - DAG(s) dict_keys(['taxi_zones_ingestion_gcs_dag']) retrieved from /opt/airflow/dags/taxi_zones_ingestion.py
[2022-06-11 18:40:47,325] {logging_mixin.py:115} INFO - [2022-06-11 18:40:47,324] {dag.py:2379} INFO - Sync 1 DAGs
[2022-06-11 18:40:47,348] {logging_mixin.py:115} INFO - [2022-06-11 18:40:47,348] {dag.py:2927} INFO - Setting next_dagrun for taxi_zones_ingestion_gcs_dag to None, run_after=None
[2022-06-11 18:40:47,360] {processor.py:161} INFO - Processing /opt/airflow/dags/taxi_zones_ingestion.py took 0.404 seconds
[2022-06-11 18:41:17,597] {processor.py:153} INFO - Started process (PID=148) to work on /opt/airflow/dags/taxi_zones_ingestion.py
[2022-06-11 18:41:17,599] {processor.py:641} INFO - Processing file /opt/airflow/dags/taxi_zones_ingestion.py for tasks to queue
[2022-06-11 18:41:17,601] {logging_mixin.py:115} INFO - [2022-06-11 18:41:17,601] {dagbag.py:507} INFO - Filling up the DagBag from /opt/airflow/dags/taxi_zones_ingestion.py
[2022-06-11 18:41:17,927] {processor.py:651} INFO - DAG(s) dict_keys(['taxi_zones_ingestion_gcs_dag']) retrieved from /opt/airflow/dags/taxi_zones_ingestion.py
[2022-06-11 18:41:17,957] {logging_mixin.py:115} INFO - [2022-06-11 18:41:17,956] {dag.py:2379} INFO - Sync 1 DAGs
[2022-06-11 18:41:17,980] {logging_mixin.py:115} INFO - [2022-06-11 18:41:17,980] {dag.py:2927} INFO - Setting next_dagrun for taxi_zones_ingestion_gcs_dag to None, run_after=None
[2022-06-11 18:41:17,994] {processor.py:161} INFO - Processing /opt/airflow/dags/taxi_zones_ingestion.py took 0.403 seconds
[2022-06-11 18:41:48,306] {processor.py:153} INFO - Started process (PID=177) to work on /opt/airflow/dags/taxi_zones_ingestion.py
[2022-06-11 18:41:48,313] {processor.py:641} INFO - Processing file /opt/airflow/dags/taxi_zones_ingestion.py for tasks to queue
[2022-06-11 18:41:48,321] {logging_mixin.py:115} INFO - [2022-06-11 18:41:48,320] {dagbag.py:507} INFO - Filling up the DagBag from /opt/airflow/dags/taxi_zones_ingestion.py
[2022-06-11 18:41:48,900] {processor.py:651} INFO - DAG(s) dict_keys(['taxi_zones_ingestion_gcs_dag']) retrieved from /opt/airflow/dags/taxi_zones_ingestion.py
[2022-06-11 18:41:48,940] {logging_mixin.py:115} INFO - [2022-06-11 18:41:48,940] {dag.py:2379} INFO - Sync 1 DAGs
[2022-06-11 18:41:48,974] {logging_mixin.py:115} INFO - [2022-06-11 18:41:48,974] {dag.py:2927} INFO - Setting next_dagrun for taxi_zones_ingestion_gcs_dag to None, run_after=None
[2022-06-11 18:41:48,994] {processor.py:161} INFO - Processing /opt/airflow/dags/taxi_zones_ingestion.py took 0.705 seconds
[2022-06-11 18:42:19,682] {processor.py:153} INFO - Started process (PID=212) to work on /opt/airflow/dags/taxi_zones_ingestion.py
[2022-06-11 18:42:19,685] {processor.py:641} INFO - Processing file /opt/airflow/dags/taxi_zones_ingestion.py for tasks to queue
[2022-06-11 18:42:19,688] {logging_mixin.py:115} INFO - [2022-06-11 18:42:19,688] {dagbag.py:507} INFO - Filling up the DagBag from /opt/airflow/dags/taxi_zones_ingestion.py
[2022-06-11 18:42:20,039] {processor.py:651} INFO - DAG(s) dict_keys(['taxi_zones_ingestion_gcs_dag']) retrieved from /opt/airflow/dags/taxi_zones_ingestion.py
[2022-06-11 18:42:20,070] {logging_mixin.py:115} INFO - [2022-06-11 18:42:20,069] {dag.py:2379} INFO - Sync 1 DAGs
[2022-06-11 18:42:20,089] {logging_mixin.py:115} INFO - [2022-06-11 18:42:20,089] {dag.py:2927} INFO - Setting next_dagrun for taxi_zones_ingestion_gcs_dag to None, run_after=None
[2022-06-11 18:42:20,100] {processor.py:161} INFO - Processing /opt/airflow/dags/taxi_zones_ingestion.py took 0.424 seconds
[2022-06-11 18:42:50,336] {processor.py:153} INFO - Started process (PID=249) to work on /opt/airflow/dags/taxi_zones_ingestion.py
[2022-06-11 18:42:50,339] {processor.py:641} INFO - Processing file /opt/airflow/dags/taxi_zones_ingestion.py for tasks to queue
[2022-06-11 18:42:50,341] {logging_mixin.py:115} INFO - [2022-06-11 18:42:50,341] {dagbag.py:507} INFO - Filling up the DagBag from /opt/airflow/dags/taxi_zones_ingestion.py
[2022-06-11 18:42:50,694] {processor.py:651} INFO - DAG(s) dict_keys(['taxi_zones_ingestion_gcs_dag']) retrieved from /opt/airflow/dags/taxi_zones_ingestion.py
[2022-06-11 18:42:50,718] {logging_mixin.py:115} INFO - [2022-06-11 18:42:50,717] {dag.py:2379} INFO - Sync 1 DAGs
[2022-06-11 18:42:50,736] {logging_mixin.py:115} INFO - [2022-06-11 18:42:50,736] {dag.py:2927} INFO - Setting next_dagrun for taxi_zones_ingestion_gcs_dag to None, run_after=None
[2022-06-11 18:42:50,747] {processor.py:161} INFO - Processing /opt/airflow/dags/taxi_zones_ingestion.py took 0.414 seconds
[2022-06-11 18:43:21,513] {processor.py:153} INFO - Started process (PID=287) to work on /opt/airflow/dags/taxi_zones_ingestion.py
[2022-06-11 18:43:21,516] {processor.py:641} INFO - Processing file /opt/airflow/dags/taxi_zones_ingestion.py for tasks to queue
[2022-06-11 18:43:21,521] {logging_mixin.py:115} INFO - [2022-06-11 18:43:21,521] {dagbag.py:507} INFO - Filling up the DagBag from /opt/airflow/dags/taxi_zones_ingestion.py
[2022-06-11 18:43:21,922] {processor.py:651} INFO - DAG(s) dict_keys(['taxi_zones_ingestion_gcs_dag']) retrieved from /opt/airflow/dags/taxi_zones_ingestion.py
[2022-06-11 18:43:21,966] {logging_mixin.py:115} INFO - [2022-06-11 18:43:21,966] {dag.py:2379} INFO - Sync 1 DAGs
[2022-06-11 18:43:22,005] {logging_mixin.py:115} INFO - [2022-06-11 18:43:22,005] {dag.py:2927} INFO - Setting next_dagrun for taxi_zones_ingestion_gcs_dag to None, run_after=None
[2022-06-11 18:43:22,086] {processor.py:161} INFO - Processing /opt/airflow/dags/taxi_zones_ingestion.py took 0.581 seconds
[2022-06-11 18:43:52,710] {processor.py:153} INFO - Started process (PID=316) to work on /opt/airflow/dags/taxi_zones_ingestion.py
[2022-06-11 18:43:52,713] {processor.py:641} INFO - Processing file /opt/airflow/dags/taxi_zones_ingestion.py for tasks to queue
[2022-06-11 18:43:52,715] {logging_mixin.py:115} INFO - [2022-06-11 18:43:52,715] {dagbag.py:507} INFO - Filling up the DagBag from /opt/airflow/dags/taxi_zones_ingestion.py
[2022-06-11 18:43:53,039] {processor.py:651} INFO - DAG(s) dict_keys(['taxi_zones_ingestion_gcs_dag']) retrieved from /opt/airflow/dags/taxi_zones_ingestion.py
[2022-06-11 18:43:53,067] {logging_mixin.py:115} INFO - [2022-06-11 18:43:53,067] {dag.py:2379} INFO - Sync 1 DAGs
[2022-06-11 18:43:53,089] {logging_mixin.py:115} INFO - [2022-06-11 18:43:53,088] {dag.py:2927} INFO - Setting next_dagrun for taxi_zones_ingestion_gcs_dag to None, run_after=None
[2022-06-11 18:43:53,099] {processor.py:161} INFO - Processing /opt/airflow/dags/taxi_zones_ingestion.py took 0.392 seconds
[2022-06-11 18:44:23,892] {processor.py:153} INFO - Started process (PID=356) to work on /opt/airflow/dags/taxi_zones_ingestion.py
[2022-06-11 18:44:23,896] {processor.py:641} INFO - Processing file /opt/airflow/dags/taxi_zones_ingestion.py for tasks to queue
[2022-06-11 18:44:23,897] {logging_mixin.py:115} INFO - [2022-06-11 18:44:23,897] {dagbag.py:507} INFO - Filling up the DagBag from /opt/airflow/dags/taxi_zones_ingestion.py
[2022-06-11 18:44:24,240] {processor.py:651} INFO - DAG(s) dict_keys(['taxi_zones_ingestion_gcs_dag']) retrieved from /opt/airflow/dags/taxi_zones_ingestion.py
[2022-06-11 18:44:24,272] {logging_mixin.py:115} INFO - [2022-06-11 18:44:24,271] {dag.py:2379} INFO - Sync 1 DAGs
[2022-06-11 18:44:24,291] {logging_mixin.py:115} INFO - [2022-06-11 18:44:24,290] {dag.py:2927} INFO - Setting next_dagrun for taxi_zones_ingestion_gcs_dag to None, run_after=None
[2022-06-11 18:44:24,302] {processor.py:161} INFO - Processing /opt/airflow/dags/taxi_zones_ingestion.py took 0.413 seconds
[2022-06-11 18:44:55,092] {processor.py:153} INFO - Started process (PID=399) to work on /opt/airflow/dags/taxi_zones_ingestion.py
[2022-06-11 18:44:55,097] {processor.py:641} INFO - Processing file /opt/airflow/dags/taxi_zones_ingestion.py for tasks to queue
[2022-06-11 18:44:55,099] {logging_mixin.py:115} INFO - [2022-06-11 18:44:55,099] {dagbag.py:507} INFO - Filling up the DagBag from /opt/airflow/dags/taxi_zones_ingestion.py
[2022-06-11 18:44:55,492] {processor.py:651} INFO - DAG(s) dict_keys(['taxi_zones_ingestion_gcs_dag']) retrieved from /opt/airflow/dags/taxi_zones_ingestion.py
[2022-06-11 18:44:55,545] {logging_mixin.py:115} INFO - [2022-06-11 18:44:55,545] {dag.py:2379} INFO - Sync 1 DAGs
[2022-06-11 18:44:55,571] {logging_mixin.py:115} INFO - [2022-06-11 18:44:55,571] {dag.py:2927} INFO - Setting next_dagrun for taxi_zones_ingestion_gcs_dag to None, run_after=None
[2022-06-11 18:44:55,585] {processor.py:161} INFO - Processing /opt/airflow/dags/taxi_zones_ingestion.py took 0.497 seconds
[2022-06-11 18:45:26,315] {processor.py:153} INFO - Started process (PID=431) to work on /opt/airflow/dags/taxi_zones_ingestion.py
[2022-06-11 18:45:26,317] {processor.py:641} INFO - Processing file /opt/airflow/dags/taxi_zones_ingestion.py for tasks to queue
[2022-06-11 18:45:26,319] {logging_mixin.py:115} INFO - [2022-06-11 18:45:26,319] {dagbag.py:507} INFO - Filling up the DagBag from /opt/airflow/dags/taxi_zones_ingestion.py
[2022-06-11 18:45:26,848] {processor.py:651} INFO - DAG(s) dict_keys(['taxi_zones_ingestion_gcs_dag']) retrieved from /opt/airflow/dags/taxi_zones_ingestion.py
[2022-06-11 18:45:26,874] {logging_mixin.py:115} INFO - [2022-06-11 18:45:26,874] {dag.py:2379} INFO - Sync 1 DAGs
[2022-06-11 18:45:26,893] {logging_mixin.py:115} INFO - [2022-06-11 18:45:26,893] {dag.py:2927} INFO - Setting next_dagrun for taxi_zones_ingestion_gcs_dag to None, run_after=None
[2022-06-11 18:45:26,904] {processor.py:161} INFO - Processing /opt/airflow/dags/taxi_zones_ingestion.py took 0.594 seconds
[2022-06-11 18:45:57,588] {processor.py:153} INFO - Started process (PID=474) to work on /opt/airflow/dags/taxi_zones_ingestion.py
[2022-06-11 18:45:57,590] {processor.py:641} INFO - Processing file /opt/airflow/dags/taxi_zones_ingestion.py for tasks to queue
[2022-06-11 18:45:57,592] {logging_mixin.py:115} INFO - [2022-06-11 18:45:57,592] {dagbag.py:507} INFO - Filling up the DagBag from /opt/airflow/dags/taxi_zones_ingestion.py
[2022-06-11 18:45:57,938] {processor.py:651} INFO - DAG(s) dict_keys(['taxi_zones_ingestion_gcs_dag']) retrieved from /opt/airflow/dags/taxi_zones_ingestion.py
[2022-06-11 18:45:57,966] {logging_mixin.py:115} INFO - [2022-06-11 18:45:57,966] {dag.py:2379} INFO - Sync 1 DAGs
[2022-06-11 18:45:57,985] {logging_mixin.py:115} INFO - [2022-06-11 18:45:57,984] {dag.py:2927} INFO - Setting next_dagrun for taxi_zones_ingestion_gcs_dag to None, run_after=None
[2022-06-11 18:45:58,000] {processor.py:161} INFO - Processing /opt/airflow/dags/taxi_zones_ingestion.py took 0.415 seconds
[2022-06-11 18:46:28,633] {processor.py:153} INFO - Started process (PID=515) to work on /opt/airflow/dags/taxi_zones_ingestion.py
[2022-06-11 18:46:28,636] {processor.py:641} INFO - Processing file /opt/airflow/dags/taxi_zones_ingestion.py for tasks to queue
[2022-06-11 18:46:28,638] {logging_mixin.py:115} INFO - [2022-06-11 18:46:28,638] {dagbag.py:507} INFO - Filling up the DagBag from /opt/airflow/dags/taxi_zones_ingestion.py
[2022-06-11 18:46:28,991] {processor.py:651} INFO - DAG(s) dict_keys(['taxi_zones_ingestion_gcs_dag']) retrieved from /opt/airflow/dags/taxi_zones_ingestion.py
[2022-06-11 18:46:29,018] {logging_mixin.py:115} INFO - [2022-06-11 18:46:29,018] {dag.py:2379} INFO - Sync 1 DAGs
[2022-06-11 18:46:29,037] {logging_mixin.py:115} INFO - [2022-06-11 18:46:29,036] {dag.py:2927} INFO - Setting next_dagrun for taxi_zones_ingestion_gcs_dag to None, run_after=None
[2022-06-11 18:46:29,047] {processor.py:161} INFO - Processing /opt/airflow/dags/taxi_zones_ingestion.py took 0.418 seconds
[2022-06-11 18:46:59,803] {processor.py:153} INFO - Started process (PID=555) to work on /opt/airflow/dags/taxi_zones_ingestion.py
[2022-06-11 18:46:59,806] {processor.py:641} INFO - Processing file /opt/airflow/dags/taxi_zones_ingestion.py for tasks to queue
[2022-06-11 18:46:59,809] {logging_mixin.py:115} INFO - [2022-06-11 18:46:59,809] {dagbag.py:507} INFO - Filling up the DagBag from /opt/airflow/dags/taxi_zones_ingestion.py
[2022-06-11 18:47:00,242] {processor.py:651} INFO - DAG(s) dict_keys(['taxi_zones_ingestion_gcs_dag']) retrieved from /opt/airflow/dags/taxi_zones_ingestion.py
[2022-06-11 18:47:00,273] {logging_mixin.py:115} INFO - [2022-06-11 18:47:00,272] {dag.py:2379} INFO - Sync 1 DAGs
[2022-06-11 18:47:00,296] {logging_mixin.py:115} INFO - [2022-06-11 18:47:00,296] {dag.py:2927} INFO - Setting next_dagrun for taxi_zones_ingestion_gcs_dag to None, run_after=None
[2022-06-11 18:47:00,308] {processor.py:161} INFO - Processing /opt/airflow/dags/taxi_zones_ingestion.py took 0.510 seconds
[2022-06-11 18:47:31,052] {processor.py:153} INFO - Started process (PID=584) to work on /opt/airflow/dags/taxi_zones_ingestion.py
[2022-06-11 18:47:31,055] {processor.py:641} INFO - Processing file /opt/airflow/dags/taxi_zones_ingestion.py for tasks to queue
[2022-06-11 18:47:31,057] {logging_mixin.py:115} INFO - [2022-06-11 18:47:31,057] {dagbag.py:507} INFO - Filling up the DagBag from /opt/airflow/dags/taxi_zones_ingestion.py
[2022-06-11 18:47:31,416] {processor.py:651} INFO - DAG(s) dict_keys(['taxi_zones_ingestion_gcs_dag']) retrieved from /opt/airflow/dags/taxi_zones_ingestion.py
[2022-06-11 18:47:31,442] {logging_mixin.py:115} INFO - [2022-06-11 18:47:31,441] {dag.py:2379} INFO - Sync 1 DAGs
[2022-06-11 18:47:31,459] {logging_mixin.py:115} INFO - [2022-06-11 18:47:31,459] {dag.py:2927} INFO - Setting next_dagrun for taxi_zones_ingestion_gcs_dag to None, run_after=None
[2022-06-11 18:47:31,473] {processor.py:161} INFO - Processing /opt/airflow/dags/taxi_zones_ingestion.py took 0.426 seconds
[2022-06-11 18:48:02,319] {processor.py:153} INFO - Started process (PID=623) to work on /opt/airflow/dags/taxi_zones_ingestion.py
[2022-06-11 18:48:02,329] {processor.py:641} INFO - Processing file /opt/airflow/dags/taxi_zones_ingestion.py for tasks to queue
[2022-06-11 18:48:02,366] {logging_mixin.py:115} INFO - [2022-06-11 18:48:02,365] {dagbag.py:507} INFO - Filling up the DagBag from /opt/airflow/dags/taxi_zones_ingestion.py
[2022-06-11 18:48:02,877] {processor.py:651} INFO - DAG(s) dict_keys(['taxi_zones_ingestion_gcs_dag']) retrieved from /opt/airflow/dags/taxi_zones_ingestion.py
[2022-06-11 18:48:02,923] {logging_mixin.py:115} INFO - [2022-06-11 18:48:02,922] {dag.py:2379} INFO - Sync 1 DAGs
[2022-06-11 18:48:02,942] {logging_mixin.py:115} INFO - [2022-06-11 18:48:02,942] {dag.py:2927} INFO - Setting next_dagrun for taxi_zones_ingestion_gcs_dag to None, run_after=None
[2022-06-11 18:48:02,954] {processor.py:161} INFO - Processing /opt/airflow/dags/taxi_zones_ingestion.py took 0.655 seconds
[2022-06-11 18:48:33,423] {processor.py:153} INFO - Started process (PID=666) to work on /opt/airflow/dags/taxi_zones_ingestion.py
[2022-06-11 18:48:33,425] {processor.py:641} INFO - Processing file /opt/airflow/dags/taxi_zones_ingestion.py for tasks to queue
[2022-06-11 18:48:33,427] {logging_mixin.py:115} INFO - [2022-06-11 18:48:33,427] {dagbag.py:507} INFO - Filling up the DagBag from /opt/airflow/dags/taxi_zones_ingestion.py
[2022-06-11 18:48:33,781] {processor.py:651} INFO - DAG(s) dict_keys(['taxi_zones_ingestion_gcs_dag']) retrieved from /opt/airflow/dags/taxi_zones_ingestion.py
[2022-06-11 18:48:33,807] {logging_mixin.py:115} INFO - [2022-06-11 18:48:33,807] {dag.py:2379} INFO - Sync 1 DAGs
[2022-06-11 18:48:33,831] {logging_mixin.py:115} INFO - [2022-06-11 18:48:33,831] {dag.py:2927} INFO - Setting next_dagrun for taxi_zones_ingestion_gcs_dag to None, run_after=None
[2022-06-11 18:48:33,843] {processor.py:161} INFO - Processing /opt/airflow/dags/taxi_zones_ingestion.py took 0.429 seconds
[2022-06-11 18:49:04,655] {processor.py:153} INFO - Started process (PID=706) to work on /opt/airflow/dags/taxi_zones_ingestion.py
[2022-06-11 18:49:04,657] {processor.py:641} INFO - Processing file /opt/airflow/dags/taxi_zones_ingestion.py for tasks to queue
[2022-06-11 18:49:04,659] {logging_mixin.py:115} INFO - [2022-06-11 18:49:04,659] {dagbag.py:507} INFO - Filling up the DagBag from /opt/airflow/dags/taxi_zones_ingestion.py
[2022-06-11 18:49:05,114] {processor.py:651} INFO - DAG(s) dict_keys(['taxi_zones_ingestion_gcs_dag']) retrieved from /opt/airflow/dags/taxi_zones_ingestion.py
[2022-06-11 18:49:05,205] {logging_mixin.py:115} INFO - [2022-06-11 18:49:05,204] {dag.py:2379} INFO - Sync 1 DAGs
[2022-06-11 18:49:05,245] {logging_mixin.py:115} INFO - [2022-06-11 18:49:05,245] {dag.py:2927} INFO - Setting next_dagrun for taxi_zones_ingestion_gcs_dag to None, run_after=None
[2022-06-11 18:49:05,270] {processor.py:161} INFO - Processing /opt/airflow/dags/taxi_zones_ingestion.py took 0.620 seconds
[2022-06-11 18:49:35,861] {processor.py:153} INFO - Started process (PID=737) to work on /opt/airflow/dags/taxi_zones_ingestion.py
[2022-06-11 18:49:35,863] {processor.py:641} INFO - Processing file /opt/airflow/dags/taxi_zones_ingestion.py for tasks to queue
[2022-06-11 18:49:35,866] {logging_mixin.py:115} INFO - [2022-06-11 18:49:35,866] {dagbag.py:507} INFO - Filling up the DagBag from /opt/airflow/dags/taxi_zones_ingestion.py
[2022-06-11 18:49:36,219] {processor.py:651} INFO - DAG(s) dict_keys(['taxi_zones_ingestion_gcs_dag']) retrieved from /opt/airflow/dags/taxi_zones_ingestion.py
[2022-06-11 18:49:36,249] {logging_mixin.py:115} INFO - [2022-06-11 18:49:36,249] {dag.py:2379} INFO - Sync 1 DAGs
[2022-06-11 18:49:36,272] {logging_mixin.py:115} INFO - [2022-06-11 18:49:36,272] {dag.py:2927} INFO - Setting next_dagrun for taxi_zones_ingestion_gcs_dag to None, run_after=None
[2022-06-11 18:49:36,285] {processor.py:161} INFO - Processing /opt/airflow/dags/taxi_zones_ingestion.py took 0.428 seconds
[2022-06-11 18:50:07,145] {processor.py:153} INFO - Started process (PID=774) to work on /opt/airflow/dags/taxi_zones_ingestion.py
[2022-06-11 18:50:07,147] {processor.py:641} INFO - Processing file /opt/airflow/dags/taxi_zones_ingestion.py for tasks to queue
[2022-06-11 18:50:07,149] {logging_mixin.py:115} INFO - [2022-06-11 18:50:07,149] {dagbag.py:507} INFO - Filling up the DagBag from /opt/airflow/dags/taxi_zones_ingestion.py
[2022-06-11 18:50:07,454] {processor.py:651} INFO - DAG(s) dict_keys(['taxi_zones_ingestion_gcs_dag']) retrieved from /opt/airflow/dags/taxi_zones_ingestion.py
[2022-06-11 18:50:07,481] {logging_mixin.py:115} INFO - [2022-06-11 18:50:07,481] {dag.py:2379} INFO - Sync 1 DAGs
[2022-06-11 18:50:07,499] {logging_mixin.py:115} INFO - [2022-06-11 18:50:07,499] {dag.py:2927} INFO - Setting next_dagrun for taxi_zones_ingestion_gcs_dag to None, run_after=None
[2022-06-11 18:50:07,509] {processor.py:161} INFO - Processing /opt/airflow/dags/taxi_zones_ingestion.py took 0.369 seconds
[2022-06-11 18:50:38,334] {processor.py:153} INFO - Started process (PID=811) to work on /opt/airflow/dags/taxi_zones_ingestion.py
[2022-06-11 18:50:38,337] {processor.py:641} INFO - Processing file /opt/airflow/dags/taxi_zones_ingestion.py for tasks to queue
[2022-06-11 18:50:38,339] {logging_mixin.py:115} INFO - [2022-06-11 18:50:38,339] {dagbag.py:507} INFO - Filling up the DagBag from /opt/airflow/dags/taxi_zones_ingestion.py
[2022-06-11 18:50:38,716] {processor.py:651} INFO - DAG(s) dict_keys(['taxi_zones_ingestion_gcs_dag']) retrieved from /opt/airflow/dags/taxi_zones_ingestion.py
[2022-06-11 18:50:38,745] {logging_mixin.py:115} INFO - [2022-06-11 18:50:38,745] {dag.py:2379} INFO - Sync 1 DAGs
[2022-06-11 18:50:38,765] {logging_mixin.py:115} INFO - [2022-06-11 18:50:38,765] {dag.py:2927} INFO - Setting next_dagrun for taxi_zones_ingestion_gcs_dag to None, run_after=None
[2022-06-11 18:50:38,783] {processor.py:161} INFO - Processing /opt/airflow/dags/taxi_zones_ingestion.py took 0.452 seconds
[2022-06-11 18:51:09,558] {processor.py:153} INFO - Started process (PID=840) to work on /opt/airflow/dags/taxi_zones_ingestion.py
[2022-06-11 18:51:09,562] {processor.py:641} INFO - Processing file /opt/airflow/dags/taxi_zones_ingestion.py for tasks to queue
[2022-06-11 18:51:09,563] {logging_mixin.py:115} INFO - [2022-06-11 18:51:09,563] {dagbag.py:507} INFO - Filling up the DagBag from /opt/airflow/dags/taxi_zones_ingestion.py
[2022-06-11 18:51:09,937] {processor.py:651} INFO - DAG(s) dict_keys(['taxi_zones_ingestion_gcs_dag']) retrieved from /opt/airflow/dags/taxi_zones_ingestion.py
[2022-06-11 18:51:09,966] {logging_mixin.py:115} INFO - [2022-06-11 18:51:09,966] {dag.py:2379} INFO - Sync 1 DAGs
[2022-06-11 18:51:09,986] {logging_mixin.py:115} INFO - [2022-06-11 18:51:09,986] {dag.py:2927} INFO - Setting next_dagrun for taxi_zones_ingestion_gcs_dag to None, run_after=None
[2022-06-11 18:51:10,000] {processor.py:161} INFO - Processing /opt/airflow/dags/taxi_zones_ingestion.py took 0.444 seconds
[2022-06-11 18:51:40,672] {processor.py:153} INFO - Started process (PID=879) to work on /opt/airflow/dags/taxi_zones_ingestion.py
[2022-06-11 18:51:40,676] {processor.py:641} INFO - Processing file /opt/airflow/dags/taxi_zones_ingestion.py for tasks to queue
[2022-06-11 18:51:40,679] {logging_mixin.py:115} INFO - [2022-06-11 18:51:40,679] {dagbag.py:507} INFO - Filling up the DagBag from /opt/airflow/dags/taxi_zones_ingestion.py
[2022-06-11 18:51:41,000] {processor.py:651} INFO - DAG(s) dict_keys(['taxi_zones_ingestion_gcs_dag']) retrieved from /opt/airflow/dags/taxi_zones_ingestion.py
[2022-06-11 18:51:41,023] {logging_mixin.py:115} INFO - [2022-06-11 18:51:41,023] {dag.py:2379} INFO - Sync 1 DAGs
[2022-06-11 18:51:41,042] {logging_mixin.py:115} INFO - [2022-06-11 18:51:41,041] {dag.py:2927} INFO - Setting next_dagrun for taxi_zones_ingestion_gcs_dag to None, run_after=None
[2022-06-11 18:51:41,051] {processor.py:161} INFO - Processing /opt/airflow/dags/taxi_zones_ingestion.py took 0.384 seconds
[2022-06-11 18:52:11,882] {processor.py:153} INFO - Started process (PID=919) to work on /opt/airflow/dags/taxi_zones_ingestion.py
[2022-06-11 18:52:11,885] {processor.py:641} INFO - Processing file /opt/airflow/dags/taxi_zones_ingestion.py for tasks to queue
[2022-06-11 18:52:11,889] {logging_mixin.py:115} INFO - [2022-06-11 18:52:11,889] {dagbag.py:507} INFO - Filling up the DagBag from /opt/airflow/dags/taxi_zones_ingestion.py
[2022-06-11 18:52:12,226] {processor.py:651} INFO - DAG(s) dict_keys(['taxi_zones_ingestion_gcs_dag']) retrieved from /opt/airflow/dags/taxi_zones_ingestion.py
[2022-06-11 18:52:12,252] {logging_mixin.py:115} INFO - [2022-06-11 18:52:12,252] {dag.py:2379} INFO - Sync 1 DAGs
[2022-06-11 18:52:12,274] {logging_mixin.py:115} INFO - [2022-06-11 18:52:12,274] {dag.py:2927} INFO - Setting next_dagrun for taxi_zones_ingestion_gcs_dag to None, run_after=None
[2022-06-11 18:52:12,289] {processor.py:161} INFO - Processing /opt/airflow/dags/taxi_zones_ingestion.py took 0.411 seconds
[2022-06-11 18:52:43,208] {processor.py:153} INFO - Started process (PID=947) to work on /opt/airflow/dags/taxi_zones_ingestion.py
[2022-06-11 18:52:43,211] {processor.py:641} INFO - Processing file /opt/airflow/dags/taxi_zones_ingestion.py for tasks to queue
[2022-06-11 18:52:43,214] {logging_mixin.py:115} INFO - [2022-06-11 18:52:43,214] {dagbag.py:507} INFO - Filling up the DagBag from /opt/airflow/dags/taxi_zones_ingestion.py
[2022-06-11 18:52:43,601] {processor.py:651} INFO - DAG(s) dict_keys(['taxi_zones_ingestion_gcs_dag']) retrieved from /opt/airflow/dags/taxi_zones_ingestion.py
[2022-06-11 18:52:43,638] {logging_mixin.py:115} INFO - [2022-06-11 18:52:43,637] {dag.py:2379} INFO - Sync 1 DAGs
[2022-06-11 18:52:43,663] {logging_mixin.py:115} INFO - [2022-06-11 18:52:43,663] {dag.py:2927} INFO - Setting next_dagrun for taxi_zones_ingestion_gcs_dag to None, run_after=None
[2022-06-11 18:52:43,680] {processor.py:161} INFO - Processing /opt/airflow/dags/taxi_zones_ingestion.py took 0.477 seconds
[2022-06-11 18:53:14,394] {processor.py:153} INFO - Started process (PID=989) to work on /opt/airflow/dags/taxi_zones_ingestion.py
[2022-06-11 18:53:14,397] {processor.py:641} INFO - Processing file /opt/airflow/dags/taxi_zones_ingestion.py for tasks to queue
[2022-06-11 18:53:14,402] {logging_mixin.py:115} INFO - [2022-06-11 18:53:14,401] {dagbag.py:507} INFO - Filling up the DagBag from /opt/airflow/dags/taxi_zones_ingestion.py
[2022-06-11 18:53:14,777] {processor.py:651} INFO - DAG(s) dict_keys(['taxi_zones_ingestion_gcs_dag']) retrieved from /opt/airflow/dags/taxi_zones_ingestion.py
[2022-06-11 18:53:14,805] {logging_mixin.py:115} INFO - [2022-06-11 18:53:14,805] {dag.py:2379} INFO - Sync 1 DAGs
[2022-06-11 18:53:14,825] {logging_mixin.py:115} INFO - [2022-06-11 18:53:14,825] {dag.py:2927} INFO - Setting next_dagrun for taxi_zones_ingestion_gcs_dag to None, run_after=None
[2022-06-11 18:53:14,836] {processor.py:161} INFO - Processing /opt/airflow/dags/taxi_zones_ingestion.py took 0.451 seconds
[2022-06-11 18:53:45,579] {processor.py:153} INFO - Started process (PID=1029) to work on /opt/airflow/dags/taxi_zones_ingestion.py
[2022-06-11 18:53:45,582] {processor.py:641} INFO - Processing file /opt/airflow/dags/taxi_zones_ingestion.py for tasks to queue
[2022-06-11 18:53:45,592] {logging_mixin.py:115} INFO - [2022-06-11 18:53:45,591] {dagbag.py:507} INFO - Filling up the DagBag from /opt/airflow/dags/taxi_zones_ingestion.py
[2022-06-11 18:53:46,100] {processor.py:651} INFO - DAG(s) dict_keys(['taxi_zones_ingestion_gcs_dag']) retrieved from /opt/airflow/dags/taxi_zones_ingestion.py
[2022-06-11 18:53:46,138] {logging_mixin.py:115} INFO - [2022-06-11 18:53:46,138] {dag.py:2379} INFO - Sync 1 DAGs
[2022-06-11 18:53:46,172] {logging_mixin.py:115} INFO - [2022-06-11 18:53:46,172] {dag.py:2927} INFO - Setting next_dagrun for taxi_zones_ingestion_gcs_dag to None, run_after=None
[2022-06-11 18:53:46,247] {processor.py:161} INFO - Processing /opt/airflow/dags/taxi_zones_ingestion.py took 0.673 seconds
[2022-06-11 18:54:16,763] {processor.py:153} INFO - Started process (PID=1066) to work on /opt/airflow/dags/taxi_zones_ingestion.py
[2022-06-11 18:54:16,765] {processor.py:641} INFO - Processing file /opt/airflow/dags/taxi_zones_ingestion.py for tasks to queue
[2022-06-11 18:54:16,768] {logging_mixin.py:115} INFO - [2022-06-11 18:54:16,768] {dagbag.py:507} INFO - Filling up the DagBag from /opt/airflow/dags/taxi_zones_ingestion.py
[2022-06-11 18:54:17,112] {processor.py:651} INFO - DAG(s) dict_keys(['taxi_zones_ingestion_gcs_dag']) retrieved from /opt/airflow/dags/taxi_zones_ingestion.py
[2022-06-11 18:54:17,146] {logging_mixin.py:115} INFO - [2022-06-11 18:54:17,146] {dag.py:2379} INFO - Sync 1 DAGs
[2022-06-11 18:54:17,170] {logging_mixin.py:115} INFO - [2022-06-11 18:54:17,170] {dag.py:2927} INFO - Setting next_dagrun for taxi_zones_ingestion_gcs_dag to None, run_after=None
[2022-06-11 18:54:17,183] {processor.py:161} INFO - Processing /opt/airflow/dags/taxi_zones_ingestion.py took 0.424 seconds
[2022-06-11 18:54:47,911] {processor.py:153} INFO - Started process (PID=1097) to work on /opt/airflow/dags/taxi_zones_ingestion.py
[2022-06-11 18:54:47,914] {processor.py:641} INFO - Processing file /opt/airflow/dags/taxi_zones_ingestion.py for tasks to queue
[2022-06-11 18:54:47,915] {logging_mixin.py:115} INFO - [2022-06-11 18:54:47,915] {dagbag.py:507} INFO - Filling up the DagBag from /opt/airflow/dags/taxi_zones_ingestion.py
[2022-06-11 18:54:48,258] {processor.py:651} INFO - DAG(s) dict_keys(['taxi_zones_ingestion_gcs_dag']) retrieved from /opt/airflow/dags/taxi_zones_ingestion.py
[2022-06-11 18:54:48,308] {logging_mixin.py:115} INFO - [2022-06-11 18:54:48,307] {dag.py:2379} INFO - Sync 1 DAGs
[2022-06-11 18:54:48,332] {logging_mixin.py:115} INFO - [2022-06-11 18:54:48,332] {dag.py:2927} INFO - Setting next_dagrun for taxi_zones_ingestion_gcs_dag to None, run_after=None
[2022-06-11 18:54:48,347] {processor.py:161} INFO - Processing /opt/airflow/dags/taxi_zones_ingestion.py took 0.440 seconds
[2022-06-11 18:55:19,127] {processor.py:153} INFO - Started process (PID=1139) to work on /opt/airflow/dags/taxi_zones_ingestion.py
[2022-06-11 18:55:19,130] {processor.py:641} INFO - Processing file /opt/airflow/dags/taxi_zones_ingestion.py for tasks to queue
[2022-06-11 18:55:19,132] {logging_mixin.py:115} INFO - [2022-06-11 18:55:19,131] {dagbag.py:507} INFO - Filling up the DagBag from /opt/airflow/dags/taxi_zones_ingestion.py
[2022-06-11 18:55:19,505] {processor.py:651} INFO - DAG(s) dict_keys(['taxi_zones_ingestion_gcs_dag']) retrieved from /opt/airflow/dags/taxi_zones_ingestion.py
[2022-06-11 18:55:19,530] {logging_mixin.py:115} INFO - [2022-06-11 18:55:19,530] {dag.py:2379} INFO - Sync 1 DAGs
[2022-06-11 18:55:19,549] {logging_mixin.py:115} INFO - [2022-06-11 18:55:19,549] {dag.py:2927} INFO - Setting next_dagrun for taxi_zones_ingestion_gcs_dag to None, run_after=None
[2022-06-11 18:55:19,560] {processor.py:161} INFO - Processing /opt/airflow/dags/taxi_zones_ingestion.py took 0.436 seconds
[2022-06-11 18:55:50,532] {processor.py:153} INFO - Started process (PID=1181) to work on /opt/airflow/dags/taxi_zones_ingestion.py
[2022-06-11 18:55:50,537] {processor.py:641} INFO - Processing file /opt/airflow/dags/taxi_zones_ingestion.py for tasks to queue
[2022-06-11 18:55:50,539] {logging_mixin.py:115} INFO - [2022-06-11 18:55:50,539] {dagbag.py:507} INFO - Filling up the DagBag from /opt/airflow/dags/taxi_zones_ingestion.py
[2022-06-11 18:55:50,899] {processor.py:651} INFO - DAG(s) dict_keys(['taxi_zones_ingestion_gcs_dag']) retrieved from /opt/airflow/dags/taxi_zones_ingestion.py
[2022-06-11 18:55:50,932] {logging_mixin.py:115} INFO - [2022-06-11 18:55:50,931] {dag.py:2379} INFO - Sync 1 DAGs
[2022-06-11 18:55:50,949] {logging_mixin.py:115} INFO - [2022-06-11 18:55:50,949] {dag.py:2927} INFO - Setting next_dagrun for taxi_zones_ingestion_gcs_dag to None, run_after=None
[2022-06-11 18:55:50,962] {processor.py:161} INFO - Processing /opt/airflow/dags/taxi_zones_ingestion.py took 0.437 seconds
[2022-06-11 18:56:21,755] {processor.py:153} INFO - Started process (PID=1219) to work on /opt/airflow/dags/taxi_zones_ingestion.py
[2022-06-11 18:56:21,762] {processor.py:641} INFO - Processing file /opt/airflow/dags/taxi_zones_ingestion.py for tasks to queue
[2022-06-11 18:56:21,766] {logging_mixin.py:115} INFO - [2022-06-11 18:56:21,766] {dagbag.py:507} INFO - Filling up the DagBag from /opt/airflow/dags/taxi_zones_ingestion.py
[2022-06-11 18:56:22,575] {processor.py:651} INFO - DAG(s) dict_keys(['taxi_zones_ingestion_gcs_dag']) retrieved from /opt/airflow/dags/taxi_zones_ingestion.py
[2022-06-11 18:56:22,660] {logging_mixin.py:115} INFO - [2022-06-11 18:56:22,659] {dag.py:2379} INFO - Sync 1 DAGs
[2022-06-11 18:56:22,720] {logging_mixin.py:115} INFO - [2022-06-11 18:56:22,720] {dag.py:2927} INFO - Setting next_dagrun for taxi_zones_ingestion_gcs_dag to None, run_after=None
[2022-06-11 18:56:22,751] {processor.py:161} INFO - Processing /opt/airflow/dags/taxi_zones_ingestion.py took 1.015 seconds
[2022-06-11 18:56:52,925] {processor.py:153} INFO - Started process (PID=1250) to work on /opt/airflow/dags/taxi_zones_ingestion.py
[2022-06-11 18:56:52,927] {processor.py:641} INFO - Processing file /opt/airflow/dags/taxi_zones_ingestion.py for tasks to queue
[2022-06-11 18:56:52,930] {logging_mixin.py:115} INFO - [2022-06-11 18:56:52,930] {dagbag.py:507} INFO - Filling up the DagBag from /opt/airflow/dags/taxi_zones_ingestion.py
[2022-06-11 18:56:53,276] {processor.py:651} INFO - DAG(s) dict_keys(['taxi_zones_ingestion_gcs_dag']) retrieved from /opt/airflow/dags/taxi_zones_ingestion.py
[2022-06-11 18:56:53,316] {logging_mixin.py:115} INFO - [2022-06-11 18:56:53,316] {dag.py:2379} INFO - Sync 1 DAGs
[2022-06-11 18:56:53,344] {logging_mixin.py:115} INFO - [2022-06-11 18:56:53,344] {dag.py:2927} INFO - Setting next_dagrun for taxi_zones_ingestion_gcs_dag to None, run_after=None
[2022-06-11 18:56:53,357] {processor.py:161} INFO - Processing /opt/airflow/dags/taxi_zones_ingestion.py took 0.437 seconds
[2022-06-11 18:58:06,054] {processor.py:153} INFO - Started process (PID=46) to work on /opt/airflow/dags/taxi_zones_ingestion.py
[2022-06-11 18:58:06,058] {processor.py:641} INFO - Processing file /opt/airflow/dags/taxi_zones_ingestion.py for tasks to queue
[2022-06-11 18:58:06,062] {logging_mixin.py:115} INFO - [2022-06-11 18:58:06,062] {dagbag.py:507} INFO - Filling up the DagBag from /opt/airflow/dags/taxi_zones_ingestion.py
[2022-06-11 18:58:07,148] {processor.py:651} INFO - DAG(s) dict_keys(['taxi_zones_ingestion_gcs_dag']) retrieved from /opt/airflow/dags/taxi_zones_ingestion.py
[2022-06-11 18:58:07,236] {logging_mixin.py:115} INFO - [2022-06-11 18:58:07,236] {dag.py:2379} INFO - Sync 1 DAGs
[2022-06-11 18:58:07,295] {logging_mixin.py:115} INFO - [2022-06-11 18:58:07,295] {dag.py:2927} INFO - Setting next_dagrun for taxi_zones_ingestion_gcs_dag to None, run_after=None
[2022-06-11 18:58:07,338] {processor.py:161} INFO - Processing /opt/airflow/dags/taxi_zones_ingestion.py took 1.300 seconds
[2022-06-11 18:58:37,564] {processor.py:153} INFO - Started process (PID=82) to work on /opt/airflow/dags/taxi_zones_ingestion.py
[2022-06-11 18:58:37,568] {processor.py:641} INFO - Processing file /opt/airflow/dags/taxi_zones_ingestion.py for tasks to queue
[2022-06-11 18:58:37,569] {logging_mixin.py:115} INFO - [2022-06-11 18:58:37,569] {dagbag.py:507} INFO - Filling up the DagBag from /opt/airflow/dags/taxi_zones_ingestion.py
[2022-06-11 18:58:37,751] {processor.py:651} INFO - DAG(s) dict_keys(['taxi_zones_ingestion_gcs_dag']) retrieved from /opt/airflow/dags/taxi_zones_ingestion.py
[2022-06-11 18:58:37,772] {logging_mixin.py:115} INFO - [2022-06-11 18:58:37,772] {dag.py:2379} INFO - Sync 1 DAGs
[2022-06-11 18:58:37,788] {logging_mixin.py:115} INFO - [2022-06-11 18:58:37,788] {dag.py:2927} INFO - Setting next_dagrun for taxi_zones_ingestion_gcs_dag to None, run_after=None
[2022-06-11 18:58:37,797] {processor.py:161} INFO - Processing /opt/airflow/dags/taxi_zones_ingestion.py took 0.239 seconds
