[2022-06-11 18:58:16,608] {taskinstance.py:1160} INFO - Dependencies all met for <TaskInstance: data_ingestion_gcs_dag.download_dataset_task scheduled__2022-06-10T00:00:00+00:00 [queued]>
[2022-06-11 18:58:16,623] {taskinstance.py:1160} INFO - Dependencies all met for <TaskInstance: data_ingestion_gcs_dag.download_dataset_task scheduled__2022-06-10T00:00:00+00:00 [queued]>
[2022-06-11 18:58:16,625] {taskinstance.py:1357} INFO - 
--------------------------------------------------------------------------------
[2022-06-11 18:58:16,626] {taskinstance.py:1358} INFO - Starting attempt 1 of 2
[2022-06-11 18:58:16,628] {taskinstance.py:1359} INFO - 
--------------------------------------------------------------------------------
[2022-06-11 18:58:16,644] {taskinstance.py:1378} INFO - Executing <Task(BashOperator): download_dataset_task> on 2022-06-10 00:00:00+00:00
[2022-06-11 18:58:16,668] {standard_task_runner.py:52} INFO - Started process 66 to run task
[2022-06-11 18:58:16,672] {standard_task_runner.py:79} INFO - Running: ['***', 'tasks', 'run', 'data_ingestion_gcs_dag', 'download_dataset_task', 'scheduled__2022-06-10T00:00:00+00:00', '--job-id', '578', '--raw', '--subdir', 'DAGS_FOLDER/data_ingestion_gcs_dag.py', '--cfg-path', '/tmp/tmp750li67v', '--error-file', '/tmp/tmp2wif3ip3']
[2022-06-11 18:58:16,676] {standard_task_runner.py:80} INFO - Job 578: Subtask download_dataset_task
[2022-06-11 18:58:16,753] {task_command.py:370} INFO - Running <TaskInstance: data_ingestion_gcs_dag.download_dataset_task scheduled__2022-06-10T00:00:00+00:00 [running]> on host 2a24a1e30a6b
[2022-06-11 18:58:16,839] {taskinstance.py:1572} INFO - Exporting the following env vars:
AIRFLOW_CTX_DAG_OWNER=***
AIRFLOW_CTX_DAG_ID=data_ingestion_gcs_dag
AIRFLOW_CTX_TASK_ID=download_dataset_task
AIRFLOW_CTX_EXECUTION_DATE=2022-06-10T00:00:00+00:00
AIRFLOW_CTX_TRY_NUMBER=1
AIRFLOW_CTX_DAG_RUN_ID=scheduled__2022-06-10T00:00:00+00:00
[2022-06-11 18:58:16,843] {subprocess.py:62} INFO - Tmp dir root location: 
 /tmp
[2022-06-11 18:58:16,845] {subprocess.py:74} INFO - Running command: ['bash', '-c', 'curl -sSL https://s3.amazonaws.com/nyc-tlc/trip+data/yellow_tripdata_2021-01.parquet > /opt/***/yellow_tripdata_2021-01.parquet']
[2022-06-11 18:58:16,866] {subprocess.py:85} INFO - Output:
[2022-06-11 18:58:20,185] {subprocess.py:96} INFO - Command exited with return code 0
[2022-06-11 18:58:20,235] {taskinstance.py:1401} INFO - Marking task as SUCCESS. dag_id=data_ingestion_gcs_dag, task_id=download_dataset_task, execution_date=20220610T000000, start_date=20220611T185816, end_date=20220611T185820
[2022-06-11 18:58:20,284] {local_task_job.py:156} INFO - Task exited with return code 0
[2022-06-11 18:58:20,344] {local_task_job.py:273} INFO - 1 downstream tasks scheduled from follow-on schedule check
