[2022-05-30 18:15:58,196] {taskinstance.py:1160} INFO - Dependencies all met for <TaskInstance: data_ingestion_gcs_dag.download_dataset_task manual__2022-05-30T18:15:54.988929+00:00 [queued]>
[2022-05-30 18:15:58,217] {taskinstance.py:1160} INFO - Dependencies all met for <TaskInstance: data_ingestion_gcs_dag.download_dataset_task manual__2022-05-30T18:15:54.988929+00:00 [queued]>
[2022-05-30 18:15:58,218] {taskinstance.py:1357} INFO - 
--------------------------------------------------------------------------------
[2022-05-30 18:15:58,220] {taskinstance.py:1358} INFO - Starting attempt 1 of 2
[2022-05-30 18:15:58,222] {taskinstance.py:1359} INFO - 
--------------------------------------------------------------------------------
[2022-05-30 18:15:58,236] {taskinstance.py:1378} INFO - Executing <Task(BashOperator): download_dataset_task> on 2022-05-30 18:15:54.988929+00:00
[2022-05-30 18:15:58,256] {standard_task_runner.py:52} INFO - Started process 94 to run task
[2022-05-30 18:15:58,262] {standard_task_runner.py:79} INFO - Running: ['***', 'tasks', 'run', 'data_ingestion_gcs_dag', 'download_dataset_task', 'manual__2022-05-30T18:15:54.988929+00:00', '--job-id', '11', '--raw', '--subdir', 'DAGS_FOLDER/data_ingestion_gcs_dag.py', '--cfg-path', '/tmp/tmpyggbzimv', '--error-file', '/tmp/tmprzairlo7']
[2022-05-30 18:15:58,264] {standard_task_runner.py:80} INFO - Job 11: Subtask download_dataset_task
[2022-05-30 18:15:58,340] {task_command.py:370} INFO - Running <TaskInstance: data_ingestion_gcs_dag.download_dataset_task manual__2022-05-30T18:15:54.988929+00:00 [running]> on host e1291d5f5620
[2022-05-30 18:15:58,434] {taskinstance.py:1572} INFO - Exporting the following env vars:
AIRFLOW_CTX_DAG_OWNER=***
AIRFLOW_CTX_DAG_ID=data_ingestion_gcs_dag
AIRFLOW_CTX_TASK_ID=download_dataset_task
AIRFLOW_CTX_EXECUTION_DATE=2022-05-30T18:15:54.988929+00:00
AIRFLOW_CTX_TRY_NUMBER=1
AIRFLOW_CTX_DAG_RUN_ID=manual__2022-05-30T18:15:54.988929+00:00
[2022-05-30 18:15:58,437] {subprocess.py:62} INFO - Tmp dir root location: 
 /tmp
[2022-05-30 18:15:58,439] {subprocess.py:74} INFO - Running command: ['bash', '-c', 'curl -sSL https://s3.amazonaws.com/nyc-tlc/trip+data/yellow_tripdata_2021-01.parquet > /opt/***/yellow_tripdata_2021-01.parquet']
[2022-05-30 18:15:58,454] {subprocess.py:85} INFO - Output:
[2022-05-30 18:16:02,151] {subprocess.py:96} INFO - Command exited with return code 0
[2022-05-30 18:16:02,226] {taskinstance.py:1401} INFO - Marking task as SUCCESS. dag_id=data_ingestion_gcs_dag, task_id=download_dataset_task, execution_date=20220530T181554, start_date=20220530T181558, end_date=20220530T181602
[2022-05-30 18:16:02,294] {local_task_job.py:156} INFO - Task exited with return code 0
[2022-05-30 18:16:02,351] {local_task_job.py:273} INFO - 1 downstream tasks scheduled from follow-on schedule check
