[2022-05-31 19:22:29,872] {taskinstance.py:1160} INFO - Dependencies all met for <TaskInstance: taxi_zones_ingestion_gcs_dag.format_to_parquet_task manual__2022-05-31T19:22:23.071203+00:00 [queued]>
[2022-05-31 19:22:29,896] {taskinstance.py:1160} INFO - Dependencies all met for <TaskInstance: taxi_zones_ingestion_gcs_dag.format_to_parquet_task manual__2022-05-31T19:22:23.071203+00:00 [queued]>
[2022-05-31 19:22:29,898] {taskinstance.py:1357} INFO - 
--------------------------------------------------------------------------------
[2022-05-31 19:22:29,901] {taskinstance.py:1358} INFO - Starting attempt 1 of 1
[2022-05-31 19:22:29,904] {taskinstance.py:1359} INFO - 
--------------------------------------------------------------------------------
[2022-05-31 19:22:29,935] {taskinstance.py:1378} INFO - Executing <Task(PythonOperator): format_to_parquet_task> on 2022-05-31 19:22:23.071203+00:00
[2022-05-31 19:22:29,949] {standard_task_runner.py:52} INFO - Started process 1088 to run task
[2022-05-31 19:22:29,957] {standard_task_runner.py:79} INFO - Running: ['***', 'tasks', 'run', 'taxi_zones_ingestion_gcs_dag', 'format_to_parquet_task', 'manual__2022-05-31T19:22:23.071203+00:00', '--job-id', '477', '--raw', '--subdir', 'DAGS_FOLDER/taxi_zones_ingestion.py', '--cfg-path', '/tmp/tmpjeq75zp8', '--error-file', '/tmp/tmpgzf8kefq']
[2022-05-31 19:22:29,960] {standard_task_runner.py:80} INFO - Job 477: Subtask format_to_parquet_task
[2022-05-31 19:22:30,068] {task_command.py:370} INFO - Running <TaskInstance: taxi_zones_ingestion_gcs_dag.format_to_parquet_task manual__2022-05-31T19:22:23.071203+00:00 [running]> on host 3f188d455d5a
[2022-05-31 19:22:30,175] {taskinstance.py:1572} INFO - Exporting the following env vars:
AIRFLOW_CTX_DAG_OWNER=***
AIRFLOW_CTX_DAG_ID=taxi_zones_ingestion_gcs_dag
AIRFLOW_CTX_TASK_ID=format_to_parquet_task
AIRFLOW_CTX_EXECUTION_DATE=2022-05-31T19:22:23.071203+00:00
AIRFLOW_CTX_TRY_NUMBER=1
AIRFLOW_CTX_DAG_RUN_ID=manual__2022-05-31T19:22:23.071203+00:00
[2022-05-31 19:22:30,883] {taskinstance.py:1890} ERROR - Task failed with exception
Traceback (most recent call last):
  File "/home/airflow/.local/lib/python3.7/site-packages/airflow/operators/python.py", line 171, in execute
    return_value = self.execute_callable()
  File "/home/airflow/.local/lib/python3.7/site-packages/airflow/operators/python.py", line 189, in execute_callable
    return self.python_callable(*self.op_args, **self.op_kwargs)
  File "/opt/airflow/dags/taxi_zones_ingestion.py", line 26, in format_to_parquet
    table = pv.read_csv(src_file)
  File "pyarrow/_csv.pyx", line 886, in pyarrow._csv.read_csv
  File "pyarrow/_csv.pyx", line 895, in pyarrow._csv.read_csv
  File "pyarrow/error.pxi", line 143, in pyarrow.lib.pyarrow_internal_check_status
  File "pyarrow/error.pxi", line 99, in pyarrow.lib.check_status
pyarrow.lib.ArrowInvalid: Empty CSV file
[2022-05-31 19:22:30,940] {taskinstance.py:1401} INFO - Marking task as FAILED. dag_id=taxi_zones_ingestion_gcs_dag, task_id=format_to_parquet_task, execution_date=20220531T192223, start_date=20220531T192229, end_date=20220531T192230
[2022-05-31 19:22:30,978] {standard_task_runner.py:97} ERROR - Failed to execute job 477 for task format_to_parquet_task (Empty CSV file; 1088)
[2022-05-31 19:22:31,074] {local_task_job.py:156} INFO - Task exited with return code 1
[2022-05-31 19:22:31,185] {local_task_job.py:273} INFO - 0 downstream tasks scheduled from follow-on schedule check
