[2022-05-30 19:24:34,792] {taskinstance.py:1160} INFO - Dependencies all met for <TaskInstance: LocalIngestionDag.wget scheduled__2021-11-02T06:00:00+00:00 [queued]>
[2022-05-30 19:24:34,802] {taskinstance.py:1160} INFO - Dependencies all met for <TaskInstance: LocalIngestionDag.wget scheduled__2021-11-02T06:00:00+00:00 [queued]>
[2022-05-30 19:24:34,804] {taskinstance.py:1357} INFO - 
--------------------------------------------------------------------------------
[2022-05-30 19:24:34,805] {taskinstance.py:1358} INFO - Starting attempt 1 of 1
[2022-05-30 19:24:34,806] {taskinstance.py:1359} INFO - 
--------------------------------------------------------------------------------
[2022-05-30 19:24:34,826] {taskinstance.py:1378} INFO - Executing <Task(BashOperator): wget> on 2021-11-02 06:00:00+00:00
[2022-05-30 19:24:34,834] {standard_task_runner.py:52} INFO - Started process 1998 to run task
[2022-05-30 19:24:34,839] {standard_task_runner.py:79} INFO - Running: ['***', 'tasks', 'run', 'LocalIngestionDag', 'wget', 'scheduled__2021-11-02T06:00:00+00:00', '--job-id', '44', '--raw', '--subdir', 'DAGS_FOLDER/data_ingestion_local.py', '--cfg-path', '/tmp/tmpnd023ct4', '--error-file', '/tmp/tmp0rz7cxz0']
[2022-05-30 19:24:34,841] {standard_task_runner.py:80} INFO - Job 44: Subtask wget
[2022-05-30 19:24:34,904] {task_command.py:370} INFO - Running <TaskInstance: LocalIngestionDag.wget scheduled__2021-11-02T06:00:00+00:00 [running]> on host e083cbf9476b
[2022-05-30 19:24:34,937] {warnings.py:110} WARNING - /home/***/.local/lib/python3.7/site-packages/***/utils/context.py:202: AirflowContextDeprecationWarning: Accessing 'execution_date' from the template is deprecated and will be removed in a future version. Please use 'data_interval_start' or 'logical_date' instead.
  warnings.warn(_create_deprecation_warning(key, self._deprecation_replacements[key]))

[2022-05-30 19:24:34,973] {taskinstance.py:1572} INFO - Exporting the following env vars:
AIRFLOW_CTX_DAG_OWNER=***
AIRFLOW_CTX_DAG_ID=LocalIngestionDag
AIRFLOW_CTX_TASK_ID=wget
AIRFLOW_CTX_EXECUTION_DATE=2021-11-02T06:00:00+00:00
AIRFLOW_CTX_TRY_NUMBER=1
AIRFLOW_CTX_DAG_RUN_ID=scheduled__2021-11-02T06:00:00+00:00
[2022-05-30 19:24:34,975] {subprocess.py:62} INFO - Tmp dir root location: 
 /tmp
[2022-05-30 19:24:34,976] {subprocess.py:74} INFO - Running command: ['bash', '-c', 'curl -sSL https://s3.amazonaws.com/nyc-tlc/trip+data//yellow_tripdata_2021-11.parquet > /opt/***/output_2021-11.parquet']
[2022-05-30 19:24:34,994] {subprocess.py:85} INFO - Output:
[2022-05-30 19:24:35,775] {subprocess.py:96} INFO - Command exited with return code 0
[2022-05-30 19:24:35,813] {taskinstance.py:1401} INFO - Marking task as SUCCESS. dag_id=LocalIngestionDag, task_id=wget, execution_date=20211102T060000, start_date=20220530T192434, end_date=20220530T192435
[2022-05-30 19:24:35,851] {local_task_job.py:156} INFO - Task exited with return code 0
[2022-05-30 19:24:35,884] {local_task_job.py:273} INFO - 0 downstream tasks scheduled from follow-on schedule check
[2022-05-30 20:10:33,742] {taskinstance.py:1160} INFO - Dependencies all met for <TaskInstance: LocalIngestionDag.wget scheduled__2021-11-02T06:00:00+00:00 [queued]>
[2022-05-30 20:10:34,344] {taskinstance.py:1160} INFO - Dependencies all met for <TaskInstance: LocalIngestionDag.wget scheduled__2021-11-02T06:00:00+00:00 [queued]>
[2022-05-30 20:10:34,373] {taskinstance.py:1357} INFO - 
--------------------------------------------------------------------------------
[2022-05-30 20:10:34,381] {taskinstance.py:1358} INFO - Starting attempt 1 of 1
[2022-05-30 20:10:34,384] {taskinstance.py:1359} INFO - 
--------------------------------------------------------------------------------
[2022-05-30 20:10:34,857] {taskinstance.py:1378} INFO - Executing <Task(BashOperator): wget> on 2021-11-02 06:00:00+00:00
[2022-05-30 20:10:35,145] {standard_task_runner.py:52} INFO - Started process 420 to run task
[2022-05-30 20:10:35,298] {standard_task_runner.py:79} INFO - Running: ['***', 'tasks', 'run', 'LocalIngestionDag', 'wget', 'scheduled__2021-11-02T06:00:00+00:00', '--job-id', '78', '--raw', '--subdir', 'DAGS_FOLDER/data_ingestion_local.py', '--cfg-path', '/tmp/tmp81zehpmk', '--error-file', '/tmp/tmps0m6j1hu']
[2022-05-30 20:10:35,497] {standard_task_runner.py:80} INFO - Job 78: Subtask wget
[2022-05-30 20:10:36,784] {task_command.py:370} INFO - Running <TaskInstance: LocalIngestionDag.wget scheduled__2021-11-02T06:00:00+00:00 [running]> on host e083cbf9476b
[2022-05-30 20:10:37,461] {warnings.py:110} WARNING - /home/***/.local/lib/python3.7/site-packages/***/utils/context.py:202: AirflowContextDeprecationWarning: Accessing 'execution_date' from the template is deprecated and will be removed in a future version. Please use 'data_interval_start' or 'logical_date' instead.
  warnings.warn(_create_deprecation_warning(key, self._deprecation_replacements[key]))

[2022-05-30 20:10:37,925] {taskinstance.py:1572} INFO - Exporting the following env vars:
AIRFLOW_CTX_DAG_OWNER=***
AIRFLOW_CTX_DAG_ID=LocalIngestionDag
AIRFLOW_CTX_TASK_ID=wget
AIRFLOW_CTX_EXECUTION_DATE=2021-11-02T06:00:00+00:00
AIRFLOW_CTX_TRY_NUMBER=1
AIRFLOW_CTX_DAG_RUN_ID=scheduled__2021-11-02T06:00:00+00:00
[2022-05-30 20:10:38,082] {subprocess.py:62} INFO - Tmp dir root location: 
 /tmp
[2022-05-30 20:10:38,305] {subprocess.py:74} INFO - Running command: ['bash', '-c', 'curl -sSL https://s3.amazonaws.com/nyc-tlc/trip+data/yellow_tripdata_2021-11.parquet > /opt/***/output_2021-11.parquet']
[2022-05-30 20:10:38,682] {subprocess.py:85} INFO - Output:
[2022-05-30 20:11:01,518] {subprocess.py:96} INFO - Command exited with return code 0
[2022-05-30 20:11:01,645] {taskinstance.py:1401} INFO - Marking task as SUCCESS. dag_id=LocalIngestionDag, task_id=wget, execution_date=20211102T060000, start_date=20220530T201033, end_date=20220530T201101
[2022-05-30 20:11:01,766] {local_task_job.py:156} INFO - Task exited with return code 0
[2022-05-30 20:11:01,818] {local_task_job.py:273} INFO - 0 downstream tasks scheduled from follow-on schedule check
[2022-05-30 20:13:27,086] {taskinstance.py:1160} INFO - Dependencies all met for <TaskInstance: LocalIngestionDag.wget scheduled__2021-11-02T06:00:00+00:00 [queued]>
[2022-05-30 20:13:27,171] {taskinstance.py:1160} INFO - Dependencies all met for <TaskInstance: LocalIngestionDag.wget scheduled__2021-11-02T06:00:00+00:00 [queued]>
[2022-05-30 20:13:27,177] {taskinstance.py:1357} INFO - 
--------------------------------------------------------------------------------
[2022-05-30 20:13:27,180] {taskinstance.py:1358} INFO - Starting attempt 1 of 1
[2022-05-30 20:13:27,199] {taskinstance.py:1359} INFO - 
--------------------------------------------------------------------------------
[2022-05-30 20:13:27,335] {taskinstance.py:1378} INFO - Executing <Task(BashOperator): wget> on 2021-11-02 06:00:00+00:00
[2022-05-30 20:13:27,368] {standard_task_runner.py:52} INFO - Started process 657 to run task
[2022-05-30 20:13:27,427] {standard_task_runner.py:79} INFO - Running: ['***', 'tasks', 'run', 'LocalIngestionDag', 'wget', 'scheduled__2021-11-02T06:00:00+00:00', '--job-id', '94', '--raw', '--subdir', 'DAGS_FOLDER/data_ingestion_local.py', '--cfg-path', '/tmp/tmp93tdzwyi', '--error-file', '/tmp/tmpmykbsg2i']
[2022-05-30 20:13:27,451] {standard_task_runner.py:80} INFO - Job 94: Subtask wget
[2022-05-30 20:13:27,935] {task_command.py:370} INFO - Running <TaskInstance: LocalIngestionDag.wget scheduled__2021-11-02T06:00:00+00:00 [running]> on host e083cbf9476b
[2022-05-30 20:13:28,203] {warnings.py:110} WARNING - /home/***/.local/lib/python3.7/site-packages/***/utils/context.py:202: AirflowContextDeprecationWarning: Accessing 'execution_date' from the template is deprecated and will be removed in a future version. Please use 'data_interval_start' or 'logical_date' instead.
  warnings.warn(_create_deprecation_warning(key, self._deprecation_replacements[key]))

[2022-05-30 20:13:28,431] {taskinstance.py:1572} INFO - Exporting the following env vars:
AIRFLOW_CTX_DAG_OWNER=***
AIRFLOW_CTX_DAG_ID=LocalIngestionDag
AIRFLOW_CTX_TASK_ID=wget
AIRFLOW_CTX_EXECUTION_DATE=2021-11-02T06:00:00+00:00
AIRFLOW_CTX_TRY_NUMBER=1
AIRFLOW_CTX_DAG_RUN_ID=scheduled__2021-11-02T06:00:00+00:00
[2022-05-30 20:13:28,444] {subprocess.py:62} INFO - Tmp dir root location: 
 /tmp
[2022-05-30 20:13:28,447] {subprocess.py:74} INFO - Running command: ['bash', '-c', 'curl -sSL https://s3.amazonaws.com/nyc-tlc/trip+data/yellow_tripdata_2021-11.parquet > /opt/***/output_2021-11.parquet']
[2022-05-30 20:13:28,704] {subprocess.py:85} INFO - Output:
[2022-05-30 20:13:42,175] {subprocess.py:96} INFO - Command exited with return code 0
[2022-05-30 20:13:42,302] {taskinstance.py:1401} INFO - Marking task as SUCCESS. dag_id=LocalIngestionDag, task_id=wget, execution_date=20211102T060000, start_date=20220530T201327, end_date=20220530T201342
[2022-05-30 20:13:42,457] {local_task_job.py:156} INFO - Task exited with return code 0
[2022-05-30 20:13:42,558] {local_task_job.py:273} INFO - 0 downstream tasks scheduled from follow-on schedule check
[2022-05-30 20:17:34,874] {taskinstance.py:1160} INFO - Dependencies all met for <TaskInstance: LocalIngestionDag.wget scheduled__2021-11-02T06:00:00+00:00 [queued]>
[2022-05-30 20:17:35,037] {taskinstance.py:1160} INFO - Dependencies all met for <TaskInstance: LocalIngestionDag.wget scheduled__2021-11-02T06:00:00+00:00 [queued]>
[2022-05-30 20:17:35,041] {taskinstance.py:1357} INFO - 
--------------------------------------------------------------------------------
[2022-05-30 20:17:35,043] {taskinstance.py:1358} INFO - Starting attempt 1 of 1
[2022-05-30 20:17:35,046] {taskinstance.py:1359} INFO - 
--------------------------------------------------------------------------------
[2022-05-30 20:17:35,226] {taskinstance.py:1378} INFO - Executing <Task(BashOperator): wget> on 2021-11-02 06:00:00+00:00
[2022-05-30 20:17:35,580] {standard_task_runner.py:79} INFO - Running: ['***', 'tasks', 'run', 'LocalIngestionDag', 'wget', 'scheduled__2021-11-02T06:00:00+00:00', '--job-id', '108', '--raw', '--subdir', 'DAGS_FOLDER/data_ingestion_local.py', '--cfg-path', '/tmp/tmpbtdox8mv', '--error-file', '/tmp/tmpwbz8esfy']
[2022-05-30 20:17:35,615] {standard_task_runner.py:80} INFO - Job 108: Subtask wget
[2022-05-30 20:17:35,482] {standard_task_runner.py:52} INFO - Started process 950 to run task
[2022-05-30 20:17:36,982] {task_command.py:370} INFO - Running <TaskInstance: LocalIngestionDag.wget scheduled__2021-11-02T06:00:00+00:00 [running]> on host e083cbf9476b
[2022-05-30 20:17:37,911] {warnings.py:110} WARNING - /home/***/.local/lib/python3.7/site-packages/***/utils/context.py:202: AirflowContextDeprecationWarning: Accessing 'execution_date' from the template is deprecated and will be removed in a future version. Please use 'data_interval_start' or 'logical_date' instead.
  warnings.warn(_create_deprecation_warning(key, self._deprecation_replacements[key]))

[2022-05-30 20:17:38,541] {taskinstance.py:1572} INFO - Exporting the following env vars:
AIRFLOW_CTX_DAG_OWNER=***
AIRFLOW_CTX_DAG_ID=LocalIngestionDag
AIRFLOW_CTX_TASK_ID=wget
AIRFLOW_CTX_EXECUTION_DATE=2021-11-02T06:00:00+00:00
AIRFLOW_CTX_TRY_NUMBER=1
AIRFLOW_CTX_DAG_RUN_ID=scheduled__2021-11-02T06:00:00+00:00
[2022-05-30 20:17:38,556] {subprocess.py:62} INFO - Tmp dir root location: 
 /tmp
[2022-05-30 20:17:38,560] {subprocess.py:74} INFO - Running command: ['bash', '-c', 'curl -sSL https://s3.amazonaws.com/nyc-tlc/trip+data/yellow_tripdata_2021-11.parquet > /opt/***/output_2021-11.parquet']
[2022-05-30 20:17:38,716] {subprocess.py:85} INFO - Output:
[2022-05-30 20:18:01,798] {subprocess.py:96} INFO - Command exited with return code 0
[2022-05-30 20:18:01,962] {taskinstance.py:1401} INFO - Marking task as SUCCESS. dag_id=LocalIngestionDag, task_id=wget, execution_date=20211102T060000, start_date=20220530T201734, end_date=20220530T201801
[2022-05-30 20:18:02,083] {local_task_job.py:156} INFO - Task exited with return code 0
[2022-05-30 20:18:02,166] {local_task_job.py:273} INFO - 0 downstream tasks scheduled from follow-on schedule check
[2022-05-30 20:20:35,818] {taskinstance.py:1160} INFO - Dependencies all met for <TaskInstance: LocalIngestionDag.wget scheduled__2021-11-02T06:00:00+00:00 [queued]>
[2022-05-30 20:20:35,894] {taskinstance.py:1160} INFO - Dependencies all met for <TaskInstance: LocalIngestionDag.wget scheduled__2021-11-02T06:00:00+00:00 [queued]>
[2022-05-30 20:20:35,896] {taskinstance.py:1357} INFO - 
--------------------------------------------------------------------------------
[2022-05-30 20:20:35,898] {taskinstance.py:1358} INFO - Starting attempt 1 of 1
[2022-05-30 20:20:35,899] {taskinstance.py:1359} INFO - 
--------------------------------------------------------------------------------
[2022-05-30 20:20:36,038] {taskinstance.py:1378} INFO - Executing <Task(BashOperator): wget> on 2021-11-02 06:00:00+00:00
[2022-05-30 20:20:36,090] {standard_task_runner.py:52} INFO - Started process 1191 to run task
[2022-05-30 20:20:36,194] {standard_task_runner.py:79} INFO - Running: ['***', 'tasks', 'run', 'LocalIngestionDag', 'wget', 'scheduled__2021-11-02T06:00:00+00:00', '--job-id', '125', '--raw', '--subdir', 'DAGS_FOLDER/data_ingestion_local.py', '--cfg-path', '/tmp/tmptqwvoaw2', '--error-file', '/tmp/tmp77u3_yrf']
[2022-05-30 20:20:36,198] {standard_task_runner.py:80} INFO - Job 125: Subtask wget
[2022-05-30 20:20:36,823] {task_command.py:370} INFO - Running <TaskInstance: LocalIngestionDag.wget scheduled__2021-11-02T06:00:00+00:00 [running]> on host e083cbf9476b
[2022-05-30 20:20:37,265] {warnings.py:110} WARNING - /home/***/.local/lib/python3.7/site-packages/***/utils/context.py:202: AirflowContextDeprecationWarning: Accessing 'execution_date' from the template is deprecated and will be removed in a future version. Please use 'data_interval_start' or 'logical_date' instead.
  warnings.warn(_create_deprecation_warning(key, self._deprecation_replacements[key]))

[2022-05-30 20:20:37,696] {taskinstance.py:1572} INFO - Exporting the following env vars:
AIRFLOW_CTX_DAG_OWNER=***
AIRFLOW_CTX_DAG_ID=LocalIngestionDag
AIRFLOW_CTX_TASK_ID=wget
AIRFLOW_CTX_EXECUTION_DATE=2021-11-02T06:00:00+00:00
AIRFLOW_CTX_TRY_NUMBER=1
AIRFLOW_CTX_DAG_RUN_ID=scheduled__2021-11-02T06:00:00+00:00
[2022-05-30 20:20:37,721] {subprocess.py:62} INFO - Tmp dir root location: 
 /tmp
[2022-05-30 20:20:37,726] {subprocess.py:74} INFO - Running command: ['bash', '-c', 'curl -sSL https://s3.amazonaws.com/nyc-tlc/trip+data/yellow_tripdata_2021-11.parquet > /opt/***/output_2021-11.parquet']
[2022-05-30 20:20:38,177] {subprocess.py:85} INFO - Output:
[2022-05-30 20:20:57,150] {subprocess.py:96} INFO - Command exited with return code 0
[2022-05-30 20:21:03,410] {taskinstance.py:1401} INFO - Marking task as SUCCESS. dag_id=LocalIngestionDag, task_id=wget, execution_date=20211102T060000, start_date=20220530T202035, end_date=20220530T202103
[2022-05-30 20:21:03,982] {local_task_job.py:221} WARNING - State of this instance has been externally set to success. Terminating instance.
[2022-05-30 20:21:04,138] {process_utils.py:129} INFO - Sending Signals.SIGTERM to group 1191. PIDs of all processes in the group: [1191]
[2022-05-30 20:21:04,142] {process_utils.py:80} INFO - Sending the signal Signals.SIGTERM to group 1191
[2022-05-30 20:21:04,364] {process_utils.py:75} INFO - Process psutil.Process(pid=1191, status='terminated', exitcode=0, started='20:20:35') (1191) terminated with exit code 0
[2022-05-30 22:16:45,850] {taskinstance.py:1160} INFO - Dependencies all met for <TaskInstance: LocalIngestionDag.wget scheduled__2021-11-02T06:00:00+00:00 [queued]>
[2022-05-30 22:16:45,961] {taskinstance.py:1160} INFO - Dependencies all met for <TaskInstance: LocalIngestionDag.wget scheduled__2021-11-02T06:00:00+00:00 [queued]>
[2022-05-30 22:16:45,963] {taskinstance.py:1357} INFO - 
--------------------------------------------------------------------------------
[2022-05-30 22:16:45,966] {taskinstance.py:1358} INFO - Starting attempt 1 of 1
[2022-05-30 22:16:45,967] {taskinstance.py:1359} INFO - 
--------------------------------------------------------------------------------
[2022-05-30 22:16:46,073] {taskinstance.py:1378} INFO - Executing <Task(BashOperator): wget> on 2021-11-02 06:00:00+00:00
[2022-05-30 22:16:46,185] {standard_task_runner.py:52} INFO - Started process 1289 to run task
[2022-05-30 22:16:46,241] {standard_task_runner.py:79} INFO - Running: ['***', 'tasks', 'run', 'LocalIngestionDag', 'wget', 'scheduled__2021-11-02T06:00:00+00:00', '--job-id', '208', '--raw', '--subdir', 'DAGS_FOLDER/data_ingestion_local.py', '--cfg-path', '/tmp/tmp4ur6qv5y', '--error-file', '/tmp/tmp0yfmxcdn']
[2022-05-30 22:16:46,254] {standard_task_runner.py:80} INFO - Job 208: Subtask wget
[2022-05-30 22:16:46,980] {task_command.py:370} INFO - Running <TaskInstance: LocalIngestionDag.wget scheduled__2021-11-02T06:00:00+00:00 [running]> on host 8ac972de2f4f
[2022-05-30 22:16:47,737] {warnings.py:110} WARNING - /home/***/.local/lib/python3.7/site-packages/***/utils/context.py:202: AirflowContextDeprecationWarning: Accessing 'execution_date' from the template is deprecated and will be removed in a future version. Please use 'data_interval_start' or 'logical_date' instead.
  warnings.warn(_create_deprecation_warning(key, self._deprecation_replacements[key]))

[2022-05-30 22:16:48,069] {taskinstance.py:1572} INFO - Exporting the following env vars:
AIRFLOW_CTX_DAG_OWNER=***
AIRFLOW_CTX_DAG_ID=LocalIngestionDag
AIRFLOW_CTX_TASK_ID=wget
AIRFLOW_CTX_EXECUTION_DATE=2021-11-02T06:00:00+00:00
AIRFLOW_CTX_TRY_NUMBER=1
AIRFLOW_CTX_DAG_RUN_ID=scheduled__2021-11-02T06:00:00+00:00
[2022-05-30 22:16:48,075] {subprocess.py:62} INFO - Tmp dir root location: 
 /tmp
[2022-05-30 22:16:48,083] {subprocess.py:74} INFO - Running command: ['bash', '-c', 'curl -sSL https://s3.amazonaws.com/nyc-tlc/trip+data/yellow_tripdata_2021-11.parquet > /opt/***/output_2021-11.parquet']
[2022-05-30 22:16:48,260] {subprocess.py:85} INFO - Output:
[2022-05-30 22:17:21,256] {subprocess.py:96} INFO - Command exited with return code 0
[2022-05-30 22:17:22,994] {taskinstance.py:1401} INFO - Marking task as SUCCESS. dag_id=LocalIngestionDag, task_id=wget, execution_date=20211102T060000, start_date=20220530T221645, end_date=20220530T221722
[2022-05-30 22:17:23,369] {local_task_job.py:156} INFO - Task exited with return code 0
[2022-05-30 22:17:23,816] {local_task_job.py:273} INFO - 1 downstream tasks scheduled from follow-on schedule check
[2022-05-30 22:20:50,673] {taskinstance.py:1160} INFO - Dependencies all met for <TaskInstance: LocalIngestionDag.wget scheduled__2021-11-02T06:00:00+00:00 [queued]>
[2022-05-30 22:20:50,726] {taskinstance.py:1160} INFO - Dependencies all met for <TaskInstance: LocalIngestionDag.wget scheduled__2021-11-02T06:00:00+00:00 [queued]>
[2022-05-30 22:20:50,730] {taskinstance.py:1357} INFO - 
--------------------------------------------------------------------------------
[2022-05-30 22:20:50,731] {taskinstance.py:1358} INFO - Starting attempt 1 of 1
[2022-05-30 22:20:50,737] {taskinstance.py:1359} INFO - 
--------------------------------------------------------------------------------
[2022-05-30 22:20:50,819] {taskinstance.py:1378} INFO - Executing <Task(BashOperator): wget> on 2021-11-02 06:00:00+00:00
[2022-05-30 22:20:50,920] {standard_task_runner.py:52} INFO - Started process 1656 to run task
[2022-05-30 22:20:50,952] {standard_task_runner.py:79} INFO - Running: ['***', 'tasks', 'run', 'LocalIngestionDag', 'wget', 'scheduled__2021-11-02T06:00:00+00:00', '--job-id', '234', '--raw', '--subdir', 'DAGS_FOLDER/data_ingestion_local.py', '--cfg-path', '/tmp/tmprqbcosgl', '--error-file', '/tmp/tmpshzh0hgr']
[2022-05-30 22:20:50,961] {standard_task_runner.py:80} INFO - Job 234: Subtask wget
[2022-05-30 22:20:51,759] {task_command.py:370} INFO - Running <TaskInstance: LocalIngestionDag.wget scheduled__2021-11-02T06:00:00+00:00 [running]> on host 8ac972de2f4f
[2022-05-30 22:20:52,280] {warnings.py:110} WARNING - /home/***/.local/lib/python3.7/site-packages/***/utils/context.py:202: AirflowContextDeprecationWarning: Accessing 'execution_date' from the template is deprecated and will be removed in a future version. Please use 'data_interval_start' or 'logical_date' instead.
  warnings.warn(_create_deprecation_warning(key, self._deprecation_replacements[key]))

[2022-05-30 22:20:52,699] {taskinstance.py:1572} INFO - Exporting the following env vars:
AIRFLOW_CTX_DAG_OWNER=***
AIRFLOW_CTX_DAG_ID=LocalIngestionDag
AIRFLOW_CTX_TASK_ID=wget
AIRFLOW_CTX_EXECUTION_DATE=2021-11-02T06:00:00+00:00
AIRFLOW_CTX_TRY_NUMBER=1
AIRFLOW_CTX_DAG_RUN_ID=scheduled__2021-11-02T06:00:00+00:00
[2022-05-30 22:20:52,806] {subprocess.py:62} INFO - Tmp dir root location: 
 /tmp
[2022-05-30 22:20:52,812] {subprocess.py:74} INFO - Running command: ['bash', '-c', 'curl -sSL https://s3.amazonaws.com/nyc-tlc/trip+data/yellow_tripdata_2021-11.parquet > /opt/***/output_2021-11.parquet']
[2022-05-30 22:20:53,024] {subprocess.py:85} INFO - Output:
[2022-05-30 22:21:25,134] {subprocess.py:96} INFO - Command exited with return code 0
[2022-05-30 22:21:26,993] {taskinstance.py:1401} INFO - Marking task as SUCCESS. dag_id=LocalIngestionDag, task_id=wget, execution_date=20211102T060000, start_date=20220530T222050, end_date=20220530T222126
[2022-05-30 22:21:27,806] {local_task_job.py:156} INFO - Task exited with return code 0
[2022-05-30 22:21:29,196] {local_task_job.py:273} INFO - 0 downstream tasks scheduled from follow-on schedule check
