[2022-05-30 19:46:40,987] {taskinstance.py:1160} INFO - Dependencies all met for <TaskInstance: LocalIngestionDag.wget manual__2022-05-30T19:46:39.589446+00:00 [queued]>
[2022-05-30 19:46:40,995] {taskinstance.py:1160} INFO - Dependencies all met for <TaskInstance: LocalIngestionDag.wget manual__2022-05-30T19:46:39.589446+00:00 [queued]>
[2022-05-30 19:46:40,996] {taskinstance.py:1357} INFO - 
--------------------------------------------------------------------------------
[2022-05-30 19:46:40,998] {taskinstance.py:1358} INFO - Starting attempt 1 of 1
[2022-05-30 19:46:40,999] {taskinstance.py:1359} INFO - 
--------------------------------------------------------------------------------
[2022-05-30 19:46:41,011] {taskinstance.py:1378} INFO - Executing <Task(BashOperator): wget> on 2022-05-30 19:46:39.589446+00:00
[2022-05-30 19:46:41,018] {standard_task_runner.py:52} INFO - Started process 3230 to run task
[2022-05-30 19:46:41,026] {standard_task_runner.py:79} INFO - Running: ['***', 'tasks', 'run', 'LocalIngestionDag', 'wget', 'manual__2022-05-30T19:46:39.589446+00:00', '--job-id', '52', '--raw', '--subdir', 'DAGS_FOLDER/data_ingestion_local.py', '--cfg-path', '/tmp/tmpi09wyilb', '--error-file', '/tmp/tmp8l8tdooh']
[2022-05-30 19:46:41,030] {standard_task_runner.py:80} INFO - Job 52: Subtask wget
[2022-05-30 19:46:41,091] {task_command.py:370} INFO - Running <TaskInstance: LocalIngestionDag.wget manual__2022-05-30T19:46:39.589446+00:00 [running]> on host e083cbf9476b
[2022-05-30 19:46:41,127] {warnings.py:110} WARNING - /home/***/.local/lib/python3.7/site-packages/***/utils/context.py:202: AirflowContextDeprecationWarning: Accessing 'execution_date' from the template is deprecated and will be removed in a future version. Please use 'data_interval_start' or 'logical_date' instead.
  warnings.warn(_create_deprecation_warning(key, self._deprecation_replacements[key]))

[2022-05-30 19:46:41,170] {taskinstance.py:1572} INFO - Exporting the following env vars:
AIRFLOW_CTX_DAG_OWNER=***
AIRFLOW_CTX_DAG_ID=LocalIngestionDag
AIRFLOW_CTX_TASK_ID=wget
AIRFLOW_CTX_EXECUTION_DATE=2022-05-30T19:46:39.589446+00:00
AIRFLOW_CTX_TRY_NUMBER=1
AIRFLOW_CTX_DAG_RUN_ID=manual__2022-05-30T19:46:39.589446+00:00
[2022-05-30 19:46:41,173] {subprocess.py:62} INFO - Tmp dir root location: 
 /tmp
[2022-05-30 19:46:41,176] {subprocess.py:74} INFO - Running command: ['bash', '-c', 'curl -sSL https://s3.amazonaws.com/nyc-tlc/trip+data/yellow_tripdata_2022-05.parquet > /opt/***/output_2022-05.parquet']
[2022-05-30 19:46:41,191] {subprocess.py:85} INFO - Output:
[2022-05-30 19:46:41,871] {subprocess.py:96} INFO - Command exited with return code 0
[2022-05-30 19:46:41,934] {taskinstance.py:1401} INFO - Marking task as SUCCESS. dag_id=LocalIngestionDag, task_id=wget, execution_date=20220530T194639, start_date=20220530T194640, end_date=20220530T194641
[2022-05-30 19:46:42,024] {local_task_job.py:156} INFO - Task exited with return code 0
[2022-05-30 19:46:42,470] {local_task_job.py:273} INFO - 0 downstream tasks scheduled from follow-on schedule check
