[2022-05-30 18:15:58,251] {taskinstance.py:1160} INFO - Dependencies all met for <TaskInstance: data_ingestion_gcs_dag.format_to_parquet_task manual__2022-05-30T18:15:54.988929+00:00 [queued]>
[2022-05-30 18:15:58,267] {taskinstance.py:1160} INFO - Dependencies all met for <TaskInstance: data_ingestion_gcs_dag.format_to_parquet_task manual__2022-05-30T18:15:54.988929+00:00 [queued]>
[2022-05-30 18:15:58,268] {taskinstance.py:1357} INFO - 
--------------------------------------------------------------------------------
[2022-05-30 18:15:58,270] {taskinstance.py:1358} INFO - Starting attempt 1 of 2
[2022-05-30 18:15:58,271] {taskinstance.py:1359} INFO - 
--------------------------------------------------------------------------------
[2022-05-30 18:15:58,288] {taskinstance.py:1378} INFO - Executing <Task(PythonOperator): format_to_parquet_task> on 2022-05-30 18:15:54.988929+00:00
[2022-05-30 18:15:58,295] {standard_task_runner.py:52} INFO - Started process 95 to run task
[2022-05-30 18:15:58,302] {standard_task_runner.py:79} INFO - Running: ['***', 'tasks', 'run', 'data_ingestion_gcs_dag', 'format_to_parquet_task', 'manual__2022-05-30T18:15:54.988929+00:00', '--job-id', '12', '--raw', '--subdir', 'DAGS_FOLDER/data_ingestion_gcs_dag.py', '--cfg-path', '/tmp/tmpqchwai3b', '--error-file', '/tmp/tmpzsr4ekzq']
[2022-05-30 18:15:58,305] {standard_task_runner.py:80} INFO - Job 12: Subtask format_to_parquet_task
[2022-05-30 18:15:58,384] {task_command.py:370} INFO - Running <TaskInstance: data_ingestion_gcs_dag.format_to_parquet_task manual__2022-05-30T18:15:54.988929+00:00 [running]> on host e1291d5f5620
[2022-05-30 18:15:58,465] {taskinstance.py:1572} INFO - Exporting the following env vars:
AIRFLOW_CTX_DAG_OWNER=***
AIRFLOW_CTX_DAG_ID=data_ingestion_gcs_dag
AIRFLOW_CTX_TASK_ID=format_to_parquet_task
AIRFLOW_CTX_EXECUTION_DATE=2022-05-30T18:15:54.988929+00:00
AIRFLOW_CTX_TRY_NUMBER=1
AIRFLOW_CTX_DAG_RUN_ID=manual__2022-05-30T18:15:54.988929+00:00
[2022-05-30 18:15:58,468] {data_ingestion_gcs_dag.py:26} ERROR - Can only accept source files in CSV format, for the moment
[2022-05-30 18:15:58,470] {python.py:173} INFO - Done. Returned value was: None
[2022-05-30 18:15:58,487] {taskinstance.py:1401} INFO - Marking task as SUCCESS. dag_id=data_ingestion_gcs_dag, task_id=format_to_parquet_task, execution_date=20220530T181554, start_date=20220530T181558, end_date=20220530T181558
[2022-05-30 18:15:58,517] {local_task_job.py:156} INFO - Task exited with return code 0
[2022-05-30 18:15:58,548] {local_task_job.py:273} INFO - 0 downstream tasks scheduled from follow-on schedule check
