[2022-05-31 18:56:28,210] {taskinstance.py:1160} INFO - Dependencies all met for <TaskInstance: yellow_taxi_ingestion_gcs_dag.local_to_gcs_task scheduled__2021-12-01T06:00:00+00:00 [queued]>
[2022-05-31 18:56:28,221] {taskinstance.py:1160} INFO - Dependencies all met for <TaskInstance: yellow_taxi_ingestion_gcs_dag.local_to_gcs_task scheduled__2021-12-01T06:00:00+00:00 [queued]>
[2022-05-31 18:56:28,222] {taskinstance.py:1357} INFO - 
--------------------------------------------------------------------------------
[2022-05-31 18:56:28,224] {taskinstance.py:1358} INFO - Starting attempt 1 of 1
[2022-05-31 18:56:28,225] {taskinstance.py:1359} INFO - 
--------------------------------------------------------------------------------
[2022-05-31 18:56:28,238] {taskinstance.py:1378} INFO - Executing <Task(PythonOperator): local_to_gcs_task> on 2021-12-01 06:00:00+00:00
[2022-05-31 18:56:28,254] {standard_task_runner.py:52} INFO - Started process 1609 to run task
[2022-05-31 18:56:28,262] {standard_task_runner.py:79} INFO - Running: ['***', 'tasks', 'run', 'yellow_taxi_ingestion_gcs_dag', 'local_to_gcs_task', 'scheduled__2021-12-01T06:00:00+00:00', '--job-id', '436', '--raw', '--subdir', 'DAGS_FOLDER/yellow_taxi_ingestion.py', '--cfg-path', '/tmp/tmp81h639q4', '--error-file', '/tmp/tmpiv4nmejs']
[2022-05-31 18:56:28,264] {standard_task_runner.py:80} INFO - Job 436: Subtask local_to_gcs_task
[2022-05-31 18:56:28,383] {task_command.py:370} INFO - Running <TaskInstance: yellow_taxi_ingestion_gcs_dag.local_to_gcs_task scheduled__2021-12-01T06:00:00+00:00 [running]> on host 3f188d455d5a
[2022-05-31 18:56:28,444] {warnings.py:110} WARNING - /home/***/.local/lib/python3.7/site-packages/***/utils/context.py:202: AirflowContextDeprecationWarning: Accessing 'execution_date' from the template is deprecated and will be removed in a future version. Please use 'data_interval_start' or 'logical_date' instead.
  warnings.warn(_create_deprecation_warning(key, self._deprecation_replacements[key]))

[2022-05-31 18:56:28,493] {taskinstance.py:1572} INFO - Exporting the following env vars:
AIRFLOW_CTX_DAG_OWNER=***
AIRFLOW_CTX_DAG_ID=yellow_taxi_ingestion_gcs_dag
AIRFLOW_CTX_TASK_ID=local_to_gcs_task
AIRFLOW_CTX_EXECUTION_DATE=2021-12-01T06:00:00+00:00
AIRFLOW_CTX_TRY_NUMBER=1
AIRFLOW_CTX_DAG_RUN_ID=scheduled__2021-12-01T06:00:00+00:00
[2022-05-31 18:56:32,065] {python.py:173} INFO - Done. Returned value was: None
[2022-05-31 18:56:32,143] {taskinstance.py:1401} INFO - Marking task as SUCCESS. dag_id=yellow_taxi_ingestion_gcs_dag, task_id=local_to_gcs_task, execution_date=20211201T060000, start_date=20220531T185628, end_date=20220531T185632
[2022-05-31 18:56:32,361] {local_task_job.py:156} INFO - Task exited with return code 0
[2022-05-31 18:56:32,813] {local_task_job.py:273} INFO - 0 downstream tasks scheduled from follow-on schedule check
