[2022-05-30 19:24:28,056] {taskinstance.py:1160} INFO - Dependencies all met for <TaskInstance: LocalIngestionDag.wget scheduled__2021-06-02T06:00:00+00:00 [queued]>
[2022-05-30 19:24:28,384] {taskinstance.py:1160} INFO - Dependencies all met for <TaskInstance: LocalIngestionDag.wget scheduled__2021-06-02T06:00:00+00:00 [queued]>
[2022-05-30 19:24:28,403] {taskinstance.py:1357} INFO - 
--------------------------------------------------------------------------------
[2022-05-30 19:24:28,420] {taskinstance.py:1358} INFO - Starting attempt 1 of 1
[2022-05-30 19:24:28,423] {taskinstance.py:1359} INFO - 
--------------------------------------------------------------------------------
[2022-05-30 19:24:29,191] {taskinstance.py:1378} INFO - Executing <Task(BashOperator): wget> on 2021-06-02 06:00:00+00:00
[2022-05-30 19:24:29,374] {standard_task_runner.py:52} INFO - Started process 1972 to run task
[2022-05-30 19:24:29,613] {standard_task_runner.py:79} INFO - Running: ['***', 'tasks', 'run', 'LocalIngestionDag', 'wget', 'scheduled__2021-06-02T06:00:00+00:00', '--job-id', '39', '--raw', '--subdir', 'DAGS_FOLDER/data_ingestion_local.py', '--cfg-path', '/tmp/tmplkfn0hyh', '--error-file', '/tmp/tmpw724sygf']
[2022-05-30 19:24:29,622] {standard_task_runner.py:80} INFO - Job 39: Subtask wget
[2022-05-30 19:24:30,408] {task_command.py:370} INFO - Running <TaskInstance: LocalIngestionDag.wget scheduled__2021-06-02T06:00:00+00:00 [running]> on host e083cbf9476b
[2022-05-30 19:24:30,900] {warnings.py:110} WARNING - /home/***/.local/lib/python3.7/site-packages/***/utils/context.py:202: AirflowContextDeprecationWarning: Accessing 'execution_date' from the template is deprecated and will be removed in a future version. Please use 'data_interval_start' or 'logical_date' instead.
  warnings.warn(_create_deprecation_warning(key, self._deprecation_replacements[key]))

[2022-05-30 19:24:31,350] {taskinstance.py:1572} INFO - Exporting the following env vars:
AIRFLOW_CTX_DAG_OWNER=***
AIRFLOW_CTX_DAG_ID=LocalIngestionDag
AIRFLOW_CTX_TASK_ID=wget
AIRFLOW_CTX_EXECUTION_DATE=2021-06-02T06:00:00+00:00
AIRFLOW_CTX_TRY_NUMBER=1
AIRFLOW_CTX_DAG_RUN_ID=scheduled__2021-06-02T06:00:00+00:00
[2022-05-30 19:24:31,367] {subprocess.py:62} INFO - Tmp dir root location: 
 /tmp
[2022-05-30 19:24:31,399] {subprocess.py:74} INFO - Running command: ['bash', '-c', 'curl -sSL https://s3.amazonaws.com/nyc-tlc/trip+data//yellow_tripdata_2021-06.parquet > /opt/***/output_2021-06.parquet']
[2022-05-30 19:24:31,541] {subprocess.py:85} INFO - Output:
[2022-05-30 19:24:32,524] {subprocess.py:96} INFO - Command exited with return code 0
[2022-05-30 19:24:32,624] {taskinstance.py:1401} INFO - Marking task as SUCCESS. dag_id=LocalIngestionDag, task_id=wget, execution_date=20210602T060000, start_date=20220530T192428, end_date=20220530T192432
[2022-05-30 19:24:32,682] {local_task_job.py:156} INFO - Task exited with return code 0
[2022-05-30 19:24:32,738] {local_task_job.py:273} INFO - 0 downstream tasks scheduled from follow-on schedule check
[2022-05-30 20:10:27,239] {taskinstance.py:1160} INFO - Dependencies all met for <TaskInstance: LocalIngestionDag.wget scheduled__2021-06-02T06:00:00+00:00 [queued]>
[2022-05-30 20:10:27,314] {taskinstance.py:1160} INFO - Dependencies all met for <TaskInstance: LocalIngestionDag.wget scheduled__2021-06-02T06:00:00+00:00 [queued]>
[2022-05-30 20:10:27,318] {taskinstance.py:1357} INFO - 
--------------------------------------------------------------------------------
[2022-05-30 20:10:27,321] {taskinstance.py:1358} INFO - Starting attempt 1 of 1
[2022-05-30 20:10:27,322] {taskinstance.py:1359} INFO - 
--------------------------------------------------------------------------------
[2022-05-30 20:10:27,464] {taskinstance.py:1378} INFO - Executing <Task(BashOperator): wget> on 2021-06-02 06:00:00+00:00
[2022-05-30 20:10:27,490] {standard_task_runner.py:52} INFO - Started process 404 to run task
[2022-05-30 20:10:27,507] {standard_task_runner.py:79} INFO - Running: ['***', 'tasks', 'run', 'LocalIngestionDag', 'wget', 'scheduled__2021-06-02T06:00:00+00:00', '--job-id', '71', '--raw', '--subdir', 'DAGS_FOLDER/data_ingestion_local.py', '--cfg-path', '/tmp/tmphqww1vel', '--error-file', '/tmp/tmpp41xsohh']
[2022-05-30 20:10:27,516] {standard_task_runner.py:80} INFO - Job 71: Subtask wget
[2022-05-30 20:10:28,528] {task_command.py:370} INFO - Running <TaskInstance: LocalIngestionDag.wget scheduled__2021-06-02T06:00:00+00:00 [running]> on host e083cbf9476b
[2022-05-30 20:10:29,207] {warnings.py:110} WARNING - /home/***/.local/lib/python3.7/site-packages/***/utils/context.py:202: AirflowContextDeprecationWarning: Accessing 'execution_date' from the template is deprecated and will be removed in a future version. Please use 'data_interval_start' or 'logical_date' instead.
  warnings.warn(_create_deprecation_warning(key, self._deprecation_replacements[key]))

[2022-05-30 20:10:29,611] {taskinstance.py:1572} INFO - Exporting the following env vars:
AIRFLOW_CTX_DAG_OWNER=***
AIRFLOW_CTX_DAG_ID=LocalIngestionDag
AIRFLOW_CTX_TASK_ID=wget
AIRFLOW_CTX_EXECUTION_DATE=2021-06-02T06:00:00+00:00
AIRFLOW_CTX_TRY_NUMBER=1
AIRFLOW_CTX_DAG_RUN_ID=scheduled__2021-06-02T06:00:00+00:00
[2022-05-30 20:10:29,731] {subprocess.py:62} INFO - Tmp dir root location: 
 /tmp
[2022-05-30 20:10:29,744] {subprocess.py:74} INFO - Running command: ['bash', '-c', 'curl -sSL https://s3.amazonaws.com/nyc-tlc/trip+data/yellow_tripdata_2021-06.parquet > /opt/***/output_2021-06.parquet']
[2022-05-30 20:10:30,147] {subprocess.py:85} INFO - Output:
[2022-05-30 20:10:44,196] {subprocess.py:96} INFO - Command exited with return code 0
[2022-05-30 20:10:46,282] {taskinstance.py:1401} INFO - Marking task as SUCCESS. dag_id=LocalIngestionDag, task_id=wget, execution_date=20210602T060000, start_date=20220530T201027, end_date=20220530T201046
[2022-05-30 20:10:47,162] {local_task_job.py:221} WARNING - State of this instance has been externally set to success. Terminating instance.
[2022-05-30 20:10:47,269] {process_utils.py:129} INFO - Sending Signals.SIGTERM to group 404. PIDs of all processes in the group: [404]
[2022-05-30 20:10:47,288] {process_utils.py:80} INFO - Sending the signal Signals.SIGTERM to group 404
[2022-05-30 20:10:47,299] {process_utils.py:75} INFO - Process psutil.Process(pid=404, status='terminated', exitcode=0, started='20:10:27') (404) terminated with exit code 0
[2022-05-30 20:13:19,370] {taskinstance.py:1160} INFO - Dependencies all met for <TaskInstance: LocalIngestionDag.wget scheduled__2021-06-02T06:00:00+00:00 [queued]>
[2022-05-30 20:13:19,628] {taskinstance.py:1160} INFO - Dependencies all met for <TaskInstance: LocalIngestionDag.wget scheduled__2021-06-02T06:00:00+00:00 [queued]>
[2022-05-30 20:13:19,635] {taskinstance.py:1357} INFO - 
--------------------------------------------------------------------------------
[2022-05-30 20:13:19,637] {taskinstance.py:1358} INFO - Starting attempt 1 of 1
[2022-05-30 20:13:19,641] {taskinstance.py:1359} INFO - 
--------------------------------------------------------------------------------
[2022-05-30 20:13:19,985] {taskinstance.py:1378} INFO - Executing <Task(BashOperator): wget> on 2021-06-02 06:00:00+00:00
[2022-05-30 20:13:20,166] {standard_task_runner.py:52} INFO - Started process 637 to run task
[2022-05-30 20:13:20,207] {standard_task_runner.py:79} INFO - Running: ['***', 'tasks', 'run', 'LocalIngestionDag', 'wget', 'scheduled__2021-06-02T06:00:00+00:00', '--job-id', '88', '--raw', '--subdir', 'DAGS_FOLDER/data_ingestion_local.py', '--cfg-path', '/tmp/tmp4kgd0snh', '--error-file', '/tmp/tmpl0nehely']
[2022-05-30 20:13:20,251] {standard_task_runner.py:80} INFO - Job 88: Subtask wget
[2022-05-30 20:13:21,471] {task_command.py:370} INFO - Running <TaskInstance: LocalIngestionDag.wget scheduled__2021-06-02T06:00:00+00:00 [running]> on host e083cbf9476b
[2022-05-30 20:13:23,262] {warnings.py:110} WARNING - /home/***/.local/lib/python3.7/site-packages/***/utils/context.py:202: AirflowContextDeprecationWarning: Accessing 'execution_date' from the template is deprecated and will be removed in a future version. Please use 'data_interval_start' or 'logical_date' instead.
  warnings.warn(_create_deprecation_warning(key, self._deprecation_replacements[key]))

[2022-05-30 20:13:25,169] {taskinstance.py:1572} INFO - Exporting the following env vars:
AIRFLOW_CTX_DAG_OWNER=***
AIRFLOW_CTX_DAG_ID=LocalIngestionDag
AIRFLOW_CTX_TASK_ID=wget
AIRFLOW_CTX_EXECUTION_DATE=2021-06-02T06:00:00+00:00
AIRFLOW_CTX_TRY_NUMBER=1
AIRFLOW_CTX_DAG_RUN_ID=scheduled__2021-06-02T06:00:00+00:00
[2022-05-30 20:13:25,221] {subprocess.py:62} INFO - Tmp dir root location: 
 /tmp
[2022-05-30 20:13:25,236] {subprocess.py:74} INFO - Running command: ['bash', '-c', 'curl -sSL https://s3.amazonaws.com/nyc-tlc/trip+data/yellow_tripdata_2021-06.parquet > /opt/***/output_2021-06.parquet']
[2022-05-30 20:13:25,514] {subprocess.py:85} INFO - Output:
[2022-05-30 20:13:33,780] {subprocess.py:96} INFO - Command exited with return code 0
[2022-05-30 20:13:34,066] {taskinstance.py:1401} INFO - Marking task as SUCCESS. dag_id=LocalIngestionDag, task_id=wget, execution_date=20210602T060000, start_date=20220530T201319, end_date=20220530T201334
[2022-05-30 20:13:34,488] {local_task_job.py:156} INFO - Task exited with return code 0
[2022-05-30 20:13:34,596] {local_task_job.py:273} INFO - 0 downstream tasks scheduled from follow-on schedule check
[2022-05-30 20:17:33,301] {taskinstance.py:1160} INFO - Dependencies all met for <TaskInstance: LocalIngestionDag.wget scheduled__2021-06-02T06:00:00+00:00 [queued]>
[2022-05-30 20:17:33,497] {taskinstance.py:1160} INFO - Dependencies all met for <TaskInstance: LocalIngestionDag.wget scheduled__2021-06-02T06:00:00+00:00 [queued]>
[2022-05-30 20:17:33,517] {taskinstance.py:1357} INFO - 
--------------------------------------------------------------------------------
[2022-05-30 20:17:33,528] {taskinstance.py:1358} INFO - Starting attempt 1 of 1
[2022-05-30 20:17:33,531] {taskinstance.py:1359} INFO - 
--------------------------------------------------------------------------------
[2022-05-30 20:17:33,954] {taskinstance.py:1378} INFO - Executing <Task(BashOperator): wget> on 2021-06-02 06:00:00+00:00
[2022-05-30 20:17:34,304] {standard_task_runner.py:79} INFO - Running: ['***', 'tasks', 'run', 'LocalIngestionDag', 'wget', 'scheduled__2021-06-02T06:00:00+00:00', '--job-id', '105', '--raw', '--subdir', 'DAGS_FOLDER/data_ingestion_local.py', '--cfg-path', '/tmp/tmpqf4sbct6', '--error-file', '/tmp/tmpqej8rnqc']
[2022-05-30 20:17:34,249] {standard_task_runner.py:52} INFO - Started process 946 to run task
[2022-05-30 20:17:34,323] {standard_task_runner.py:80} INFO - Job 105: Subtask wget
[2022-05-30 20:17:34,786] {task_command.py:370} INFO - Running <TaskInstance: LocalIngestionDag.wget scheduled__2021-06-02T06:00:00+00:00 [running]> on host e083cbf9476b
[2022-05-30 20:17:35,736] {warnings.py:110} WARNING - /home/***/.local/lib/python3.7/site-packages/***/utils/context.py:202: AirflowContextDeprecationWarning: Accessing 'execution_date' from the template is deprecated and will be removed in a future version. Please use 'data_interval_start' or 'logical_date' instead.
  warnings.warn(_create_deprecation_warning(key, self._deprecation_replacements[key]))

[2022-05-30 20:17:37,065] {taskinstance.py:1572} INFO - Exporting the following env vars:
AIRFLOW_CTX_DAG_OWNER=***
AIRFLOW_CTX_DAG_ID=LocalIngestionDag
AIRFLOW_CTX_TASK_ID=wget
AIRFLOW_CTX_EXECUTION_DATE=2021-06-02T06:00:00+00:00
AIRFLOW_CTX_TRY_NUMBER=1
AIRFLOW_CTX_DAG_RUN_ID=scheduled__2021-06-02T06:00:00+00:00
[2022-05-30 20:17:37,168] {subprocess.py:62} INFO - Tmp dir root location: 
 /tmp
[2022-05-30 20:17:37,194] {subprocess.py:74} INFO - Running command: ['bash', '-c', 'curl -sSL https://s3.amazonaws.com/nyc-tlc/trip+data/yellow_tripdata_2021-06.parquet > /opt/***/output_2021-06.parquet']
[2022-05-30 20:17:37,527] {subprocess.py:85} INFO - Output:
[2022-05-30 20:18:04,760] {subprocess.py:96} INFO - Command exited with return code 0
[2022-05-30 20:18:04,850] {taskinstance.py:1401} INFO - Marking task as SUCCESS. dag_id=LocalIngestionDag, task_id=wget, execution_date=20210602T060000, start_date=20220530T201733, end_date=20220530T201804
[2022-05-30 20:18:04,984] {local_task_job.py:156} INFO - Task exited with return code 0
[2022-05-30 20:18:05,111] {local_task_job.py:273} INFO - 0 downstream tasks scheduled from follow-on schedule check
[2022-05-30 20:20:34,614] {taskinstance.py:1160} INFO - Dependencies all met for <TaskInstance: LocalIngestionDag.wget scheduled__2021-06-02T06:00:00+00:00 [queued]>
[2022-05-30 20:20:34,734] {taskinstance.py:1160} INFO - Dependencies all met for <TaskInstance: LocalIngestionDag.wget scheduled__2021-06-02T06:00:00+00:00 [queued]>
[2022-05-30 20:20:34,758] {taskinstance.py:1357} INFO - 
--------------------------------------------------------------------------------
[2022-05-30 20:20:34,760] {taskinstance.py:1358} INFO - Starting attempt 1 of 1
[2022-05-30 20:20:34,762] {taskinstance.py:1359} INFO - 
--------------------------------------------------------------------------------
[2022-05-30 20:20:34,959] {taskinstance.py:1378} INFO - Executing <Task(BashOperator): wget> on 2021-06-02 06:00:00+00:00
[2022-05-30 20:20:35,024] {standard_task_runner.py:52} INFO - Started process 1184 to run task
[2022-05-30 20:20:35,168] {standard_task_runner.py:79} INFO - Running: ['***', 'tasks', 'run', 'LocalIngestionDag', 'wget', 'scheduled__2021-06-02T06:00:00+00:00', '--job-id', '121', '--raw', '--subdir', 'DAGS_FOLDER/data_ingestion_local.py', '--cfg-path', '/tmp/tmpwfafw58m', '--error-file', '/tmp/tmp4bz9l16n']
[2022-05-30 20:20:35,192] {standard_task_runner.py:80} INFO - Job 121: Subtask wget
[2022-05-30 20:20:35,965] {task_command.py:370} INFO - Running <TaskInstance: LocalIngestionDag.wget scheduled__2021-06-02T06:00:00+00:00 [running]> on host e083cbf9476b
[2022-05-30 20:20:36,328] {warnings.py:110} WARNING - /home/***/.local/lib/python3.7/site-packages/***/utils/context.py:202: AirflowContextDeprecationWarning: Accessing 'execution_date' from the template is deprecated and will be removed in a future version. Please use 'data_interval_start' or 'logical_date' instead.
  warnings.warn(_create_deprecation_warning(key, self._deprecation_replacements[key]))

[2022-05-30 20:20:36,648] {taskinstance.py:1572} INFO - Exporting the following env vars:
AIRFLOW_CTX_DAG_OWNER=***
AIRFLOW_CTX_DAG_ID=LocalIngestionDag
AIRFLOW_CTX_TASK_ID=wget
AIRFLOW_CTX_EXECUTION_DATE=2021-06-02T06:00:00+00:00
AIRFLOW_CTX_TRY_NUMBER=1
AIRFLOW_CTX_DAG_RUN_ID=scheduled__2021-06-02T06:00:00+00:00
[2022-05-30 20:20:36,670] {subprocess.py:62} INFO - Tmp dir root location: 
 /tmp
[2022-05-30 20:20:36,677] {subprocess.py:74} INFO - Running command: ['bash', '-c', 'curl -sSL https://s3.amazonaws.com/nyc-tlc/trip+data/yellow_tripdata_2021-06.parquet > /opt/***/output_2021-06.parquet']
[2022-05-30 20:20:36,925] {subprocess.py:85} INFO - Output:
[2022-05-30 20:20:45,693] {subprocess.py:96} INFO - Command exited with return code 0
[2022-05-30 20:20:46,146] {taskinstance.py:1401} INFO - Marking task as SUCCESS. dag_id=LocalIngestionDag, task_id=wget, execution_date=20210602T060000, start_date=20220530T202034, end_date=20220530T202046
[2022-05-30 20:20:47,865] {local_task_job.py:156} INFO - Task exited with return code 0
[2022-05-30 20:20:48,822] {local_task_job.py:273} INFO - 0 downstream tasks scheduled from follow-on schedule check
[2022-05-30 22:16:43,866] {taskinstance.py:1160} INFO - Dependencies all met for <TaskInstance: LocalIngestionDag.wget scheduled__2021-06-02T06:00:00+00:00 [queued]>
[2022-05-30 22:16:44,125] {taskinstance.py:1160} INFO - Dependencies all met for <TaskInstance: LocalIngestionDag.wget scheduled__2021-06-02T06:00:00+00:00 [queued]>
[2022-05-30 22:16:44,128] {taskinstance.py:1357} INFO - 
--------------------------------------------------------------------------------
[2022-05-30 22:16:44,131] {taskinstance.py:1358} INFO - Starting attempt 1 of 1
[2022-05-30 22:16:44,134] {taskinstance.py:1359} INFO - 
--------------------------------------------------------------------------------
[2022-05-30 22:16:44,313] {taskinstance.py:1378} INFO - Executing <Task(BashOperator): wget> on 2021-06-02 06:00:00+00:00
[2022-05-30 22:16:44,380] {standard_task_runner.py:52} INFO - Started process 1277 to run task
[2022-05-30 22:16:44,412] {standard_task_runner.py:79} INFO - Running: ['***', 'tasks', 'run', 'LocalIngestionDag', 'wget', 'scheduled__2021-06-02T06:00:00+00:00', '--job-id', '203', '--raw', '--subdir', 'DAGS_FOLDER/data_ingestion_local.py', '--cfg-path', '/tmp/tmprha9cl1f', '--error-file', '/tmp/tmp9tbojh6f']
[2022-05-30 22:16:44,431] {standard_task_runner.py:80} INFO - Job 203: Subtask wget
[2022-05-30 22:16:44,849] {task_command.py:370} INFO - Running <TaskInstance: LocalIngestionDag.wget scheduled__2021-06-02T06:00:00+00:00 [running]> on host 8ac972de2f4f
[2022-05-30 22:16:45,168] {warnings.py:110} WARNING - /home/***/.local/lib/python3.7/site-packages/***/utils/context.py:202: AirflowContextDeprecationWarning: Accessing 'execution_date' from the template is deprecated and will be removed in a future version. Please use 'data_interval_start' or 'logical_date' instead.
  warnings.warn(_create_deprecation_warning(key, self._deprecation_replacements[key]))

[2022-05-30 22:16:45,333] {taskinstance.py:1572} INFO - Exporting the following env vars:
AIRFLOW_CTX_DAG_OWNER=***
AIRFLOW_CTX_DAG_ID=LocalIngestionDag
AIRFLOW_CTX_TASK_ID=wget
AIRFLOW_CTX_EXECUTION_DATE=2021-06-02T06:00:00+00:00
AIRFLOW_CTX_TRY_NUMBER=1
AIRFLOW_CTX_DAG_RUN_ID=scheduled__2021-06-02T06:00:00+00:00
[2022-05-30 22:16:45,341] {subprocess.py:62} INFO - Tmp dir root location: 
 /tmp
[2022-05-30 22:16:45,343] {subprocess.py:74} INFO - Running command: ['bash', '-c', 'curl -sSL https://s3.amazonaws.com/nyc-tlc/trip+data/yellow_tripdata_2021-06.parquet > /opt/***/output_2021-06.parquet']
[2022-05-30 22:16:45,430] {subprocess.py:85} INFO - Output:
[2022-05-30 22:17:00,234] {subprocess.py:96} INFO - Command exited with return code 0
[2022-05-30 22:17:00,811] {taskinstance.py:1401} INFO - Marking task as SUCCESS. dag_id=LocalIngestionDag, task_id=wget, execution_date=20210602T060000, start_date=20220530T221643, end_date=20220530T221700
[2022-05-30 22:17:02,311] {local_task_job.py:156} INFO - Task exited with return code 0
[2022-05-30 22:17:05,745] {local_task_job.py:273} INFO - 0 downstream tasks scheduled from follow-on schedule check
[2022-05-30 22:20:50,925] {taskinstance.py:1160} INFO - Dependencies all met for <TaskInstance: LocalIngestionDag.wget scheduled__2021-06-02T06:00:00+00:00 [queued]>
[2022-05-30 22:20:51,053] {taskinstance.py:1160} INFO - Dependencies all met for <TaskInstance: LocalIngestionDag.wget scheduled__2021-06-02T06:00:00+00:00 [queued]>
[2022-05-30 22:20:51,086] {taskinstance.py:1357} INFO - 
--------------------------------------------------------------------------------
[2022-05-30 22:20:51,138] {taskinstance.py:1358} INFO - Starting attempt 1 of 1
[2022-05-30 22:20:51,144] {taskinstance.py:1359} INFO - 
--------------------------------------------------------------------------------
[2022-05-30 22:20:51,390] {taskinstance.py:1378} INFO - Executing <Task(BashOperator): wget> on 2021-06-02 06:00:00+00:00
[2022-05-30 22:20:51,500] {standard_task_runner.py:52} INFO - Started process 1658 to run task
[2022-05-30 22:20:51,539] {standard_task_runner.py:79} INFO - Running: ['***', 'tasks', 'run', 'LocalIngestionDag', 'wget', 'scheduled__2021-06-02T06:00:00+00:00', '--job-id', '237', '--raw', '--subdir', 'DAGS_FOLDER/data_ingestion_local.py', '--cfg-path', '/tmp/tmpooaj_kbi', '--error-file', '/tmp/tmpxraakhw0']
[2022-05-30 22:20:51,556] {standard_task_runner.py:80} INFO - Job 237: Subtask wget
[2022-05-30 22:20:51,941] {task_command.py:370} INFO - Running <TaskInstance: LocalIngestionDag.wget scheduled__2021-06-02T06:00:00+00:00 [running]> on host 8ac972de2f4f
[2022-05-30 22:20:52,480] {warnings.py:110} WARNING - /home/***/.local/lib/python3.7/site-packages/***/utils/context.py:202: AirflowContextDeprecationWarning: Accessing 'execution_date' from the template is deprecated and will be removed in a future version. Please use 'data_interval_start' or 'logical_date' instead.
  warnings.warn(_create_deprecation_warning(key, self._deprecation_replacements[key]))

[2022-05-30 22:20:52,796] {taskinstance.py:1572} INFO - Exporting the following env vars:
AIRFLOW_CTX_DAG_OWNER=***
AIRFLOW_CTX_DAG_ID=LocalIngestionDag
AIRFLOW_CTX_TASK_ID=wget
AIRFLOW_CTX_EXECUTION_DATE=2021-06-02T06:00:00+00:00
AIRFLOW_CTX_TRY_NUMBER=1
AIRFLOW_CTX_DAG_RUN_ID=scheduled__2021-06-02T06:00:00+00:00
[2022-05-30 22:20:52,811] {subprocess.py:62} INFO - Tmp dir root location: 
 /tmp
[2022-05-30 22:20:52,824] {subprocess.py:74} INFO - Running command: ['bash', '-c', 'curl -sSL https://s3.amazonaws.com/nyc-tlc/trip+data/yellow_tripdata_2021-06.parquet > /opt/***/output_2021-06.parquet']
[2022-05-30 22:20:52,972] {subprocess.py:85} INFO - Output:
[2022-05-30 22:21:19,338] {subprocess.py:96} INFO - Command exited with return code 0
[2022-05-30 22:21:19,956] {taskinstance.py:1401} INFO - Marking task as SUCCESS. dag_id=LocalIngestionDag, task_id=wget, execution_date=20210602T060000, start_date=20220530T222050, end_date=20220530T222119
[2022-05-30 22:21:20,638] {local_task_job.py:156} INFO - Task exited with return code 0
[2022-05-30 22:21:24,839] {local_task_job.py:273} INFO - 0 downstream tasks scheduled from follow-on schedule check
