[2022-05-31 19:22:27,421] {taskinstance.py:1160} INFO - Dependencies all met for <TaskInstance: taxi_zones_ingestion_gcs_dag.local_to_gcs_task scheduled__2022-04-01T06:00:00+00:00 [queued]>
[2022-05-31 19:22:27,437] {taskinstance.py:1160} INFO - Dependencies all met for <TaskInstance: taxi_zones_ingestion_gcs_dag.local_to_gcs_task scheduled__2022-04-01T06:00:00+00:00 [queued]>
[2022-05-31 19:22:27,441] {taskinstance.py:1357} INFO - 
--------------------------------------------------------------------------------
[2022-05-31 19:22:27,443] {taskinstance.py:1358} INFO - Starting attempt 1 of 1
[2022-05-31 19:22:27,445] {taskinstance.py:1359} INFO - 
--------------------------------------------------------------------------------
[2022-05-31 19:22:27,465] {taskinstance.py:1378} INFO - Executing <Task(PythonOperator): local_to_gcs_task> on 2022-04-01 06:00:00+00:00
[2022-05-31 19:22:27,479] {standard_task_runner.py:52} INFO - Started process 1082 to run task
[2022-05-31 19:22:27,490] {standard_task_runner.py:79} INFO - Running: ['***', 'tasks', 'run', 'taxi_zones_ingestion_gcs_dag', 'local_to_gcs_task', 'scheduled__2022-04-01T06:00:00+00:00', '--job-id', '475', '--raw', '--subdir', 'DAGS_FOLDER/taxi_zones_ingestion.py', '--cfg-path', '/tmp/tmpi216j1x0', '--error-file', '/tmp/tmppl6yeqfu']
[2022-05-31 19:22:27,495] {standard_task_runner.py:80} INFO - Job 475: Subtask local_to_gcs_task
[2022-05-31 19:22:27,605] {task_command.py:370} INFO - Running <TaskInstance: taxi_zones_ingestion_gcs_dag.local_to_gcs_task scheduled__2022-04-01T06:00:00+00:00 [running]> on host 3f188d455d5a
[2022-05-31 19:22:27,694] {taskinstance.py:1572} INFO - Exporting the following env vars:
AIRFLOW_CTX_DAG_OWNER=***
AIRFLOW_CTX_DAG_ID=taxi_zones_ingestion_gcs_dag
AIRFLOW_CTX_TASK_ID=local_to_gcs_task
AIRFLOW_CTX_EXECUTION_DATE=2022-04-01T06:00:00+00:00
AIRFLOW_CTX_TRY_NUMBER=1
AIRFLOW_CTX_DAG_RUN_ID=scheduled__2022-04-01T06:00:00+00:00
[2022-05-31 19:22:28,120] {python.py:173} INFO - Done. Returned value was: None
[2022-05-31 19:22:28,155] {taskinstance.py:1401} INFO - Marking task as SUCCESS. dag_id=taxi_zones_ingestion_gcs_dag, task_id=local_to_gcs_task, execution_date=20220401T060000, start_date=20220531T192227, end_date=20220531T192228
[2022-05-31 19:22:28,209] {local_task_job.py:156} INFO - Task exited with return code 0
[2022-05-31 19:22:28,263] {local_task_job.py:273} INFO - 0 downstream tasks scheduled from follow-on schedule check
