[2022-05-30 18:51:10,553] {taskinstance.py:1160} INFO - Dependencies all met for <TaskInstance: data_ingestion_gcs_dag.format_to_parquet_task manual__2022-05-30T18:51:08.693839+00:00 [queued]>
[2022-05-30 18:51:10,566] {taskinstance.py:1160} INFO - Dependencies all met for <TaskInstance: data_ingestion_gcs_dag.format_to_parquet_task manual__2022-05-30T18:51:08.693839+00:00 [queued]>
[2022-05-30 18:51:10,567] {taskinstance.py:1357} INFO - 
--------------------------------------------------------------------------------
[2022-05-30 18:51:10,569] {taskinstance.py:1358} INFO - Starting attempt 1 of 2
[2022-05-30 18:51:10,570] {taskinstance.py:1359} INFO - 
--------------------------------------------------------------------------------
[2022-05-30 18:51:10,584] {taskinstance.py:1378} INFO - Executing <Task(PythonOperator): format_to_parquet_task> on 2022-05-30 18:51:08.693839+00:00
[2022-05-30 18:51:10,590] {standard_task_runner.py:52} INFO - Started process 120 to run task
[2022-05-30 18:51:10,598] {standard_task_runner.py:79} INFO - Running: ['***', 'tasks', 'run', 'data_ingestion_gcs_dag', 'format_to_parquet_task', 'manual__2022-05-30T18:51:08.693839+00:00', '--job-id', '29', '--raw', '--subdir', 'DAGS_FOLDER/data_ingestion_gcs_dag.py', '--cfg-path', '/tmp/tmptlsjaqqq', '--error-file', '/tmp/tmpejohxgmx']
[2022-05-30 18:51:10,600] {standard_task_runner.py:80} INFO - Job 29: Subtask format_to_parquet_task
[2022-05-30 18:51:10,678] {task_command.py:370} INFO - Running <TaskInstance: data_ingestion_gcs_dag.format_to_parquet_task manual__2022-05-30T18:51:08.693839+00:00 [running]> on host e083cbf9476b
[2022-05-30 18:51:10,807] {taskinstance.py:1572} INFO - Exporting the following env vars:
AIRFLOW_CTX_DAG_OWNER=***
AIRFLOW_CTX_DAG_ID=data_ingestion_gcs_dag
AIRFLOW_CTX_TASK_ID=format_to_parquet_task
AIRFLOW_CTX_EXECUTION_DATE=2022-05-30T18:51:08.693839+00:00
AIRFLOW_CTX_TRY_NUMBER=1
AIRFLOW_CTX_DAG_RUN_ID=manual__2022-05-30T18:51:08.693839+00:00
[2022-05-30 18:51:10,824] {data_ingestion_gcs_dag.py:26} ERROR - Can only accept source files in CSV format, for the moment
[2022-05-30 18:51:10,827] {python.py:173} INFO - Done. Returned value was: None
[2022-05-30 18:51:10,846] {taskinstance.py:1401} INFO - Marking task as SUCCESS. dag_id=data_ingestion_gcs_dag, task_id=format_to_parquet_task, execution_date=20220530T185108, start_date=20220530T185110, end_date=20220530T185110
[2022-05-30 18:51:10,894] {local_task_job.py:156} INFO - Task exited with return code 0
[2022-05-30 18:51:10,939] {local_task_job.py:273} INFO - 0 downstream tasks scheduled from follow-on schedule check
