[2022-05-31 18:56:21,531] {taskinstance.py:1160} INFO - Dependencies all met for <TaskInstance: yellow_taxi_ingestion_gcs_dag.download_dataset_task scheduled__2021-12-01T06:00:00+00:00 [queued]>
[2022-05-31 18:56:21,557] {taskinstance.py:1160} INFO - Dependencies all met for <TaskInstance: yellow_taxi_ingestion_gcs_dag.download_dataset_task scheduled__2021-12-01T06:00:00+00:00 [queued]>
[2022-05-31 18:56:21,566] {taskinstance.py:1357} INFO - 
--------------------------------------------------------------------------------
[2022-05-31 18:56:21,577] {taskinstance.py:1358} INFO - Starting attempt 2 of 2
[2022-05-31 18:56:21,583] {taskinstance.py:1359} INFO - 
--------------------------------------------------------------------------------
[2022-05-31 18:56:21,601] {taskinstance.py:1378} INFO - Executing <Task(BashOperator): download_dataset_task> on 2021-12-01 06:00:00+00:00
[2022-05-31 18:56:21,613] {standard_task_runner.py:52} INFO - Started process 1600 to run task
[2022-05-31 18:56:21,618] {standard_task_runner.py:79} INFO - Running: ['***', 'tasks', 'run', 'yellow_taxi_ingestion_gcs_dag', 'download_dataset_task', 'scheduled__2021-12-01T06:00:00+00:00', '--job-id', '434', '--raw', '--subdir', 'DAGS_FOLDER/yellow_taxi_ingestion.py', '--cfg-path', '/tmp/tmpjabfljbc', '--error-file', '/tmp/tmpg2yk05cs']
[2022-05-31 18:56:21,620] {standard_task_runner.py:80} INFO - Job 434: Subtask download_dataset_task
[2022-05-31 18:56:21,702] {task_command.py:370} INFO - Running <TaskInstance: yellow_taxi_ingestion_gcs_dag.download_dataset_task scheduled__2021-12-01T06:00:00+00:00 [running]> on host 3f188d455d5a
[2022-05-31 18:56:21,795] {warnings.py:110} WARNING - /home/***/.local/lib/python3.7/site-packages/***/utils/context.py:202: AirflowContextDeprecationWarning: Accessing 'execution_date' from the template is deprecated and will be removed in a future version. Please use 'data_interval_start' or 'logical_date' instead.
  warnings.warn(_create_deprecation_warning(key, self._deprecation_replacements[key]))

[2022-05-31 18:56:21,844] {taskinstance.py:1572} INFO - Exporting the following env vars:
AIRFLOW_CTX_DAG_OWNER=***
AIRFLOW_CTX_DAG_ID=yellow_taxi_ingestion_gcs_dag
AIRFLOW_CTX_TASK_ID=download_dataset_task
AIRFLOW_CTX_EXECUTION_DATE=2021-12-01T06:00:00+00:00
AIRFLOW_CTX_TRY_NUMBER=2
AIRFLOW_CTX_DAG_RUN_ID=scheduled__2021-12-01T06:00:00+00:00
[2022-05-31 18:56:21,846] {subprocess.py:62} INFO - Tmp dir root location: 
 /tmp
[2022-05-31 18:56:21,849] {subprocess.py:74} INFO - Running command: ['bash', '-c', 'curl -sSL https://s3.amazonaws.com/nyc-tlc/trip+data/yellow_tripdata_2021-12.parquet > /opt/***/output_yellow_taxi_2021-12.parquet']
[2022-05-31 18:56:21,869] {subprocess.py:85} INFO - Output:
[2022-05-31 18:56:26,367] {subprocess.py:96} INFO - Command exited with return code 0
[2022-05-31 18:56:26,584] {taskinstance.py:1401} INFO - Marking task as SUCCESS. dag_id=yellow_taxi_ingestion_gcs_dag, task_id=download_dataset_task, execution_date=20211201T060000, start_date=20220531T185621, end_date=20220531T185626
[2022-05-31 18:56:26,878] {local_task_job.py:156} INFO - Task exited with return code 0
[2022-05-31 18:56:26,974] {local_task_job.py:273} INFO - 1 downstream tasks scheduled from follow-on schedule check
