[2022-05-31 18:49:49,372] {taskinstance.py:1160} INFO - Dependencies all met for <TaskInstance: yellow_taxi_ingestion_gcs_dag.download_dataset_task scheduled__2021-12-01T06:00:00+00:00 [queued]>
[2022-05-31 18:49:49,408] {taskinstance.py:1160} INFO - Dependencies all met for <TaskInstance: yellow_taxi_ingestion_gcs_dag.download_dataset_task scheduled__2021-12-01T06:00:00+00:00 [queued]>
[2022-05-31 18:49:49,413] {taskinstance.py:1357} INFO - 
--------------------------------------------------------------------------------
[2022-05-31 18:49:49,416] {taskinstance.py:1358} INFO - Starting attempt 1 of 1
[2022-05-31 18:49:49,419] {taskinstance.py:1359} INFO - 
--------------------------------------------------------------------------------
[2022-05-31 18:49:49,465] {taskinstance.py:1378} INFO - Executing <Task(BashOperator): download_dataset_task> on 2021-12-01 06:00:00+00:00
[2022-05-31 18:49:49,478] {standard_task_runner.py:52} INFO - Started process 1167 to run task
[2022-05-31 18:49:49,491] {standard_task_runner.py:79} INFO - Running: ['***', 'tasks', 'run', 'yellow_taxi_ingestion_gcs_dag', 'download_dataset_task', 'scheduled__2021-12-01T06:00:00+00:00', '--job-id', '411', '--raw', '--subdir', 'DAGS_FOLDER/yellow_taxi_ingestion.py', '--cfg-path', '/tmp/tmphga8986i', '--error-file', '/tmp/tmpocxwyd2h']
[2022-05-31 18:49:49,497] {standard_task_runner.py:80} INFO - Job 411: Subtask download_dataset_task
[2022-05-31 18:49:49,677] {task_command.py:370} INFO - Running <TaskInstance: yellow_taxi_ingestion_gcs_dag.download_dataset_task scheduled__2021-12-01T06:00:00+00:00 [running]> on host 3f188d455d5a
[2022-05-31 18:49:49,785] {warnings.py:110} WARNING - /home/***/.local/lib/python3.7/site-packages/***/utils/context.py:202: AirflowContextDeprecationWarning: Accessing 'execution_date' from the template is deprecated and will be removed in a future version. Please use 'data_interval_start' or 'logical_date' instead.
  warnings.warn(_create_deprecation_warning(key, self._deprecation_replacements[key]))

[2022-05-31 18:49:50,086] {taskinstance.py:1572} INFO - Exporting the following env vars:
AIRFLOW_CTX_DAG_OWNER=***
AIRFLOW_CTX_DAG_ID=yellow_taxi_ingestion_gcs_dag
AIRFLOW_CTX_TASK_ID=download_dataset_task
AIRFLOW_CTX_EXECUTION_DATE=2021-12-01T06:00:00+00:00
AIRFLOW_CTX_TRY_NUMBER=1
AIRFLOW_CTX_DAG_RUN_ID=scheduled__2021-12-01T06:00:00+00:00
[2022-05-31 18:49:50,096] {subprocess.py:62} INFO - Tmp dir root location: 
 /tmp
[2022-05-31 18:49:50,136] {subprocess.py:74} INFO - Running command: ['bash', '-c', 'curl -sSL https://s3.amazonaws.com/nyc-tlc/trip+data/yellow_tripdata_2021-12.parquet > /opt/***/output_yellow_taxi_2021-12.parquet']
[2022-05-31 18:49:50,215] {subprocess.py:85} INFO - Output:
[2022-05-31 18:49:54,594] {local_task_job.py:221} WARNING - State of this instance has been externally set to failed. Terminating instance.
[2022-05-31 18:49:54,613] {process_utils.py:129} INFO - Sending Signals.SIGTERM to group 1167. PIDs of all processes in the group: [1172, 1173, 1167]
[2022-05-31 18:49:54,620] {process_utils.py:80} INFO - Sending the signal Signals.SIGTERM to group 1167
[2022-05-31 18:49:54,627] {taskinstance.py:1542} ERROR - Received SIGTERM. Terminating subprocesses.
[2022-05-31 18:49:54,636] {subprocess.py:103} INFO - Sending SIGTERM signal to process group
[2022-05-31 18:49:54,803] {process_utils.py:75} INFO - Process psutil.Process(pid=1172, status='terminated', started='18:49:49') (1172) terminated with exit code None
[2022-05-31 18:49:54,807] {process_utils.py:75} INFO - Process psutil.Process(pid=1173, status='terminated', started='18:49:49') (1173) terminated with exit code None
[2022-05-31 18:49:54,809] {process_utils.py:75} INFO - Process psutil.Process(pid=1167, status='terminated', exitcode=0, started='18:49:48') (1167) terminated with exit code 0
