[2022-05-31 19:22:32,255] {taskinstance.py:1160} INFO - Dependencies all met for <TaskInstance: taxi_zones_ingestion_gcs_dag.local_to_gcs_task manual__2022-05-31T19:22:23.071203+00:00 [queued]>
[2022-05-31 19:22:32,266] {taskinstance.py:1160} INFO - Dependencies all met for <TaskInstance: taxi_zones_ingestion_gcs_dag.local_to_gcs_task manual__2022-05-31T19:22:23.071203+00:00 [queued]>
[2022-05-31 19:22:32,267] {taskinstance.py:1357} INFO - 
--------------------------------------------------------------------------------
[2022-05-31 19:22:32,269] {taskinstance.py:1358} INFO - Starting attempt 1 of 1
[2022-05-31 19:22:32,270] {taskinstance.py:1359} INFO - 
--------------------------------------------------------------------------------
[2022-05-31 19:22:32,285] {taskinstance.py:1378} INFO - Executing <Task(PythonOperator): local_to_gcs_task> on 2022-05-31 19:22:23.071203+00:00
[2022-05-31 19:22:32,294] {standard_task_runner.py:52} INFO - Started process 1106 to run task
[2022-05-31 19:22:32,299] {standard_task_runner.py:79} INFO - Running: ['***', 'tasks', 'run', 'taxi_zones_ingestion_gcs_dag', 'local_to_gcs_task', 'manual__2022-05-31T19:22:23.071203+00:00', '--job-id', '478', '--raw', '--subdir', 'DAGS_FOLDER/taxi_zones_ingestion.py', '--cfg-path', '/tmp/tmprgmm8x5b', '--error-file', '/tmp/tmp_in223t_']
[2022-05-31 19:22:32,303] {standard_task_runner.py:80} INFO - Job 478: Subtask local_to_gcs_task
[2022-05-31 19:22:32,373] {task_command.py:370} INFO - Running <TaskInstance: taxi_zones_ingestion_gcs_dag.local_to_gcs_task manual__2022-05-31T19:22:23.071203+00:00 [running]> on host 3f188d455d5a
[2022-05-31 19:22:32,456] {taskinstance.py:1572} INFO - Exporting the following env vars:
AIRFLOW_CTX_DAG_OWNER=***
AIRFLOW_CTX_DAG_ID=taxi_zones_ingestion_gcs_dag
AIRFLOW_CTX_TASK_ID=local_to_gcs_task
AIRFLOW_CTX_EXECUTION_DATE=2022-05-31T19:22:23.071203+00:00
AIRFLOW_CTX_TRY_NUMBER=1
AIRFLOW_CTX_DAG_RUN_ID=manual__2022-05-31T19:22:23.071203+00:00
[2022-05-31 19:22:32,829] {python.py:173} INFO - Done. Returned value was: None
[2022-05-31 19:22:32,857] {taskinstance.py:1401} INFO - Marking task as SUCCESS. dag_id=taxi_zones_ingestion_gcs_dag, task_id=local_to_gcs_task, execution_date=20220531T192223, start_date=20220531T192232, end_date=20220531T192232
[2022-05-31 19:22:32,921] {local_task_job.py:156} INFO - Task exited with return code 0
[2022-05-31 19:22:32,968] {local_task_job.py:273} INFO - 0 downstream tasks scheduled from follow-on schedule check
