[2022-05-31 18:48:48,810] {taskinstance.py:1160} INFO - Dependencies all met for <TaskInstance: yellow_taxi_ingestion_gcs_dag.local_to_gcs_task scheduled__2020-10-01T06:00:00+00:00 [queued]>
[2022-05-31 18:48:48,824] {taskinstance.py:1160} INFO - Dependencies all met for <TaskInstance: yellow_taxi_ingestion_gcs_dag.local_to_gcs_task scheduled__2020-10-01T06:00:00+00:00 [queued]>
[2022-05-31 18:48:48,826] {taskinstance.py:1357} INFO - 
--------------------------------------------------------------------------------
[2022-05-31 18:48:48,828] {taskinstance.py:1358} INFO - Starting attempt 1 of 1
[2022-05-31 18:48:48,830] {taskinstance.py:1359} INFO - 
--------------------------------------------------------------------------------
[2022-05-31 18:48:48,846] {taskinstance.py:1378} INFO - Executing <Task(PythonOperator): local_to_gcs_task> on 2020-10-01 06:00:00+00:00
[2022-05-31 18:48:48,852] {standard_task_runner.py:52} INFO - Started process 1019 to run task
[2022-05-31 18:48:48,857] {standard_task_runner.py:79} INFO - Running: ['***', 'tasks', 'run', 'yellow_taxi_ingestion_gcs_dag', 'local_to_gcs_task', 'scheduled__2020-10-01T06:00:00+00:00', '--job-id', '390', '--raw', '--subdir', 'DAGS_FOLDER/yellow_taxi_ingestion.py', '--cfg-path', '/tmp/tmpqo8q3jd4', '--error-file', '/tmp/tmpxvukps7d']
[2022-05-31 18:48:48,859] {standard_task_runner.py:80} INFO - Job 390: Subtask local_to_gcs_task
[2022-05-31 18:48:48,930] {task_command.py:370} INFO - Running <TaskInstance: yellow_taxi_ingestion_gcs_dag.local_to_gcs_task scheduled__2020-10-01T06:00:00+00:00 [running]> on host 3f188d455d5a
[2022-05-31 18:48:48,970] {warnings.py:110} WARNING - /home/***/.local/lib/python3.7/site-packages/***/utils/context.py:202: AirflowContextDeprecationWarning: Accessing 'execution_date' from the template is deprecated and will be removed in a future version. Please use 'data_interval_start' or 'logical_date' instead.
  warnings.warn(_create_deprecation_warning(key, self._deprecation_replacements[key]))

[2022-05-31 18:48:49,018] {taskinstance.py:1572} INFO - Exporting the following env vars:
AIRFLOW_CTX_DAG_OWNER=***
AIRFLOW_CTX_DAG_ID=yellow_taxi_ingestion_gcs_dag
AIRFLOW_CTX_TASK_ID=local_to_gcs_task
AIRFLOW_CTX_EXECUTION_DATE=2020-10-01T06:00:00+00:00
AIRFLOW_CTX_TRY_NUMBER=1
AIRFLOW_CTX_DAG_RUN_ID=scheduled__2020-10-01T06:00:00+00:00
[2022-05-31 18:48:51,468] {python.py:173} INFO - Done. Returned value was: None
[2022-05-31 18:48:51,510] {taskinstance.py:1401} INFO - Marking task as SUCCESS. dag_id=yellow_taxi_ingestion_gcs_dag, task_id=local_to_gcs_task, execution_date=20201001T060000, start_date=20220531T184848, end_date=20220531T184851
[2022-05-31 18:48:51,594] {local_task_job.py:156} INFO - Task exited with return code 0
[2022-05-31 18:48:51,658] {local_task_job.py:273} INFO - 0 downstream tasks scheduled from follow-on schedule check
