[2022-05-31 18:07:46,893] {taskinstance.py:1160} INFO - Dependencies all met for <TaskInstance: yellow_taxi_ingestion_gcs_dag.download_dataset_task scheduled__2022-01-01T06:00:00+00:00 [queued]>
[2022-05-31 18:07:46,911] {taskinstance.py:1160} INFO - Dependencies all met for <TaskInstance: yellow_taxi_ingestion_gcs_dag.download_dataset_task scheduled__2022-01-01T06:00:00+00:00 [queued]>
[2022-05-31 18:07:46,921] {taskinstance.py:1357} INFO - 
--------------------------------------------------------------------------------
[2022-05-31 18:07:46,924] {taskinstance.py:1358} INFO - Starting attempt 1 of 1
[2022-05-31 18:07:46,926] {taskinstance.py:1359} INFO - 
--------------------------------------------------------------------------------
[2022-05-31 18:07:46,965] {taskinstance.py:1378} INFO - Executing <Task(BashOperator): download_dataset_task> on 2022-01-01 06:00:00+00:00
[2022-05-31 18:07:46,975] {standard_task_runner.py:52} INFO - Started process 1004 to run task
[2022-05-31 18:07:46,985] {standard_task_runner.py:79} INFO - Running: ['***', 'tasks', 'run', 'yellow_taxi_ingestion_gcs_dag', 'download_dataset_task', 'scheduled__2022-01-01T06:00:00+00:00', '--job-id', '315', '--raw', '--subdir', 'DAGS_FOLDER/yellow_taxi_ingestion.py', '--cfg-path', '/tmp/tmpnnjxg4yf', '--error-file', '/tmp/tmpdcnrtgt3']
[2022-05-31 18:07:46,989] {standard_task_runner.py:80} INFO - Job 315: Subtask download_dataset_task
[2022-05-31 18:07:47,160] {task_command.py:370} INFO - Running <TaskInstance: yellow_taxi_ingestion_gcs_dag.download_dataset_task scheduled__2022-01-01T06:00:00+00:00 [running]> on host 8ac972de2f4f
[2022-05-31 18:07:47,268] {warnings.py:110} WARNING - /home/***/.local/lib/python3.7/site-packages/***/utils/context.py:202: AirflowContextDeprecationWarning: Accessing 'execution_date' from the template is deprecated and will be removed in a future version. Please use 'data_interval_start' or 'logical_date' instead.
  warnings.warn(_create_deprecation_warning(key, self._deprecation_replacements[key]))

[2022-05-31 18:07:47,378] {taskinstance.py:1572} INFO - Exporting the following env vars:
AIRFLOW_CTX_DAG_OWNER=***
AIRFLOW_CTX_DAG_ID=yellow_taxi_ingestion_gcs_dag
AIRFLOW_CTX_TASK_ID=download_dataset_task
AIRFLOW_CTX_EXECUTION_DATE=2022-01-01T06:00:00+00:00
AIRFLOW_CTX_TRY_NUMBER=1
AIRFLOW_CTX_DAG_RUN_ID=scheduled__2022-01-01T06:00:00+00:00
[2022-05-31 18:07:47,392] {subprocess.py:62} INFO - Tmp dir root location: 
 /tmp
[2022-05-31 18:07:47,395] {subprocess.py:74} INFO - Running command: ['bash', '-c', 'curl -sSL https://s3.amazonaws.com/nyc-tlc/trip+data/yellow_tripdata_2022-01.parquet > /opt/***/output_yellow_taxi_2022-01.parquet']
[2022-05-31 18:07:47,443] {subprocess.py:85} INFO - Output:
[2022-05-31 18:07:54,817] {subprocess.py:96} INFO - Command exited with return code 0
[2022-05-31 18:07:54,905] {taskinstance.py:1401} INFO - Marking task as SUCCESS. dag_id=yellow_taxi_ingestion_gcs_dag, task_id=download_dataset_task, execution_date=20220101T060000, start_date=20220531T180746, end_date=20220531T180754
[2022-05-31 18:07:55,000] {local_task_job.py:156} INFO - Task exited with return code 0
[2022-05-31 18:07:55,074] {local_task_job.py:273} INFO - 1 downstream tasks scheduled from follow-on schedule check
[2022-05-31 18:49:49,607] {taskinstance.py:1160} INFO - Dependencies all met for <TaskInstance: yellow_taxi_ingestion_gcs_dag.download_dataset_task scheduled__2022-01-01T06:00:00+00:00 [queued]>
[2022-05-31 18:49:49,638] {taskinstance.py:1160} INFO - Dependencies all met for <TaskInstance: yellow_taxi_ingestion_gcs_dag.download_dataset_task scheduled__2022-01-01T06:00:00+00:00 [queued]>
[2022-05-31 18:49:49,642] {taskinstance.py:1357} INFO - 
--------------------------------------------------------------------------------
[2022-05-31 18:49:49,649] {taskinstance.py:1358} INFO - Starting attempt 1 of 1
[2022-05-31 18:49:49,653] {taskinstance.py:1359} INFO - 
--------------------------------------------------------------------------------
[2022-05-31 18:49:49,687] {taskinstance.py:1378} INFO - Executing <Task(BashOperator): download_dataset_task> on 2022-01-01 06:00:00+00:00
[2022-05-31 18:49:49,703] {standard_task_runner.py:52} INFO - Started process 1168 to run task
[2022-05-31 18:49:49,719] {standard_task_runner.py:79} INFO - Running: ['***', 'tasks', 'run', 'yellow_taxi_ingestion_gcs_dag', 'download_dataset_task', 'scheduled__2022-01-01T06:00:00+00:00', '--job-id', '412', '--raw', '--subdir', 'DAGS_FOLDER/yellow_taxi_ingestion.py', '--cfg-path', '/tmp/tmph0bjcerl', '--error-file', '/tmp/tmpjcbwrjv4']
[2022-05-31 18:49:49,722] {standard_task_runner.py:80} INFO - Job 412: Subtask download_dataset_task
[2022-05-31 18:49:50,038] {task_command.py:370} INFO - Running <TaskInstance: yellow_taxi_ingestion_gcs_dag.download_dataset_task scheduled__2022-01-01T06:00:00+00:00 [running]> on host 3f188d455d5a
[2022-05-31 18:49:50,252] {warnings.py:110} WARNING - /home/***/.local/lib/python3.7/site-packages/***/utils/context.py:202: AirflowContextDeprecationWarning: Accessing 'execution_date' from the template is deprecated and will be removed in a future version. Please use 'data_interval_start' or 'logical_date' instead.
  warnings.warn(_create_deprecation_warning(key, self._deprecation_replacements[key]))

[2022-05-31 18:49:50,436] {taskinstance.py:1572} INFO - Exporting the following env vars:
AIRFLOW_CTX_DAG_OWNER=***
AIRFLOW_CTX_DAG_ID=yellow_taxi_ingestion_gcs_dag
AIRFLOW_CTX_TASK_ID=download_dataset_task
AIRFLOW_CTX_EXECUTION_DATE=2022-01-01T06:00:00+00:00
AIRFLOW_CTX_TRY_NUMBER=1
AIRFLOW_CTX_DAG_RUN_ID=scheduled__2022-01-01T06:00:00+00:00
[2022-05-31 18:49:50,441] {subprocess.py:62} INFO - Tmp dir root location: 
 /tmp
[2022-05-31 18:49:50,447] {subprocess.py:74} INFO - Running command: ['bash', '-c', 'curl -sSL https://s3.amazonaws.com/nyc-tlc/trip+data/yellow_tripdata_2022-01.parquet > /opt/***/output_yellow_taxi_2022-01.parquet']
[2022-05-31 18:49:50,507] {subprocess.py:85} INFO - Output:
[2022-05-31 18:49:58,658] {subprocess.py:96} INFO - Command exited with return code 0
[2022-05-31 18:49:59,164] {taskinstance.py:1401} INFO - Marking task as SUCCESS. dag_id=yellow_taxi_ingestion_gcs_dag, task_id=download_dataset_task, execution_date=20220101T060000, start_date=20220531T184949, end_date=20220531T184959
[2022-05-31 18:49:59,310] {local_task_job.py:156} INFO - Task exited with return code 0
[2022-05-31 18:49:59,462] {local_task_job.py:273} INFO - 1 downstream tasks scheduled from follow-on schedule check
