[2022-05-31 18:16:18,028] {taskinstance.py:1160} INFO - Dependencies all met for <TaskInstance: yellow_taxi_ingestion_gcs_dag.download_dataset_task scheduled__2022-01-01T06:00:00+00:00 [queued]>
[2022-05-31 18:16:18,038] {taskinstance.py:1160} INFO - Dependencies all met for <TaskInstance: yellow_taxi_ingestion_gcs_dag.download_dataset_task scheduled__2022-01-01T06:00:00+00:00 [queued]>
[2022-05-31 18:16:18,039] {taskinstance.py:1357} INFO - 
--------------------------------------------------------------------------------
[2022-05-31 18:16:18,040] {taskinstance.py:1358} INFO - Starting attempt 4 of 4
[2022-05-31 18:16:18,042] {taskinstance.py:1359} INFO - 
--------------------------------------------------------------------------------
[2022-05-31 18:16:18,055] {taskinstance.py:1378} INFO - Executing <Task(BashOperator): download_dataset_task> on 2022-01-01 06:00:00+00:00
[2022-05-31 18:16:18,065] {standard_task_runner.py:52} INFO - Started process 76 to run task
[2022-05-31 18:16:18,070] {standard_task_runner.py:79} INFO - Running: ['***', 'tasks', 'run', 'yellow_taxi_ingestion_gcs_dag', 'download_dataset_task', 'scheduled__2022-01-01T06:00:00+00:00', '--job-id', '334', '--raw', '--subdir', 'DAGS_FOLDER/yellow_taxi_ingestion.py', '--cfg-path', '/tmp/tmpce_qy5eb', '--error-file', '/tmp/tmp75q_e5_x']
[2022-05-31 18:16:18,072] {standard_task_runner.py:80} INFO - Job 334: Subtask download_dataset_task
[2022-05-31 18:16:18,149] {task_command.py:370} INFO - Running <TaskInstance: yellow_taxi_ingestion_gcs_dag.download_dataset_task scheduled__2022-01-01T06:00:00+00:00 [running]> on host a6c70bfa4dec
[2022-05-31 18:16:18,194] {warnings.py:110} WARNING - /home/***/.local/lib/python3.7/site-packages/***/utils/context.py:202: AirflowContextDeprecationWarning: Accessing 'execution_date' from the template is deprecated and will be removed in a future version. Please use 'data_interval_start' or 'logical_date' instead.
  warnings.warn(_create_deprecation_warning(key, self._deprecation_replacements[key]))

[2022-05-31 18:16:18,243] {taskinstance.py:1572} INFO - Exporting the following env vars:
AIRFLOW_CTX_DAG_OWNER=***
AIRFLOW_CTX_DAG_ID=yellow_taxi_ingestion_gcs_dag
AIRFLOW_CTX_TASK_ID=download_dataset_task
AIRFLOW_CTX_EXECUTION_DATE=2022-01-01T06:00:00+00:00
AIRFLOW_CTX_TRY_NUMBER=4
AIRFLOW_CTX_DAG_RUN_ID=scheduled__2022-01-01T06:00:00+00:00
[2022-05-31 18:16:18,246] {subprocess.py:62} INFO - Tmp dir root location: 
 /tmp
[2022-05-31 18:16:18,248] {subprocess.py:74} INFO - Running command: ['bash', '-c', 'curl -sSL https://s3.amazonaws.com/nyc-tlc/trip+data/yellow_tripdata_2022-01.parquet > /opt/***/output_yellow_taxi_2022-01.parquet']
[2022-05-31 18:16:18,262] {subprocess.py:85} INFO - Output:
[2022-05-31 18:16:23,127] {subprocess.py:96} INFO - Command exited with return code 0
[2022-05-31 18:16:23,165] {taskinstance.py:1401} INFO - Marking task as SUCCESS. dag_id=yellow_taxi_ingestion_gcs_dag, task_id=download_dataset_task, execution_date=20220101T060000, start_date=20220531T181618, end_date=20220531T181623
[2022-05-31 18:16:23,205] {local_task_job.py:156} INFO - Task exited with return code 0
[2022-05-31 18:16:23,232] {local_task_job.py:273} INFO - 1 downstream tasks scheduled from follow-on schedule check
