[2022-05-30 18:12:55,873] {taskinstance.py:1160} INFO - Dependencies all met for <TaskInstance: data_ingestion_gcs_dag.download_dataset_task manual__2022-05-30T18:10:20.715614+00:00 [queued]>
[2022-05-30 18:12:55,889] {taskinstance.py:1160} INFO - Dependencies all met for <TaskInstance: data_ingestion_gcs_dag.download_dataset_task manual__2022-05-30T18:10:20.715614+00:00 [queued]>
[2022-05-30 18:12:55,890] {taskinstance.py:1357} INFO - 
--------------------------------------------------------------------------------
[2022-05-30 18:12:55,892] {taskinstance.py:1358} INFO - Starting attempt 1 of 2
[2022-05-30 18:12:55,894] {taskinstance.py:1359} INFO - 
--------------------------------------------------------------------------------
[2022-05-30 18:12:55,911] {taskinstance.py:1378} INFO - Executing <Task(BashOperator): download_dataset_task> on 2022-05-30 18:10:20.715614+00:00
[2022-05-30 18:12:55,920] {standard_task_runner.py:52} INFO - Started process 2778 to run task
[2022-05-30 18:12:55,930] {standard_task_runner.py:79} INFO - Running: ['***', 'tasks', 'run', 'data_ingestion_gcs_dag', 'download_dataset_task', 'manual__2022-05-30T18:10:20.715614+00:00', '--job-id', '7', '--raw', '--subdir', 'DAGS_FOLDER/data_ingestion_gcs_dag.py', '--cfg-path', '/tmp/tmpjy2yjb27', '--error-file', '/tmp/tmp2jgjus74']
[2022-05-30 18:12:55,933] {standard_task_runner.py:80} INFO - Job 7: Subtask download_dataset_task
[2022-05-30 18:12:56,046] {task_command.py:370} INFO - Running <TaskInstance: data_ingestion_gcs_dag.download_dataset_task manual__2022-05-30T18:10:20.715614+00:00 [running]> on host e2389547c18a
[2022-05-30 18:12:56,140] {taskinstance.py:1572} INFO - Exporting the following env vars:
AIRFLOW_CTX_DAG_OWNER=***
AIRFLOW_CTX_DAG_ID=data_ingestion_gcs_dag
AIRFLOW_CTX_TASK_ID=download_dataset_task
AIRFLOW_CTX_EXECUTION_DATE=2022-05-30T18:10:20.715614+00:00
AIRFLOW_CTX_TRY_NUMBER=1
AIRFLOW_CTX_DAG_RUN_ID=manual__2022-05-30T18:10:20.715614+00:00
[2022-05-30 18:12:56,146] {subprocess.py:62} INFO - Tmp dir root location: 
 /tmp
[2022-05-30 18:12:56,148] {subprocess.py:74} INFO - Running command: ['bash', '-c', 'curl -sSL https://s3.amazonaws.com/nyc-tlc/trip+data/yellow_tripdata_2021-01.parquet > /opt/***/yellow_tripdata_2021-01.parquet']
[2022-05-30 18:12:56,171] {subprocess.py:85} INFO - Output:
[2022-05-30 18:12:59,683] {subprocess.py:96} INFO - Command exited with return code 0
[2022-05-30 18:12:59,768] {taskinstance.py:1401} INFO - Marking task as SUCCESS. dag_id=data_ingestion_gcs_dag, task_id=download_dataset_task, execution_date=20220530T181020, start_date=20220530T181255, end_date=20220530T181259
[2022-05-30 18:12:59,831] {local_task_job.py:156} INFO - Task exited with return code 0
[2022-05-30 18:12:59,945] {local_task_job.py:273} INFO - 0 downstream tasks scheduled from follow-on schedule check
