[2022-05-31 17:56:13,686] {taskinstance.py:1160} INFO - Dependencies all met for <TaskInstance: yellow_taxi_ingestion_gcs_dag.download_dataset_task scheduled__2022-04-02T06:00:00+00:00 [queued]>
[2022-05-31 17:56:13,696] {taskinstance.py:1160} INFO - Dependencies all met for <TaskInstance: yellow_taxi_ingestion_gcs_dag.download_dataset_task scheduled__2022-04-02T06:00:00+00:00 [queued]>
[2022-05-31 17:56:13,697] {taskinstance.py:1357} INFO - 
--------------------------------------------------------------------------------
[2022-05-31 17:56:13,699] {taskinstance.py:1358} INFO - Starting attempt 1 of 1
[2022-05-31 17:56:13,700] {taskinstance.py:1359} INFO - 
--------------------------------------------------------------------------------
[2022-05-31 17:56:13,717] {taskinstance.py:1378} INFO - Executing <Task(BashOperator): download_dataset_task> on 2022-04-02 06:00:00+00:00
[2022-05-31 17:56:13,731] {standard_task_runner.py:52} INFO - Started process 256 to run task
[2022-05-31 17:56:13,738] {standard_task_runner.py:79} INFO - Running: ['***', 'tasks', 'run', 'yellow_taxi_ingestion_gcs_dag', 'download_dataset_task', 'scheduled__2022-04-02T06:00:00+00:00', '--job-id', '285', '--raw', '--subdir', 'DAGS_FOLDER/yellow_taxi_ingestion.py', '--cfg-path', '/tmp/tmp3hr1huc4', '--error-file', '/tmp/tmp3ic0u668']
[2022-05-31 17:56:13,741] {standard_task_runner.py:80} INFO - Job 285: Subtask download_dataset_task
[2022-05-31 17:56:13,817] {task_command.py:370} INFO - Running <TaskInstance: yellow_taxi_ingestion_gcs_dag.download_dataset_task scheduled__2022-04-02T06:00:00+00:00 [running]> on host 8ac972de2f4f
[2022-05-31 17:56:13,856] {warnings.py:110} WARNING - /home/***/.local/lib/python3.7/site-packages/***/utils/context.py:202: AirflowContextDeprecationWarning: Accessing 'execution_date' from the template is deprecated and will be removed in a future version. Please use 'data_interval_start' or 'logical_date' instead.
  warnings.warn(_create_deprecation_warning(key, self._deprecation_replacements[key]))

[2022-05-31 17:56:13,896] {taskinstance.py:1572} INFO - Exporting the following env vars:
AIRFLOW_CTX_DAG_OWNER=***
AIRFLOW_CTX_DAG_ID=yellow_taxi_ingestion_gcs_dag
AIRFLOW_CTX_TASK_ID=download_dataset_task
AIRFLOW_CTX_EXECUTION_DATE=2022-04-02T06:00:00+00:00
AIRFLOW_CTX_TRY_NUMBER=1
AIRFLOW_CTX_DAG_RUN_ID=scheduled__2022-04-02T06:00:00+00:00
[2022-05-31 17:56:13,899] {subprocess.py:62} INFO - Tmp dir root location: 
 /tmp
[2022-05-31 17:56:13,901] {subprocess.py:74} INFO - Running command: ['bash', '-c', 'curl -sSL https://s3.amazonaws.com/nyc-tlc/trip+data/yellow_tripdata_2022-04.parquet > /opt/***/output_yellow_taxi_2022-04.parquet']
[2022-05-31 17:56:13,917] {subprocess.py:85} INFO - Output:
[2022-05-31 17:56:14,775] {subprocess.py:96} INFO - Command exited with return code 0
[2022-05-31 17:56:14,816] {taskinstance.py:1401} INFO - Marking task as SUCCESS. dag_id=yellow_taxi_ingestion_gcs_dag, task_id=download_dataset_task, execution_date=20220402T060000, start_date=20220531T175613, end_date=20220531T175614
[2022-05-31 17:56:14,867] {local_task_job.py:156} INFO - Task exited with return code 0
[2022-05-31 17:56:14,905] {local_task_job.py:273} INFO - 1 downstream tasks scheduled from follow-on schedule check
[2022-05-31 18:00:38,632] {taskinstance.py:1160} INFO - Dependencies all met for <TaskInstance: yellow_taxi_ingestion_gcs_dag.download_dataset_task scheduled__2022-04-02T06:00:00+00:00 [queued]>
[2022-05-31 18:00:38,650] {taskinstance.py:1160} INFO - Dependencies all met for <TaskInstance: yellow_taxi_ingestion_gcs_dag.download_dataset_task scheduled__2022-04-02T06:00:00+00:00 [queued]>
[2022-05-31 18:00:38,655] {taskinstance.py:1357} INFO - 
--------------------------------------------------------------------------------
[2022-05-31 18:00:38,657] {taskinstance.py:1358} INFO - Starting attempt 1 of 1
[2022-05-31 18:00:38,661] {taskinstance.py:1359} INFO - 
--------------------------------------------------------------------------------
[2022-05-31 18:00:38,689] {taskinstance.py:1378} INFO - Executing <Task(BashOperator): download_dataset_task> on 2022-04-02 06:00:00+00:00
[2022-05-31 18:00:38,701] {standard_task_runner.py:52} INFO - Started process 554 to run task
[2022-05-31 18:00:38,713] {standard_task_runner.py:79} INFO - Running: ['***', 'tasks', 'run', 'yellow_taxi_ingestion_gcs_dag', 'download_dataset_task', 'scheduled__2022-04-02T06:00:00+00:00', '--job-id', '299', '--raw', '--subdir', 'DAGS_FOLDER/yellow_taxi_ingestion.py', '--cfg-path', '/tmp/tmp1uwlcx1k', '--error-file', '/tmp/tmps9dqyizu']
[2022-05-31 18:00:38,720] {standard_task_runner.py:80} INFO - Job 299: Subtask download_dataset_task
[2022-05-31 18:00:38,847] {task_command.py:370} INFO - Running <TaskInstance: yellow_taxi_ingestion_gcs_dag.download_dataset_task scheduled__2022-04-02T06:00:00+00:00 [running]> on host 8ac972de2f4f
[2022-05-31 18:00:38,905] {warnings.py:110} WARNING - /home/***/.local/lib/python3.7/site-packages/***/utils/context.py:202: AirflowContextDeprecationWarning: Accessing 'execution_date' from the template is deprecated and will be removed in a future version. Please use 'data_interval_start' or 'logical_date' instead.
  warnings.warn(_create_deprecation_warning(key, self._deprecation_replacements[key]))

[2022-05-31 18:00:38,968] {taskinstance.py:1572} INFO - Exporting the following env vars:
AIRFLOW_CTX_DAG_OWNER=***
AIRFLOW_CTX_DAG_ID=yellow_taxi_ingestion_gcs_dag
AIRFLOW_CTX_TASK_ID=download_dataset_task
AIRFLOW_CTX_EXECUTION_DATE=2022-04-02T06:00:00+00:00
AIRFLOW_CTX_TRY_NUMBER=1
AIRFLOW_CTX_DAG_RUN_ID=scheduled__2022-04-02T06:00:00+00:00
[2022-05-31 18:00:38,975] {subprocess.py:62} INFO - Tmp dir root location: 
 /tmp
[2022-05-31 18:00:38,978] {subprocess.py:74} INFO - Running command: ['bash', '-c', 'curl -sSL https://s3.amazonaws.com/nyc-tlc/trip+data/yellow_tripdata_2022-04.parquet > /opt/***/output_yellow_taxi_2022-04.parquet']
[2022-05-31 18:00:38,996] {subprocess.py:85} INFO - Output:
[2022-05-31 18:00:39,638] {subprocess.py:96} INFO - Command exited with return code 0
[2022-05-31 18:00:39,690] {taskinstance.py:1401} INFO - Marking task as SUCCESS. dag_id=yellow_taxi_ingestion_gcs_dag, task_id=download_dataset_task, execution_date=20220402T060000, start_date=20220531T180038, end_date=20220531T180039
[2022-05-31 18:00:39,744] {local_task_job.py:156} INFO - Task exited with return code 0
[2022-05-31 18:00:39,814] {local_task_job.py:273} INFO - 1 downstream tasks scheduled from follow-on schedule check
[2022-05-31 18:01:44,661] {taskinstance.py:1160} INFO - Dependencies all met for <TaskInstance: yellow_taxi_ingestion_gcs_dag.download_dataset_task scheduled__2022-04-02T06:00:00+00:00 [queued]>
[2022-05-31 18:01:44,691] {taskinstance.py:1160} INFO - Dependencies all met for <TaskInstance: yellow_taxi_ingestion_gcs_dag.download_dataset_task scheduled__2022-04-02T06:00:00+00:00 [queued]>
[2022-05-31 18:01:44,694] {taskinstance.py:1357} INFO - 
--------------------------------------------------------------------------------
[2022-05-31 18:01:44,697] {taskinstance.py:1358} INFO - Starting attempt 1 of 1
[2022-05-31 18:01:44,699] {taskinstance.py:1359} INFO - 
--------------------------------------------------------------------------------
[2022-05-31 18:01:44,734] {taskinstance.py:1378} INFO - Executing <Task(BashOperator): download_dataset_task> on 2022-04-02 06:00:00+00:00
[2022-05-31 18:01:44,748] {standard_task_runner.py:52} INFO - Started process 629 to run task
[2022-05-31 18:01:44,755] {standard_task_runner.py:79} INFO - Running: ['***', 'tasks', 'run', 'yellow_taxi_ingestion_gcs_dag', 'download_dataset_task', 'scheduled__2022-04-02T06:00:00+00:00', '--job-id', '303', '--raw', '--subdir', 'DAGS_FOLDER/yellow_taxi_ingestion.py', '--cfg-path', '/tmp/tmp1a1z8gog', '--error-file', '/tmp/tmp_6msi7rd']
[2022-05-31 18:01:44,760] {standard_task_runner.py:80} INFO - Job 303: Subtask download_dataset_task
[2022-05-31 18:01:44,914] {task_command.py:370} INFO - Running <TaskInstance: yellow_taxi_ingestion_gcs_dag.download_dataset_task scheduled__2022-04-02T06:00:00+00:00 [running]> on host 8ac972de2f4f
[2022-05-31 18:01:44,999] {warnings.py:110} WARNING - /home/***/.local/lib/python3.7/site-packages/***/utils/context.py:202: AirflowContextDeprecationWarning: Accessing 'execution_date' from the template is deprecated and will be removed in a future version. Please use 'data_interval_start' or 'logical_date' instead.
  warnings.warn(_create_deprecation_warning(key, self._deprecation_replacements[key]))

[2022-05-31 18:01:45,096] {taskinstance.py:1572} INFO - Exporting the following env vars:
AIRFLOW_CTX_DAG_OWNER=***
AIRFLOW_CTX_DAG_ID=yellow_taxi_ingestion_gcs_dag
AIRFLOW_CTX_TASK_ID=download_dataset_task
AIRFLOW_CTX_EXECUTION_DATE=2022-04-02T06:00:00+00:00
AIRFLOW_CTX_TRY_NUMBER=1
AIRFLOW_CTX_DAG_RUN_ID=scheduled__2022-04-02T06:00:00+00:00
[2022-05-31 18:01:45,102] {subprocess.py:62} INFO - Tmp dir root location: 
 /tmp
[2022-05-31 18:01:45,108] {subprocess.py:74} INFO - Running command: ['bash', '-c', 'curl -sSL https://s3.amazonaws.com/nyc-tlc/trip+data/yellow_tripdata_2022-04.parquet > /opt/***/output_yellow_taxi_2022-04.parquet']
[2022-05-31 18:01:45,141] {subprocess.py:85} INFO - Output:
[2022-05-31 18:01:45,902] {subprocess.py:96} INFO - Command exited with return code 0
[2022-05-31 18:01:46,002] {taskinstance.py:1401} INFO - Marking task as SUCCESS. dag_id=yellow_taxi_ingestion_gcs_dag, task_id=download_dataset_task, execution_date=20220402T060000, start_date=20220531T180144, end_date=20220531T180146
[2022-05-31 18:01:46,077] {local_task_job.py:156} INFO - Task exited with return code 0
[2022-05-31 18:01:46,143] {local_task_job.py:273} INFO - 1 downstream tasks scheduled from follow-on schedule check
