[2022-05-31 19:23:21,729] {taskinstance.py:1160} INFO - Dependencies all met for <TaskInstance: taxi_zones_ingestion_gcs_dag.local_to_gcs_task scheduled__2022-05-30T19:23:17.643834+00:00 [queued]>
[2022-05-31 19:23:21,741] {taskinstance.py:1160} INFO - Dependencies all met for <TaskInstance: taxi_zones_ingestion_gcs_dag.local_to_gcs_task scheduled__2022-05-30T19:23:17.643834+00:00 [queued]>
[2022-05-31 19:23:21,742] {taskinstance.py:1357} INFO - 
--------------------------------------------------------------------------------
[2022-05-31 19:23:21,744] {taskinstance.py:1358} INFO - Starting attempt 1 of 1
[2022-05-31 19:23:21,745] {taskinstance.py:1359} INFO - 
--------------------------------------------------------------------------------
[2022-05-31 19:23:21,761] {taskinstance.py:1378} INFO - Executing <Task(PythonOperator): local_to_gcs_task> on 2022-05-30 19:23:17.643834+00:00
[2022-05-31 19:23:21,768] {standard_task_runner.py:52} INFO - Started process 1160 to run task
[2022-05-31 19:23:21,774] {standard_task_runner.py:79} INFO - Running: ['***', 'tasks', 'run', 'taxi_zones_ingestion_gcs_dag', 'local_to_gcs_task', 'scheduled__2022-05-30T19:23:17.643834+00:00', '--job-id', '481', '--raw', '--subdir', 'DAGS_FOLDER/taxi_zones_ingestion.py', '--cfg-path', '/tmp/tmpx7ch2itb', '--error-file', '/tmp/tmpz4s6wkrg']
[2022-05-31 19:23:21,777] {standard_task_runner.py:80} INFO - Job 481: Subtask local_to_gcs_task
[2022-05-31 19:23:21,851] {task_command.py:370} INFO - Running <TaskInstance: taxi_zones_ingestion_gcs_dag.local_to_gcs_task scheduled__2022-05-30T19:23:17.643834+00:00 [running]> on host 3f188d455d5a
[2022-05-31 19:23:21,944] {taskinstance.py:1572} INFO - Exporting the following env vars:
AIRFLOW_CTX_DAG_OWNER=***
AIRFLOW_CTX_DAG_ID=taxi_zones_ingestion_gcs_dag
AIRFLOW_CTX_TASK_ID=local_to_gcs_task
AIRFLOW_CTX_EXECUTION_DATE=2022-05-30T19:23:17.643834+00:00
AIRFLOW_CTX_TRY_NUMBER=1
AIRFLOW_CTX_DAG_RUN_ID=scheduled__2022-05-30T19:23:17.643834+00:00
[2022-05-31 19:23:22,309] {python.py:173} INFO - Done. Returned value was: None
[2022-05-31 19:23:22,340] {taskinstance.py:1401} INFO - Marking task as SUCCESS. dag_id=taxi_zones_ingestion_gcs_dag, task_id=local_to_gcs_task, execution_date=20220530T192317, start_date=20220531T192321, end_date=20220531T192322
[2022-05-31 19:23:22,407] {local_task_job.py:156} INFO - Task exited with return code 0
[2022-05-31 19:23:22,474] {local_task_job.py:273} INFO - 0 downstream tasks scheduled from follow-on schedule check
