[2022-05-30 21:14:00,334] {taskinstance.py:1160} INFO - Dependencies all met for <TaskInstance: LocalIngestionDag.wget manual__2022-05-30T21:13:56.912167+00:00 [queued]>
[2022-05-30 21:14:00,362] {taskinstance.py:1160} INFO - Dependencies all met for <TaskInstance: LocalIngestionDag.wget manual__2022-05-30T21:13:56.912167+00:00 [queued]>
[2022-05-30 21:14:00,365] {taskinstance.py:1357} INFO - 
--------------------------------------------------------------------------------
[2022-05-30 21:14:00,367] {taskinstance.py:1358} INFO - Starting attempt 1 of 1
[2022-05-30 21:14:00,370] {taskinstance.py:1359} INFO - 
--------------------------------------------------------------------------------
[2022-05-30 21:14:00,407] {taskinstance.py:1378} INFO - Executing <Task(BashOperator): wget> on 2022-05-30 21:13:56.912167+00:00
[2022-05-30 21:14:00,426] {standard_task_runner.py:52} INFO - Started process 246 to run task
[2022-05-30 21:14:00,442] {standard_task_runner.py:79} INFO - Running: ['***', 'tasks', 'run', 'LocalIngestionDag', 'wget', 'manual__2022-05-30T21:13:56.912167+00:00', '--job-id', '8', '--raw', '--subdir', 'DAGS_FOLDER/data_ingestion_local.py', '--cfg-path', '/tmp/tmp3mke5udg', '--error-file', '/tmp/tmpydewfjo7']
[2022-05-30 21:14:00,446] {standard_task_runner.py:80} INFO - Job 8: Subtask wget
[2022-05-30 21:14:00,702] {task_command.py:370} INFO - Running <TaskInstance: LocalIngestionDag.wget manual__2022-05-30T21:13:56.912167+00:00 [running]> on host 973151ef250d
[2022-05-30 21:14:00,857] {warnings.py:110} WARNING - /home/***/.local/lib/python3.7/site-packages/***/utils/context.py:202: AirflowContextDeprecationWarning: Accessing 'execution_date' from the template is deprecated and will be removed in a future version. Please use 'data_interval_start' or 'logical_date' instead.
  warnings.warn(_create_deprecation_warning(key, self._deprecation_replacements[key]))

[2022-05-30 21:14:00,970] {taskinstance.py:1572} INFO - Exporting the following env vars:
AIRFLOW_CTX_DAG_OWNER=***
AIRFLOW_CTX_DAG_ID=LocalIngestionDag
AIRFLOW_CTX_TASK_ID=wget
AIRFLOW_CTX_EXECUTION_DATE=2022-05-30T21:13:56.912167+00:00
AIRFLOW_CTX_TRY_NUMBER=1
AIRFLOW_CTX_DAG_RUN_ID=manual__2022-05-30T21:13:56.912167+00:00
[2022-05-30 21:14:00,980] {subprocess.py:62} INFO - Tmp dir root location: 
 /tmp
[2022-05-30 21:14:00,985] {subprocess.py:74} INFO - Running command: ['bash', '-c', 'curl -sSL https://s3.amazonaws.com/nyc-tlc/trip+data/yellow_tripdata_2022-05.parquet > /opt/***/output_2022-05.parquet']
[2022-05-30 21:14:01,051] {subprocess.py:85} INFO - Output:
[2022-05-30 21:14:01,741] {subprocess.py:96} INFO - Command exited with return code 0
[2022-05-30 21:14:01,799] {taskinstance.py:1401} INFO - Marking task as SUCCESS. dag_id=LocalIngestionDag, task_id=wget, execution_date=20220530T211356, start_date=20220530T211400, end_date=20220530T211401
[2022-05-30 21:14:01,885] {local_task_job.py:156} INFO - Task exited with return code 0
[2022-05-30 21:14:01,992] {local_task_job.py:273} INFO - 1 downstream tasks scheduled from follow-on schedule check
