[2022-05-30 18:51:10,516] {taskinstance.py:1160} INFO - Dependencies all met for <TaskInstance: data_ingestion_gcs_dag.download_dataset_task manual__2022-05-30T18:51:08.693839+00:00 [queued]>
[2022-05-30 18:51:10,525] {taskinstance.py:1160} INFO - Dependencies all met for <TaskInstance: data_ingestion_gcs_dag.download_dataset_task manual__2022-05-30T18:51:08.693839+00:00 [queued]>
[2022-05-30 18:51:10,527] {taskinstance.py:1357} INFO - 
--------------------------------------------------------------------------------
[2022-05-30 18:51:10,529] {taskinstance.py:1358} INFO - Starting attempt 1 of 2
[2022-05-30 18:51:10,530] {taskinstance.py:1359} INFO - 
--------------------------------------------------------------------------------
[2022-05-30 18:51:10,541] {taskinstance.py:1378} INFO - Executing <Task(BashOperator): download_dataset_task> on 2022-05-30 18:51:08.693839+00:00
[2022-05-30 18:51:10,564] {standard_task_runner.py:52} INFO - Started process 119 to run task
[2022-05-30 18:51:10,574] {standard_task_runner.py:79} INFO - Running: ['***', 'tasks', 'run', 'data_ingestion_gcs_dag', 'download_dataset_task', 'manual__2022-05-30T18:51:08.693839+00:00', '--job-id', '30', '--raw', '--subdir', 'DAGS_FOLDER/data_ingestion_gcs_dag.py', '--cfg-path', '/tmp/tmpsh44rzqh', '--error-file', '/tmp/tmp0rmx1_u8']
[2022-05-30 18:51:10,575] {standard_task_runner.py:80} INFO - Job 30: Subtask download_dataset_task
[2022-05-30 18:51:10,649] {task_command.py:370} INFO - Running <TaskInstance: data_ingestion_gcs_dag.download_dataset_task manual__2022-05-30T18:51:08.693839+00:00 [running]> on host e083cbf9476b
[2022-05-30 18:51:10,775] {taskinstance.py:1572} INFO - Exporting the following env vars:
AIRFLOW_CTX_DAG_OWNER=***
AIRFLOW_CTX_DAG_ID=data_ingestion_gcs_dag
AIRFLOW_CTX_TASK_ID=download_dataset_task
AIRFLOW_CTX_EXECUTION_DATE=2022-05-30T18:51:08.693839+00:00
AIRFLOW_CTX_TRY_NUMBER=1
AIRFLOW_CTX_DAG_RUN_ID=manual__2022-05-30T18:51:08.693839+00:00
[2022-05-30 18:51:10,778] {subprocess.py:62} INFO - Tmp dir root location: 
 /tmp
[2022-05-30 18:51:10,782] {subprocess.py:74} INFO - Running command: ['bash', '-c', 'curl -sSL https://s3.amazonaws.com/nyc-tlc/trip+data/yellow_tripdata_2021-01.parquet > /opt/***/yellow_tripdata_2021-01.parquet']
[2022-05-30 18:51:10,810] {subprocess.py:85} INFO - Output:
[2022-05-30 18:52:43,153] {subprocess.py:96} INFO - Command exited with return code 0
[2022-05-30 18:52:43,220] {taskinstance.py:1401} INFO - Marking task as SUCCESS. dag_id=data_ingestion_gcs_dag, task_id=download_dataset_task, execution_date=20220530T185108, start_date=20220530T185110, end_date=20220530T185243
[2022-05-30 18:52:43,278] {local_task_job.py:156} INFO - Task exited with return code 0
[2022-05-30 18:52:43,318] {local_task_job.py:273} INFO - 1 downstream tasks scheduled from follow-on schedule check
