[2022-05-31 18:39:37,576] {taskinstance.py:1160} INFO - Dependencies all met for <TaskInstance: yellow_taxi_ingestion_gcs_dag.download_dataset_task scheduled__2019-01-01T06:00:00+00:00 [queued]>
[2022-05-31 18:39:37,590] {taskinstance.py:1160} INFO - Dependencies all met for <TaskInstance: yellow_taxi_ingestion_gcs_dag.download_dataset_task scheduled__2019-01-01T06:00:00+00:00 [queued]>
[2022-05-31 18:39:37,592] {taskinstance.py:1357} INFO - 
--------------------------------------------------------------------------------
[2022-05-31 18:39:37,593] {taskinstance.py:1358} INFO - Starting attempt 1 of 1
[2022-05-31 18:39:37,594] {taskinstance.py:1359} INFO - 
--------------------------------------------------------------------------------
[2022-05-31 18:39:37,614] {taskinstance.py:1378} INFO - Executing <Task(BashOperator): download_dataset_task> on 2019-01-01 06:00:00+00:00
[2022-05-31 18:39:37,623] {standard_task_runner.py:52} INFO - Started process 344 to run task
[2022-05-31 18:39:37,628] {standard_task_runner.py:79} INFO - Running: ['***', 'tasks', 'run', 'yellow_taxi_ingestion_gcs_dag', 'download_dataset_task', 'scheduled__2019-01-01T06:00:00+00:00', '--job-id', '344', '--raw', '--subdir', 'DAGS_FOLDER/yellow_taxi_ingestion.py', '--cfg-path', '/tmp/tmpe2mvltpv', '--error-file', '/tmp/tmpdc4xrlns']
[2022-05-31 18:39:37,631] {standard_task_runner.py:80} INFO - Job 344: Subtask download_dataset_task
[2022-05-31 18:39:37,713] {task_command.py:370} INFO - Running <TaskInstance: yellow_taxi_ingestion_gcs_dag.download_dataset_task scheduled__2019-01-01T06:00:00+00:00 [running]> on host 3f188d455d5a
[2022-05-31 18:39:37,768] {warnings.py:110} WARNING - /home/***/.local/lib/python3.7/site-packages/***/utils/context.py:202: AirflowContextDeprecationWarning: Accessing 'execution_date' from the template is deprecated and will be removed in a future version. Please use 'data_interval_start' or 'logical_date' instead.
  warnings.warn(_create_deprecation_warning(key, self._deprecation_replacements[key]))

[2022-05-31 18:39:37,848] {taskinstance.py:1572} INFO - Exporting the following env vars:
AIRFLOW_CTX_DAG_OWNER=***
AIRFLOW_CTX_DAG_ID=yellow_taxi_ingestion_gcs_dag
AIRFLOW_CTX_TASK_ID=download_dataset_task
AIRFLOW_CTX_EXECUTION_DATE=2019-01-01T06:00:00+00:00
AIRFLOW_CTX_TRY_NUMBER=1
AIRFLOW_CTX_DAG_RUN_ID=scheduled__2019-01-01T06:00:00+00:00
[2022-05-31 18:39:37,852] {subprocess.py:62} INFO - Tmp dir root location: 
 /tmp
[2022-05-31 18:39:37,854] {subprocess.py:74} INFO - Running command: ['bash', '-c', 'curl -sSL https://s3.amazonaws.com/nyc-tlc/trip+data/yellow_tripdata_2019-01.parquet > /opt/***/output_yellow_taxi_2019-01.parquet']
[2022-05-31 18:39:37,878] {subprocess.py:85} INFO - Output:
[2022-05-31 18:39:48,444] {subprocess.py:96} INFO - Command exited with return code 0
[2022-05-31 18:39:48,574] {taskinstance.py:1401} INFO - Marking task as SUCCESS. dag_id=yellow_taxi_ingestion_gcs_dag, task_id=download_dataset_task, execution_date=20190101T060000, start_date=20220531T183937, end_date=20220531T183948
[2022-05-31 18:39:48,707] {local_task_job.py:156} INFO - Task exited with return code 0
[2022-05-31 18:39:48,848] {local_task_job.py:273} INFO - 1 downstream tasks scheduled from follow-on schedule check
[2022-05-31 18:40:49,022] {taskinstance.py:1160} INFO - Dependencies all met for <TaskInstance: yellow_taxi_ingestion_gcs_dag.download_dataset_task scheduled__2019-01-01T06:00:00+00:00 [queued]>
[2022-05-31 18:40:49,031] {taskinstance.py:1160} INFO - Dependencies all met for <TaskInstance: yellow_taxi_ingestion_gcs_dag.download_dataset_task scheduled__2019-01-01T06:00:00+00:00 [queued]>
[2022-05-31 18:40:49,032] {taskinstance.py:1357} INFO - 
--------------------------------------------------------------------------------
[2022-05-31 18:40:49,034] {taskinstance.py:1358} INFO - Starting attempt 1 of 1
[2022-05-31 18:40:49,035] {taskinstance.py:1359} INFO - 
--------------------------------------------------------------------------------
[2022-05-31 18:40:49,051] {taskinstance.py:1378} INFO - Executing <Task(BashOperator): download_dataset_task> on 2019-01-01 06:00:00+00:00
[2022-05-31 18:40:49,063] {standard_task_runner.py:52} INFO - Started process 414 to run task
[2022-05-31 18:40:49,070] {standard_task_runner.py:79} INFO - Running: ['***', 'tasks', 'run', 'yellow_taxi_ingestion_gcs_dag', 'download_dataset_task', 'scheduled__2019-01-01T06:00:00+00:00', '--job-id', '346', '--raw', '--subdir', 'DAGS_FOLDER/yellow_taxi_ingestion.py', '--cfg-path', '/tmp/tmphdq81bfn', '--error-file', '/tmp/tmpm84sn056']
[2022-05-31 18:40:49,073] {standard_task_runner.py:80} INFO - Job 346: Subtask download_dataset_task
[2022-05-31 18:40:49,148] {task_command.py:370} INFO - Running <TaskInstance: yellow_taxi_ingestion_gcs_dag.download_dataset_task scheduled__2019-01-01T06:00:00+00:00 [running]> on host 3f188d455d5a
[2022-05-31 18:40:49,191] {warnings.py:110} WARNING - /home/***/.local/lib/python3.7/site-packages/***/utils/context.py:202: AirflowContextDeprecationWarning: Accessing 'execution_date' from the template is deprecated and will be removed in a future version. Please use 'data_interval_start' or 'logical_date' instead.
  warnings.warn(_create_deprecation_warning(key, self._deprecation_replacements[key]))

[2022-05-31 18:40:49,230] {taskinstance.py:1572} INFO - Exporting the following env vars:
AIRFLOW_CTX_DAG_OWNER=***
AIRFLOW_CTX_DAG_ID=yellow_taxi_ingestion_gcs_dag
AIRFLOW_CTX_TASK_ID=download_dataset_task
AIRFLOW_CTX_EXECUTION_DATE=2019-01-01T06:00:00+00:00
AIRFLOW_CTX_TRY_NUMBER=1
AIRFLOW_CTX_DAG_RUN_ID=scheduled__2019-01-01T06:00:00+00:00
[2022-05-31 18:40:49,233] {subprocess.py:62} INFO - Tmp dir root location: 
 /tmp
[2022-05-31 18:40:49,235] {subprocess.py:74} INFO - Running command: ['bash', '-c', 'curl -sSL https://s3.amazonaws.com/nyc-tlc/trip+data/yellow_tripdata_2019-01.parquet > /opt/***/output_yellow_taxi_2019-01.parquet']
[2022-05-31 18:40:49,250] {subprocess.py:85} INFO - Output:
[2022-05-31 18:40:58,802] {subprocess.py:96} INFO - Command exited with return code 0
[2022-05-31 18:40:58,898] {taskinstance.py:1401} INFO - Marking task as SUCCESS. dag_id=yellow_taxi_ingestion_gcs_dag, task_id=download_dataset_task, execution_date=20190101T060000, start_date=20220531T184049, end_date=20220531T184058
[2022-05-31 18:40:58,988] {local_task_job.py:156} INFO - Task exited with return code 0
[2022-05-31 18:40:59,048] {local_task_job.py:273} INFO - 1 downstream tasks scheduled from follow-on schedule check
