[2022-05-31 18:07:47,543] {taskinstance.py:1160} INFO - Dependencies all met for <TaskInstance: yellow_taxi_ingestion_gcs_dag.download_dataset_task scheduled__2022-03-01T06:00:00+00:00 [queued]>
[2022-05-31 18:07:47,564] {taskinstance.py:1160} INFO - Dependencies all met for <TaskInstance: yellow_taxi_ingestion_gcs_dag.download_dataset_task scheduled__2022-03-01T06:00:00+00:00 [queued]>
[2022-05-31 18:07:47,567] {taskinstance.py:1357} INFO - 
--------------------------------------------------------------------------------
[2022-05-31 18:07:47,570] {taskinstance.py:1358} INFO - Starting attempt 1 of 1
[2022-05-31 18:07:47,577] {taskinstance.py:1359} INFO - 
--------------------------------------------------------------------------------
[2022-05-31 18:07:47,630] {taskinstance.py:1378} INFO - Executing <Task(BashOperator): download_dataset_task> on 2022-03-01 06:00:00+00:00
[2022-05-31 18:07:47,653] {standard_task_runner.py:52} INFO - Started process 1015 to run task
[2022-05-31 18:07:47,678] {standard_task_runner.py:79} INFO - Running: ['***', 'tasks', 'run', 'yellow_taxi_ingestion_gcs_dag', 'download_dataset_task', 'scheduled__2022-03-01T06:00:00+00:00', '--job-id', '318', '--raw', '--subdir', 'DAGS_FOLDER/yellow_taxi_ingestion.py', '--cfg-path', '/tmp/tmp15f_mqz8', '--error-file', '/tmp/tmpl_xx5qg4']
[2022-05-31 18:07:47,688] {standard_task_runner.py:80} INFO - Job 318: Subtask download_dataset_task
[2022-05-31 18:07:47,939] {task_command.py:370} INFO - Running <TaskInstance: yellow_taxi_ingestion_gcs_dag.download_dataset_task scheduled__2022-03-01T06:00:00+00:00 [running]> on host 8ac972de2f4f
[2022-05-31 18:07:48,002] {warnings.py:110} WARNING - /home/***/.local/lib/python3.7/site-packages/***/utils/context.py:202: AirflowContextDeprecationWarning: Accessing 'execution_date' from the template is deprecated and will be removed in a future version. Please use 'data_interval_start' or 'logical_date' instead.
  warnings.warn(_create_deprecation_warning(key, self._deprecation_replacements[key]))

[2022-05-31 18:07:48,145] {taskinstance.py:1572} INFO - Exporting the following env vars:
AIRFLOW_CTX_DAG_OWNER=***
AIRFLOW_CTX_DAG_ID=yellow_taxi_ingestion_gcs_dag
AIRFLOW_CTX_TASK_ID=download_dataset_task
AIRFLOW_CTX_EXECUTION_DATE=2022-03-01T06:00:00+00:00
AIRFLOW_CTX_TRY_NUMBER=1
AIRFLOW_CTX_DAG_RUN_ID=scheduled__2022-03-01T06:00:00+00:00
[2022-05-31 18:07:48,188] {subprocess.py:62} INFO - Tmp dir root location: 
 /tmp
[2022-05-31 18:07:48,195] {subprocess.py:74} INFO - Running command: ['bash', '-c', 'curl -sSL https://s3.amazonaws.com/nyc-tlc/trip+data/yellow_tripdata_2022-03.parquet > /opt/***/output_yellow_taxi_2022-03.parquet']
[2022-05-31 18:07:48,212] {subprocess.py:85} INFO - Output:
[2022-05-31 18:07:57,034] {subprocess.py:96} INFO - Command exited with return code 0
[2022-05-31 18:07:57,134] {taskinstance.py:1401} INFO - Marking task as SUCCESS. dag_id=yellow_taxi_ingestion_gcs_dag, task_id=download_dataset_task, execution_date=20220301T060000, start_date=20220531T180747, end_date=20220531T180757
[2022-05-31 18:07:57,184] {local_task_job.py:156} INFO - Task exited with return code 0
[2022-05-31 18:07:57,245] {local_task_job.py:273} INFO - 1 downstream tasks scheduled from follow-on schedule check
[2022-05-31 18:50:01,690] {taskinstance.py:1160} INFO - Dependencies all met for <TaskInstance: yellow_taxi_ingestion_gcs_dag.download_dataset_task scheduled__2022-03-01T06:00:00+00:00 [queued]>
[2022-05-31 18:50:01,712] {taskinstance.py:1160} INFO - Dependencies all met for <TaskInstance: yellow_taxi_ingestion_gcs_dag.download_dataset_task scheduled__2022-03-01T06:00:00+00:00 [queued]>
[2022-05-31 18:50:01,715] {taskinstance.py:1357} INFO - 
--------------------------------------------------------------------------------
[2022-05-31 18:50:01,717] {taskinstance.py:1358} INFO - Starting attempt 1 of 1
[2022-05-31 18:50:01,720] {taskinstance.py:1359} INFO - 
--------------------------------------------------------------------------------
[2022-05-31 18:50:01,757] {taskinstance.py:1378} INFO - Executing <Task(BashOperator): download_dataset_task> on 2022-03-01 06:00:00+00:00
[2022-05-31 18:50:01,824] {standard_task_runner.py:52} INFO - Started process 1190 to run task
[2022-05-31 18:50:01,840] {standard_task_runner.py:79} INFO - Running: ['***', 'tasks', 'run', 'yellow_taxi_ingestion_gcs_dag', 'download_dataset_task', 'scheduled__2022-03-01T06:00:00+00:00', '--job-id', '416', '--raw', '--subdir', 'DAGS_FOLDER/yellow_taxi_ingestion.py', '--cfg-path', '/tmp/tmpa3fhjrnr', '--error-file', '/tmp/tmpab3zsg0x']
[2022-05-31 18:50:01,844] {standard_task_runner.py:80} INFO - Job 416: Subtask download_dataset_task
[2022-05-31 18:50:02,012] {task_command.py:370} INFO - Running <TaskInstance: yellow_taxi_ingestion_gcs_dag.download_dataset_task scheduled__2022-03-01T06:00:00+00:00 [running]> on host 3f188d455d5a
[2022-05-31 18:50:02,082] {warnings.py:110} WARNING - /home/***/.local/lib/python3.7/site-packages/***/utils/context.py:202: AirflowContextDeprecationWarning: Accessing 'execution_date' from the template is deprecated and will be removed in a future version. Please use 'data_interval_start' or 'logical_date' instead.
  warnings.warn(_create_deprecation_warning(key, self._deprecation_replacements[key]))

[2022-05-31 18:50:02,156] {taskinstance.py:1572} INFO - Exporting the following env vars:
AIRFLOW_CTX_DAG_OWNER=***
AIRFLOW_CTX_DAG_ID=yellow_taxi_ingestion_gcs_dag
AIRFLOW_CTX_TASK_ID=download_dataset_task
AIRFLOW_CTX_EXECUTION_DATE=2022-03-01T06:00:00+00:00
AIRFLOW_CTX_TRY_NUMBER=1
AIRFLOW_CTX_DAG_RUN_ID=scheduled__2022-03-01T06:00:00+00:00
[2022-05-31 18:50:02,161] {subprocess.py:62} INFO - Tmp dir root location: 
 /tmp
[2022-05-31 18:50:02,163] {subprocess.py:74} INFO - Running command: ['bash', '-c', 'curl -sSL https://s3.amazonaws.com/nyc-tlc/trip+data/yellow_tripdata_2022-03.parquet > /opt/***/output_yellow_taxi_2022-03.parquet']
[2022-05-31 18:50:02,198] {subprocess.py:85} INFO - Output:
[2022-05-31 18:50:09,894] {subprocess.py:96} INFO - Command exited with return code 0
[2022-05-31 18:50:09,976] {taskinstance.py:1401} INFO - Marking task as SUCCESS. dag_id=yellow_taxi_ingestion_gcs_dag, task_id=download_dataset_task, execution_date=20220301T060000, start_date=20220531T185001, end_date=20220531T185009
[2022-05-31 18:50:10,056] {local_task_job.py:156} INFO - Task exited with return code 0
[2022-05-31 18:50:10,101] {local_task_job.py:273} INFO - 1 downstream tasks scheduled from follow-on schedule check
