[2022-05-31 19:27:03,210] {taskinstance.py:1160} INFO - Dependencies all met for <TaskInstance: taxi_zones_ingestion_gcs_dag.download_dataset_task manual__2022-05-31T19:27:01.358447+00:00 [queued]>
[2022-05-31 19:27:03,237] {taskinstance.py:1160} INFO - Dependencies all met for <TaskInstance: taxi_zones_ingestion_gcs_dag.download_dataset_task manual__2022-05-31T19:27:01.358447+00:00 [queued]>
[2022-05-31 19:27:03,240] {taskinstance.py:1357} INFO - 
--------------------------------------------------------------------------------
[2022-05-31 19:27:03,243] {taskinstance.py:1358} INFO - Starting attempt 1 of 1
[2022-05-31 19:27:03,245] {taskinstance.py:1359} INFO - 
--------------------------------------------------------------------------------
[2022-05-31 19:27:03,299] {taskinstance.py:1378} INFO - Executing <Task(BashOperator): download_dataset_task> on 2022-05-31 19:27:01.358447+00:00
[2022-05-31 19:27:03,326] {standard_task_runner.py:52} INFO - Started process 1365 to run task
[2022-05-31 19:27:03,337] {standard_task_runner.py:79} INFO - Running: ['***', 'tasks', 'run', 'taxi_zones_ingestion_gcs_dag', 'download_dataset_task', 'manual__2022-05-31T19:27:01.358447+00:00', '--job-id', '482', '--raw', '--subdir', 'DAGS_FOLDER/taxi_zones_ingestion.py', '--cfg-path', '/tmp/tmpth5ed02w', '--error-file', '/tmp/tmp99ygzg4d']
[2022-05-31 19:27:03,343] {standard_task_runner.py:80} INFO - Job 482: Subtask download_dataset_task
[2022-05-31 19:27:03,643] {task_command.py:370} INFO - Running <TaskInstance: taxi_zones_ingestion_gcs_dag.download_dataset_task manual__2022-05-31T19:27:01.358447+00:00 [running]> on host 3f188d455d5a
[2022-05-31 19:27:04,099] {taskinstance.py:1572} INFO - Exporting the following env vars:
AIRFLOW_CTX_DAG_OWNER=***
AIRFLOW_CTX_DAG_ID=taxi_zones_ingestion_gcs_dag
AIRFLOW_CTX_TASK_ID=download_dataset_task
AIRFLOW_CTX_EXECUTION_DATE=2022-05-31T19:27:01.358447+00:00
AIRFLOW_CTX_TRY_NUMBER=1
AIRFLOW_CTX_DAG_RUN_ID=manual__2022-05-31T19:27:01.358447+00:00
[2022-05-31 19:27:04,124] {subprocess.py:62} INFO - Tmp dir root location: 
 /tmp
[2022-05-31 19:27:04,135] {subprocess.py:74} INFO - Running command: ['bash', '-c', 'curl -sSL https://s3.amazonaws.com/nyc-tlc/misc/taxi+_zone_lookup.csv > /opt/***/output_taxi_zones.csv']
[2022-05-31 19:27:04,221] {subprocess.py:85} INFO - Output:
[2022-05-31 19:27:05,110] {subprocess.py:96} INFO - Command exited with return code 0
[2022-05-31 19:27:05,247] {taskinstance.py:1401} INFO - Marking task as SUCCESS. dag_id=taxi_zones_ingestion_gcs_dag, task_id=download_dataset_task, execution_date=20220531T192701, start_date=20220531T192703, end_date=20220531T192705
[2022-05-31 19:27:05,290] {local_task_job.py:156} INFO - Task exited with return code 0
[2022-05-31 19:27:05,421] {local_task_job.py:273} INFO - 1 downstream tasks scheduled from follow-on schedule check
