[2022-05-31 18:48:26,915] {taskinstance.py:1160} INFO - Dependencies all met for <TaskInstance: yellow_taxi_ingestion_gcs_dag.download_dataset_task scheduled__2020-06-01T06:00:00+00:00 [queued]>
[2022-05-31 18:48:26,993] {taskinstance.py:1160} INFO - Dependencies all met for <TaskInstance: yellow_taxi_ingestion_gcs_dag.download_dataset_task scheduled__2020-06-01T06:00:00+00:00 [queued]>
[2022-05-31 18:48:27,002] {taskinstance.py:1357} INFO - 
--------------------------------------------------------------------------------
[2022-05-31 18:48:27,008] {taskinstance.py:1358} INFO - Starting attempt 1 of 1
[2022-05-31 18:48:27,017] {taskinstance.py:1359} INFO - 
--------------------------------------------------------------------------------
[2022-05-31 18:48:27,045] {taskinstance.py:1378} INFO - Executing <Task(BashOperator): download_dataset_task> on 2020-06-01 06:00:00+00:00
[2022-05-31 18:48:27,075] {standard_task_runner.py:52} INFO - Started process 946 to run task
[2022-05-31 18:48:27,084] {standard_task_runner.py:79} INFO - Running: ['***', 'tasks', 'run', 'yellow_taxi_ingestion_gcs_dag', 'download_dataset_task', 'scheduled__2020-06-01T06:00:00+00:00', '--job-id', '379', '--raw', '--subdir', 'DAGS_FOLDER/yellow_taxi_ingestion.py', '--cfg-path', '/tmp/tmpq6_enzva', '--error-file', '/tmp/tmpi0xzu1q_']
[2022-05-31 18:48:27,087] {standard_task_runner.py:80} INFO - Job 379: Subtask download_dataset_task
[2022-05-31 18:48:27,289] {task_command.py:370} INFO - Running <TaskInstance: yellow_taxi_ingestion_gcs_dag.download_dataset_task scheduled__2020-06-01T06:00:00+00:00 [running]> on host 3f188d455d5a
[2022-05-31 18:48:27,545] {warnings.py:110} WARNING - /home/***/.local/lib/python3.7/site-packages/***/utils/context.py:202: AirflowContextDeprecationWarning: Accessing 'execution_date' from the template is deprecated and will be removed in a future version. Please use 'data_interval_start' or 'logical_date' instead.
  warnings.warn(_create_deprecation_warning(key, self._deprecation_replacements[key]))

[2022-05-31 18:48:27,781] {taskinstance.py:1572} INFO - Exporting the following env vars:
AIRFLOW_CTX_DAG_OWNER=***
AIRFLOW_CTX_DAG_ID=yellow_taxi_ingestion_gcs_dag
AIRFLOW_CTX_TASK_ID=download_dataset_task
AIRFLOW_CTX_EXECUTION_DATE=2020-06-01T06:00:00+00:00
AIRFLOW_CTX_TRY_NUMBER=1
AIRFLOW_CTX_DAG_RUN_ID=scheduled__2020-06-01T06:00:00+00:00
[2022-05-31 18:48:27,798] {subprocess.py:62} INFO - Tmp dir root location: 
 /tmp
[2022-05-31 18:48:27,806] {subprocess.py:74} INFO - Running command: ['bash', '-c', 'curl -sSL https://s3.amazonaws.com/nyc-tlc/trip+data/yellow_tripdata_2020-06.parquet > /opt/***/output_yellow_taxi_2020-06.parquet']
[2022-05-31 18:48:27,866] {subprocess.py:85} INFO - Output:
[2022-05-31 18:48:32,299] {subprocess.py:96} INFO - Command exited with return code 0
[2022-05-31 18:48:32,354] {taskinstance.py:1401} INFO - Marking task as SUCCESS. dag_id=yellow_taxi_ingestion_gcs_dag, task_id=download_dataset_task, execution_date=20200601T060000, start_date=20220531T184826, end_date=20220531T184832
[2022-05-31 18:48:32,422] {local_task_job.py:156} INFO - Task exited with return code 0
[2022-05-31 18:48:32,524] {local_task_job.py:273} INFO - 1 downstream tasks scheduled from follow-on schedule check
