[2022-05-31 19:22:29,807] {taskinstance.py:1160} INFO - Dependencies all met for <TaskInstance: taxi_zones_ingestion_gcs_dag.download_dataset_task manual__2022-05-31T19:22:23.071203+00:00 [queued]>
[2022-05-31 19:22:29,823] {taskinstance.py:1160} INFO - Dependencies all met for <TaskInstance: taxi_zones_ingestion_gcs_dag.download_dataset_task manual__2022-05-31T19:22:23.071203+00:00 [queued]>
[2022-05-31 19:22:29,824] {taskinstance.py:1357} INFO - 
--------------------------------------------------------------------------------
[2022-05-31 19:22:29,826] {taskinstance.py:1358} INFO - Starting attempt 1 of 1
[2022-05-31 19:22:29,827] {taskinstance.py:1359} INFO - 
--------------------------------------------------------------------------------
[2022-05-31 19:22:29,845] {taskinstance.py:1378} INFO - Executing <Task(BashOperator): download_dataset_task> on 2022-05-31 19:22:23.071203+00:00
[2022-05-31 19:22:29,860] {standard_task_runner.py:52} INFO - Started process 1087 to run task
[2022-05-31 19:22:29,880] {standard_task_runner.py:79} INFO - Running: ['***', 'tasks', 'run', 'taxi_zones_ingestion_gcs_dag', 'download_dataset_task', 'manual__2022-05-31T19:22:23.071203+00:00', '--job-id', '476', '--raw', '--subdir', 'DAGS_FOLDER/taxi_zones_ingestion.py', '--cfg-path', '/tmp/tmpmoiiypk9', '--error-file', '/tmp/tmp0i2fxu3a']
[2022-05-31 19:22:29,885] {standard_task_runner.py:80} INFO - Job 476: Subtask download_dataset_task
[2022-05-31 19:22:30,023] {task_command.py:370} INFO - Running <TaskInstance: taxi_zones_ingestion_gcs_dag.download_dataset_task manual__2022-05-31T19:22:23.071203+00:00 [running]> on host 3f188d455d5a
[2022-05-31 19:22:30,123] {taskinstance.py:1572} INFO - Exporting the following env vars:
AIRFLOW_CTX_DAG_OWNER=***
AIRFLOW_CTX_DAG_ID=taxi_zones_ingestion_gcs_dag
AIRFLOW_CTX_TASK_ID=download_dataset_task
AIRFLOW_CTX_EXECUTION_DATE=2022-05-31T19:22:23.071203+00:00
AIRFLOW_CTX_TRY_NUMBER=1
AIRFLOW_CTX_DAG_RUN_ID=manual__2022-05-31T19:22:23.071203+00:00
[2022-05-31 19:22:30,129] {subprocess.py:62} INFO - Tmp dir root location: 
 /tmp
[2022-05-31 19:22:30,132] {subprocess.py:74} INFO - Running command: ['bash', '-c', 'curl -sSL https://s3.amazonaws.com/nyc-tlc/misc/taxi+_zone_lookup.csv > /opt/***/output_taxi_zones.csv']
[2022-05-31 19:22:30,152] {subprocess.py:85} INFO - Output:
[2022-05-31 19:22:30,897] {subprocess.py:96} INFO - Command exited with return code 0
[2022-05-31 19:22:31,025] {taskinstance.py:1401} INFO - Marking task as SUCCESS. dag_id=taxi_zones_ingestion_gcs_dag, task_id=download_dataset_task, execution_date=20220531T192223, start_date=20220531T192229, end_date=20220531T192231
[2022-05-31 19:22:31,114] {local_task_job.py:156} INFO - Task exited with return code 0
[2022-05-31 19:22:31,255] {local_task_job.py:273} INFO - 1 downstream tasks scheduled from follow-on schedule check
