[2022-05-31 18:48:33,527] {taskinstance.py:1160} INFO - Dependencies all met for <TaskInstance: yellow_taxi_ingestion_gcs_dag.download_dataset_task scheduled__2020-07-01T06:00:00+00:00 [queued]>
[2022-05-31 18:48:33,541] {taskinstance.py:1160} INFO - Dependencies all met for <TaskInstance: yellow_taxi_ingestion_gcs_dag.download_dataset_task scheduled__2020-07-01T06:00:00+00:00 [queued]>
[2022-05-31 18:48:33,542] {taskinstance.py:1357} INFO - 
--------------------------------------------------------------------------------
[2022-05-31 18:48:33,544] {taskinstance.py:1358} INFO - Starting attempt 1 of 1
[2022-05-31 18:48:33,547] {taskinstance.py:1359} INFO - 
--------------------------------------------------------------------------------
[2022-05-31 18:48:33,565] {taskinstance.py:1378} INFO - Executing <Task(BashOperator): download_dataset_task> on 2020-07-01 06:00:00+00:00
[2022-05-31 18:48:33,578] {standard_task_runner.py:52} INFO - Started process 968 to run task
[2022-05-31 18:48:33,585] {standard_task_runner.py:79} INFO - Running: ['***', 'tasks', 'run', 'yellow_taxi_ingestion_gcs_dag', 'download_dataset_task', 'scheduled__2020-07-01T06:00:00+00:00', '--job-id', '382', '--raw', '--subdir', 'DAGS_FOLDER/yellow_taxi_ingestion.py', '--cfg-path', '/tmp/tmppwtgcs0m', '--error-file', '/tmp/tmpvnhoodba']
[2022-05-31 18:48:33,592] {standard_task_runner.py:80} INFO - Job 382: Subtask download_dataset_task
[2022-05-31 18:48:33,696] {task_command.py:370} INFO - Running <TaskInstance: yellow_taxi_ingestion_gcs_dag.download_dataset_task scheduled__2020-07-01T06:00:00+00:00 [running]> on host 3f188d455d5a
[2022-05-31 18:48:33,750] {warnings.py:110} WARNING - /home/***/.local/lib/python3.7/site-packages/***/utils/context.py:202: AirflowContextDeprecationWarning: Accessing 'execution_date' from the template is deprecated and will be removed in a future version. Please use 'data_interval_start' or 'logical_date' instead.
  warnings.warn(_create_deprecation_warning(key, self._deprecation_replacements[key]))

[2022-05-31 18:48:33,819] {taskinstance.py:1572} INFO - Exporting the following env vars:
AIRFLOW_CTX_DAG_OWNER=***
AIRFLOW_CTX_DAG_ID=yellow_taxi_ingestion_gcs_dag
AIRFLOW_CTX_TASK_ID=download_dataset_task
AIRFLOW_CTX_EXECUTION_DATE=2020-07-01T06:00:00+00:00
AIRFLOW_CTX_TRY_NUMBER=1
AIRFLOW_CTX_DAG_RUN_ID=scheduled__2020-07-01T06:00:00+00:00
[2022-05-31 18:48:33,825] {subprocess.py:62} INFO - Tmp dir root location: 
 /tmp
[2022-05-31 18:48:33,830] {subprocess.py:74} INFO - Running command: ['bash', '-c', 'curl -sSL https://s3.amazonaws.com/nyc-tlc/trip+data/yellow_tripdata_2020-07.parquet > /opt/***/output_yellow_taxi_2020-07.parquet']
[2022-05-31 18:48:33,866] {subprocess.py:85} INFO - Output:
[2022-05-31 18:48:36,772] {subprocess.py:96} INFO - Command exited with return code 0
[2022-05-31 18:48:36,835] {taskinstance.py:1401} INFO - Marking task as SUCCESS. dag_id=yellow_taxi_ingestion_gcs_dag, task_id=download_dataset_task, execution_date=20200701T060000, start_date=20220531T184833, end_date=20220531T184836
[2022-05-31 18:48:36,888] {local_task_job.py:156} INFO - Task exited with return code 0
[2022-05-31 18:48:36,942] {local_task_job.py:273} INFO - 1 downstream tasks scheduled from follow-on schedule check
