[2022-05-30 20:09:21,254] {taskinstance.py:1160} INFO - Dependencies all met for <TaskInstance: LocalIngestionDag.wget manual__2022-05-30T20:09:20.437639+00:00 [queued]>
[2022-05-30 20:09:21,271] {taskinstance.py:1160} INFO - Dependencies all met for <TaskInstance: LocalIngestionDag.wget manual__2022-05-30T20:09:20.437639+00:00 [queued]>
[2022-05-30 20:09:21,272] {taskinstance.py:1357} INFO - 
--------------------------------------------------------------------------------
[2022-05-30 20:09:21,273] {taskinstance.py:1358} INFO - Starting attempt 1 of 1
[2022-05-30 20:09:21,275] {taskinstance.py:1359} INFO - 
--------------------------------------------------------------------------------
[2022-05-30 20:09:21,288] {taskinstance.py:1378} INFO - Executing <Task(BashOperator): wget> on 2022-05-30 20:09:20.437639+00:00
[2022-05-30 20:09:21,296] {standard_task_runner.py:52} INFO - Started process 292 to run task
[2022-05-30 20:09:21,300] {standard_task_runner.py:79} INFO - Running: ['***', 'tasks', 'run', 'LocalIngestionDag', 'wget', 'manual__2022-05-30T20:09:20.437639+00:00', '--job-id', '65', '--raw', '--subdir', 'DAGS_FOLDER/data_ingestion_local.py', '--cfg-path', '/tmp/tmpmiliv81w', '--error-file', '/tmp/tmpbk05ltbl']
[2022-05-30 20:09:21,302] {standard_task_runner.py:80} INFO - Job 65: Subtask wget
[2022-05-30 20:09:21,369] {task_command.py:370} INFO - Running <TaskInstance: LocalIngestionDag.wget manual__2022-05-30T20:09:20.437639+00:00 [running]> on host e083cbf9476b
[2022-05-30 20:09:21,403] {warnings.py:110} WARNING - /home/***/.local/lib/python3.7/site-packages/***/utils/context.py:202: AirflowContextDeprecationWarning: Accessing 'execution_date' from the template is deprecated and will be removed in a future version. Please use 'data_interval_start' or 'logical_date' instead.
  warnings.warn(_create_deprecation_warning(key, self._deprecation_replacements[key]))

[2022-05-30 20:09:21,439] {taskinstance.py:1572} INFO - Exporting the following env vars:
AIRFLOW_CTX_DAG_OWNER=***
AIRFLOW_CTX_DAG_ID=LocalIngestionDag
AIRFLOW_CTX_TASK_ID=wget
AIRFLOW_CTX_EXECUTION_DATE=2022-05-30T20:09:20.437639+00:00
AIRFLOW_CTX_TRY_NUMBER=1
AIRFLOW_CTX_DAG_RUN_ID=manual__2022-05-30T20:09:20.437639+00:00
[2022-05-30 20:09:21,441] {subprocess.py:62} INFO - Tmp dir root location: 
 /tmp
[2022-05-30 20:09:21,442] {subprocess.py:74} INFO - Running command: ['bash', '-c', 'curl -sSL https://s3.amazonaws.com/nyc-tlc/trip+data/yellow_tripdata_2022-05.parquet > /opt/***/output_2022-05.parquet']
[2022-05-30 20:09:21,455] {subprocess.py:85} INFO - Output:
[2022-05-30 20:09:22,131] {subprocess.py:96} INFO - Command exited with return code 0
[2022-05-30 20:09:22,180] {taskinstance.py:1401} INFO - Marking task as SUCCESS. dag_id=LocalIngestionDag, task_id=wget, execution_date=20220530T200920, start_date=20220530T200921, end_date=20220530T200922
[2022-05-30 20:09:22,254] {local_task_job.py:156} INFO - Task exited with return code 0
[2022-05-30 20:09:22,298] {local_task_job.py:273} INFO - 0 downstream tasks scheduled from follow-on schedule check
